#
# A fatal error has been detected by the Java Runtime Environment:
#
#  EXCEPTION_ACCESS_VIOLATION (0xc0000005) at pc=0x00007ff9a9b7c106, pid=44084, tid=21080
#
# JRE version: OpenJDK Runtime Environment (18.0.1.1+2) (build 18.0.1.1+2-6)
# Java VM: OpenJDK 64-Bit Server VM (18.0.1.1+2-6, mixed mode, sharing, tiered, compressed oops, compressed class ptrs, g1 gc, windows-amd64)
# Problematic frame:
# V  [jvm.dll+0x1dc106]
#
# No core dump will be written. Minidumps are not enabled by default on client versions of Windows
#
# If you would like to submit a bug report, please visit:
#   https://bugreport.java.com/bugreport/crash.jsp
#

---------------  S U M M A R Y ------------

Command Line: --module-path=C:/javafx-sdk-17.0.17/lib --add-modules=javafx.controls,javafx.fxml -Djava.library.path=D:/Pragadeesh_D/Project/Neurasys/02_C_Source/Windows -javaagent:C:\Program Files\JetBrains\IntelliJ IDEA Community Edition 2022.1.1\lib\idea_rt.jar=63631:C:\Program Files\JetBrains\IntelliJ IDEA Community Edition 2022.1.1\bin -Dfile.encoding=UTF-8 com.neurasys.Main

Host: AMD Ryzen 5 5500U with Radeon Graphics         , 12 cores, 5G,  Windows 11 , 64 bit Build 26100 (10.0.26100.6725)
Time: Tue Nov 11 18:30:59 2025 India Standard Time elapsed time: 18580.131686 seconds (0d 5h 9m 40s)

---------------  T H R E A D  ---------------

Current thread (0x000001c5b4a8f470):  JavaThread "pool-3-thread-1" [_thread_in_vm, id=21080, stack(0x000000777d800000,0x000000777d900000)]

Stack: [0x000000777d800000,0x000000777d900000],  sp=0x000000777d8f6b50,  free space=986k
Native frames: (J=compiled Java code, j=interpreted, Vv=VM code, C=native code)
V  [jvm.dll+0x1dc106]
V  [jvm.dll+0x4053f7]
C  [FileMonitor.dll+0x13ce]

Java frames: (J=compiled Java code, j=interpreted, Vv=VM code)
j  com.neurasys.bridge.NativeFileMonitor.startMonitoring(ILjava/lang/String;Lcom/neurasys/bridge/NativeFileMonitor$NativeFileEventCallback;)V+0
j  com.neurasys.service.MultiPathMonitor.lambda$startNativeMonitoring$1(Lcom/neurasys/model/MonitorConfig;)V+19
j  com.neurasys.service.MultiPathMonitor$$Lambda$1211+0x0000000801083730.run()V+8
J 6652 c1 java.util.concurrent.Executors$RunnableAdapter.call()Ljava/lang/Object; java.base@18.0.1.1 (14 bytes) @ 0x000001c59a0ffbcc [0x000001c59a0ffac0+0x000000000000010c]
j  java.util.concurrent.FutureTask.run()V+39 java.base@18.0.1.1
j  java.util.concurrent.ThreadPoolExecutor.runWorker(Ljava/util/concurrent/ThreadPoolExecutor$Worker;)V+92 java.base@18.0.1.1
j  java.util.concurrent.ThreadPoolExecutor$Worker.run()V+5 java.base@18.0.1.1
j  java.lang.Thread.run()V+11 java.base@18.0.1.1
v  ~StubRoutines::call_stub

siginfo: EXCEPTION_ACCESS_VIOLATION (0xc0000005), reading address 0x000000000000000a


Register to memory mapping:

RIP=0x00007ff9a9b7c106 jvm.dll
RAX=0x0 is NULL
RBX=0x000001c5b4a8f470 is a thread
RCX=0x000000000000000a is an unknown value
RDX=0x000000000000000b is an unknown value
RSP=0x000000777d8f6b50 is pointing into the stack for thread: 0x000001c5b4a8f470
RBP=0x000000777d8f6c80 is pointing into the stack for thread: 0x000001c5b4a8f470
RSI=0x0 is NULL
RDI=0x000000000000000b is an unknown value
R8 =0x0 is NULL
R9 =0x00007ff9a9da5350 jvm.dll
R10=0x000001c599aed5f2 is at code_begin+946 in an Interpreter codelet
method entry point (kind = native)  [0x000001c599aed240, 0x000001c599aedbc0]  2432 bytes
R11=0x0000000000000101 is an unknown value
R12=0x0 is NULL
R13={method} {0x000001c5b098f478} 'startMonitoring' '(ILjava/lang/String;Lcom/neurasys/bridge/NativeFileMonitor$NativeFileEventCallback;)V' in 'com/neurasys/bridge/NativeFileMonitor'
R14=0x0 is NULL
R15=0x000001c5b4a8f470 is a thread


Registers:
RAX=0x0000000000000000, RBX=0x000001c5b4a8f470, RCX=0x000000000000000a, RDX=0x000000000000000b
RSP=0x000000777d8f6b50, RBP=0x000000777d8f6c80, RSI=0x0000000000000000, RDI=0x000000000000000b
R8 =0x0000000000000000, R9 =0x00007ff9a9da5350, R10=0x000001c599aed5f2, R11=0x0000000000000101
R12=0x0000000000000000, R13=0x000001c5b098f470, R14=0x0000000000000000, R15=0x000001c5b4a8f470
RIP=0x00007ff9a9b7c106, EFLAGS=0x0000000000010206

Top of Stack: (sp=0x000000777d8f6b50)
0x000000777d8f6b50:   0000000000000000 00000000003e0eb0
0x000000777d8f6b60:   0000000000000000 00000000af9346a0
0x000000777d8f6b70:   000001c5b4a8f470 00007ff9a9da53f7
0x000000777d8f6b80:   0000000000000000 00000000003de8b8
0x000000777d8f6b90:   0000000000000000 000000000009ccf8
0x000000777d8f6ba0:   000001c5b4a8f470 0000000000000000
0x000000777d8f6bb0:   000001c5af8188c0 00000000b01884e8
0x000000777d8f6bc0:   000001c5b515c0c0 0000000000001ee5
0x000000777d8f6bd0:   00000000b0188360 0000000000000000
0x000000777d8f6be0:   00000000a6aa8aa8 00000000a6aa87e0
0x000000777d8f6bf0:   000001c5b098f470 00007ff9f23a13ce
0x000000777d8f6c00:   000000777d8f6c80 000000777d8ff208
0x000000777d8f6c10:   0000000000000000 000001c5a6aa8518
0x000000777d8f6c20:   000001c5ba00f2f0 000001c500008638
0x000000777d8f6c30:   000001c5b515c168 000001c5af950b60
0x000000777d8f6c40:   00000000000003d8 00000000a6aa8518 

Instructions: (pc=0x00007ff9a9b7c106)
0x00007ff9a9b7c006:   0f b7 54 c1 4a e9 e0 85 07 00 48 89 5c 24 08 57
0x00007ff9a9b7c016:   48 83 ec 30 48 63 81 90 00 00 00 48 8b d9 48 63
0x00007ff9a9b7c026:   fa 3b c7 0f 8d 85 00 00 00 48 8b 91 88 00 00 00
0x00007ff9a9b7c036:   4c 8b cf 48 8b 09 48 85 d2 75 4b 48 8b 51 18 49
0x00007ff9a9b7c046:   83 c1 07 48 8b 41 20 49 83 e1 f8 48 2b c2 49 3b
0x00007ff9a9b7c056:   c1 72 0a 4a 8d 04 0a 48 89 41 18 eb 0e 45 33 c0
0x00007ff9a9b7c066:   49 8b d1 e8 f2 ce ed ff 48 8b d0 48 89 93 88 00
0x00007ff9a9b7c076:   00 00 48 8b c2 89 bb 90 00 00 00 48 8b 5c 24 40
0x00007ff9a9b7c086:   48 83 c4 30 5f c3 4c 8b c0 c7 44 24 20 00 00 00
0x00007ff9a9b7c096:   00 e8 14 cc ed ff 48 89 83 88 00 00 00 89 bb 90
0x00007ff9a9b7c0a6:   00 00 00 48 8b 5c 24 40 48 83 c4 30 5f c3 48 8b
0x00007ff9a9b7c0b6:   81 88 00 00 00 48 8b 5c 24 40 48 83 c4 30 5f c3
0x00007ff9a9b7c0c6:   cc cc cc cc cc cc cc cc cc cc 40 53 48 83 ec 20
0x00007ff9a9b7c0d6:   48 8b d9 48 8b ca e8 cf 80 00 00 01 43 6c 48 83
0x00007ff9a9b7c0e6:   c4 20 5b c3 cc cc cc cc cc cc 8b 41 6c c3 cc cc
0x00007ff9a9b7c0f6:   cc cc cc cc cc cc cc cc cc cc 40 53 48 83 ec 20
0x00007ff9a9b7c106:   48 8b 19 48 85 db 74 08 48 8b cb e8 aa ed 10 00
0x00007ff9a9b7c116:   48 8b c3 48 83 c4 20 5b c3 cc 48 89 5c 24 08 57
0x00007ff9a9b7c126:   48 83 ec 20 0f b6 05 0f 7b 99 00 48 8b f9 48 8b
0x00007ff9a9b7c136:   19 84 c0 74 4e 48 85 1d b6 72 99 00 0f 84 81 00
0x00007ff9a9b7c146:   00 00 48 8b cb e8 b0 7c 64 00 48 8b d0 48 85 c0
0x00007ff9a9b7c156:   74 6e 48 8b c3 f0 48 0f b1 17 74 64 48 85 05 8f
0x00007ff9a9b7c166:   72 99 00 74 5b 48 8b c8 f0 48 0f b1 17 48 3b c1
0x00007ff9a9b7c176:   75 ea 48 8b da 48 8b c2 48 8b 5c 24 30 48 83 c4
0x00007ff9a9b7c186:   20 5f c3 48 85 1d 68 72 99 00 74 37 48 8b cb e8
0x00007ff9a9b7c196:   56 79 64 00 48 8b d0 48 85 c0 74 24 48 8b c3 f0
0x00007ff9a9b7c1a6:   48 0f b1 17 74 1a 0f 1f 40 00 48 85 05 41 72 99
0x00007ff9a9b7c1b6:   00 74 0d 48 8b c8 f0 48 0f b1 17 48 3b c1 75 ea
0x00007ff9a9b7c1c6:   48 8b da 48 8b c3 48 8b 5c 24 30 48 83 c4 20 5f
0x00007ff9a9b7c1d6:   c3 cc cc cc cc cc cc cc cc cc 48 89 4c 24 08 48
0x00007ff9a9b7c1e6:   89 54 24 10 4c 89 44 24 18 4c 89 4c 24 20 48 83
0x00007ff9a9b7c1f6:   ec 28 4c 8b c1 4c 8d 4c 24 38 48 8d 0d 69 85 94 


Stack slot to memory mapping:
stack at sp + 0 slots: 0x0 is NULL
stack at sp + 1 slots: 0x00000000003e0eb0 is an unknown value
stack at sp + 2 slots: 0x0 is NULL
stack at sp + 3 slots: 0x00000000af9346a0 is an unallocated location in the heap
stack at sp + 4 slots: 0x000001c5b4a8f470 is a thread
stack at sp + 5 slots: 0x00007ff9a9da53f7 jvm.dll
stack at sp + 6 slots: 0x0 is NULL
stack at sp + 7 slots: 0x00000000003de8b8 is an unknown value


Compiled method (c1) 18580259 6652       3       java.util.concurrent.Executors$RunnableAdapter::call (14 bytes)
 total in heap  [0x000001c59a0ff910,0x000001c59a0ffd38] = 1064
 relocation     [0x000001c59a0ffa68,0x000001c59a0ffaa8] = 64
 main code      [0x000001c59a0ffac0,0x000001c59a0ffc60] = 416
 stub code      [0x000001c59a0ffc60,0x000001c59a0ffca8] = 72
 metadata       [0x000001c59a0ffca8,0x000001c59a0ffcb0] = 8
 scopes data    [0x000001c59a0ffcb0,0x000001c59a0ffcd0] = 32
 scopes pcs     [0x000001c59a0ffcd0,0x000001c59a0ffd20] = 80
 dependencies   [0x000001c59a0ffd20,0x000001c59a0ffd28] = 8
 nul chk table  [0x000001c59a0ffd28,0x000001c59a0ffd38] = 16

[Constant Pool (empty)]

[MachCode]
[Entry Point]
  # {method} {0x000001c5af958460} 'call' '()Ljava/lang/Object;' in 'java/util/concurrent/Executors$RunnableAdapter'
  #           [sp+0x40]  (sp of caller)
  0x000001c59a0ffac0: 448b 5208 | 49bb 0000 | 0000 0800 | 0000 4d03 | d34c 3bd0 

  0x000001c59a0ffad4: ;   {runtime_call ic_miss_stub}
  0x000001c59a0ffad4: 0f85 a6cf | a2ff 660f | 1f44 0000 
[Verified Entry Point]
  0x000001c59a0ffae0: 8984 2400 | 90ff ff55 | 4883 ec30 

  0x000001c59a0ffaec: ;   {metadata(method data for {method} {0x000001c5af958460} 'call' '()Ljava/lang/Object;' in 'java/util/concurrent/Executors$RunnableAdapter')}
  0x000001c59a0ffaec: 48be a0cb | 3fb1 c501 | 0000 8bbe | cc00 0000 | 83c7 0289 | becc 0000 | 0081 e7fe | 0700 0083 
  0x000001c59a0ffb0c: ff00 0f84 | d300 0000 | 8b72 0c48 | 3b06 488b 

  0x000001c59a0ffb1c: ;   {metadata(method data for {method} {0x000001c5af958460} 'call' '()Ljava/lang/Object;' in 'java/util/concurrent/Executors$RunnableAdapter')}
  0x000001c59a0ffb1c: fe48 bba0 | cb3f b1c5 | 0100 008b | 7f08 49ba | 0000 0000 | 0800 0000 | 4903 fa48 | 3bbb 2001 
  0x000001c59a0ffb3c: 0000 750d | 4883 8328 | 0100 0001 | e966 0000 | 0048 3bbb | 3001 0000 | 750d 4883 | 8338 0100 
  0x000001c59a0ffb5c: 0001 e950 | 0000 0048 | 81bb 2001 | 0000 0000 | 0000 7517 | 4889 bb20 | 0100 0048 | c783 2801 
  0x000001c59a0ffb7c: 0000 0100 | 0000 e92c | 0000 0048 | 81bb 3001 | 0000 0000 | 0000 7517 | 4889 bb30 | 0100 0048 
  0x000001c59a0ffb9c: c783 3801 | 0000 0100 | 0000 e908 | 0000 0048 | 8383 1001 | 0000 0148 | 8954 2420 | 488b d666 
  0x000001c59a0ffbbc: 9048 b8d0 | fb88 b3c5 

  0x000001c59a0ffbc4: ;   {virtual_call}
  0x000001c59a0ffbc4: 0100 00e8 

  0x000001c59a0ffbc8: ; ImmutableOopMap {[32]=Oop }
                      ;*invokeinterface run {reexecute=0 rethrow=0 return_oop=0}
                      ; - java.util.concurrent.Executors$RunnableAdapter::call@4 (line 539)
  0x000001c59a0ffbc8: 4420 aeff | 488b 5424 | 208b 4210 | 4883 c430 

  0x000001c59a0ffbd8: ;   {poll_return}
  0x000001c59a0ffbd8: 5d49 3ba7 | 3803 0000 | 0f87 2700 

  0x000001c59a0ffbe4: ;   {metadata({method} {0x000001c5af958460} 'call' '()Ljava/lang/Object;' in 'java/util/concurrent/Executors$RunnableAdapter')}
  0x000001c59a0ffbe4: 0000 c349 | ba58 8495 | afc5 0100 | 004c 8954 | 2408 48c7 | 0424 ffff 

  0x000001c59a0ffbfc: ;   {runtime_call counter_overflow Runtime1 stub}
  0x000001c59a0ffbfc: ffff e8fd 

  0x000001c59a0ffc00: ; ImmutableOopMap {rdx=Oop }
                      ;*synchronization entry
                      ; - java.util.concurrent.Executors$RunnableAdapter::call@-1 (line 539)
  0x000001c59a0ffc00: e1ad ffe9 | 0cff ffff 

  0x000001c59a0ffc08: ;   {runtime_call throw_null_pointer_exception Runtime1 stub}
  0x000001c59a0ffc08: e813 73ad 

  0x000001c59a0ffc0c: ; ImmutableOopMap {rdx=Oop rsi=Oop }
                      ;*invokeinterface run {reexecute=0 rethrow=0 return_oop=0}
                      ; - java.util.concurrent.Executors$RunnableAdapter::call@4 (line 539)
                      ;   {internal_word}
  0x000001c59a0ffc0c: ff49 bad9 | fb0f 9ac5 | 0100 004d | 8997 5003 

  0x000001c59a0ffc1c: ;   {runtime_call SafepointBlob}
  0x000001c59a0ffc1c: 0000 e9dd | 37a3 ff90 | 9049 8b87 | c803 0000 | 49c7 87c8 | 0300 0000 | 0000 0049 | c787 d003 
  0x000001c59a0ffc3c: 0000 0000 | 0000 4883 

  0x000001c59a0ffc44: ;   {runtime_call unwind_exception Runtime1 stub}
  0x000001c59a0ffc44: c430 5de9 | 3493 a4ff | f4f4 f4f4 | f4f4 f4f4 | f4f4 f4f4 | f4f4 f4f4 | f4f4 f4f4 
[Stub Code]
  0x000001c59a0ffc60: ;   {no_reloc}
  0x000001c59a0ffc60: 0f1f 4400 

  0x000001c59a0ffc64: ;   {static_stub}
  0x000001c59a0ffc64: 0048 bb00 | 0000 0000 

  0x000001c59a0ffc6c: ;   {runtime_call}
  0x000001c59a0ffc6c: 0000 00e9 | fbff ffff 
[Exception Handler]
  0x000001c59a0ffc74: ;   {runtime_call handle_exception_from_callee Runtime1 stub}
  0x000001c59a0ffc74: e887 99ad 

  0x000001c59a0ffc78: ;   {external_word}
  0x000001c59a0ffc78: ff48 b9f8 | 2d29 aaf9 | 7f00 0048 

  0x000001c59a0ffc84: ;   {runtime_call}
  0x000001c59a0ffc84: 83e4 f049 | bab0 d6f6 | a9f9 7f00 | 0041 ffd2 

  0x000001c59a0ffc94: ;   {section_word}
  0x000001c59a0ffc94: f449 ba95 | fc0f 9ac5 | 0100 0041 

  0x000001c59a0ffca0: ;   {runtime_call DeoptimizationBlob}
  0x000001c59a0ffca0: 52e9 fa29 | a3ff f4f4 
[/MachCode]


---------------  P R O C E S S  ---------------

Threads class SMR info:
_java_thread_list=0x000001c5b3c088c0, length=31, elements={
0x000001c5921b4e20, 0x000001c5af3ea260, 0x000001c5af3ecc10, 0x000001c5af402860,
0x000001c5af409ea0, 0x000001c5af40a750, 0x000001c5af40b000, 0x000001c5af413ce0,
0x000001c5af42a680, 0x000001c5af42e600, 0x000001c5af3d68b0, 0x000001c5b4196950,
0x000001c5b43fe440, 0x000001c5b4718fc0, 0x000001c5b45949e0, 0x000001c5b4598e60,
0x000001c5b4066c10, 0x000001c5b44ce480, 0x000001c5b47e6480, 0x000001c5b49365d0,
0x000001c5b4935c30, 0x000001c5b4935760, 0x000001c5b4935290, 0x000001c5b4a89900,
0x000001c5b4a88f60, 0x000001c5b4a8a770, 0x000001c5b4a8e600, 0x000001c5b4a8ead0,
0x000001c5b4a8efa0, 0x000001c5b4a8f470, 0x000001c5b4a8f940
}

Java Threads: ( => current thread )
  0x000001c5921b4e20 JavaThread "main" [_thread_blocked, id=2828, stack(0x000000777c200000,0x000000777c300000)]
  0x000001c5af3ea260 JavaThread "Reference Handler" daemon [_thread_blocked, id=39724, stack(0x000000777c900000,0x000000777ca00000)]
  0x000001c5af3ecc10 JavaThread "Finalizer" daemon [_thread_blocked, id=30120, stack(0x000000777ca00000,0x000000777cb00000)]
  0x000001c5af402860 JavaThread "Signal Dispatcher" daemon [_thread_blocked, id=16524, stack(0x000000777cb00000,0x000000777cc00000)]
  0x000001c5af409ea0 JavaThread "Attach Listener" daemon [_thread_blocked, id=6512, stack(0x000000777cc00000,0x000000777cd00000)]
  0x000001c5af40a750 JavaThread "Service Thread" daemon [_thread_blocked, id=4048, stack(0x000000777cd00000,0x000000777ce00000)]
  0x000001c5af40b000 JavaThread "Monitor Deflation Thread" daemon [_thread_blocked, id=38416, stack(0x000000777ce00000,0x000000777cf00000)]
  0x000001c5af413ce0 JavaThread "C2 CompilerThread0" daemon [_thread_blocked, id=19828, stack(0x000000777cf00000,0x000000777d000000)]
  0x000001c5af42a680 JavaThread "C1 CompilerThread0" daemon [_thread_blocked, id=9292, stack(0x000000777d000000,0x000000777d100000)]
  0x000001c5af42e600 JavaThread "Sweeper thread" daemon [_thread_blocked, id=6476, stack(0x000000777d100000,0x000000777d200000)]
  0x000001c5af3d68b0 JavaThread "Common-Cleaner" daemon [_thread_blocked, id=5020, stack(0x000000777d200000,0x000000777d300000)]
  0x000001c5b4196950 JavaThread "Monitor Ctrl-Break" daemon [_thread_in_native, id=43068, stack(0x000000777d400000,0x000000777d500000)]
  0x000001c5b43fe440 JavaThread "Notification Thread" daemon [_thread_blocked, id=21088, stack(0x000000777d500000,0x000000777d600000)]
  0x000001c5b4718fc0 JavaThread "QuantumRenderer-0" daemon [_thread_blocked, id=27652, stack(0x000000777d300000,0x000000777d400000)]
  0x000001c5b45949e0 JavaThread "InvokeLaterDispatcher" daemon [_thread_blocked, id=24252, stack(0x000000777d900000,0x000000777da00000)]
  0x000001c5b4598e60 JavaThread "JavaFX Application Thread" [_thread_in_native, id=32748, stack(0x000000777da00000,0x000000777db00000)]
  0x000001c5b4066c10 JavaThread "JavaFX-Launcher" [_thread_blocked, id=15780, stack(0x000000777e400000,0x000000777e500000)]
  0x000001c5b44ce480 JavaThread "Thread-2" daemon [_thread_in_native, id=16872, stack(0x000000777e300000,0x000000777e400000)]
  0x000001c5b47e6480 JavaThread "Log4j2-TF-10-Scheduled-1" daemon [_thread_blocked, id=15700, stack(0x000000777eb00000,0x000000777ec00000)]
  0x000001c5b49365d0 JavaThread "mysql-cj-abandoned-connection-cleanup" daemon [_thread_blocked, id=17076, stack(0x000000777ec00000,0x000000777ed00000)]
  0x000001c5b4935c30 JavaThread "NeuraSysHybridPool housekeeper" daemon [_thread_blocked, id=29636, stack(0x000000777ea00000,0x000000777eb00000)]
  0x000001c5b4935760 JavaThread "NeuraSysHybridPool housekeeper" daemon [_thread_blocked, id=2848, stack(0x000000777f500000,0x000000777f600000)]
  0x000001c5b4935290 JavaThread "Prism Font Disposer" daemon [_thread_blocked, id=41772, stack(0x000000777f700000,0x000000777f800000)]
  0x000001c5b4a89900 JavaThread "Cleaner-0" daemon [_thread_blocked, id=36344, stack(0x000000777f900000,0x000000777fa00000)]
  0x000001c5b4a88f60 JavaThread "NeuraSysHybridPool housekeeper" daemon [_thread_blocked, id=12560, stack(0x000000777f200000,0x000000777f300000)]
  0x000001c5b4a8a770 JavaThread "NeuraSysHybridPool housekeeper" daemon [_thread_blocked, id=33128, stack(0x000000777bf00000,0x000000777c000000)]
  0x000001c5b4a8e600 JavaThread "NeuraSysHybridPool connection adder" daemon [_thread_blocked, id=38060, stack(0x000000777c000000,0x000000777c100000)]
  0x000001c5b4a8ead0 JavaThread "Timer-0" daemon [_thread_blocked, id=4452, stack(0x000000777c100000,0x000000777c200000)]
  0x000001c5b4a8efa0 JavaThread "Thread-4" daemon [_thread_blocked, id=27228, stack(0x000000777d700000,0x000000777d800000)]
=>0x000001c5b4a8f470 JavaThread "pool-3-thread-1" [_thread_in_vm, id=21080, stack(0x000000777d800000,0x000000777d900000)]
  0x000001c5b4a8f940 JavaThread "pool-3-thread-2" [_thread_blocked, id=25868, stack(0x000000777fd00000,0x000000777fe00000)]

Other Threads:
  0x000001c59222e110 VMThread "VM Thread" [stack: 0x000000777c800000,0x000000777c900000] [id=39856]
  0x000001c5b4196e10 WatcherThread "VM Periodic Task Thread" [stack: 0x000000777d600000,0x000000777d700000] [id=45012]
  0x000001c592203240 WorkerThread "GC Thread#0" [stack: 0x000000777c300000,0x000000777c400000] [id=39396]
  0x000001c5b4a275c0 WorkerThread "GC Thread#1" [stack: 0x000000777e500000,0x000000777e600000] [id=12016]
  0x000001c5b4a27860 WorkerThread "GC Thread#2" [stack: 0x000000777e600000,0x000000777e700000] [id=24772]
  0x000001c5b4a27b00 WorkerThread "GC Thread#3" [stack: 0x000000777e700000,0x000000777e800000] [id=26428]
  0x000001c5b4a281a0 WorkerThread "GC Thread#4" [stack: 0x000000777e800000,0x000000777e900000] [id=4056]
  0x000001c5b4a28440 WorkerThread "GC Thread#5" [stack: 0x000000777e900000,0x000000777ea00000] [id=25524]
  0x000001c5b4996a10 WorkerThread "GC Thread#6" [stack: 0x000000777ee00000,0x000000777ef00000] [id=1740]
  0x000001c5b4996cb0 WorkerThread "GC Thread#7" [stack: 0x000000777ef00000,0x000000777f000000] [id=12632]
  0x000001c5b51a6320 WorkerThread "GC Thread#8" [stack: 0x000000777f000000,0x000000777f100000] [id=39248]
  0x000001c5b51a65c0 WorkerThread "GC Thread#9" [stack: 0x000000777f100000,0x000000777f200000] [id=28324]
  0x000001c59220fe90 ConcurrentGCThread "G1 Main Marker" [stack: 0x000000777c400000,0x000000777c500000] [id=41940]
  0x000001c5922122a0 WorkerThread "G1 Conc#0" [stack: 0x000000777c500000,0x000000777c600000] [id=41128]
  0x000001c5b5261cc0 WorkerThread "G1 Conc#1" [stack: 0x000000777f300000,0x000000777f400000] [id=9696]
  0x000001c5b521bb00 WorkerThread "G1 Conc#2" [stack: 0x000000777f400000,0x000000777f500000] [id=31400]
  0x000001c59226ece0 ConcurrentGCThread "G1 Refine#0" [stack: 0x000000777c600000,0x000000777c700000] [id=24536]
  0x000001c5af2a1570 ConcurrentGCThread "G1 Service" [stack: 0x000000777c700000,0x000000777c800000] [id=44412]

Threads with active compile tasks:

VM state: not at safepoint (normal execution)

VM Mutex/Monitor currently owned by a thread: None

Heap address: 0x00000000a2200000, size: 1502 MB, Compressed Oops mode: 32-bit

CDS archive(s) mapped at: [0x0000000800000000-0x0000000800b90000-0x0000000800b90000), size 12124160, SharedBaseAddress: 0x0000000800000000, ArchiveRelocationMode: 0.
Compressed class space mapped at: 0x0000000800c00000-0x0000000840c00000, reserved size: 1073741824
Narrow klass base: 0x0000000800000000, Narrow klass shift: 0, Narrow klass range: 0x100000000

GC Precious Log:
 CardTable entry size: 512
 Card Set container configuration: InlinePtr #cards 5 size 8 Array Of Cards #cards 12 size 40 Howl #buckets 4 coarsen threshold 1843 Howl Bitmap #cards 512 size 80 coarsen threshold 460 Card regions per heap region 1 cards per card region 2048
 CPUs: 12 total, 12 available
 Memory: 6005M
 Large Page Support: Disabled
 NUMA Support: Disabled
 Compressed Oops: Enabled (32-bit)
 Heap Region Size: 1M
 Heap Min Capacity: 8M
 Heap Initial Capacity: 94M
 Heap Max Capacity: 1502M
 Pre-touch: Disabled
 Parallel Workers: 10
 Concurrent Workers: 3
 Concurrent Refinement Workers: 10
 Periodic GC: Disabled

Heap:
 garbage-first heap   total 66560K, used 40393K [0x00000000a2200000, 0x0000000100000000)
  region size 1024K, 5 young (5120K), 1 survivors (1024K)
 Metaspace       used 35015K, committed 35392K, reserved 1114112K
  class space    used 4501K, committed 4672K, reserved 1048576K

Heap Regions: E=young(eden), S=young(survivor), O=old, HS=humongous(starts), HC=humongous(continues), CS=collection set, F=free, OA=open archive, CA=closed archive, TAMS=top-at-mark-start (previous, next)
|   0|0x00000000a2200000, 0x00000000a2300000, 0x00000000a2300000|100%| O|  |TAMS 0x00000000a2300000, 0x00000000a2200000| Untracked 
|   1|0x00000000a2300000, 0x00000000a2400000, 0x00000000a2400000|100%| O|  |TAMS 0x00000000a2400000, 0x00000000a2300000| Untracked 
|   2|0x00000000a2400000, 0x00000000a2500000, 0x00000000a2500000|100%| O|  |TAMS 0x00000000a2500000, 0x00000000a2400000| Untracked 
|   3|0x00000000a2500000, 0x00000000a2600000, 0x00000000a2600000|100%| O|  |TAMS 0x00000000a2600000, 0x00000000a2500000| Untracked 
|   4|0x00000000a2600000, 0x00000000a2700000, 0x00000000a2700000|100%| O|  |TAMS 0x00000000a2700000, 0x00000000a2600000| Untracked 
|   5|0x00000000a2700000, 0x00000000a2800000, 0x00000000a2800000|100%| O|  |TAMS 0x00000000a2800000, 0x00000000a2700000| Untracked 
|   6|0x00000000a2800000, 0x00000000a2900000, 0x00000000a2900000|100%| O|  |TAMS 0x00000000a2900000, 0x00000000a2800000| Untracked 
|   7|0x00000000a2900000, 0x00000000a2a00000, 0x00000000a2a00000|100%| O|  |TAMS 0x00000000a2a00000, 0x00000000a2900000| Untracked 
|   8|0x00000000a2a00000, 0x00000000a2b00000, 0x00000000a2b00000|100%| O|  |TAMS 0x00000000a2b00000, 0x00000000a2a00000| Untracked 
|   9|0x00000000a2b00000, 0x00000000a2c00000, 0x00000000a2c00000|100%| O|  |TAMS 0x00000000a2c00000, 0x00000000a2b00000| Untracked 
|  10|0x00000000a2c00000, 0x00000000a2d00000, 0x00000000a2d00000|100%| O|  |TAMS 0x00000000a2d00000, 0x00000000a2c00000| Untracked 
|  11|0x00000000a2d00000, 0x00000000a2e00000, 0x00000000a2e00000|100%| O|  |TAMS 0x00000000a2e00000, 0x00000000a2d00000| Untracked 
|  12|0x00000000a2e00000, 0x00000000a2f00000, 0x00000000a2f00000|100%| O|  |TAMS 0x00000000a2f00000, 0x00000000a2e00000| Untracked 
|  13|0x00000000a2f00000, 0x00000000a3000000, 0x00000000a3000000|100%| O|  |TAMS 0x00000000a3000000, 0x00000000a2f00000| Untracked 
|  14|0x00000000a3000000, 0x00000000a3100000, 0x00000000a3100000|100%| O|  |TAMS 0x00000000a3100000, 0x00000000a3000000| Untracked 
|  15|0x00000000a3100000, 0x00000000a3200000, 0x00000000a3200000|100%| O|  |TAMS 0x00000000a3200000, 0x00000000a3100000| Untracked 
|  16|0x00000000a3200000, 0x00000000a3300000, 0x00000000a3300000|100%| O|  |TAMS 0x00000000a3300000, 0x00000000a3200000| Untracked 
|  17|0x00000000a3300000, 0x00000000a3400000, 0x00000000a3400000|100%| O|  |TAMS 0x00000000a3400000, 0x00000000a3300000| Untracked 
|  18|0x00000000a3400000, 0x00000000a3500000, 0x00000000a3500000|100%| O|  |TAMS 0x00000000a3438000, 0x00000000a3400000| Untracked 
|  19|0x00000000a3500000, 0x00000000a3600000, 0x00000000a3600000|100%| O|  |TAMS 0x00000000a3600000, 0x00000000a3500000| Untracked 
|  20|0x00000000a3600000, 0x00000000a3700000, 0x00000000a3700000|100%| O|  |TAMS 0x00000000a3700000, 0x00000000a3600000| Untracked 
|  21|0x00000000a3700000, 0x00000000a3800000, 0x00000000a3800000|100%| O|  |TAMS 0x00000000a3800000, 0x00000000a3700000| Untracked 
|  22|0x00000000a3800000, 0x00000000a3900000, 0x00000000a3900000|100%| O|  |TAMS 0x00000000a3900000, 0x00000000a3800000| Untracked 
|  23|0x00000000a3900000, 0x00000000a3a00000, 0x00000000a3a00000|100%| O|  |TAMS 0x00000000a3a00000, 0x00000000a3900000| Untracked 
|  24|0x00000000a3a00000, 0x00000000a3b00000, 0x00000000a3b00000|100%| O|  |TAMS 0x00000000a3b00000, 0x00000000a3a00000| Untracked 
|  25|0x00000000a3b00000, 0x00000000a3b0aa00, 0x00000000a3c00000|  4%| O|  |TAMS 0x00000000a3b00000, 0x00000000a3b00000| Untracked 
|  26|0x00000000a3c00000, 0x00000000a3d00000, 0x00000000a3d00000|100%| O|  |TAMS 0x00000000a3d00000, 0x00000000a3c00000| Untracked 
|  27|0x00000000a3d00000, 0x00000000a3e00000, 0x00000000a3e00000|100%| O|  |TAMS 0x00000000a3e00000, 0x00000000a3d00000| Untracked 
|  28|0x00000000a3e00000, 0x00000000a3f00000, 0x00000000a3f00000|100%| O|  |TAMS 0x00000000a3f00000, 0x00000000a3e00000| Untracked 
|  29|0x00000000a3f00000, 0x00000000a4000000, 0x00000000a4000000|100%| O|  |TAMS 0x00000000a4000000, 0x00000000a3f00000| Untracked 
|  30|0x00000000a4000000, 0x00000000a4100000, 0x00000000a4100000|100%| O|  |TAMS 0x00000000a4100000, 0x00000000a4000000| Untracked 
|  31|0x00000000a4100000, 0x00000000a4200000, 0x00000000a4200000|100%| O|  |TAMS 0x00000000a4200000, 0x00000000a4100000| Untracked 
|  32|0x00000000a4200000, 0x00000000a4200000, 0x00000000a4300000|  0%| F|  |TAMS 0x00000000a4200000, 0x00000000a4200000| Untracked 
|  33|0x00000000a4300000, 0x00000000a4300000, 0x00000000a4400000|  0%| F|  |TAMS 0x00000000a4300000, 0x00000000a4300000| Untracked 
|  34|0x00000000a4400000, 0x00000000a4400000, 0x00000000a4500000|  0%| F|  |TAMS 0x00000000a4400000, 0x00000000a4400000| Untracked 
|  35|0x00000000a4500000, 0x00000000a4600000, 0x00000000a4600000|100%|HS|  |TAMS 0x00000000a4600000, 0x00000000a4500000| Complete 
|  36|0x00000000a4600000, 0x00000000a4700000, 0x00000000a4700000|100%|HC|  |TAMS 0x00000000a4700000, 0x00000000a4600000| Complete 
|  37|0x00000000a4700000, 0x00000000a4800000, 0x00000000a4800000|100%|HS|  |TAMS 0x00000000a4800000, 0x00000000a4700000| Complete 
|  38|0x00000000a4800000, 0x00000000a4900000, 0x00000000a4900000|100%|HC|  |TAMS 0x00000000a4900000, 0x00000000a4800000| Complete 
|  39|0x00000000a4900000, 0x00000000a4a00000, 0x00000000a4a00000|100%| O|  |TAMS 0x00000000a4a00000, 0x00000000a4900000| Untracked 
|  40|0x00000000a4a00000, 0x00000000a4a00000, 0x00000000a4b00000|  0%| F|  |TAMS 0x00000000a4a00000, 0x00000000a4a00000| Untracked 
|  41|0x00000000a4b00000, 0x00000000a4b00000, 0x00000000a4c00000|  0%| F|  |TAMS 0x00000000a4b00000, 0x00000000a4b00000| Untracked 
|  42|0x00000000a4c00000, 0x00000000a4c00000, 0x00000000a4d00000|  0%| F|  |TAMS 0x00000000a4c00000, 0x00000000a4c00000| Untracked 
|  43|0x00000000a4d00000, 0x00000000a4d00000, 0x00000000a4e00000|  0%| F|  |TAMS 0x00000000a4d00000, 0x00000000a4d00000| Untracked 
|  44|0x00000000a4e00000, 0x00000000a4e00000, 0x00000000a4f00000|  0%| F|  |TAMS 0x00000000a4e00000, 0x00000000a4e00000| Untracked 
|  45|0x00000000a4f00000, 0x00000000a4f00000, 0x00000000a5000000|  0%| F|  |TAMS 0x00000000a4f00000, 0x00000000a4f00000| Untracked 
|  46|0x00000000a5000000, 0x00000000a5000000, 0x00000000a5100000|  0%| F|  |TAMS 0x00000000a5000000, 0x00000000a5000000| Untracked 
|  47|0x00000000a5100000, 0x00000000a5100000, 0x00000000a5200000|  0%| F|  |TAMS 0x00000000a5100000, 0x00000000a5100000| Untracked 
|  48|0x00000000a5200000, 0x00000000a5200000, 0x00000000a5300000|  0%| F|  |TAMS 0x00000000a5200000, 0x00000000a5200000| Untracked 
|  49|0x00000000a5300000, 0x00000000a5300000, 0x00000000a5400000|  0%| F|  |TAMS 0x00000000a5300000, 0x00000000a5300000| Untracked 
|  50|0x00000000a5400000, 0x00000000a5400000, 0x00000000a5500000|  0%| F|  |TAMS 0x00000000a5400000, 0x00000000a5400000| Untracked 
|  51|0x00000000a5500000, 0x00000000a5500000, 0x00000000a5600000|  0%| F|  |TAMS 0x00000000a5500000, 0x00000000a5500000| Untracked 
|  52|0x00000000a5600000, 0x00000000a5600000, 0x00000000a5700000|  0%| F|  |TAMS 0x00000000a5600000, 0x00000000a5600000| Untracked 
|  53|0x00000000a5700000, 0x00000000a5700000, 0x00000000a5800000|  0%| F|  |TAMS 0x00000000a5700000, 0x00000000a5700000| Untracked 
|  54|0x00000000a5800000, 0x00000000a5800000, 0x00000000a5900000|  0%| F|  |TAMS 0x00000000a5800000, 0x00000000a5800000| Untracked 
|  55|0x00000000a5900000, 0x00000000a5900000, 0x00000000a5a00000|  0%| F|  |TAMS 0x00000000a5900000, 0x00000000a5900000| Untracked 
|  56|0x00000000a5a00000, 0x00000000a5a00000, 0x00000000a5b00000|  0%| F|  |TAMS 0x00000000a5a00000, 0x00000000a5a00000| Untracked 
|  57|0x00000000a5b00000, 0x00000000a5b00000, 0x00000000a5c00000|  0%| F|  |TAMS 0x00000000a5b00000, 0x00000000a5b00000| Untracked 
|  58|0x00000000a5c00000, 0x00000000a5c00000, 0x00000000a5d00000|  0%| F|  |TAMS 0x00000000a5c00000, 0x00000000a5c00000| Untracked 
|  59|0x00000000a5d00000, 0x00000000a5d00000, 0x00000000a5e00000|  0%| F|  |TAMS 0x00000000a5d00000, 0x00000000a5d00000| Untracked 
|  60|0x00000000a5e00000, 0x00000000a5e36840, 0x00000000a5f00000| 21%| E|  |TAMS 0x00000000a5e00000, 0x00000000a5e00000| Complete 
|  72|0x00000000a6a00000, 0x00000000a6b00000, 0x00000000a6b00000|100%| E|CS|TAMS 0x00000000a6a00000, 0x00000000a6a00000| Complete 
|  73|0x00000000a6b00000, 0x00000000a6b67ce8, 0x00000000a6c00000| 40%| S|CS|TAMS 0x00000000a6b00000, 0x00000000a6b00000| Complete 
|  74|0x00000000a6c00000, 0x00000000a6d00000, 0x00000000a6d00000|100%| E|CS|TAMS 0x00000000a6c00000, 0x00000000a6c00000| Complete 
|  93|0x00000000a7f00000, 0x00000000a8000000, 0x00000000a8000000|100%| E|CS|TAMS 0x00000000a7f00000, 0x00000000a7f00000| Complete 

Card table byte_map: [0x000001c5a9320000,0x000001c5a9610000] _byte_map_base: 0x000001c5a8e0f000

Marking Bits (Prev, Next): (CMBitMap*) 0x000001c592203880, (CMBitMap*) 0x000001c592203840
 Prev Bits: [0x000001c5ab080000, 0x000001c5ac7f8000)
 Next Bits: [0x000001c5a9900000, 0x000001c5ab078000)

Polling page: 0x000001c5900f0000

Metaspace:

Usage:
  Non-class:     29.80 MB used.
      Class:      4.40 MB used.
       Both:     34.19 MB used.

Virtual space:
  Non-class space:       64.00 MB reserved,      30.00 MB ( 47%) committed,  1 nodes.
      Class space:        1.00 GB reserved,       4.56 MB ( <1%) committed,  1 nodes.
             Both:        1.06 GB reserved,      34.56 MB (  3%) committed. 

Chunk freelists:
   Non-Class:  1.68 MB
       Class:  3.48 MB
        Both:  5.16 MB

MaxMetaspaceSize: unlimited
CompressedClassSpaceSize: 1.00 GB
Initial GC threshold: 21.00 MB
Current GC threshold: 57.00 MB
CDS: on
MetaspaceReclaimPolicy: balanced
 - commit_granule_bytes: 65536.
 - commit_granule_words: 8192.
 - virtual_space_node_default_size: 8388608.
 - enlarge_chunks_in_place: 1.
 - new_chunks_are_fully_committed: 0.
 - uncommit_free_chunks: 1.
 - use_allocation_guard: 0.


Internal statistics:

num_allocs_failed_limit: 3.
num_arena_births: 656.
num_arena_deaths: 230.
num_vsnodes_births: 2.
num_vsnodes_deaths: 0.
num_space_committed: 553.
num_space_uncommitted: 0.
num_chunks_returned_to_freelist: 243.
num_chunks_taken_from_freelist: 1865.
num_chunk_merges: 74.
num_chunk_splits: 1222.
num_chunks_enlarged: 952.
num_inconsistent_stats: 0.

CodeHeap 'non-profiled nmethods': size=120000Kb used=6598Kb max_used=6598Kb free=113401Kb
 bounds [0x000001c5a15b0000, 0x000001c5a1c30000, 0x000001c5a8ae0000]
CodeHeap 'profiled nmethods': size=120000Kb used=17112Kb max_used=17112Kb free=102887Kb
 bounds [0x000001c59a080000, 0x000001c59b140000, 0x000001c5a15b0000]
CodeHeap 'non-nmethods': size=5760Kb used=1567Kb max_used=1634Kb free=4192Kb
 bounds [0x000001c599ae0000, 0x000001c599d50000, 0x000001c59a080000]
 total_blobs=9195 nmethods=8247 adapters=859
 compilation: enabled
              stopped_count=0, restarted_count=0
 full_count=0

Compilation events (20 events):
Event: 18580.066 Thread 0x000001c5af42a680 nmethod 9757 0x000001c59b129610 code [0x000001c59b1297c0, 0x000001c59b129988]
Event: 18580.066 Thread 0x000001c5af42a680 9758       1       org.apache.logging.log4j.core.impl.MutableLogEvent::getInstant (5 bytes)
Event: 18580.066 Thread 0x000001c5af42a680 nmethod 9758 0x000001c5a1c1ca10 code [0x000001c5a1c1cba0, 0x000001c5a1c1cc78]
Event: 18580.066 Thread 0x000001c5af42a680 9759       1       org.apache.logging.log4j.core.impl.MutableLogEvent::getThrown (5 bytes)
Event: 18580.066 Thread 0x000001c5af42a680 nmethod 9759 0x000001c5a1c1cd10 code [0x000001c5a1c1cea0, 0x000001c5a1c1cf78]
Event: 18580.066 Thread 0x000001c5af42a680 9760       1       java.nio.HeapByteBuffer::isReadOnly (2 bytes)
Event: 18580.066 Thread 0x000001c5af42a680 nmethod 9760 0x000001c5a1c1d010 code [0x000001c5a1c1d1a0, 0x000001c5a1c1d278]
Event: 18580.068 Thread 0x000001c5af42a680 9761       3       org.apache.logging.log4j.core.filter.AbstractFilterable::isFiltered (29 bytes)
Event: 18580.068 Thread 0x000001c5af42a680 nmethod 9761 0x000001c59b129a10 code [0x000001c59b129bc0, 0x000001c59b129e48]
Event: 18580.068 Thread 0x000001c5af42a680 9763       3       java.lang.StringUTF16::putChars (24 bytes)
Event: 18580.068 Thread 0x000001c5af42a680 nmethod 9763 0x000001c59b129f10 code [0x000001c59b12a0c0, 0x000001c59b12a298]
Event: 18580.068 Thread 0x000001c5af42a680 9762   !   3       java.nio.Buffer::checkScope (30 bytes)
Event: 18580.069 Thread 0x000001c5af42a680 nmethod 9762 0x000001c59b12a410 code [0x000001c59b12a5e0, 0x000001c59b12aa68]
Event: 18580.072 Thread 0x000001c5af42a680 9764       1       java.lang.invoke.LambdaForm::arity (5 bytes)
Event: 18580.072 Thread 0x000001c5af42a680 nmethod 9764 0x000001c5a1c1d310 code [0x000001c5a1c1d4a0, 0x000001c5a1c1d578]
Event: 18580.075 Thread 0x000001c5af413ce0 nmethod 9746 0x000001c5a1c1d610 code [0x000001c5a1c1d7e0, 0x000001c5a1c1e0d8]
Event: 18580.075 Thread 0x000001c5af42a680 9765       3       sun.util.calendar.BaseCalendar::isLeapYear (5 bytes)
Event: 18580.076 Thread 0x000001c5af42a680 nmethod 9765 0x000001c59b12ac10 code [0x000001c59b12adc0, 0x000001c59b12b078]
Event: 18580.076 Thread 0x000001c5af42a680 9766       3       sun.util.calendar.CalendarUtils::isGregorianLeapYear (27 bytes)
Event: 18580.077 Thread 0x000001c5af42a680 nmethod 9766 0x000001c59b12b190 code [0x000001c59b12b320, 0x000001c59b12b558]

GC Heap History (20 events):
Event: 5106.093 GC heap before
{Heap before GC invocations=49 (full 0):
 garbage-first heap   total 66560K, used 56509K [0x00000000a2200000, 0x0000000100000000)
  region size 1024K, 20 young (20480K), 1 survivors (1024K)
 Metaspace       used 34547K, committed 34944K, reserved 1114112K
  class space    used 4442K, committed 4608K, reserved 1048576K
}
Event: 5106.117 GC heap after
{Heap after GC invocations=50 (full 0):
 garbage-first heap   total 66560K, used 37165K [0x00000000a2200000, 0x0000000100000000)
  region size 1024K, 1 young (1024K), 1 survivors (1024K)
 Metaspace       used 34547K, committed 34944K, reserved 1114112K
  class space    used 4442K, committed 4608K, reserved 1048576K
}
Event: 5212.801 GC heap before
{Heap before GC invocations=51 (full 0):
 garbage-first heap   total 66560K, used 56621K [0x00000000a2200000, 0x0000000100000000)
  region size 1024K, 20 young (20480K), 1 survivors (1024K)
 Metaspace       used 34571K, committed 34944K, reserved 1114112K
  class space    used 4441K, committed 4608K, reserved 1048576K
}
Event: 5212.810 GC heap after
{Heap after GC invocations=52 (full 0):
 garbage-first heap   total 66560K, used 37183K [0x00000000a2200000, 0x0000000100000000)
  region size 1024K, 1 young (1024K), 1 survivors (1024K)
 Metaspace       used 34571K, committed 34944K, reserved 1114112K
  class space    used 4441K, committed 4608K, reserved 1048576K
}
Event: 5309.938 GC heap before
{Heap before GC invocations=52 (full 0):
 garbage-first heap   total 66560K, used 57663K [0x00000000a2200000, 0x0000000100000000)
  region size 1024K, 21 young (21504K), 1 survivors (1024K)
 Metaspace       used 34610K, committed 34944K, reserved 1114112K
  class space    used 4441K, committed 4608K, reserved 1048576K
}
Event: 5309.942 GC heap after
{Heap after GC invocations=53 (full 0):
 garbage-first heap   total 66560K, used 37252K [0x00000000a2200000, 0x0000000100000000)
  region size 1024K, 1 young (1024K), 1 survivors (1024K)
 Metaspace       used 34610K, committed 34944K, reserved 1114112K
  class space    used 4441K, committed 4608K, reserved 1048576K
}
Event: 5469.164 GC heap before
{Heap before GC invocations=54 (full 0):
 garbage-first heap   total 66560K, used 57732K [0x00000000a2200000, 0x0000000100000000)
  region size 1024K, 21 young (21504K), 1 survivors (1024K)
 Metaspace       used 34672K, committed 35008K, reserved 1114112K
  class space    used 4443K, committed 4608K, reserved 1048576K
}
Event: 5469.178 GC heap after
{Heap after GC invocations=55 (full 0):
 garbage-first heap   total 66560K, used 37661K [0x00000000a2200000, 0x0000000100000000)
  region size 1024K, 2 young (2048K), 2 survivors (2048K)
 Metaspace       used 34672K, committed 35008K, reserved 1114112K
  class space    used 4443K, committed 4608K, reserved 1048576K
}
Event: 5475.394 GC heap before
{Heap before GC invocations=55 (full 0):
 garbage-first heap   total 66560K, used 56093K [0x00000000a2200000, 0x0000000100000000)
  region size 1024K, 20 young (20480K), 2 survivors (2048K)
 Metaspace       used 34676K, committed 35008K, reserved 1114112K
  class space    used 4443K, committed 4608K, reserved 1048576K
}
Event: 5475.397 GC heap after
{Heap after GC invocations=56 (full 0):
 garbage-first heap   total 66560K, used 37762K [0x00000000a2200000, 0x0000000100000000)
  region size 1024K, 2 young (2048K), 2 survivors (2048K)
 Metaspace       used 34676K, committed 35008K, reserved 1114112K
  class space    used 4443K, committed 4608K, reserved 1048576K
}
Event: 6197.092 GC heap before
{Heap before GC invocations=57 (full 0):
 garbage-first heap   total 66560K, used 56194K [0x00000000a2200000, 0x0000000100000000)
  region size 1024K, 20 young (20480K), 2 survivors (2048K)
 Metaspace       used 34691K, committed 35008K, reserved 1114112K
  class space    used 4444K, committed 4608K, reserved 1048576K
}
Event: 6197.107 GC heap after
{Heap after GC invocations=58 (full 0):
 garbage-first heap   total 66560K, used 37697K [0x00000000a2200000, 0x0000000100000000)
  region size 1024K, 2 young (2048K), 2 survivors (2048K)
 Metaspace       used 34691K, committed 35008K, reserved 1114112K
  class space    used 4444K, committed 4608K, reserved 1048576K
}
Event: 6197.380 GC heap before
{Heap before GC invocations=58 (full 0):
 garbage-first heap   total 66560K, used 38721K [0x00000000a2200000, 0x0000000100000000)
  region size 1024K, 3 young (3072K), 2 survivors (2048K)
 Metaspace       used 34691K, committed 35008K, reserved 1114112K
  class space    used 4444K, committed 4608K, reserved 1048576K
}
Event: 6197.398 GC heap after
{Heap after GC invocations=59 (full 0):
 garbage-first heap   total 66560K, used 37488K [0x00000000a2200000, 0x0000000100000000)
  region size 1024K, 1 young (1024K), 1 survivors (1024K)
 Metaspace       used 34691K, committed 35008K, reserved 1114112K
  class space    used 4444K, committed 4608K, reserved 1048576K
}
Event: 6205.026 GC heap before
{Heap before GC invocations=59 (full 0):
 garbage-first heap   total 66560K, used 54896K [0x00000000a2200000, 0x0000000100000000)
  region size 1024K, 19 young (19456K), 1 survivors (1024K)
 Metaspace       used 34692K, committed 35008K, reserved 1114112K
  class space    used 4444K, committed 4608K, reserved 1048576K
}
Event: 6205.029 GC heap after
{Heap after GC invocations=60 (full 0):
 garbage-first heap   total 66560K, used 37470K [0x00000000a2200000, 0x0000000100000000)
  region size 1024K, 1 young (1024K), 1 survivors (1024K)
 Metaspace       used 34692K, committed 35008K, reserved 1114112K
  class space    used 4444K, committed 4608K, reserved 1048576K
}
Event: 18573.247 GC heap before
{Heap before GC invocations=61 (full 0):
 garbage-first heap   total 66560K, used 56926K [0x00000000a2200000, 0x0000000100000000)
  region size 1024K, 20 young (20480K), 1 survivors (1024K)
 Metaspace       used 34713K, committed 35008K, reserved 1114112K
  class space    used 4444K, committed 4608K, reserved 1048576K
}
Event: 18573.272 GC heap after
{Heap after GC invocations=62 (full 0):
 garbage-first heap   total 66560K, used 37693K [0x00000000a2200000, 0x0000000100000000)
  region size 1024K, 1 young (1024K), 1 survivors (1024K)
 Metaspace       used 34713K, committed 35008K, reserved 1114112K
  class space    used 4444K, committed 4608K, reserved 1048576K
}
Event: 18576.834 GC heap before
{Heap before GC invocations=62 (full 0):
 garbage-first heap   total 66560K, used 39741K [0x00000000a2200000, 0x0000000100000000)
  region size 1024K, 3 young (3072K), 1 survivors (1024K)
 Metaspace       used 34713K, committed 35008K, reserved 1114112K
  class space    used 4444K, committed 4608K, reserved 1048576K
}
Event: 18576.845 GC heap after
{Heap after GC invocations=63 (full 0):
 garbage-first heap   total 66560K, used 37321K [0x00000000a2200000, 0x0000000100000000)
  region size 1024K, 1 young (1024K), 1 survivors (1024K)
 Metaspace       used 34713K, committed 35008K, reserved 1114112K
  class space    used 4444K, committed 4608K, reserved 1048576K
}

Deoptimization events (20 events):
Event: 18579.801 Thread 0x000001c5b4598e60 Uncommon trap: trap_request=0xffffffc6 fr.pc=0x000001c5a1696c40 relative=0x00000000000000a0
Event: 18579.801 Thread 0x000001c5b4598e60 Uncommon trap: reason=bimorphic_or_optimized_type_check action=maybe_recompile pc=0x000001c5a1696c40 method=java.util.LinkedHashMap.afterNodeInsertion(Z)V @ 15 c2
Event: 18579.801 Thread 0x000001c5b4598e60 DEOPT PACKING pc=0x000001c5a1696c40 sp=0x000000777dafd200
Event: 18579.801 Thread 0x000001c5b4598e60 DEOPT UNPACKING pc=0x000001c599b323a3 sp=0x000000777dafd178 mode 2
Event: 18579.801 Thread 0x000001c5b4598e60 Uncommon trap: trap_request=0xffffffc6 fr.pc=0x000001c5a1696c40 relative=0x00000000000000a0
Event: 18579.801 Thread 0x000001c5b4598e60 Uncommon trap: reason=bimorphic_or_optimized_type_check action=maybe_recompile pc=0x000001c5a1696c40 method=java.util.LinkedHashMap.afterNodeInsertion(Z)V @ 15 c2
Event: 18579.801 Thread 0x000001c5b4598e60 DEOPT PACKING pc=0x000001c5a1696c40 sp=0x000000777dafd200
Event: 18579.801 Thread 0x000001c5b4598e60 DEOPT UNPACKING pc=0x000001c599b323a3 sp=0x000000777dafd178 mode 2
Event: 18579.994 Thread 0x000001c5b4598e60 Uncommon trap: trap_request=0xffffff45 fr.pc=0x000001c5a1651110 relative=0x00000000000000d0
Event: 18579.994 Thread 0x000001c5b4598e60 Uncommon trap: reason=unstable_if action=reinterpret pc=0x000001c5a1651110 method=java.io.WinNTFileSystem.normalize(Ljava/lang/String;)Ljava/lang/String; @ 74 c2
Event: 18579.994 Thread 0x000001c5b4598e60 DEOPT PACKING pc=0x000001c5a1651110 sp=0x000000777dafd480
Event: 18579.994 Thread 0x000001c5b4598e60 DEOPT UNPACKING pc=0x000001c599b323a3 sp=0x000000777dafd3f8 mode 2
Event: 18580.092 Thread 0x000001c5b4598e60 Uncommon trap: trap_request=0xfffffff4 fr.pc=0x000001c5a1b41fd8 relative=0x0000000000005258
Event: 18580.092 Thread 0x000001c5b4598e60 Uncommon trap: reason=null_check action=make_not_entrant pc=0x000001c5a1b41fd8 method=javafx.scene.Node$MiscProperties.getCursor()Ljavafx/scene/Cursor; @ 20 c2
Event: 18580.092 Thread 0x000001c5b4598e60 DEOPT PACKING pc=0x000001c5a1b41fd8 sp=0x000000777dafe410
Event: 18580.093 Thread 0x000001c5b4598e60 DEOPT UNPACKING pc=0x000001c599b323a3 sp=0x000000777dafe300 mode 2
Event: 18580.096 Thread 0x000001c5b4598e60 Uncommon trap: trap_request=0xffffffc6 fr.pc=0x000001c5a195cdc8 relative=0x0000000000000588
Event: 18580.097 Thread 0x000001c5b4598e60 Uncommon trap: reason=bimorphic_or_optimized_type_check action=maybe_recompile pc=0x000001c5a195cdc8 method=javafx.scene.Node.getGeomBounds(Lcom/sun/javafx/geom/BaseBounds;Lcom/sun/javafx/geom/transform/BaseTransform;)Lcom/sun/javafx/geom/BaseBounds; @ 1 
Event: 18580.097 Thread 0x000001c5b4598e60 DEOPT PACKING pc=0x000001c5a195cdc8 sp=0x000000777dafd9b0
Event: 18580.097 Thread 0x000001c5b4598e60 DEOPT UNPACKING pc=0x000001c599b323a3 sp=0x000000777dafd8b8 mode 2

Classes loaded (20 events):
Event: 3826.761 Loading class java/util/function/IntBinaryOperator
Event: 3826.762 Loading class java/util/function/IntBinaryOperator done
Event: 3826.762 Loading class java/util/stream/ReduceOps$6
Event: 3826.763 Loading class java/util/stream/ReduceOps$6 done
Event: 3826.763 Loading class java/util/stream/ReduceOps$5ReducingSink
Event: 3826.763 Loading class java/util/stream/ReduceOps$5ReducingSink done
Event: 18579.655 Loading class java/util/concurrent/SynchronousQueue$TransferStack
Event: 18579.664 Loading class java/util/concurrent/SynchronousQueue$TransferStack done
Event: 18579.664 Loading class java/util/concurrent/SynchronousQueue$TransferStack$SNode
Event: 18579.667 Loading class java/util/concurrent/SynchronousQueue$TransferStack$SNode done
Event: 18579.886 Loading class java/util/Timer
Event: 18579.888 Loading class java/util/Timer done
Event: 18579.888 Loading class java/util/TaskQueue
Event: 18579.889 Loading class java/util/TaskQueue done
Event: 18579.889 Loading class java/util/TimerThread
Event: 18579.890 Loading class java/util/TimerThread done
Event: 18579.891 Loading class java/util/Timer$ThreadReaper
Event: 18579.891 Loading class java/util/Timer$ThreadReaper done
Event: 18579.915 Loading class sun/nio/fs/WindowsFileSystemProvider$1
Event: 18579.918 Loading class sun/nio/fs/WindowsFileSystemProvider$1 done

Classes unloaded (20 events):
Event: 2668.264 Thread 0x000001c59222e110 Unloading class 0x0000000800c16c00 'java/lang/invoke/LambdaForm$MH+0x0000000800c16c00'
Event: 2668.264 Thread 0x000001c59222e110 Unloading class 0x0000000800c16800 'java/lang/invoke/LambdaForm$MH+0x0000000800c16800'
Event: 2668.264 Thread 0x000001c59222e110 Unloading class 0x0000000800c16000 'java/lang/invoke/LambdaForm$MH+0x0000000800c16000'
Event: 2668.264 Thread 0x000001c59222e110 Unloading class 0x0000000800c15800 'java/lang/invoke/LambdaForm$MH+0x0000000800c15800'
Event: 2668.265 Thread 0x000001c59222e110 Unloading class 0x0000000800c15400 'java/lang/invoke/LambdaForm$MH+0x0000000800c15400'
Event: 2668.265 Thread 0x000001c59222e110 Unloading class 0x0000000800c15000 'java/lang/invoke/LambdaForm$MH+0x0000000800c15000'
Event: 2668.265 Thread 0x000001c59222e110 Unloading class 0x0000000800c14c00 'java/lang/invoke/LambdaForm$MH+0x0000000800c14c00'
Event: 2668.265 Thread 0x000001c59222e110 Unloading class 0x0000000800c14400 'java/lang/invoke/LambdaForm$MH+0x0000000800c14400'
Event: 2668.265 Thread 0x000001c59222e110 Unloading class 0x0000000800c09400 'java/lang/invoke/LambdaForm$MH+0x0000000800c09400'
Event: 2668.265 Thread 0x000001c59222e110 Unloading class 0x0000000800c09000 'java/lang/invoke/LambdaForm$MH+0x0000000800c09000'
Event: 2668.265 Thread 0x000001c59222e110 Unloading class 0x0000000800c08c00 'java/lang/invoke/LambdaForm$MH+0x0000000800c08c00'
Event: 2668.265 Thread 0x000001c59222e110 Unloading class 0x0000000800c02400 'java/lang/invoke/LambdaForm$MH+0x0000000800c02400'
Event: 2668.265 Thread 0x000001c59222e110 Unloading class 0x0000000800c02000 'java/lang/invoke/LambdaForm$MH+0x0000000800c02000'
Event: 2668.265 Thread 0x000001c59222e110 Unloading class 0x0000000800c01c00 'java/lang/invoke/LambdaForm$MH+0x0000000800c01c00'
Event: 2668.265 Thread 0x000001c59222e110 Unloading class 0x0000000800c01400 'java/lang/invoke/LambdaForm$MH+0x0000000800c01400'
Event: 2668.265 Thread 0x000001c59222e110 Unloading class 0x0000000800c00400 'java/lang/invoke/LambdaForm$MH+0x0000000800c00400'
Event: 5106.186 Thread 0x000001c59222e110 Unloading class 0x0000000801028400 'java/lang/invoke/LambdaForm$MH+0x0000000801028400'
Event: 5106.186 Thread 0x000001c59222e110 Unloading class 0x0000000801040000 'java/lang/invoke/LambdaForm$MH+0x0000000801040000'
Event: 6205.068 Thread 0x000001c59222e110 Unloading class 0x0000000800e61c00 'java/lang/invoke/LambdaForm$MH+0x0000000800e61c00'
Event: 6205.068 Thread 0x000001c59222e110 Unloading class 0x0000000800fe8800 'java/lang/invoke/LambdaForm$MH+0x0000000800fe8800'

Classes redefined (0 events):
No events

Internal exceptions (20 events):
Event: 2346.053 Thread 0x000001c5b4598e60 Implicit null exception at 0x000001c5a199eaf7 to 0x000001c5a199eb44
Event: 2346.053 Thread 0x000001c5b4598e60 Implicit null exception at 0x000001c5a199f577 to 0x000001c5a199f5c4
Event: 2346.056 Thread 0x000001c5b4598e60 Implicit null exception at 0x000001c5a199ee33 to 0x000001c5a199ee70
Event: 2349.777 Thread 0x000001c5b4598e60 Implicit null exception at 0x000001c5a19a0978 to 0x000001c5a19a0ab0
Event: 2808.344 Thread 0x000001c5b4598e60 Exception <a 'java/lang/ClassNotFoundException'{0x00000000a53f6d58}: com/sun/javafx/scene/control/skin/resources/controls> (0x00000000a53f6d58) 
thrown [s\open\src\hotspot\share\prims\jni.cpp, line 535]
Event: 2808.345 Thread 0x000001c5b4598e60 Implicit null exception at 0x000001c5a16935e3 to 0x000001c5a16936b5
Event: 3698.876 Thread 0x000001c5b4598e60 Implicit null exception at 0x000001c5a18779b7 to 0x000001c5a1877b44
Event: 3698.892 Thread 0x000001c5b4598e60 Exception <a 'java/lang/NoSuchMethodError'{0x00000000a4ee7560}: 'java.lang.Object java.lang.invoke.DirectMethodHandle$Holder.newInvokeSpecial(java.lang.Object, java.lang.Object, int, int, int, int, int, java.lang.Object)'> (0x00000000a4ee7560) 
thrown [s\open\src\hotspot\share\interpreter\linkResolver.cpp, line 766]
Event: 3698.896 Thread 0x000001c5b4598e60 Exception <a 'java/lang/NoSuchMethodError'{0x00000000a4efac18}: 'java.lang.Object java.lang.invoke.DirectMethodHandle$Holder.newInvokeSpecial(java.lang.Object, java.lang.Object, java.lang.Object, int, int, int, int, int)'> (0x00000000a4efac18) 
thrown [s\open\src\hotspot\share\interpreter\linkResolver.cpp, line 766]
Event: 3698.901 Thread 0x000001c5b4598e60 Exception <a 'java/lang/NoSuchMethodError'{0x00000000a7f02a60}: 'java.lang.Object java.lang.invoke.Invokers$Holder.linkToTargetMethod(java.lang.Object, java.lang.Object, int, int, int, int, int, java.lang.Object)'> (0x00000000a7f02a60) 
thrown [s\open\src\hotspot\share\interpreter\linkResolver.cpp, line 766]
Event: 3702.616 Thread 0x000001c5b4598e60 Implicit null exception at 0x000001c5a1936ab5 to 0x000001c5a1936cc2
Event: 3826.769 Thread 0x000001c5b4598e60 Implicit null exception at 0x000001c5a1a1bf22 to 0x000001c5a1a1e560
Event: 4923.560 Thread 0x000001c5b4598e60 Implicit null exception at 0x000001c5a19c86ef to 0x000001c5a19c9d9c
Event: 4923.616 Thread 0x000001c5b4718fc0 Implicit null exception at 0x000001c5a1aee4c8 to 0x000001c5a1aee511
Event: 18579.541 Thread 0x000001c5b4598e60 Exception <a 'java/lang/NoSuchMethodError'{0x00000000a6c09f70}: 'long java.lang.invoke.DelegatingMethodHandle$Holder.reinvoke_L(java.lang.Object, java.lang.Object)'> (0x00000000a6c09f70) 
thrown [s\open\src\hotspot\share\interpreter\linkResolver.cpp, line 766]
Event: 18579.543 Thread 0x000001c5b4598e60 Exception <a 'java/lang/NoSuchMethodError'{0x00000000a6c110b0}: 'void java.lang.invoke.DelegatingMethodHandle$Holder.reinvoke_L(java.lang.Object, java.lang.Object, long)'> (0x00000000a6c110b0) 
thrown [s\open\src\hotspot\share\interpreter\linkResolver.cpp, line 766]
Event: 18579.547 Thread 0x000001c5b4598e60 Exception <a 'java/lang/NoSuchMethodError'{0x00000000a6c1d930}: 'void java.lang.invoke.DelegatingMethodHandle$Holder.reinvoke_L(java.lang.Object, java.lang.Object, int)'> (0x00000000a6c1d930) 
thrown [s\open\src\hotspot\share\interpreter\linkResolver.cpp, line 766]
Event: 18579.914 Thread 0x000001c5b4598e60 Exception <a 'sun/nio/fs/WindowsException'{0x00000000a6a0f558}> (0x00000000a6a0f558) 
thrown [s\open\src\hotspot\share\prims\jni.cpp, line 516]
Event: 18579.918 Thread 0x000001c5b4598e60 Exception <a 'sun/nio/fs/WindowsException'{0x00000000a6a0f958}> (0x00000000a6a0f958) 
thrown [s\open\src\hotspot\share\prims\jni.cpp, line 516]
Event: 18580.091 Thread 0x000001c5b4598e60 Implicit null exception at 0x000001c5a1b3e303 to 0x000001c5a1b41fc0

VM Operations (20 events):
Event: 6343.185 Executing VM operation: Cleanup
Event: 6343.185 Executing VM operation: Cleanup done
Event: 6357.190 Executing VM operation: Cleanup
Event: 6357.190 Executing VM operation: Cleanup done
Event: 6440.230 Executing VM operation: Cleanup
Event: 6440.230 Executing VM operation: Cleanup done
Event: 18380.281 Executing VM operation: Cleanup
Event: 18380.281 Executing VM operation: Cleanup done
Event: 18397.288 Executing VM operation: Cleanup
Event: 18397.289 Executing VM operation: Cleanup done
Event: 18399.288 Executing VM operation: Cleanup
Event: 18399.289 Executing VM operation: Cleanup done
Event: 18569.364 Executing VM operation: Cleanup
Event: 18569.364 Executing VM operation: Cleanup done
Event: 18573.244 Executing VM operation: G1CollectForAllocation
Event: 18573.272 Executing VM operation: G1CollectForAllocation done
Event: 18576.834 Executing VM operation: G1CollectForAllocation
Event: 18576.845 Executing VM operation: G1CollectForAllocation done
Event: 18579.844 Executing VM operation: Cleanup
Event: 18579.845 Executing VM operation: Cleanup done

Events (20 events):
Event: 5389.397 Thread 0x000001c5b4a8a770 Thread exited: 0x000001c5b4a8a770
Event: 5389.434 Thread 0x000001c5b4a8e600 Thread exited: 0x000001c5b4a8e600
Event: 16859.685 Thread 0x000001c5b4a8a770 Thread added: 0x000001c5b4a8a770
Event: 16859.785 Thread 0x000001c5b4a8e600 Thread added: 0x000001c5b4a8e600
Event: 16864.798 Thread 0x000001c5b4a8a770 Thread exited: 0x000001c5b4a8a770
Event: 16865.068 Thread 0x000001c5b4a8e600 Thread exited: 0x000001c5b4a8e600
Event: 18379.803 Thread 0x000001c5b4a8a770 Thread added: 0x000001c5b4a8a770
Event: 18379.991 Thread 0x000001c5b4a8e600 Thread added: 0x000001c5b4a8e600
Event: 18384.993 Thread 0x000001c5b4a8a770 Thread exited: 0x000001c5b4a8a770
Event: 18385.112 Thread 0x000001c5b4a8e600 Thread exited: 0x000001c5b4a8e600
Event: 18397.948 Thread 0x000001c5b4a8a770 Thread added: 0x000001c5b4a8a770
Event: 18397.950 Thread 0x000001c5b4a8f940 Thread added: 0x000001c5b4a8f940
Event: 18402.952 Thread 0x000001c5b4a8a770 Thread exited: 0x000001c5b4a8a770
Event: 18403.038 Thread 0x000001c5b4a8f940 Thread exited: 0x000001c5b4a8f940
Event: 18579.572 Thread 0x000001c5b4a8a770 Thread added: 0x000001c5b4a8a770
Event: 18579.675 Thread 0x000001c5b4a8e600 Thread added: 0x000001c5b4a8e600
Event: 18579.892 Thread 0x000001c5b4a8ead0 Thread added: 0x000001c5b4a8ead0
Event: 18579.963 Thread 0x000001c5b4a8efa0 Thread added: 0x000001c5b4a8efa0
Event: 18580.056 Thread 0x000001c5b4a8f470 Thread added: 0x000001c5b4a8f470
Event: 18580.067 Thread 0x000001c5b4a8f940 Thread added: 0x000001c5b4a8f940


Dynamic libraries:
0x00007ff647fe0000 - 0x00007ff647fee000 	C:\Users\dkish\.jdks\openjdk-18.0.1.1\bin\java.exe
0x00007ffa627c0000 - 0x00007ffa62a28000 	C:\WINDOWS\SYSTEM32\ntdll.dll
0x00007ffa61950000 - 0x00007ffa61a19000 	C:\WINDOWS\System32\KERNEL32.DLL
0x00007ffa5f9e0000 - 0x00007ffa5fdd2000 	C:\WINDOWS\System32\KERNELBASE.dll
0x00007ffa60000000 - 0x00007ffa6014b000 	C:\WINDOWS\System32\ucrtbase.dll
0x00007ffa12eb0000 - 0x00007ffa12eca000 	C:\Users\dkish\.jdks\openjdk-18.0.1.1\bin\VCRUNTIME140.dll
0x00007ffa104b0000 - 0x00007ffa104c7000 	C:\Users\dkish\.jdks\openjdk-18.0.1.1\bin\jli.dll
0x00007ffa62350000 - 0x00007ffa62515000 	C:\WINDOWS\System32\USER32.dll
0x00007ffa5ff10000 - 0x00007ffa5ff37000 	C:\WINDOWS\System32\win32u.dll
0x00007ffa62520000 - 0x00007ffa6254b000 	C:\WINDOWS\System32\GDI32.dll
0x00007ffa4b2a0000 - 0x00007ffa4b533000 	C:\WINDOWS\WinSxS\amd64_microsoft.windows.common-controls_6595b64144ccf1df_6.0.26100.6899_none_3e0efeeae32e88c1\COMCTL32.dll
0x00007ffa5fde0000 - 0x00007ffa5ff0d000 	C:\WINDOWS\System32\gdi32full.dll
0x00007ffa621d0000 - 0x00007ffa62279000 	C:\WINDOWS\System32\msvcrt.dll
0x00007ffa60150000 - 0x00007ffa601f3000 	C:\WINDOWS\System32\msvcp_win.dll
0x00007ffa61bb0000 - 0x00007ffa61bdf000 	C:\WINDOWS\System32\IMM32.DLL
0x00007ffa12e70000 - 0x00007ffa12e7c000 	C:\Users\dkish\.jdks\openjdk-18.0.1.1\bin\vcruntime140_1.dll
0x00007ff9aeab0000 - 0x00007ff9aeb3d000 	C:\Users\dkish\.jdks\openjdk-18.0.1.1\bin\msvcp140.dll
0x00007ff9a99a0000 - 0x00007ff9aa5b0000 	C:\Users\dkish\.jdks\openjdk-18.0.1.1\bin\server\jvm.dll
0x00007ffa60830000 - 0x00007ffa608e4000 	C:\WINDOWS\System32\ADVAPI32.dll
0x00007ffa61a20000 - 0x00007ffa61ac6000 	C:\WINDOWS\System32\sechost.dll
0x00007ffa60710000 - 0x00007ffa60828000 	C:\WINDOWS\System32\RPCRT4.dll
0x00007ffa62280000 - 0x00007ffa62288000 	C:\WINDOWS\System32\PSAPI.DLL
0x00007ffa5a650000 - 0x00007ffa5a65a000 	C:\WINDOWS\SYSTEM32\WSOCK32.dll
0x00007ffa58470000 - 0x00007ffa5847b000 	C:\WINDOWS\SYSTEM32\VERSION.dll
0x00007ffa57ad0000 - 0x00007ffa57b05000 	C:\WINDOWS\SYSTEM32\WINMM.dll
0x00007ffa60650000 - 0x00007ffa606c4000 	C:\WINDOWS\System32\WS2_32.dll
0x00007ffa5e720000 - 0x00007ffa5e73b000 	C:\WINDOWS\SYSTEM32\kernel.appcore.dll
0x00007ff9f2390000 - 0x00007ff9f239a000 	C:\Users\dkish\.jdks\openjdk-18.0.1.1\bin\jimage.dll
0x00007ffa5d1f0000 - 0x00007ffa5d432000 	C:\WINDOWS\SYSTEM32\DBGHELP.DLL
0x00007ffa61e50000 - 0x00007ffa621cb000 	C:\WINDOWS\System32\combase.dll
0x00007ffa61ad0000 - 0x00007ffa61ba7000 	C:\WINDOWS\System32\OLEAUT32.dll
0x00007ffa49a20000 - 0x00007ffa49a5c000 	C:\WINDOWS\SYSTEM32\dbgcore.DLL
0x00007ffa604f0000 - 0x00007ffa60588000 	C:\WINDOWS\System32\bcryptPrimitives.dll
0x00007ffa561e0000 - 0x00007ffa561ee000 	C:\Users\dkish\.jdks\openjdk-18.0.1.1\bin\instrument.dll
0x00007ff9c7910000 - 0x00007ff9c7935000 	C:\Users\dkish\.jdks\openjdk-18.0.1.1\bin\java.dll
0x00007ff9ae9d0000 - 0x00007ff9aeaa6000 	C:\Users\dkish\.jdks\openjdk-18.0.1.1\bin\jsvml.dll
0x00007ffa60a90000 - 0x00007ffa611dd000 	C:\WINDOWS\System32\SHELL32.dll
0x00007ffa60380000 - 0x00007ffa604eb000 	C:\WINDOWS\System32\wintypes.dll
0x00007ffa5d5e0000 - 0x00007ffa5de3d000 	C:\WINDOWS\SYSTEM32\windows.storage.dll
0x00007ffa62620000 - 0x00007ffa62712000 	C:\WINDOWS\System32\SHCORE.dll
0x00007ffa618e0000 - 0x00007ffa61942000 	C:\WINDOWS\System32\shlwapi.dll
0x00007ffa5f870000 - 0x00007ffa5f899000 	C:\WINDOWS\SYSTEM32\profapi.dll
0x00007ff9ee580000 - 0x00007ff9ee593000 	C:\Users\dkish\.jdks\openjdk-18.0.1.1\bin\net.dll
0x00007ffa57cd0000 - 0x00007ffa57def000 	C:\WINDOWS\SYSTEM32\WINHTTP.dll
0x00007ffa5ec90000 - 0x00007ffa5ecfb000 	C:\WINDOWS\system32\mswsock.dll
0x00007ff9c7470000 - 0x00007ff9c7486000 	C:\Users\dkish\.jdks\openjdk-18.0.1.1\bin\nio.dll
0x00007ff9c7450000 - 0x00007ff9c7468000 	C:\Users\dkish\.jdks\openjdk-18.0.1.1\bin\zip.dll
0x00007ffa21df0000 - 0x00007ffa21e0a000 	C:\Program Files\JetBrains\IntelliJ IDEA Community Edition 2022.1.1\bin\breakgen64.dll
0x000001c5920a0000 - 0x000001c5920a3000 	C:\javafx-sdk-17.0.17\bin\api-ms-win-core-console-l1-1-0.dll
0x000001c5920b0000 - 0x000001c5920b3000 	C:\javafx-sdk-17.0.17\bin\api-ms-win-core-console-l1-2-0.dll
0x000001c5920c0000 - 0x000001c5920c3000 	C:\javafx-sdk-17.0.17\bin\api-ms-win-core-datetime-l1-1-0.dll
0x000001c5920d0000 - 0x000001c5920d3000 	C:\javafx-sdk-17.0.17\bin\api-ms-win-core-debug-l1-1-0.dll
0x000001c5920e0000 - 0x000001c5920e3000 	C:\javafx-sdk-17.0.17\bin\api-ms-win-core-errorhandling-l1-1-0.dll
0x000001c5920f0000 - 0x000001c5920f4000 	C:\javafx-sdk-17.0.17\bin\api-ms-win-core-file-l1-1-0.dll
0x000001c592100000 - 0x000001c592103000 	C:\javafx-sdk-17.0.17\bin\api-ms-win-core-file-l1-2-0.dll
0x000001c592110000 - 0x000001c592113000 	C:\javafx-sdk-17.0.17\bin\api-ms-win-core-file-l2-1-0.dll
0x000001c592120000 - 0x000001c592123000 	C:\javafx-sdk-17.0.17\bin\api-ms-win-core-handle-l1-1-0.dll
0x000001c592130000 - 0x000001c592133000 	C:\javafx-sdk-17.0.17\bin\api-ms-win-core-heap-l1-1-0.dll
0x000001c592140000 - 0x000001c592143000 	C:\javafx-sdk-17.0.17\bin\api-ms-win-core-interlocked-l1-1-0.dll
0x000001c592150000 - 0x000001c592153000 	C:\javafx-sdk-17.0.17\bin\api-ms-win-core-libraryloader-l1-1-0.dll
0x000001c592160000 - 0x000001c592163000 	C:\javafx-sdk-17.0.17\bin\api-ms-win-core-localization-l1-2-0.dll
0x000001c5af5b0000 - 0x000001c5af5b3000 	C:\javafx-sdk-17.0.17\bin\api-ms-win-core-memory-l1-1-0.dll
0x000001c5af5c0000 - 0x000001c5af5c3000 	C:\javafx-sdk-17.0.17\bin\api-ms-win-core-namedpipe-l1-1-0.dll
0x000001c5af5d0000 - 0x000001c5af5d3000 	C:\javafx-sdk-17.0.17\bin\api-ms-win-core-processenvironment-l1-1-0.dll
0x000001c5af5e0000 - 0x000001c5af5e3000 	C:\javafx-sdk-17.0.17\bin\api-ms-win-core-processthreads-l1-1-0.dll
0x000001c5af5f0000 - 0x000001c5af5f3000 	C:\javafx-sdk-17.0.17\bin\api-ms-win-core-processthreads-l1-1-1.dll
0x000001c5af600000 - 0x000001c5af603000 	C:\javafx-sdk-17.0.17\bin\api-ms-win-core-profile-l1-1-0.dll
0x000001c5af610000 - 0x000001c5af613000 	C:\javafx-sdk-17.0.17\bin\api-ms-win-core-rtlsupport-l1-1-0.dll
0x000001c5af620000 - 0x000001c5af623000 	C:\javafx-sdk-17.0.17\bin\api-ms-win-core-string-l1-1-0.dll
0x000001c5af630000 - 0x000001c5af633000 	C:\javafx-sdk-17.0.17\bin\api-ms-win-core-synch-l1-1-0.dll
0x000001c5af640000 - 0x000001c5af643000 	C:\javafx-sdk-17.0.17\bin\api-ms-win-core-synch-l1-2-0.dll
0x000001c5af650000 - 0x000001c5af653000 	C:\javafx-sdk-17.0.17\bin\api-ms-win-core-sysinfo-l1-1-0.dll
0x000001c5af660000 - 0x000001c5af663000 	C:\javafx-sdk-17.0.17\bin\api-ms-win-core-timezone-l1-1-0.dll
0x000001c5af670000 - 0x000001c5af673000 	C:\javafx-sdk-17.0.17\bin\api-ms-win-core-util-l1-1-0.dll
0x000001c5af680000 - 0x000001c5af683000 	C:\javafx-sdk-17.0.17\bin\api-ms-win-crt-conio-l1-1-0.dll
0x000001c5af690000 - 0x000001c5af694000 	C:\javafx-sdk-17.0.17\bin\api-ms-win-crt-convert-l1-1-0.dll
0x000001c5af6a0000 - 0x000001c5af6a3000 	C:\javafx-sdk-17.0.17\bin\api-ms-win-crt-environment-l1-1-0.dll
0x000001c5af6b0000 - 0x000001c5af6b3000 	C:\javafx-sdk-17.0.17\bin\api-ms-win-crt-filesystem-l1-1-0.dll
0x000001c5af6c0000 - 0x000001c5af6c3000 	C:\javafx-sdk-17.0.17\bin\api-ms-win-crt-heap-l1-1-0.dll
0x000001c5af6d0000 - 0x000001c5af6d3000 	C:\javafx-sdk-17.0.17\bin\api-ms-win-crt-locale-l1-1-0.dll
0x000001c5af6e0000 - 0x000001c5af6e5000 	C:\javafx-sdk-17.0.17\bin\api-ms-win-crt-math-l1-1-0.dll
0x000001c5af6f0000 - 0x000001c5af6f5000 	C:\javafx-sdk-17.0.17\bin\api-ms-win-crt-multibyte-l1-1-0.dll
0x000001c5af700000 - 0x000001c5af710000 	C:\javafx-sdk-17.0.17\bin\api-ms-win-crt-private-l1-1-0.dll
0x000001c5af710000 - 0x000001c5af713000 	C:\javafx-sdk-17.0.17\bin\api-ms-win-crt-process-l1-1-0.dll
0x000001c5af720000 - 0x000001c5af724000 	C:\javafx-sdk-17.0.17\bin\api-ms-win-crt-runtime-l1-1-0.dll
0x000001c5af730000 - 0x000001c5af734000 	C:\javafx-sdk-17.0.17\bin\api-ms-win-crt-stdio-l1-1-0.dll
0x000001c5af740000 - 0x000001c5af744000 	C:\javafx-sdk-17.0.17\bin\api-ms-win-crt-string-l1-1-0.dll
0x000001c5af750000 - 0x000001c5af753000 	C:\javafx-sdk-17.0.17\bin\api-ms-win-crt-time-l1-1-0.dll
0x000001c5af760000 - 0x000001c5af763000 	C:\javafx-sdk-17.0.17\bin\api-ms-win-crt-utility-l1-1-0.dll
0x00007ff99faf0000 - 0x00007ff99fbec000 	C:\javafx-sdk-17.0.17\bin\ucrtbase.dll
0x00007ffa21dd0000 - 0x00007ffa21deb000 	C:\javafx-sdk-17.0.17\bin\vcruntime140.dll
0x00007ffa2ea40000 - 0x00007ffa2ea4c000 	C:\javafx-sdk-17.0.17\bin\vcruntime140_1.dll
0x00007ff9a0360000 - 0x00007ff9a03ee000 	C:\javafx-sdk-17.0.17\bin\msvcp140.dll
0x00007ffa156f0000 - 0x00007ffa156f9000 	C:\javafx-sdk-17.0.17\bin\msvcp140_1.dll
0x00007ff9f23d0000 - 0x00007ff9f2411000 	C:\javafx-sdk-17.0.17\bin\msvcp140_2.dll
0x00007ffa12e80000 - 0x00007ffa12eaa000 	C:\javafx-sdk-17.0.17\bin\prism_d3d.dll
0x00007ff9f8690000 - 0x00007ff9f8840000 	C:\WINDOWS\system32\d3d9.dll
0x00007ffa5cb60000 - 0x00007ffa5cb8d000 	C:\WINDOWS\SYSTEM32\dwmapi.dll
0x00007ffa5c970000 - 0x00007ffa5c9b4000 	C:\WINDOWS\SYSTEM32\dxcore.dll
0x00007ffa5c710000 - 0x00007ffa5c7ba000 	C:\WINDOWS\system32\uxtheme.dll
0x00007ffa57b10000 - 0x00007ffa57ccb000 	C:\WINDOWS\System32\DriverStore\FileRepository\u0404276.inf_amd64_b6ae906c9d4ab767\B403905\aticfx64.dll
0x00007ffa00df0000 - 0x00007ffa00e24000 	C:\WINDOWS\System32\DriverStore\FileRepository\u0404276.inf_amd64_b6ae906c9d4ab767\B403905\atiu9p64.dll
0x00007ff9e60a0000 - 0x00007ff9e6de7000 	C:\WINDOWS\System32\DriverStore\FileRepository\u0404276.inf_amd64_b6ae906c9d4ab767\B403905\atiumd64.dll
0x00007ffa608f0000 - 0x00007ffa60a88000 	C:\WINDOWS\System32\ole32.dll
0x00000000641b0000 - 0x00000000650c3000 	C:\WINDOWS\System32\DriverStore\FileRepository\u0404276.inf_amd64_b6ae906c9d4ab767\B403905\atiumd6a.dll
0x00007ffa611e0000 - 0x00007ffa61668000 	C:\WINDOWS\System32\SETUPAPI.dll
0x00007ffa5f7b0000 - 0x00007ffa5f80e000 	C:\WINDOWS\SYSTEM32\POWRPROF.dll
0x00007ffa5f790000 - 0x00007ffa5f7a4000 	C:\WINDOWS\SYSTEM32\UMPDC.dll
0x00007ffa540d0000 - 0x00007ffa54105000 	C:\WINDOWS\SYSTEM32\amdihk64.dll
0x00007ffa59530000 - 0x00007ffa59593000 	C:\WINDOWS\SYSTEM32\directxdatabasehelper.dll
0x00007ff9f22a0000 - 0x00007ff9f22e2000 	C:\javafx-sdk-17.0.17\bin\glass.dll
0x00007ffa61d50000 - 0x00007ffa61e43000 	C:\WINDOWS\System32\COMDLG32.dll
0x00007ffa61bf0000 - 0x00007ffa61d4b000 	C:\WINDOWS\System32\MSCTF.dll
0x00007ffa4f7c0000 - 0x00007ffa4f7c9000 	C:\Users\dkish\.jdks\openjdk-18.0.1.1\bin\management.dll
0x00007ffa385d0000 - 0x00007ffa385db000 	C:\Users\dkish\.jdks\openjdk-18.0.1.1\bin\management_ext.dll
0x00007ffa3d240000 - 0x00007ffa3d258000 	C:\WINDOWS\system32\napinsp.dll
0x00007ffa5e230000 - 0x00007ffa5e356000 	C:\WINDOWS\SYSTEM32\DNSAPI.dll
0x00007ffa5e190000 - 0x00007ffa5e1c4000 	C:\WINDOWS\SYSTEM32\IPHLPAPI.DLL
0x00007ffa618d0000 - 0x00007ffa618da000 	C:\WINDOWS\System32\NSI.dll
0x00007ffa3c180000 - 0x00007ffa3c192000 	C:\WINDOWS\System32\winrnr.dll
0x00007ffa3c150000 - 0x00007ffa3c178000 	C:\WINDOWS\system32\nlansp_c.dll
0x00007ffa3c130000 - 0x00007ffa3c146000 	C:\WINDOWS\system32\wshbth.dll
0x00007ffa52710000 - 0x00007ffa5271b000 	C:\Windows\System32\rasadhlp.dll
0x00007ffa53dd0000 - 0x00007ffa53e56000 	C:\WINDOWS\System32\fwpuclnt.dll
0x00007ff9ea910000 - 0x00007ff9ea920000 	C:\Users\dkish\.jdks\openjdk-18.0.1.1\bin\verify.dll
0x00007ffa12650000 - 0x00007ffa12665000 	C:\javafx-sdk-17.0.17\bin\javafx_font.dll
0x00007ffa5af80000 - 0x00007ffa5b1e7000 	C:\WINDOWS\SYSTEM32\dwrite.dll
0x00007ff9f23a0000 - 0x00007ff9f23c2000 	D:\Pragadeesh_D\Project\NeuraSys\02_C_Source\Windows\FileMonitor.dll

dbghelp: loaded successfully - version: 4.0.5 - missing functions: none
symbol engine: initialized successfully - sym options: 0x614 - pdb path: .;C:\Users\dkish\.jdks\openjdk-18.0.1.1\bin;C:\WINDOWS\SYSTEM32;C:\WINDOWS\WinSxS\amd64_microsoft.windows.common-controls_6595b64144ccf1df_6.0.26100.6899_none_3e0efeeae32e88c1;C:\Users\dkish\.jdks\openjdk-18.0.1.1\bin\server;C:\Program Files\JetBrains\IntelliJ IDEA Community Edition 2022.1.1\bin;C:\javafx-sdk-17.0.17\bin;C:\WINDOWS\System32\DriverStore\FileRepository\u0404276.inf_amd64_b6ae906c9d4ab767\B403905;D:\Pragadeesh_D\Project\NeuraSys\02_C_Source\Windows;C:\Program Files\Common Files\Microsoft Shared\Ink

VM Arguments:
jvm_args: --module-path=C:/javafx-sdk-17.0.17/lib --add-modules=javafx.controls,javafx.fxml -Djava.library.path=D:/Pragadeesh_D/Project/Neurasys/02_C_Source/Windows -javaagent:C:\Program Files\JetBrains\IntelliJ IDEA Community Edition 2022.1.1\lib\idea_rt.jar=63631:C:\Program Files\JetBrains\IntelliJ IDEA Community Edition 2022.1.1\bin -Dfile.encoding=UTF-8 
java_command: com.neurasys.Main
java_class_path (initial): D:\Pragadeesh_D\Project\NeuraSys\target\classes;C:\Users\dkish\.m2\repository\org\openjfx\javafx-controls\18.0.1\javafx-controls-18.0.1.jar;C:\Users\dkish\.m2\repository\org\openjfx\javafx-controls\18.0.1\javafx-controls-18.0.1-win.jar;C:\Users\dkish\.m2\repository\org\openjfx\javafx-graphics\18.0.1\javafx-graphics-18.0.1.jar;C:\Users\dkish\.m2\repository\org\openjfx\javafx-graphics\18.0.1\javafx-graphics-18.0.1-win.jar;C:\Users\dkish\.m2\repository\org\openjfx\javafx-base\18.0.1\javafx-base-18.0.1.jar;C:\Users\dkish\.m2\repository\org\openjfx\javafx-base\18.0.1\javafx-base-18.0.1-win.jar;C:\Users\dkish\.m2\repository\org\openjfx\javafx-fxml\18.0.1\javafx-fxml-18.0.1.jar;C:\Users\dkish\.m2\repository\org\openjfx\javafx-fxml\18.0.1\javafx-fxml-18.0.1-win.jar;C:\Users\dkish\.m2\repository\com\mysql\mysql-connector-j\8.0.33\mysql-connector-j-8.0.33.jar;C:\Users\dkish\.m2\repository\com\google\protobuf\protobuf-java\3.21.9\protobuf-java-3.21.9.jar;C:\Users\dkish\.m2\repository\com\zaxxer\HikariCP\5.1.0\HikariCP-5.1.0.jar;C:\Users\dkish\.m2\repository\org\slf4j\slf4j-api\1.7.36\slf4j-api-1.7.36.jar;C:\Users\dkish\.m2\repository\commons-io\commons-io\2.15.1\commons-io-2.15.1.jar;C:\Users\dkish\.m2\repository\org\apache\commons\commons-compress\1.25.0\commons-compress-1.25.0.jar;C:\Users\dkish\.m2\repository\org\apache\logging\log4j\log4j-api\2.22.0\log4j-api-2.22.0.jar;C:\Users\dkish\.m2\repository\org\apache\logging\log4j\log4j-core\2.22.0\log4j-core-2.22.0.jar;C:\Users\dkish\.m2\repository\com\google\code\gson\gson\2.10.1\gson-2.10.1.jar;C:\Users\dkish\.m2\repository\org\apache\logging\log4j\log4j-slf4j-impl\2.22.0\log4j-slf4j-impl-2.22.0.jar
Launcher Type: SUN_STANDARD

[Global flags]
     intx CICompilerCount                          = 4                                         {product} {ergonomic}
     uint ConcGCThreads                            = 3                                         {product} {ergonomic}
     uint G1ConcRefinementThreads                  = 10                                        {product} {ergonomic}
   size_t G1HeapRegionSize                         = 1048576                                   {product} {ergonomic}
    uintx GCDrainStackTargetSize                   = 64                                        {product} {ergonomic}
   size_t InitialHeapSize                          = 98566144                                  {product} {ergonomic}
   size_t MarkStackSize                            = 4194304                                   {product} {ergonomic}
   size_t MaxHeapSize                              = 1574961152                                {product} {ergonomic}
   size_t MaxNewSize                               = 944766976                                 {product} {ergonomic}
   size_t MinHeapDeltaBytes                        = 1048576                                   {product} {ergonomic}
   size_t MinHeapSize                              = 8388608                                   {product} {ergonomic}
    uintx NonNMethodCodeHeapSize                   = 5839372                                {pd product} {ergonomic}
    uintx NonProfiledCodeHeapSize                  = 122909434                              {pd product} {ergonomic}
    uintx ProfiledCodeHeapSize                     = 122909434                              {pd product} {ergonomic}
    uintx ReservedCodeCacheSize                    = 251658240                              {pd product} {ergonomic}
     bool SegmentedCodeCache                       = true                                      {product} {ergonomic}
   size_t SoftMaxHeapSize                          = 1574961152                             {manageable} {ergonomic}
     bool UseCompressedClassPointers               = true                           {product lp64_product} {ergonomic}
     bool UseCompressedOops                        = true                           {product lp64_product} {ergonomic}
     bool UseG1GC                                  = true                                      {product} {ergonomic}
     bool UseLargePagesIndividualAllocation        = false                                  {pd product} {ergonomic}

Logging:
Log output configuration:
 #0: stdout all=warning uptime,level,tags foldmultilines=false
 #1: stderr all=off uptime,level,tags foldmultilines=false

Environment Variables:
JAVA_HOME=C:\Users\dkish\.jdks\openjdk-18.0.1.1
PATH=C:\Users\dkish\.jdks\openjdk-18.0.1.1\bin;C:\Program Files (x86)\Common Files\Oracle\Java\javapath;C:\oracle\product\10.2.0\db_1\bin;C:\Program Files\Common Files\Oracle\Java\javapath;C:\WINDOWS\system32;C:\WINDOWS;C:\WINDOWS\System32\Wbem;C:\WINDOWS\System32\WindowsPowerShell\v1.0\;C:\WINDOWS\System32\OpenSSH\;C:\Program Files\Java\jdk-18.0.1.1\bin;C:\Program Files\Git\cmd;C:\Program Files\nodejs\;C:\Program Files\apache-maven-3.9.11\bin;C:\Program Files\MySQL\MySQL Server 8.0\bin;C:\Program Files\mingw64\x86_64-w64-mingw32\bin;C:\Users\dkish\AppData\Local\Programs\Python\Python312\Scripts\;C:\Users\dkish\AppData\Local\Programs\Python\Python312\;C:\Users\dkish\AppData\Local\Programs\Python\Launcher\;C:\Program Files\MySQL\MySQL Shell 8.0\bin\;C:\Users\dkish\AppData\Local\Microsoft\WindowsApps;C:\Users\dkish\AppData\Local\Programs\Microsoft VS Code\bin;C:\Users\dkish\AppData\Roaming\npm;C:\Users\dkish\AppData\Local\GitHubDesktop\bin;C:\Users\dkish\AppData\Local\Programs\cursor\resources\app\bin;C:\msys64\ucrt64\bin;
USERNAME=dkish
OS=Windows_NT
PROCESSOR_IDENTIFIER=AMD64 Family 23 Model 104 Stepping 1, AuthenticAMD



---------------  S Y S T E M  ---------------

OS:
 Windows 11 , 64 bit Build 26100 (10.0.26100.6725)
OS uptime: 20 days 6:03 hours

CPU: total 12 (initial active 12) (12 cores per cpu, 2 threads per core) family 23 model 104 stepping 1 microcode 0x8608103, cx8, cmov, fxsr, ht, mmx, 3dnowpref, sse, sse2, sse3, ssse3, sse4a, sse4.1, sse4.2, popcnt, lzcnt, tsc, tscinvbit, avx, avx2, aes, clmul, bmi1, bmi2, adx, sha, fma, vzeroupper, clflush, clflushopt

Memory: 4k page, system-wide physical 6005M (703M free)
TotalPageFile size 23815M (AvailPageFile size 8179M)
current process WorkingSet (physical memory assigned to process): 134M, peak: 220M
current process commit charge ("private bytes"): 337M, peak: 402M

vm_info: OpenJDK 64-Bit Server VM (18.0.1.1+2-6) for windows-amd64 JRE (18.0.1.1+2-6), built on Apr 25 2022 21:50:56 by "mach5one" with MS VC++ 16.8 / 16.9 (VS2019)

END.
