#
# A fatal error has been detected by the Java Runtime Environment:
#
#  EXCEPTION_ACCESS_VIOLATION (0xc0000005) at pc=0x00007ff9a9b7c106, pid=43540, tid=45228
#
# JRE version: OpenJDK Runtime Environment (18.0.1.1+2) (build 18.0.1.1+2-6)
# Java VM: OpenJDK 64-Bit Server VM (18.0.1.1+2-6, mixed mode, sharing, tiered, compressed oops, compressed class ptrs, g1 gc, windows-amd64)
# Problematic frame:
# V  [jvm.dll+0x1dc106]
#
# No core dump will be written. Minidumps are not enabled by default on client versions of Windows
#
# If you would like to submit a bug report, please visit:
#   https://bugreport.java.com/bugreport/crash.jsp
#

---------------  S U M M A R Y ------------

Command Line: --module-path=C:/javafx-sdk-17.0.17/lib --add-modules=javafx.controls,javafx.fxml -Djava.library.path=D:/Pragadeesh_D/Project/Neurasys/02_C_Source/Windows -javaagent:C:\Program Files\JetBrains\IntelliJ IDEA Community Edition 2022.1.1\lib\idea_rt.jar=53999:C:\Program Files\JetBrains\IntelliJ IDEA Community Edition 2022.1.1\bin -Dfile.encoding=UTF-8 com.neurasys.Main

Host: AMD Ryzen 5 5500U with Radeon Graphics         , 12 cores, 5G,  Windows 11 , 64 bit Build 26100 (10.0.26100.6725)
Time: Wed Nov 12 00:50:13 2025 India Standard Time elapsed time: 48.574458 seconds (0d 0h 0m 48s)

---------------  T H R E A D  ---------------

Current thread (0x0000017fac9de870):  JavaThread "pool-3-thread-1" [_thread_in_vm, id=45228, stack(0x0000001600500000,0x0000001600600000)]

Stack: [0x0000001600500000,0x0000001600600000],  sp=0x00000016005f6800,  free space=986k
Native frames: (J=compiled Java code, j=interpreted, Vv=VM code, C=native code)
V  [jvm.dll+0x1dc106]
V  [jvm.dll+0x4053f7]
C  [FileMonitor.dll+0x13ce]

Java frames: (J=compiled Java code, j=interpreted, Vv=VM code)
j  com.neurasys.bridge.NativeFileMonitor.startMonitoring(ILjava/lang/String;Lcom/neurasys/bridge/NativeFileMonitor$NativeFileEventCallback;)V+0
j  com.neurasys.service.MultiPathMonitor.lambda$startNativeMonitoring$1(Lcom/neurasys/model/MonitorConfig;)V+19
j  com.neurasys.service.MultiPathMonitor$$Lambda$1184+0x000000080106a000.run()V+8
j  java.util.concurrent.Executors$RunnableAdapter.call()Ljava/lang/Object;+4 java.base@18.0.1.1
j  java.util.concurrent.FutureTask.run()V+39 java.base@18.0.1.1
j  java.util.concurrent.ThreadPoolExecutor.runWorker(Ljava/util/concurrent/ThreadPoolExecutor$Worker;)V+92 java.base@18.0.1.1
j  java.util.concurrent.ThreadPoolExecutor$Worker.run()V+5 java.base@18.0.1.1
j  java.lang.Thread.run()V+11 java.base@18.0.1.1
v  ~StubRoutines::call_stub

siginfo: EXCEPTION_ACCESS_VIOLATION (0xc0000005), reading address 0x0000000000000012


Register to memory mapping:

RIP=0x00007ff9a9b7c106 jvm.dll
RAX=0x0 is NULL
RBX=0x0000017fac9de870 is a thread
RCX=0x0000000000000012 is an unknown value
RDX=0x0000000000000013 is an unknown value
RSP=0x00000016005f6800 is pointing into the stack for thread: 0x0000017fac9de870
RBP=0x00000016005f6930 is pointing into the stack for thread: 0x0000017fac9de870
RSI=0x0 is NULL
RDI=0x0000000000000013 is an unknown value
R8 =0x0 is NULL
R9 =0x00007ff9a9da5350 jvm.dll
R10=0x0000017f8c49d5f2 is at code_begin+946 in an Interpreter codelet
method entry point (kind = native)  [0x0000017f8c49d240, 0x0000017f8c49dbc0]  2432 bytes
R11=0x0000000000000101 is an unknown value
R12=0x0 is NULL
R13={method} {0x0000017fa318a998} 'startMonitoring' '(ILjava/lang/String;Lcom/neurasys/bridge/NativeFileMonitor$NativeFileEventCallback;)V' in 'com/neurasys/bridge/NativeFileMonitor'
R14=0x0 is NULL
R15=0x0000017fac9de870 is a thread


Registers:
RAX=0x0000000000000000, RBX=0x0000017fac9de870, RCX=0x0000000000000012, RDX=0x0000000000000013
RSP=0x00000016005f6800, RBP=0x00000016005f6930, RSI=0x0000000000000000, RDI=0x0000000000000013
R8 =0x0000000000000000, R9 =0x00007ff9a9da5350, R10=0x0000017f8c49d5f2, R11=0x0000000000000101
R12=0x0000000000000000, R13=0x0000017fa318a990, R14=0x0000000000000000, R15=0x0000017fac9de870
RIP=0x00007ff9a9b7c106, EFLAGS=0x0000000000010206

Top of Stack: (sp=0x00000016005f6800)
0x00000016005f6800:   0000000000000000 00000000003e0eb0
0x00000016005f6810:   0000000000000000 00000000a2109138
0x00000016005f6820:   0000017fac9de870 00007ff9a9da53f7
0x00000016005f6830:   0000000000000000 00000000003de8b8
0x00000016005f6840:   0000000000000000 000000000009ccf8
0x00000016005f6850:   0000017fac9de870 0000000000000000
0x00000016005f6860:   00000000a2018cb0 00000000a2986ae0
0x00000016005f6870:   0000000000000000 00000000a2342518
0x00000016005f6880:   00000000a2986958 00000000000017bb
0x00000016005f6890:   0000000001dad96a 0000017fa2a914e8
0x00000016005f68a0:   0000017fa318a990 00007ffa3aca13ce
0x00000016005f68b0:   00000016005f6930 00000016005feeb8
0x00000016005f68c0:   0000000000000000 00000000a4e42a38
0x00000016005f68d0:   0000000000000000 0000000000008638
0x00000016005f68e0:   0000000000000000 00000000a2150f90
0x00000016005f68f0:   0000000000000000 00000000a4e42a38 

Instructions: (pc=0x00007ff9a9b7c106)
0x00007ff9a9b7c006:   0f b7 54 c1 4a e9 e0 85 07 00 48 89 5c 24 08 57
0x00007ff9a9b7c016:   48 83 ec 30 48 63 81 90 00 00 00 48 8b d9 48 63
0x00007ff9a9b7c026:   fa 3b c7 0f 8d 85 00 00 00 48 8b 91 88 00 00 00
0x00007ff9a9b7c036:   4c 8b cf 48 8b 09 48 85 d2 75 4b 48 8b 51 18 49
0x00007ff9a9b7c046:   83 c1 07 48 8b 41 20 49 83 e1 f8 48 2b c2 49 3b
0x00007ff9a9b7c056:   c1 72 0a 4a 8d 04 0a 48 89 41 18 eb 0e 45 33 c0
0x00007ff9a9b7c066:   49 8b d1 e8 f2 ce ed ff 48 8b d0 48 89 93 88 00
0x00007ff9a9b7c076:   00 00 48 8b c2 89 bb 90 00 00 00 48 8b 5c 24 40
0x00007ff9a9b7c086:   48 83 c4 30 5f c3 4c 8b c0 c7 44 24 20 00 00 00
0x00007ff9a9b7c096:   00 e8 14 cc ed ff 48 89 83 88 00 00 00 89 bb 90
0x00007ff9a9b7c0a6:   00 00 00 48 8b 5c 24 40 48 83 c4 30 5f c3 48 8b
0x00007ff9a9b7c0b6:   81 88 00 00 00 48 8b 5c 24 40 48 83 c4 30 5f c3
0x00007ff9a9b7c0c6:   cc cc cc cc cc cc cc cc cc cc 40 53 48 83 ec 20
0x00007ff9a9b7c0d6:   48 8b d9 48 8b ca e8 cf 80 00 00 01 43 6c 48 83
0x00007ff9a9b7c0e6:   c4 20 5b c3 cc cc cc cc cc cc 8b 41 6c c3 cc cc
0x00007ff9a9b7c0f6:   cc cc cc cc cc cc cc cc cc cc 40 53 48 83 ec 20
0x00007ff9a9b7c106:   48 8b 19 48 85 db 74 08 48 8b cb e8 aa ed 10 00
0x00007ff9a9b7c116:   48 8b c3 48 83 c4 20 5b c3 cc 48 89 5c 24 08 57
0x00007ff9a9b7c126:   48 83 ec 20 0f b6 05 0f 7b 99 00 48 8b f9 48 8b
0x00007ff9a9b7c136:   19 84 c0 74 4e 48 85 1d b6 72 99 00 0f 84 81 00
0x00007ff9a9b7c146:   00 00 48 8b cb e8 b0 7c 64 00 48 8b d0 48 85 c0
0x00007ff9a9b7c156:   74 6e 48 8b c3 f0 48 0f b1 17 74 64 48 85 05 8f
0x00007ff9a9b7c166:   72 99 00 74 5b 48 8b c8 f0 48 0f b1 17 48 3b c1
0x00007ff9a9b7c176:   75 ea 48 8b da 48 8b c2 48 8b 5c 24 30 48 83 c4
0x00007ff9a9b7c186:   20 5f c3 48 85 1d 68 72 99 00 74 37 48 8b cb e8
0x00007ff9a9b7c196:   56 79 64 00 48 8b d0 48 85 c0 74 24 48 8b c3 f0
0x00007ff9a9b7c1a6:   48 0f b1 17 74 1a 0f 1f 40 00 48 85 05 41 72 99
0x00007ff9a9b7c1b6:   00 74 0d 48 8b c8 f0 48 0f b1 17 48 3b c1 75 ea
0x00007ff9a9b7c1c6:   48 8b da 48 8b c3 48 8b 5c 24 30 48 83 c4 20 5f
0x00007ff9a9b7c1d6:   c3 cc cc cc cc cc cc cc cc cc 48 89 4c 24 08 48
0x00007ff9a9b7c1e6:   89 54 24 10 4c 89 44 24 18 4c 89 4c 24 20 48 83
0x00007ff9a9b7c1f6:   ec 28 4c 8b c1 4c 8d 4c 24 38 48 8d 0d 69 85 94 


Stack slot to memory mapping:
stack at sp + 0 slots: 0x0 is NULL
stack at sp + 1 slots: 0x00000000003e0eb0 is an unknown value
stack at sp + 2 slots: 0x0 is NULL
stack at sp + 3 slots: 0x00000000a2109138 is an unknown value
stack at sp + 4 slots: 0x0000017fac9de870 is a thread
stack at sp + 5 slots: 0x00007ff9a9da53f7 jvm.dll
stack at sp + 6 slots: 0x0 is NULL
stack at sp + 7 slots: 0x00000000003de8b8 is an unknown value


---------------  P R O C E S S  ---------------

Threads class SMR info:
_java_thread_list=0x0000017fa66b9f80, length=28, elements={
0x0000017f84b66d80, 0x0000017fa1de66d0, 0x0000017fa1de6f80, 0x0000017fa1e038a0,
0x0000017fa1e04150, 0x0000017fa1e04a00, 0x0000017fa1e052b0, 0x0000017fa1e06ac0,
0x0000017fa1e29480, 0x0000017fa1e29d70, 0x0000017fa1dd37d0, 0x0000017fa67dac10,
0x0000017fa6e7baa0, 0x0000017fa6e52a20, 0x0000017fa6730220, 0x0000017fa6731300,
0x0000017fa6d14b10, 0x0000017fa6b99090, 0x0000017fa75c8430, 0x0000017fa77a50f0,
0x0000017fa77a4c20, 0x0000017fa77a38e0, 0x0000017fac9df210, 0x0000017fac9dd060,
0x0000017fac9ded40, 0x0000017fac9df6e0, 0x0000017fac9de870, 0x0000017fac9e0550
}

Java Threads: ( => current thread )
  0x0000017f84b66d80 JavaThread "main" [_thread_blocked, id=10792, stack(0x000000167c900000,0x000000167ca00000)]
  0x0000017fa1de66d0 JavaThread "Reference Handler" daemon [_thread_blocked, id=2804, stack(0x000000167d000000,0x000000167d100000)]
  0x0000017fa1de6f80 JavaThread "Finalizer" daemon [_thread_blocked, id=45564, stack(0x000000167d100000,0x000000167d200000)]
  0x0000017fa1e038a0 JavaThread "Signal Dispatcher" daemon [_thread_blocked, id=24204, stack(0x000000167d200000,0x000000167d300000)]
  0x0000017fa1e04150 JavaThread "Attach Listener" daemon [_thread_blocked, id=35816, stack(0x000000167d300000,0x000000167d400000)]
  0x0000017fa1e04a00 JavaThread "Service Thread" daemon [_thread_blocked, id=47944, stack(0x000000167d400000,0x000000167d500000)]
  0x0000017fa1e052b0 JavaThread "Monitor Deflation Thread" daemon [_thread_blocked, id=47916, stack(0x000000167d500000,0x000000167d600000)]
  0x0000017fa1e06ac0 JavaThread "C2 CompilerThread0" daemon [_thread_blocked, id=46836, stack(0x000000167d600000,0x000000167d700000)]
  0x0000017fa1e29480 JavaThread "C1 CompilerThread0" daemon [_thread_blocked, id=10008, stack(0x000000167d700000,0x000000167d800000)]
  0x0000017fa1e29d70 JavaThread "Sweeper thread" daemon [_thread_blocked, id=38200, stack(0x000000167d800000,0x000000167d900000)]
  0x0000017fa1dd37d0 JavaThread "Common-Cleaner" daemon [_thread_blocked, id=12356, stack(0x000000167d900000,0x000000167da00000)]
  0x0000017fa67dac10 JavaThread "Monitor Ctrl-Break" daemon [_thread_in_native, id=6728, stack(0x000000167dc00000,0x000000167dd00000)]
  0x0000017fa6e7baa0 JavaThread "Notification Thread" daemon [_thread_blocked, id=40972, stack(0x000000167dd00000,0x000000167de00000)]
  0x0000017fa6e52a20 JavaThread "QuantumRenderer-0" daemon [_thread_blocked, id=45608, stack(0x000000167db00000,0x000000167dc00000)]
  0x0000017fa6730220 JavaThread "InvokeLaterDispatcher" daemon [_thread_blocked, id=43392, stack(0x000000167e100000,0x000000167e200000)]
  0x0000017fa6731300 JavaThread "JavaFX Application Thread" [_thread_in_native, id=49092, stack(0x000000167e200000,0x000000167e300000)]
  0x0000017fa6d14b10 JavaThread "JavaFX-Launcher" [_thread_blocked, id=39968, stack(0x000000167ec00000,0x000000167ed00000)]
  0x0000017fa6b99090 JavaThread "Thread-2" daemon [_thread_in_native, id=46628, stack(0x000000167eb00000,0x000000167ec00000)]
  0x0000017fa75c8430 JavaThread "Log4j2-TF-10-Scheduled-1" daemon [_thread_blocked, id=48936, stack(0x000000167f200000,0x000000167f300000)]
  0x0000017fa77a50f0 JavaThread "mysql-cj-abandoned-connection-cleanup" daemon [_thread_blocked, id=9832, stack(0x000000167f300000,0x000000167f400000)]
  0x0000017fa77a4c20 JavaThread "NeuraSysHybridPool housekeeper" daemon [_thread_blocked, id=9980, stack(0x000000167f500000,0x000000167f600000)]
  0x0000017fa77a38e0 JavaThread "NeuraSysHybridPool housekeeper" daemon [_thread_blocked, id=43532, stack(0x000000167fd00000,0x000000167fe00000)]
  0x0000017fac9df210 JavaThread "Prism Font Disposer" daemon [_thread_blocked, id=23996, stack(0x000000167da00000,0x000000167db00000)]
  0x0000017fac9dd060 JavaThread "Cleaner-0" daemon [_thread_blocked, id=23840, stack(0x0000001600100000,0x0000001600200000)]
  0x0000017fac9ded40 JavaThread "NeuraSysHybridPool housekeeper" daemon [_thread_blocked, id=25060, stack(0x0000001600000000,0x0000001600100000)]
  0x0000017fac9df6e0 JavaThread "NeuraSysHybridPool housekeeper" daemon [_thread_blocked, id=29480, stack(0x0000001600400000,0x0000001600500000)]
=>0x0000017fac9de870 JavaThread "pool-3-thread-1" [_thread_in_vm, id=45228, stack(0x0000001600500000,0x0000001600600000)]
  0x0000017fac9e0550 JavaThread "NeuraSysHybridPool connection adder" daemon [_thread_blocked, id=38780, stack(0x0000001600600000,0x0000001600700000)]

Other Threads:
  0x0000017f84c05d10 VMThread "VM Thread" [stack: 0x000000167cf00000,0x000000167d000000] [id=46460]
  0x0000017fa67db0d0 WatcherThread "VM Periodic Task Thread" [stack: 0x000000167de00000,0x000000167df00000] [id=47176]
  0x0000017f84bb4ac0 WorkerThread "GC Thread#0" [stack: 0x000000167ca00000,0x000000167cb00000] [id=12156]
  0x0000017fa6f42c60 WorkerThread "GC Thread#1" [stack: 0x000000167ed00000,0x000000167ee00000] [id=47848]
  0x0000017fa6b9cd70 WorkerThread "GC Thread#2" [stack: 0x000000167ee00000,0x000000167ef00000] [id=13536]
  0x0000017fa6f33530 WorkerThread "GC Thread#3" [stack: 0x000000167ef00000,0x000000167f000000] [id=40868]
  0x0000017fa6d0eb60 WorkerThread "GC Thread#4" [stack: 0x000000167f000000,0x000000167f100000] [id=8056]
  0x0000017fa6f7ec30 WorkerThread "GC Thread#5" [stack: 0x000000167f100000,0x000000167f200000] [id=35944]
  0x0000017fa7872060 WorkerThread "GC Thread#6" [stack: 0x000000167f600000,0x000000167f700000] [id=46744]
  0x0000017fa767ae10 WorkerThread "GC Thread#7" [stack: 0x000000167f700000,0x000000167f800000] [id=42776]
  0x0000017fa779f080 WorkerThread "GC Thread#8" [stack: 0x000000167f800000,0x000000167f900000] [id=46008]
  0x0000017fa767a290 WorkerThread "GC Thread#9" [stack: 0x000000167f900000,0x000000167fa00000] [id=38844]
  0x0000017f84bdf2b0 ConcurrentGCThread "G1 Main Marker" [stack: 0x000000167cb00000,0x000000167cc00000] [id=46524]
  0x0000017f84be0350 WorkerThread "G1 Conc#0" [stack: 0x000000167cc00000,0x000000167cd00000] [id=45372]
  0x0000017fa7951520 WorkerThread "G1 Conc#1" [stack: 0x000000167fb00000,0x000000167fc00000] [id=40252]
  0x0000017fa7950800 WorkerThread "G1 Conc#2" [stack: 0x000000167fc00000,0x000000167fd00000] [id=42636]
  0x0000017fa1c97530 ConcurrentGCThread "G1 Refine#0" [stack: 0x000000167cd00000,0x000000167ce00000] [id=31588]
  0x0000017fa1c99c10 ConcurrentGCThread "G1 Service" [stack: 0x000000167ce00000,0x000000167cf00000] [id=35424]

Threads with active compile tasks:

VM state: not at safepoint (normal execution)

VM Mutex/Monitor currently owned by a thread: None

Heap address: 0x00000000a2200000, size: 1502 MB, Compressed Oops mode: 32-bit

CDS archive(s) mapped at: [0x0000000800000000-0x0000000800b90000-0x0000000800b90000), size 12124160, SharedBaseAddress: 0x0000000800000000, ArchiveRelocationMode: 0.
Compressed class space mapped at: 0x0000000800c00000-0x0000000840c00000, reserved size: 1073741824
Narrow klass base: 0x0000000800000000, Narrow klass shift: 0, Narrow klass range: 0x100000000

GC Precious Log:
 CardTable entry size: 512
 Card Set container configuration: InlinePtr #cards 5 size 8 Array Of Cards #cards 12 size 40 Howl #buckets 4 coarsen threshold 1843 Howl Bitmap #cards 512 size 80 coarsen threshold 460 Card regions per heap region 1 cards per card region 2048
 CPUs: 12 total, 12 available
 Memory: 6005M
 Large Page Support: Disabled
 NUMA Support: Disabled
 Compressed Oops: Enabled (32-bit)
 Heap Region Size: 1M
 Heap Min Capacity: 8M
 Heap Initial Capacity: 94M
 Heap Max Capacity: 1502M
 Pre-touch: Disabled
 Parallel Workers: 10
 Concurrent Workers: 3
 Concurrent Refinement Workers: 10
 Periodic GC: Disabled

Heap:
 garbage-first heap   total 53248K, used 36681K [0x00000000a2200000, 0x0000000100000000)
  region size 1024K, 10 young (10240K), 2 survivors (2048K)
 Metaspace       used 32692K, committed 33152K, reserved 1114112K
  class space    used 4402K, committed 4608K, reserved 1048576K

Heap Regions: E=young(eden), S=young(survivor), O=old, HS=humongous(starts), HC=humongous(continues), CS=collection set, F=free, OA=open archive, CA=closed archive, TAMS=top-at-mark-start (previous, next)
|   0|0x00000000a2200000, 0x00000000a2300000, 0x00000000a2300000|100%| O|  |TAMS 0x00000000a2300000, 0x00000000a2200000| Untracked 
|   1|0x00000000a2300000, 0x00000000a2400000, 0x00000000a2400000|100%| O|  |TAMS 0x00000000a2400000, 0x00000000a2300000| Untracked 
|   2|0x00000000a2400000, 0x00000000a2500000, 0x00000000a2500000|100%| O|  |TAMS 0x00000000a2500000, 0x00000000a2400000| Untracked 
|   3|0x00000000a2500000, 0x00000000a2600000, 0x00000000a2600000|100%| O|  |TAMS 0x00000000a2600000, 0x00000000a2500000| Untracked 
|   4|0x00000000a2600000, 0x00000000a2700000, 0x00000000a2700000|100%| O|  |TAMS 0x00000000a2700000, 0x00000000a2600000| Untracked 
|   5|0x00000000a2700000, 0x00000000a2800000, 0x00000000a2800000|100%| O|  |TAMS 0x00000000a2800000, 0x00000000a2700000| Untracked 
|   6|0x00000000a2800000, 0x00000000a2900000, 0x00000000a2900000|100%| O|  |TAMS 0x00000000a2900000, 0x00000000a2800000| Untracked 
|   7|0x00000000a2900000, 0x00000000a2a00000, 0x00000000a2a00000|100%| O|  |TAMS 0x00000000a2a00000, 0x00000000a2900000| Untracked 
|   8|0x00000000a2a00000, 0x00000000a2ad9e00, 0x00000000a2b00000| 85%| O|  |TAMS 0x00000000a2ad9e00, 0x00000000a2a00000| Untracked 
|   9|0x00000000a2b00000, 0x00000000a2c00000, 0x00000000a2c00000|100%| O|  |TAMS 0x00000000a2c00000, 0x00000000a2b00000| Untracked 
|  10|0x00000000a2c00000, 0x00000000a2d00000, 0x00000000a2d00000|100%| O|  |TAMS 0x00000000a2d00000, 0x00000000a2c00000| Untracked 
|  11|0x00000000a2d00000, 0x00000000a2e00000, 0x00000000a2e00000|100%| O|  |TAMS 0x00000000a2e00000, 0x00000000a2d00000| Untracked 
|  12|0x00000000a2e00000, 0x00000000a2f00000, 0x00000000a2f00000|100%| O|  |TAMS 0x00000000a2f00000, 0x00000000a2e00000| Untracked 
|  13|0x00000000a2f00000, 0x00000000a3000000, 0x00000000a3000000|100%| O|  |TAMS 0x00000000a3000000, 0x00000000a2f00000| Untracked 
|  14|0x00000000a3000000, 0x00000000a3100000, 0x00000000a3100000|100%| O|  |TAMS 0x00000000a3100000, 0x00000000a3000000| Untracked 
|  15|0x00000000a3100000, 0x00000000a3200000, 0x00000000a3200000|100%| O|  |TAMS 0x00000000a3200000, 0x00000000a3100000| Untracked 
|  16|0x00000000a3200000, 0x00000000a3300000, 0x00000000a3300000|100%| O|  |TAMS 0x00000000a3300000, 0x00000000a3200000| Untracked 
|  17|0x00000000a3300000, 0x00000000a3400000, 0x00000000a3400000|100%| O|  |TAMS 0x00000000a3400000, 0x00000000a3300000| Untracked 
|  18|0x00000000a3400000, 0x00000000a3500000, 0x00000000a3500000|100%| O|  |TAMS 0x00000000a3500000, 0x00000000a3400000| Untracked 
|  19|0x00000000a3500000, 0x00000000a3600000, 0x00000000a3600000|100%| O|  |TAMS 0x00000000a3600000, 0x00000000a3500000| Untracked 
|  20|0x00000000a3600000, 0x00000000a3700000, 0x00000000a3700000|100%| O|  |TAMS 0x00000000a3700000, 0x00000000a3600000| Untracked 
|  21|0x00000000a3700000, 0x00000000a3800000, 0x00000000a3800000|100%| O|  |TAMS 0x00000000a3800000, 0x00000000a3700000| Untracked 
|  22|0x00000000a3800000, 0x00000000a3900000, 0x00000000a3900000|100%| O|  |TAMS 0x00000000a3900000, 0x00000000a3800000| Untracked 
|  23|0x00000000a3900000, 0x00000000a3a00000, 0x00000000a3a00000|100%|HS|  |TAMS 0x00000000a3a00000, 0x00000000a3900000| Complete 
|  24|0x00000000a3a00000, 0x00000000a3b00000, 0x00000000a3b00000|100%|HC|  |TAMS 0x00000000a3b00000, 0x00000000a3a00000| Complete 
|  25|0x00000000a3b00000, 0x00000000a3b79200, 0x00000000a3c00000| 47%| O|  |TAMS 0x00000000a3b00000, 0x00000000a3b00000| Untracked 
|  26|0x00000000a3c00000, 0x00000000a3c00000, 0x00000000a3d00000|  0%| F|  |TAMS 0x00000000a3c00000, 0x00000000a3c00000| Untracked 
|  27|0x00000000a3d00000, 0x00000000a3e00000, 0x00000000a3e00000|100%| O|  |TAMS 0x00000000a3e00000, 0x00000000a3d00000| Untracked 
|  28|0x00000000a3e00000, 0x00000000a3f00000, 0x00000000a3f00000|100%| O|  |TAMS 0x00000000a3ed9600, 0x00000000a3e00000| Untracked 
|  29|0x00000000a3f00000, 0x00000000a3f00000, 0x00000000a4000000|  0%| F|  |TAMS 0x00000000a3f00000, 0x00000000a3f00000| Untracked 
|  30|0x00000000a4000000, 0x00000000a4000000, 0x00000000a4100000|  0%| F|  |TAMS 0x00000000a4000000, 0x00000000a4000000| Untracked 
|  31|0x00000000a4100000, 0x00000000a4100000, 0x00000000a4200000|  0%| F|  |TAMS 0x00000000a4100000, 0x00000000a4100000| Untracked 
|  32|0x00000000a4200000, 0x00000000a4200000, 0x00000000a4300000|  0%| F|  |TAMS 0x00000000a4200000, 0x00000000a4200000| Untracked 
|  33|0x00000000a4300000, 0x00000000a4300000, 0x00000000a4400000|  0%| F|  |TAMS 0x00000000a4300000, 0x00000000a4300000| Untracked 
|  34|0x00000000a4400000, 0x00000000a4400000, 0x00000000a4500000|  0%| F|  |TAMS 0x00000000a4400000, 0x00000000a4400000| Untracked 
|  35|0x00000000a4500000, 0x00000000a4500000, 0x00000000a4600000|  0%| F|  |TAMS 0x00000000a4500000, 0x00000000a4500000| Untracked 
|  36|0x00000000a4600000, 0x00000000a467f480, 0x00000000a4700000| 49%| S|CS|TAMS 0x00000000a4600000, 0x00000000a4600000| Complete 
|  37|0x00000000a4700000, 0x00000000a4700000, 0x00000000a4800000|  0%| F|  |TAMS 0x00000000a4700000, 0x00000000a4700000| Untracked 
|  38|0x00000000a4800000, 0x00000000a4800000, 0x00000000a4900000|  0%| F|  |TAMS 0x00000000a4800000, 0x00000000a4800000| Untracked 
|  39|0x00000000a4900000, 0x00000000a4a00000, 0x00000000a4a00000|100%| S|CS|TAMS 0x00000000a4900000, 0x00000000a4900000| Complete 
|  40|0x00000000a4a00000, 0x00000000a4a00000, 0x00000000a4b00000|  0%| F|  |TAMS 0x00000000a4a00000, 0x00000000a4a00000| Untracked 
|  41|0x00000000a4b00000, 0x00000000a4b00000, 0x00000000a4c00000|  0%| F|  |TAMS 0x00000000a4b00000, 0x00000000a4b00000| Untracked 
|  42|0x00000000a4c00000, 0x00000000a4c00000, 0x00000000a4d00000|  0%| F|  |TAMS 0x00000000a4c00000, 0x00000000a4c00000| Untracked 
|  43|0x00000000a4d00000, 0x00000000a4d00000, 0x00000000a4e00000|  0%| F|  |TAMS 0x00000000a4d00000, 0x00000000a4d00000| Untracked 
|  44|0x00000000a4e00000, 0x00000000a4eb9e10, 0x00000000a4f00000| 72%| E|  |TAMS 0x00000000a4e00000, 0x00000000a4e00000| Complete 
|  45|0x00000000a4f00000, 0x00000000a5000000, 0x00000000a5000000|100%| E|CS|TAMS 0x00000000a4f00000, 0x00000000a4f00000| Complete 
|  46|0x00000000a5000000, 0x00000000a5100000, 0x00000000a5100000|100%| E|CS|TAMS 0x00000000a5000000, 0x00000000a5000000| Complete 
|  47|0x00000000a5100000, 0x00000000a5200000, 0x00000000a5200000|100%| E|CS|TAMS 0x00000000a5100000, 0x00000000a5100000| Complete 
|  72|0x00000000a6a00000, 0x00000000a6b00000, 0x00000000a6b00000|100%| E|CS|TAMS 0x00000000a6a00000, 0x00000000a6a00000| Complete 
|  73|0x00000000a6b00000, 0x00000000a6c00000, 0x00000000a6c00000|100%| E|CS|TAMS 0x00000000a6b00000, 0x00000000a6b00000| Complete 
|  74|0x00000000a6c00000, 0x00000000a6d00000, 0x00000000a6d00000|100%| E|CS|TAMS 0x00000000a6c00000, 0x00000000a6c00000| Complete 
|  93|0x00000000a7f00000, 0x00000000a8000000, 0x00000000a8000000|100%| E|CS|TAMS 0x00000000a7f00000, 0x00000000a7f00000| Complete 

Card table byte_map: [0x0000017f9bce0000,0x0000017f9bfd0000] _byte_map_base: 0x0000017f9b7cf000

Marking Bits (Prev, Next): (CMBitMap*) 0x0000017f84bb4fe0, (CMBitMap*) 0x0000017f84bb5020
 Prev Bits: [0x0000017f9c2c0000, 0x0000017f9da38000)
 Next Bits: [0x0000017f9da40000, 0x0000017f9f1b8000)

Polling page: 0x0000017f82a90000

Metaspace:

Usage:
  Non-class:     27.63 MB used.
      Class:      4.30 MB used.
       Both:     31.93 MB used.

Virtual space:
  Non-class space:       64.00 MB reserved,      27.88 MB ( 44%) committed,  1 nodes.
      Class space:        1.00 GB reserved,       4.50 MB ( <1%) committed,  1 nodes.
             Both:        1.06 GB reserved,      32.38 MB (  3%) committed. 

Chunk freelists:
   Non-Class:  190.00 KB
       Class:  3.50 MB
        Both:  3.69 MB

MaxMetaspaceSize: unlimited
CompressedClassSpaceSize: 1.00 GB
Initial GC threshold: 21.00 MB
Current GC threshold: 53.38 MB
CDS: on
MetaspaceReclaimPolicy: balanced
 - commit_granule_bytes: 65536.
 - commit_granule_words: 8192.
 - virtual_space_node_default_size: 8388608.
 - enlarge_chunks_in_place: 1.
 - new_chunks_are_fully_committed: 0.
 - uncommit_free_chunks: 1.
 - use_allocation_guard: 0.


Internal statistics:

num_allocs_failed_limit: 3.
num_arena_births: 518.
num_arena_deaths: 0.
num_vsnodes_births: 2.
num_vsnodes_deaths: 0.
num_space_committed: 518.
num_space_uncommitted: 0.
num_chunks_returned_to_freelist: 3.
num_chunks_taken_from_freelist: 1573.
num_chunk_merges: 3.
num_chunk_splits: 1103.
num_chunks_enlarged: 856.
num_inconsistent_stats: 0.

CodeHeap 'non-profiled nmethods': size=120000Kb used=2835Kb max_used=2874Kb free=117164Kb
 bounds [0x0000017f93f60000, 0x0000017f94260000, 0x0000017f9b490000]
CodeHeap 'profiled nmethods': size=120000Kb used=11754Kb max_used=12713Kb free=108245Kb
 bounds [0x0000017f8ca30000, 0x0000017f8d6a0000, 0x0000017f93f60000]
CodeHeap 'non-nmethods': size=5760Kb used=1551Kb max_used=1616Kb free=4209Kb
 bounds [0x0000017f8c490000, 0x0000017f8c700000, 0x0000017f8ca30000]
 total_blobs=6385 nmethods=5450 adapters=846
 compilation: enabled
              stopped_count=0, restarted_count=0
 full_count=0

Compilation events (20 events):
Event: 48.537 Thread 0x0000017fa1e29480 6219       3       com.mysql.cj.util.StringInspector::indexOfNextChar (9 bytes)
Event: 48.538 Thread 0x0000017fa1e29480 nmethod 6219 0x0000017f8d19d590 code [0x0000017f8d19d720, 0x0000017f8d19d868]
Event: 48.538 Thread 0x0000017fa1e29480 6220       3       com.mysql.cj.util.StringInspector::incrementPosition (9 bytes)
Event: 48.538 Thread 0x0000017fa1e06ac0 nmethod 6213 0x0000017f94177710 code [0x0000017f941778c0, 0x0000017f94177f88]
Event: 48.538 Thread 0x0000017fa1e29480 nmethod 6220 0x0000017f8d1cc290 code [0x0000017f8d1cc440, 0x0000017f8d1cc588]
Event: 48.538 Thread 0x0000017fa1e06ac0 6212       4       java.lang.ThreadLocal::getMap (5 bytes)
Event: 48.538 Thread 0x0000017fa1e06ac0 nmethod 6212 0x0000017f93faf290 code [0x0000017f93faf400, 0x0000017f93faf498]
Event: 48.543 Thread 0x0000017fa1e29480 6221       3       jdk.internal.misc.Unsafe::copyMemory (33 bytes)
Event: 48.544 Thread 0x0000017fa1e29480 nmethod 6221 0x0000017f8cfa1c90 code [0x0000017f8cfa1f40, 0x0000017f8cfa2c98]
Event: 48.544 Thread 0x0000017fa1e29480 6222       3       jdk.internal.misc.Unsafe::copyMemoryChecks (21 bytes)
Event: 48.544 Thread 0x0000017fa1e29480 nmethod 6222 0x0000017f8cdc3910 code [0x0000017f8cdc3bc0, 0x0000017f8cdc4908]
Event: 48.555 Thread 0x0000017fa1e29480 6223       3       sun.nio.ch.Util::getTemporaryDirectBuffer (55 bytes)
Event: 48.556 Thread 0x0000017fa1e29480 nmethod 6223 0x0000017f8ca30010 code [0x0000017f8ca30280, 0x0000017f8ca30ce8]
Event: 48.556 Thread 0x0000017fa1e29480 6224       3       sun.nio.ch.Util$BufferCache::get (164 bytes)
Event: 48.556 Thread 0x0000017fa1e29480 nmethod 6224 0x0000017f8ca46e90 code [0x0000017f8ca470c0, 0x0000017f8ca47ad8]
Event: 48.557 Thread 0x0000017fa1e29480 6225       3       java.lang.invoke.MethodHandles::insertArguments (98 bytes)
Event: 48.558 Thread 0x0000017fa1e06ac0 6226       4       java.nio.Buffer::clear (20 bytes)
Event: 48.558 Thread 0x0000017fa1e29480 nmethod 6225 0x0000017f8cb6a490 code [0x0000017f8cb6a700, 0x0000017f8cb6b268]
Event: 48.558 Thread 0x0000017fa1e06ac0 nmethod 6226 0x0000017f93faed10 code [0x0000017f93faee80, 0x0000017f93faef18]
Event: 48.561 Thread 0x0000017fa1e06ac0 6227       4       java.util.Arrays::copyOf (40 bytes)

GC Heap History (20 events):
Event: 0.900 GC heap before
{Heap before GC invocations=0 (full 0):
 garbage-first heap   total 96256K, used 22528K [0x00000000a2200000, 0x0000000100000000)
  region size 1024K, 23 young (23552K), 0 survivors (0K)
 Metaspace       used 5688K, committed 5888K, reserved 1114112K
  class space    used 629K, committed 768K, reserved 1048576K
}
Event: 0.905 GC heap after
{Heap after GC invocations=1 (full 0):
 garbage-first heap   total 96256K, used 3946K [0x00000000a2200000, 0x0000000100000000)
  region size 1024K, 3 young (3072K), 3 survivors (3072K)
 Metaspace       used 5688K, committed 5888K, reserved 1114112K
  class space    used 629K, committed 768K, reserved 1048576K
}
Event: 2.017 GC heap before
{Heap before GC invocations=1 (full 0):
 garbage-first heap   total 96256K, used 34666K [0x00000000a2200000, 0x0000000100000000)
  region size 1024K, 34 young (34816K), 3 survivors (3072K)
 Metaspace       used 17310K, committed 17600K, reserved 1114112K
  class space    used 2007K, committed 2112K, reserved 1048576K
}
Event: 2.026 GC heap after
{Heap after GC invocations=2 (full 0):
 garbage-first heap   total 96256K, used 9194K [0x00000000a2200000, 0x0000000100000000)
  region size 1024K, 5 young (5120K), 5 survivors (5120K)
 Metaspace       used 17310K, committed 17600K, reserved 1114112K
  class space    used 2007K, committed 2112K, reserved 1048576K
}
Event: 2.439 GC heap before
{Heap before GC invocations=2 (full 0):
 garbage-first heap   total 96256K, used 27626K [0x00000000a2200000, 0x0000000100000000)
  region size 1024K, 24 young (24576K), 5 survivors (5120K)
 Metaspace       used 21200K, committed 21504K, reserved 1114112K
  class space    used 2645K, committed 2816K, reserved 1048576K
}
Event: 2.446 GC heap after
{Heap after GC invocations=3 (full 0):
 garbage-first heap   total 96256K, used 12135K [0x00000000a2200000, 0x0000000100000000)
  region size 1024K, 3 young (3072K), 3 survivors (3072K)
 Metaspace       used 21200K, committed 21504K, reserved 1114112K
  class space    used 2645K, committed 2816K, reserved 1048576K
}
Event: 3.127 GC heap before
{Heap before GC invocations=4 (full 0):
 garbage-first heap   total 45056K, used 35687K [0x00000000a2200000, 0x0000000100000000)
  region size 1024K, 26 young (26624K), 3 survivors (3072K)
 Metaspace       used 26106K, committed 26496K, reserved 1114112K
  class space    used 3514K, committed 3712K, reserved 1048576K
}
Event: 3.133 GC heap after
{Heap after GC invocations=5 (full 0):
 garbage-first heap   total 45056K, used 14428K [0x00000000a2200000, 0x0000000100000000)
  region size 1024K, 3 young (3072K), 3 survivors (3072K)
 Metaspace       used 26106K, committed 26496K, reserved 1114112K
  class space    used 3514K, committed 3712K, reserved 1048576K
}
Event: 3.595 GC heap before
{Heap before GC invocations=5 (full 0):
 garbage-first heap   total 45056K, used 30812K [0x00000000a2200000, 0x0000000100000000)
  region size 1024K, 19 young (19456K), 3 survivors (3072K)
 Metaspace       used 28487K, committed 28800K, reserved 1114112K
  class space    used 3994K, committed 4160K, reserved 1048576K
}
Event: 3.602 GC heap after
{Heap after GC invocations=6 (full 0):
 garbage-first heap   total 45056K, used 17445K [0x00000000a2200000, 0x0000000100000000)
  region size 1024K, 3 young (3072K), 3 survivors (3072K)
 Metaspace       used 28487K, committed 28800K, reserved 1114112K
  class space    used 3994K, committed 4160K, reserved 1048576K
}
Event: 4.063 GC heap before
{Heap before GC invocations=6 (full 0):
 garbage-first heap   total 45056K, used 30757K [0x00000000a2200000, 0x0000000100000000)
  region size 1024K, 17 young (17408K), 3 survivors (3072K)
 Metaspace       used 29148K, committed 29504K, reserved 1114112K
  class space    used 4061K, committed 4224K, reserved 1048576K
}
Event: 4.070 GC heap after
{Heap after GC invocations=7 (full 0):
 garbage-first heap   total 45056K, used 22118K [0x00000000a2200000, 0x0000000100000000)
  region size 1024K, 3 young (3072K), 3 survivors (3072K)
 Metaspace       used 29148K, committed 29504K, reserved 1114112K
  class space    used 4061K, committed 4224K, reserved 1048576K
}
Event: 4.742 GC heap before
{Heap before GC invocations=7 (full 0):
 garbage-first heap   total 45056K, used 29286K [0x00000000a2200000, 0x0000000100000000)
  region size 1024K, 12 young (12288K), 3 survivors (3072K)
 Metaspace       used 30648K, committed 31040K, reserved 1114112K
  class space    used 4216K, committed 4416K, reserved 1048576K
}
Event: 4.747 GC heap after
{Heap after GC invocations=8 (full 0):
 garbage-first heap   total 45056K, used 24952K [0x00000000a2200000, 0x0000000100000000)
  region size 1024K, 2 young (2048K), 2 survivors (2048K)
 Metaspace       used 30648K, committed 31040K, reserved 1114112K
  class space    used 4216K, committed 4416K, reserved 1048576K
}
Event: 4.879 GC heap before
{Heap before GC invocations=9 (full 0):
 garbage-first heap   total 48128K, used 30072K [0x00000000a2200000, 0x0000000100000000)
  region size 1024K, 4 young (4096K), 2 survivors (2048K)
 Metaspace       used 30748K, committed 31104K, reserved 1114112K
  class space    used 4225K, committed 4416K, reserved 1048576K
}
Event: 4.883 GC heap after
{Heap after GC invocations=10 (full 0):
 garbage-first heap   total 48128K, used 26188K [0x00000000a2200000, 0x0000000100000000)
  region size 1024K, 1 young (1024K), 1 survivors (1024K)
 Metaspace       used 30748K, committed 31104K, reserved 1114112K
  class space    used 4225K, committed 4416K, reserved 1048576K
}
Event: 23.243 GC heap before
{Heap before GC invocations=11 (full 0):
 garbage-first heap   total 50176K, used 37452K [0x00000000a2200000, 0x0000000100000000)
  region size 1024K, 10 young (10240K), 1 survivors (1024K)
 Metaspace       used 31506K, committed 31872K, reserved 1114112K
  class space    used 4243K, committed 4416K, reserved 1048576K
}
Event: 23.248 GC heap after
{Heap after GC invocations=12 (full 0):
 garbage-first heap   total 50176K, used 28939K [0x00000000a2200000, 0x0000000100000000)
  region size 1024K, 2 young (2048K), 2 survivors (2048K)
 Metaspace       used 31506K, committed 31872K, reserved 1114112K
  class space    used 4243K, committed 4416K, reserved 1048576K
}
Event: 39.582 GC heap before
{Heap before GC invocations=12 (full 0):
 garbage-first heap   total 50176K, used 38155K [0x00000000a2200000, 0x0000000100000000)
  region size 1024K, 11 young (11264K), 2 survivors (2048K)
 Metaspace       used 32389K, committed 32768K, reserved 1114112K
  class space    used 4367K, committed 4544K, reserved 1048576K
}
Event: 39.585 GC heap after
{Heap after GC invocations=13 (full 0):
 garbage-first heap   total 50176K, used 29513K [0x00000000a2200000, 0x0000000100000000)
  region size 1024K, 2 young (2048K), 2 survivors (2048K)
 Metaspace       used 32389K, committed 32768K, reserved 1114112K
  class space    used 4367K, committed 4544K, reserved 1048576K
}

Deoptimization events (20 events):
Event: 47.625 Thread 0x0000017fa6731300 Uncommon trap: trap_request=0xffffffc6 fr.pc=0x0000017f941e00f0 relative=0x0000000000000210
Event: 47.625 Thread 0x0000017fa6731300 Uncommon trap: reason=bimorphic_or_optimized_type_check action=maybe_recompile pc=0x0000017f941e00f0 method=javafx.scene.Node.pickNode(Lcom/sun/javafx/geom/PickRay;Lcom/sun/javafx/scene/input/PickResultChooser;)V @ 82 c2
Event: 47.625 Thread 0x0000017fa6731300 DEOPT PACKING pc=0x0000017f941e00f0 sp=0x000000167e2fd9a0
Event: 47.625 Thread 0x0000017fa6731300 DEOPT UNPACKING pc=0x0000017f8c4e23a3 sp=0x000000167e2fd8f0 mode 2
Event: 48.284 Thread 0x0000017fa6731300 Uncommon trap: trap_request=0xffffff45 fr.pc=0x0000017f941ff10c relative=0x000000000000008c
Event: 48.284 Thread 0x0000017fa6731300 Uncommon trap: reason=unstable_if action=reinterpret pc=0x0000017f941ff10c method=javafx.scene.Node$StyleableProperties$7.isSettable(Ljavafx/scene/Node;)Z @ 14 c2
Event: 48.285 Thread 0x0000017fa6731300 DEOPT PACKING pc=0x0000017f941ff10c sp=0x000000167e2fe3b0
Event: 48.285 Thread 0x0000017fa6731300 DEOPT UNPACKING pc=0x0000017f8c4e23a3 sp=0x000000167e2fe2d8 mode 2
Event: 48.285 Thread 0x0000017fa6731300 Uncommon trap: trap_request=0xffffff45 fr.pc=0x0000017f941ffb8c relative=0x000000000000008c
Event: 48.285 Thread 0x0000017fa6731300 Uncommon trap: reason=unstable_if action=reinterpret pc=0x0000017f941ffb8c method=javafx.scene.Node$StyleableProperties$8.isSettable(Ljavafx/scene/Node;)Z @ 14 c2
Event: 48.285 Thread 0x0000017fa6731300 DEOPT PACKING pc=0x0000017f941ffb8c sp=0x000000167e2fe3b0
Event: 48.285 Thread 0x0000017fa6731300 DEOPT UNPACKING pc=0x0000017f8c4e23a3 sp=0x000000167e2fe2d8 mode 2
Event: 48.555 Thread 0x0000017fa6731300 Uncommon trap: trap_request=0xffffffc6 fr.pc=0x0000017f94057ec0 relative=0x00000000000000a0
Event: 48.555 Thread 0x0000017fa6731300 Uncommon trap: reason=bimorphic_or_optimized_type_check action=maybe_recompile pc=0x0000017f94057ec0 method=java.util.LinkedHashMap.afterNodeInsertion(Z)V @ 15 c2
Event: 48.555 Thread 0x0000017fa6731300 DEOPT PACKING pc=0x0000017f94057ec0 sp=0x000000167e2fcbc0
Event: 48.555 Thread 0x0000017fa6731300 DEOPT UNPACKING pc=0x0000017f8c4e23a3 sp=0x000000167e2fcb38 mode 2
Event: 48.555 Thread 0x0000017fa6731300 Uncommon trap: trap_request=0xffffffc6 fr.pc=0x0000017f94057ec0 relative=0x00000000000000a0
Event: 48.555 Thread 0x0000017fa6731300 Uncommon trap: reason=bimorphic_or_optimized_type_check action=maybe_recompile pc=0x0000017f94057ec0 method=java.util.LinkedHashMap.afterNodeInsertion(Z)V @ 15 c2
Event: 48.555 Thread 0x0000017fa6731300 DEOPT PACKING pc=0x0000017f94057ec0 sp=0x000000167e2fcbc0
Event: 48.555 Thread 0x0000017fa6731300 DEOPT UNPACKING pc=0x0000017f8c4e23a3 sp=0x000000167e2fcb38 mode 2

Classes loaded (20 events):
Event: 40.249 Loading class java/util/stream/ReferencePipeline$15
Event: 40.249 Loading class java/util/stream/ReferencePipeline$15 done
Event: 40.249 Loading class java/util/stream/ReferencePipeline$15$1
Event: 40.249 Loading class java/util/stream/ReferencePipeline$15$1 done
Event: 40.249 Loading class java/util/stream/ReferencePipeline$4$1
Event: 40.249 Loading class java/util/stream/ReferencePipeline$4$1 done
Event: 40.250 Loading class java/util/stream/IntPipeline$11
Event: 40.250 Loading class java/util/stream/IntPipeline$11 done
Event: 40.250 Loading class java/util/stream/ReduceOps$9
Event: 40.250 Loading class java/util/stream/ReduceOps$9 done
Event: 40.250 Loading class java/util/stream/ReduceOps$CountingSink$OfInt
Event: 40.250 Loading class java/util/stream/ReduceOps$CountingSink
Event: 40.250 Loading class java/util/stream/ReduceOps$CountingSink done
Event: 40.250 Loading class java/util/stream/ReduceOps$CountingSink$OfInt done
Event: 40.250 Loading class java/util/stream/IntPipeline$11$1
Event: 40.250 Loading class java/util/stream/IntPipeline$11$1 done
Event: 48.526 Loading class java/util/concurrent/SynchronousQueue$TransferStack
Event: 48.527 Loading class java/util/concurrent/SynchronousQueue$TransferStack done
Event: 48.527 Loading class java/util/concurrent/SynchronousQueue$TransferStack$SNode
Event: 48.527 Loading class java/util/concurrent/SynchronousQueue$TransferStack$SNode done

Classes unloaded (0 events):
No events

Classes redefined (0 events):
No events

Internal exceptions (20 events):
Event: 3.815 Thread 0x0000017fa6731300 Exception <a 'java/io/FileNotFoundException'{0x00000000a478f6a8}> (0x00000000a478f6a8) 
thrown [s\open\src\hotspot\share\prims\jni.cpp, line 516]
Event: 3.815 Thread 0x0000017fa6731300 Exception <a 'java/io/FileNotFoundException'{0x00000000a4790cc0}> (0x00000000a4790cc0) 
thrown [s\open\src\hotspot\share\prims\jni.cpp, line 516]
Event: 3.815 Thread 0x0000017fa6731300 Exception <a 'java/io/FileNotFoundException'{0x00000000a47922c0}> (0x00000000a47922c0) 
thrown [s\open\src\hotspot\share\prims\jni.cpp, line 516]
Event: 3.816 Thread 0x0000017fa6731300 Exception <a 'java/io/FileNotFoundException'{0x00000000a4794958}> (0x00000000a4794958) 
thrown [s\open\src\hotspot\share\prims\jni.cpp, line 516]
Event: 3.816 Thread 0x0000017fa6731300 Exception <a 'java/io/FileNotFoundException'{0x00000000a4796370}> (0x00000000a4796370) 
thrown [s\open\src\hotspot\share\prims\jni.cpp, line 516]
Event: 3.816 Thread 0x0000017fa6731300 Exception <a 'java/io/FileNotFoundException'{0x00000000a4797a70}> (0x00000000a4797a70) 
thrown [s\open\src\hotspot\share\prims\jni.cpp, line 516]
Event: 4.157 Thread 0x0000017fa6731300 Exception <a 'java/lang/NoSuchMethodError'{0x00000000a6ba3150}: 'java.lang.Object java.lang.invoke.DirectMethodHandle$Holder.newInvokeSpecial(java.lang.Object, java.lang.Object, int, int)'> (0x00000000a6ba3150) 
thrown [s\open\src\hotspot\share\interpreter\linkResolver.cpp, line 766]
Event: 4.158 Thread 0x0000017fa6731300 Exception <a 'java/lang/NoSuchMethodError'{0x00000000a6ba7348}: 'java.lang.Object java.lang.invoke.DirectMethodHandle$Holder.invokeSpecial(java.lang.Object, java.lang.Object, java.lang.Object, int, int)'> (0x00000000a6ba7348) 
thrown [s\open\src\hotspot\share\interpreter\linkResolver.cpp, line 766]
Event: 4.169 Thread 0x0000017fa6731300 Exception <a 'java/lang/NoSuchMethodError'{0x00000000a6bba4c0}: 'java.lang.Object java.lang.invoke.DirectMethodHandle$Holder.newInvokeSpecial(java.lang.Object, java.lang.Object, int)'> (0x00000000a6bba4c0) 
thrown [s\open\src\hotspot\share\interpreter\linkResolver.cpp, line 766]
Event: 4.430 Thread 0x0000017fa6e52a20 Exception <a 'java/lang/NoSuchMethodError'{0x00000000a488bdc0}: 'java.lang.Object java.lang.invoke.DirectMethodHandle$Holder.invokeStaticInit(java.lang.Object, int)'> (0x00000000a488bdc0) 
thrown [s\open\src\hotspot\share\interpreter\linkResolver.cpp, line 766]
Event: 8.832 Thread 0x0000017fa6731300 Exception <a 'java/lang/NoSuchMethodError'{0x00000000a6c312a8}: 'long java.lang.invoke.DirectMethodHandle$Holder.invokeStatic(java.lang.Object, java.lang.Object, java.lang.Object)'> (0x00000000a6c312a8) 
thrown [s\open\src\hotspot\share\interpreter\linkResolver.cpp, line 766]
Event: 8.832 Thread 0x0000017fa6731300 Exception <a 'java/lang/NoSuchMethodError'{0x00000000a6c34918}: 'long java.lang.invoke.DirectMethodHandle$Holder.invokeStaticInit(java.lang.Object, java.lang.Object, java.lang.Object)'> (0x00000000a6c34918) 
thrown [s\open\src\hotspot\share\interpreter\linkResolver.cpp, line 766]
Event: 8.833 Thread 0x0000017fa6731300 Exception <a 'java/lang/NoSuchMethodError'{0x00000000a6c4cf18}: 'java.lang.Object java.lang.invoke.DirectMethodHandle$Holder.newInvokeSpecial(java.lang.Object, java.lang.Object, long)'> (0x00000000a6c4cf18) 
thrown [s\open\src\hotspot\share\interpreter\linkResolver.cpp, line 766]
Event: 8.834 Thread 0x0000017fa6731300 Exception <a 'java/lang/NoSuchMethodError'{0x00000000a6c50ad0}: 'java.lang.Object java.lang.invoke.Invokers$Holder.linkToTargetMethod(java.lang.Object, long, java.lang.Object)'> (0x00000000a6c50ad0) 
thrown [s\open\src\hotspot\share\interpreter\linkResolver.cpp, line 766]
Event: 27.404 Thread 0x0000017fa6731300 Implicit null exception at 0x0000017f941ee634 to 0x0000017f941f5bb0
Event: 27.500 Thread 0x0000017fa6731300 Implicit null exception at 0x0000017f941a9d91 to 0x0000017f941aa6d0
Event: 27.520 Thread 0x0000017fa6731300 Implicit null exception at 0x0000017f9412349e to 0x0000017f941234ec
Event: 40.247 Thread 0x0000017fa6731300 Exception <a 'java/lang/NoSuchMethodError'{0x00000000a7f391b8}: 'int java.lang.invoke.DirectMethodHandle$Holder.invokeVirtual(java.lang.Object, java.lang.Object)'> (0x00000000a7f391b8) 
thrown [s\open\src\hotspot\share\interpreter\linkResolver.cpp, line 766]
Event: 40.248 Thread 0x0000017fa6731300 Exception <a 'java/lang/NoSuchMethodError'{0x00000000a7f45dc0}: 'void java.lang.invoke.DirectMethodHandle$Holder.invokeVirtual(java.lang.Object, java.lang.Object, int)'> (0x00000000a7f45dc0) 
thrown [s\open\src\hotspot\share\interpreter\linkResolver.cpp, line 766]
Event: 42.417 Thread 0x0000017fa6731300 Implicit null exception at 0x0000017f94244188 to 0x0000017f9424a7b8

VM Operations (20 events):
Event: 39.613 Executing VM operation: G1Concurrent
Event: 39.616 Executing VM operation: G1Concurrent done
Event: 39.626 Executing VM operation: G1Concurrent
Event: 39.626 Executing VM operation: G1Concurrent done
Event: 40.254 Executing VM operation: HandshakeAllThreads
Event: 40.254 Executing VM operation: HandshakeAllThreads done
Event: 41.254 Executing VM operation: Cleanup
Event: 41.254 Executing VM operation: Cleanup done
Event: 42.255 Executing VM operation: Cleanup
Event: 42.255 Executing VM operation: Cleanup done
Event: 43.255 Executing VM operation: Cleanup
Event: 43.255 Executing VM operation: Cleanup done
Event: 44.256 Executing VM operation: Cleanup
Event: 44.256 Executing VM operation: Cleanup done
Event: 45.257 Executing VM operation: Cleanup
Event: 45.257 Executing VM operation: Cleanup done
Event: 47.257 Executing VM operation: Cleanup
Event: 47.258 Executing VM operation: Cleanup done
Event: 48.258 Executing VM operation: Cleanup
Event: 48.258 Executing VM operation: Cleanup done

Events (20 events):
Event: 27.462 Thread 0x0000017fa1e29d70 flushing nmethod 0x0000017f8d521c90
Event: 27.462 Thread 0x0000017fa1e29d70 flushing nmethod 0x0000017f8d530390
Event: 27.462 Thread 0x0000017fa1e29d70 flushing nmethod 0x0000017f8d55e390
Event: 27.462 Thread 0x0000017fa1e29d70 flushing nmethod 0x0000017f8d55f290
Event: 27.462 Thread 0x0000017fa1e29d70 flushing nmethod 0x0000017f8d567390
Event: 27.462 Thread 0x0000017fa1e29d70 flushing nmethod 0x0000017f8d5cb090
Event: 29.534 Thread 0x0000017fa7209600 Thread exited: 0x0000017fa7209600
Event: 32.479 Thread 0x0000017fac9de870 Thread exited: 0x0000017fac9de870
Event: 38.411 Thread 0x0000017fa7209600 Thread added: 0x0000017fa7209600
Event: 38.573 Thread 0x0000017fa7209600 Thread exited: 0x0000017fa7209600
Event: 40.272 Thread 0x0000017fa7209600 Thread added: 0x0000017fa7209600
Event: 41.436 Thread 0x0000017fa7209600 Thread exited: 0x0000017fa7209600
Event: 41.637 Thread 0x0000017fa7209600 Thread added: 0x0000017fa7209600
Event: 42.199 Thread 0x0000017fa7209600 Thread exited: 0x0000017fa7209600
Event: 42.492 Thread 0x0000017fa7209600 Thread added: 0x0000017fa7209600
Event: 43.431 Thread 0x0000017fa7209600 Thread exited: 0x0000017fa7209600
Event: 43.863 Thread 0x0000017fa7209600 Thread added: 0x0000017fa7209600
Event: 44.732 Thread 0x0000017fa7209600 Thread exited: 0x0000017fa7209600
Event: 48.522 Thread 0x0000017fac9df6e0 Thread added: 0x0000017fac9df6e0
Event: 48.560 Thread 0x0000017fac9de870 Thread added: 0x0000017fac9de870


Dynamic libraries:
0x00007ff647fe0000 - 0x00007ff647fee000 	C:\Users\dkish\.jdks\openjdk-18.0.1.1\bin\java.exe
0x00007ffa627c0000 - 0x00007ffa62a28000 	C:\WINDOWS\SYSTEM32\ntdll.dll
0x00007ffa61950000 - 0x00007ffa61a19000 	C:\WINDOWS\System32\KERNEL32.DLL
0x00007ffa5f9e0000 - 0x00007ffa5fdd2000 	C:\WINDOWS\System32\KERNELBASE.dll
0x00007ffa60000000 - 0x00007ffa6014b000 	C:\WINDOWS\System32\ucrtbase.dll
0x00007ffa577f0000 - 0x00007ffa5780a000 	C:\Users\dkish\.jdks\openjdk-18.0.1.1\bin\VCRUNTIME140.dll
0x00007ffa578c0000 - 0x00007ffa578d7000 	C:\Users\dkish\.jdks\openjdk-18.0.1.1\bin\jli.dll
0x00007ffa62350000 - 0x00007ffa62515000 	C:\WINDOWS\System32\USER32.dll
0x00007ffa5ff10000 - 0x00007ffa5ff37000 	C:\WINDOWS\System32\win32u.dll
0x00007ffa4b2a0000 - 0x00007ffa4b533000 	C:\WINDOWS\WinSxS\amd64_microsoft.windows.common-controls_6595b64144ccf1df_6.0.26100.6899_none_3e0efeeae32e88c1\COMCTL32.dll
0x00007ffa62520000 - 0x00007ffa6254b000 	C:\WINDOWS\System32\GDI32.dll
0x00007ffa621d0000 - 0x00007ffa62279000 	C:\WINDOWS\System32\msvcrt.dll
0x00007ffa5fde0000 - 0x00007ffa5ff0d000 	C:\WINDOWS\System32\gdi32full.dll
0x00007ffa60150000 - 0x00007ffa601f3000 	C:\WINDOWS\System32\msvcp_win.dll
0x00007ffa61bb0000 - 0x00007ffa61bdf000 	C:\WINDOWS\System32\IMM32.DLL
0x00007ffa584d0000 - 0x00007ffa584dc000 	C:\Users\dkish\.jdks\openjdk-18.0.1.1\bin\vcruntime140_1.dll
0x00007ffa3d7c0000 - 0x00007ffa3d84d000 	C:\Users\dkish\.jdks\openjdk-18.0.1.1\bin\msvcp140.dll
0x00007ff9a99a0000 - 0x00007ff9aa5b0000 	C:\Users\dkish\.jdks\openjdk-18.0.1.1\bin\server\jvm.dll
0x00007ffa60830000 - 0x00007ffa608e4000 	C:\WINDOWS\System32\ADVAPI32.dll
0x00007ffa61a20000 - 0x00007ffa61ac6000 	C:\WINDOWS\System32\sechost.dll
0x00007ffa60710000 - 0x00007ffa60828000 	C:\WINDOWS\System32\RPCRT4.dll
0x00007ffa62280000 - 0x00007ffa62288000 	C:\WINDOWS\System32\PSAPI.DLL
0x00007ffa57ad0000 - 0x00007ffa57b05000 	C:\WINDOWS\SYSTEM32\WINMM.dll
0x00007ffa5a650000 - 0x00007ffa5a65a000 	C:\WINDOWS\SYSTEM32\WSOCK32.dll
0x00007ffa58470000 - 0x00007ffa5847b000 	C:\WINDOWS\SYSTEM32\VERSION.dll
0x00007ffa60650000 - 0x00007ffa606c4000 	C:\WINDOWS\System32\WS2_32.dll
0x00007ffa5e720000 - 0x00007ffa5e73b000 	C:\WINDOWS\SYSTEM32\kernel.appcore.dll
0x00007ffa578b0000 - 0x00007ffa578ba000 	C:\Users\dkish\.jdks\openjdk-18.0.1.1\bin\jimage.dll
0x00007ffa5d1f0000 - 0x00007ffa5d432000 	C:\WINDOWS\SYSTEM32\DBGHELP.DLL
0x00007ffa61e50000 - 0x00007ffa621cb000 	C:\WINDOWS\System32\combase.dll
0x00007ffa61ad0000 - 0x00007ffa61ba7000 	C:\WINDOWS\System32\OLEAUT32.dll
0x00007ffa49a20000 - 0x00007ffa49a5c000 	C:\WINDOWS\SYSTEM32\dbgcore.DLL
0x00007ffa604f0000 - 0x00007ffa60588000 	C:\WINDOWS\System32\bcryptPrimitives.dll
0x00007ffa57770000 - 0x00007ffa5777e000 	C:\Users\dkish\.jdks\openjdk-18.0.1.1\bin\instrument.dll
0x00007ffa51e50000 - 0x00007ffa51e75000 	C:\Users\dkish\.jdks\openjdk-18.0.1.1\bin\java.dll
0x00007ffa12b80000 - 0x00007ffa12c56000 	C:\Users\dkish\.jdks\openjdk-18.0.1.1\bin\jsvml.dll
0x00007ffa60a90000 - 0x00007ffa611dd000 	C:\WINDOWS\System32\SHELL32.dll
0x00007ffa60380000 - 0x00007ffa604eb000 	C:\WINDOWS\System32\wintypes.dll
0x00007ffa5d5e0000 - 0x00007ffa5de3d000 	C:\WINDOWS\SYSTEM32\windows.storage.dll
0x00007ffa62620000 - 0x00007ffa62712000 	C:\WINDOWS\System32\SHCORE.dll
0x00007ffa618e0000 - 0x00007ffa61942000 	C:\WINDOWS\System32\shlwapi.dll
0x00007ffa5f870000 - 0x00007ffa5f899000 	C:\WINDOWS\SYSTEM32\profapi.dll
0x00007ffa4f840000 - 0x00007ffa4f853000 	C:\Users\dkish\.jdks\openjdk-18.0.1.1\bin\net.dll
0x00007ffa57cd0000 - 0x00007ffa57def000 	C:\WINDOWS\SYSTEM32\WINHTTP.dll
0x00007ffa5ec90000 - 0x00007ffa5ecfb000 	C:\WINDOWS\system32\mswsock.dll
0x00007ffa4f800000 - 0x00007ffa4f816000 	C:\Users\dkish\.jdks\openjdk-18.0.1.1\bin\nio.dll
0x00007ffa4f600000 - 0x00007ffa4f618000 	C:\Users\dkish\.jdks\openjdk-18.0.1.1\bin\zip.dll
0x00007ffa4f4f0000 - 0x00007ffa4f50a000 	C:\Program Files\JetBrains\IntelliJ IDEA Community Edition 2022.1.1\bin\breakgen64.dll
0x0000017f84300000 - 0x0000017f84303000 	C:\javafx-sdk-17.0.17\bin\api-ms-win-core-console-l1-1-0.dll
0x0000017f84a60000 - 0x0000017f84a63000 	C:\javafx-sdk-17.0.17\bin\api-ms-win-core-console-l1-2-0.dll
0x0000017f84a70000 - 0x0000017f84a73000 	C:\javafx-sdk-17.0.17\bin\api-ms-win-core-datetime-l1-1-0.dll
0x0000017f84a80000 - 0x0000017f84a83000 	C:\javafx-sdk-17.0.17\bin\api-ms-win-core-debug-l1-1-0.dll
0x0000017f84a90000 - 0x0000017f84a93000 	C:\javafx-sdk-17.0.17\bin\api-ms-win-core-errorhandling-l1-1-0.dll
0x0000017f84aa0000 - 0x0000017f84aa4000 	C:\javafx-sdk-17.0.17\bin\api-ms-win-core-file-l1-1-0.dll
0x0000017f84ab0000 - 0x0000017f84ab3000 	C:\javafx-sdk-17.0.17\bin\api-ms-win-core-file-l1-2-0.dll
0x0000017f84ac0000 - 0x0000017f84ac3000 	C:\javafx-sdk-17.0.17\bin\api-ms-win-core-file-l2-1-0.dll
0x0000017f84ad0000 - 0x0000017f84ad3000 	C:\javafx-sdk-17.0.17\bin\api-ms-win-core-handle-l1-1-0.dll
0x0000017f84ae0000 - 0x0000017f84ae3000 	C:\javafx-sdk-17.0.17\bin\api-ms-win-core-heap-l1-1-0.dll
0x0000017f84af0000 - 0x0000017f84af3000 	C:\javafx-sdk-17.0.17\bin\api-ms-win-core-interlocked-l1-1-0.dll
0x0000017f84b00000 - 0x0000017f84b03000 	C:\javafx-sdk-17.0.17\bin\api-ms-win-core-libraryloader-l1-1-0.dll
0x0000017f84b10000 - 0x0000017f84b13000 	C:\javafx-sdk-17.0.17\bin\api-ms-win-core-localization-l1-2-0.dll
0x0000017fa1f90000 - 0x0000017fa1f93000 	C:\javafx-sdk-17.0.17\bin\api-ms-win-core-memory-l1-1-0.dll
0x0000017fa1fa0000 - 0x0000017fa1fa3000 	C:\javafx-sdk-17.0.17\bin\api-ms-win-core-namedpipe-l1-1-0.dll
0x0000017fa1fb0000 - 0x0000017fa1fb3000 	C:\javafx-sdk-17.0.17\bin\api-ms-win-core-processenvironment-l1-1-0.dll
0x0000017fa1fc0000 - 0x0000017fa1fc3000 	C:\javafx-sdk-17.0.17\bin\api-ms-win-core-processthreads-l1-1-0.dll
0x0000017fa1fd0000 - 0x0000017fa1fd3000 	C:\javafx-sdk-17.0.17\bin\api-ms-win-core-processthreads-l1-1-1.dll
0x0000017fa1fe0000 - 0x0000017fa1fe3000 	C:\javafx-sdk-17.0.17\bin\api-ms-win-core-profile-l1-1-0.dll
0x0000017fa1ff0000 - 0x0000017fa1ff3000 	C:\javafx-sdk-17.0.17\bin\api-ms-win-core-rtlsupport-l1-1-0.dll
0x0000017fa7f30000 - 0x0000017fa7f33000 	C:\javafx-sdk-17.0.17\bin\api-ms-win-core-string-l1-1-0.dll
0x0000017fa7f40000 - 0x0000017fa7f43000 	C:\javafx-sdk-17.0.17\bin\api-ms-win-core-synch-l1-1-0.dll
0x0000017fa7f50000 - 0x0000017fa7f53000 	C:\javafx-sdk-17.0.17\bin\api-ms-win-core-synch-l1-2-0.dll
0x0000017fa7f60000 - 0x0000017fa7f63000 	C:\javafx-sdk-17.0.17\bin\api-ms-win-core-sysinfo-l1-1-0.dll
0x0000017fa7bd0000 - 0x0000017fa7bd3000 	C:\javafx-sdk-17.0.17\bin\api-ms-win-core-timezone-l1-1-0.dll
0x0000017fa7be0000 - 0x0000017fa7be3000 	C:\javafx-sdk-17.0.17\bin\api-ms-win-core-util-l1-1-0.dll
0x0000017fa7bf0000 - 0x0000017fa7bf3000 	C:\javafx-sdk-17.0.17\bin\api-ms-win-crt-conio-l1-1-0.dll
0x0000017fa7c00000 - 0x0000017fa7c04000 	C:\javafx-sdk-17.0.17\bin\api-ms-win-crt-convert-l1-1-0.dll
0x0000017fa7c10000 - 0x0000017fa7c13000 	C:\javafx-sdk-17.0.17\bin\api-ms-win-crt-environment-l1-1-0.dll
0x0000017fa7c20000 - 0x0000017fa7c23000 	C:\javafx-sdk-17.0.17\bin\api-ms-win-crt-filesystem-l1-1-0.dll
0x0000017fa7c30000 - 0x0000017fa7c33000 	C:\javafx-sdk-17.0.17\bin\api-ms-win-crt-heap-l1-1-0.dll
0x0000017fa7c40000 - 0x0000017fa7c43000 	C:\javafx-sdk-17.0.17\bin\api-ms-win-crt-locale-l1-1-0.dll
0x0000017fa7c50000 - 0x0000017fa7c55000 	C:\javafx-sdk-17.0.17\bin\api-ms-win-crt-math-l1-1-0.dll
0x0000017fa7c60000 - 0x0000017fa7c65000 	C:\javafx-sdk-17.0.17\bin\api-ms-win-crt-multibyte-l1-1-0.dll
0x0000017fa7c70000 - 0x0000017fa7c80000 	C:\javafx-sdk-17.0.17\bin\api-ms-win-crt-private-l1-1-0.dll
0x0000017fa7c80000 - 0x0000017fa7c83000 	C:\javafx-sdk-17.0.17\bin\api-ms-win-crt-process-l1-1-0.dll
0x0000017fa7c90000 - 0x0000017fa7c94000 	C:\javafx-sdk-17.0.17\bin\api-ms-win-crt-runtime-l1-1-0.dll
0x0000017fa7ca0000 - 0x0000017fa7ca4000 	C:\javafx-sdk-17.0.17\bin\api-ms-win-crt-stdio-l1-1-0.dll
0x0000017fa7cb0000 - 0x0000017fa7cb4000 	C:\javafx-sdk-17.0.17\bin\api-ms-win-crt-string-l1-1-0.dll
0x0000017fa7cc0000 - 0x0000017fa7cc3000 	C:\javafx-sdk-17.0.17\bin\api-ms-win-crt-time-l1-1-0.dll
0x0000017fa7cd0000 - 0x0000017fa7cd3000 	C:\javafx-sdk-17.0.17\bin\api-ms-win-crt-utility-l1-1-0.dll
0x00007ff9b1140000 - 0x00007ff9b123c000 	C:\javafx-sdk-17.0.17\bin\ucrtbase.dll
0x00007ffa4eb10000 - 0x00007ffa4eb2b000 	C:\javafx-sdk-17.0.17\bin\vcruntime140.dll
0x00007ffa4bc90000 - 0x00007ffa4bc9c000 	C:\javafx-sdk-17.0.17\bin\vcruntime140_1.dll
0x00007ffa16050000 - 0x00007ffa160de000 	C:\javafx-sdk-17.0.17\bin\msvcp140.dll
0x00007ffa4a110000 - 0x00007ffa4a119000 	C:\javafx-sdk-17.0.17\bin\msvcp140_1.dll
0x00007ffa3d770000 - 0x00007ffa3d7b1000 	C:\javafx-sdk-17.0.17\bin\msvcp140_2.dll
0x00007ffa3d740000 - 0x00007ffa3d76a000 	C:\javafx-sdk-17.0.17\bin\prism_d3d.dll
0x00007ff9f8690000 - 0x00007ff9f8840000 	C:\WINDOWS\system32\d3d9.dll
0x00007ffa5cb60000 - 0x00007ffa5cb8d000 	C:\WINDOWS\SYSTEM32\dwmapi.dll
0x00007ffa5c970000 - 0x00007ffa5c9b4000 	C:\WINDOWS\SYSTEM32\dxcore.dll
0x00007ffa5c710000 - 0x00007ffa5c7ba000 	C:\WINDOWS\system32\uxtheme.dll
0x00007ffa57b10000 - 0x00007ffa57ccb000 	C:\WINDOWS\System32\DriverStore\FileRepository\u0404276.inf_amd64_b6ae906c9d4ab767\B403905\aticfx64.dll
0x00007ffa00df0000 - 0x00007ffa00e24000 	C:\WINDOWS\System32\DriverStore\FileRepository\u0404276.inf_amd64_b6ae906c9d4ab767\B403905\atiu9p64.dll
0x00007ff9e60a0000 - 0x00007ff9e6de7000 	C:\WINDOWS\System32\DriverStore\FileRepository\u0404276.inf_amd64_b6ae906c9d4ab767\B403905\atiumd64.dll
0x00007ffa608f0000 - 0x00007ffa60a88000 	C:\WINDOWS\System32\ole32.dll
0x00000000641b0000 - 0x00000000650c3000 	C:\WINDOWS\System32\DriverStore\FileRepository\u0404276.inf_amd64_b6ae906c9d4ab767\B403905\atiumd6a.dll
0x00007ffa611e0000 - 0x00007ffa61668000 	C:\WINDOWS\System32\SETUPAPI.dll
0x00007ffa5f7b0000 - 0x00007ffa5f80e000 	C:\WINDOWS\SYSTEM32\POWRPROF.dll
0x00007ffa5f790000 - 0x00007ffa5f7a4000 	C:\WINDOWS\SYSTEM32\UMPDC.dll
0x00007ffa540d0000 - 0x00007ffa54105000 	C:\WINDOWS\SYSTEM32\amdihk64.dll
0x00007ffa59530000 - 0x00007ffa59593000 	C:\WINDOWS\SYSTEM32\directxdatabasehelper.dll
0x00007ffa128b0000 - 0x00007ffa128f2000 	C:\javafx-sdk-17.0.17\bin\glass.dll
0x00007ffa61d50000 - 0x00007ffa61e43000 	C:\WINDOWS\System32\COMDLG32.dll
0x00007ffa61bf0000 - 0x00007ffa61d4b000 	C:\WINDOWS\System32\MSCTF.dll
0x00007ffa561e0000 - 0x00007ffa561e9000 	C:\Users\dkish\.jdks\openjdk-18.0.1.1\bin\management.dll
0x00007ffa523d0000 - 0x00007ffa523db000 	C:\Users\dkish\.jdks\openjdk-18.0.1.1\bin\management_ext.dll
0x00007ffa3d240000 - 0x00007ffa3d258000 	C:\WINDOWS\system32\napinsp.dll
0x00007ffa5e230000 - 0x00007ffa5e356000 	C:\WINDOWS\SYSTEM32\DNSAPI.dll
0x00007ffa5e190000 - 0x00007ffa5e1c4000 	C:\WINDOWS\SYSTEM32\IPHLPAPI.DLL
0x00007ffa618d0000 - 0x00007ffa618da000 	C:\WINDOWS\System32\NSI.dll
0x00007ffa3c180000 - 0x00007ffa3c192000 	C:\WINDOWS\System32\winrnr.dll
0x00007ffa3c150000 - 0x00007ffa3c178000 	C:\WINDOWS\system32\nlansp_c.dll
0x00007ffa3c130000 - 0x00007ffa3c146000 	C:\WINDOWS\system32\wshbth.dll
0x00007ffa52710000 - 0x00007ffa5271b000 	C:\Windows\System32\rasadhlp.dll
0x00007ffa53dd0000 - 0x00007ffa53e56000 	C:\WINDOWS\System32\fwpuclnt.dll
0x00007ffa57760000 - 0x00007ffa57770000 	C:\Users\dkish\.jdks\openjdk-18.0.1.1\bin\verify.dll
0x00007ffa3b200000 - 0x00007ffa3b215000 	C:\javafx-sdk-17.0.17\bin\javafx_font.dll
0x00007ffa5af80000 - 0x00007ffa5b1e7000 	C:\WINDOWS\SYSTEM32\dwrite.dll
0x00007ffa3aca0000 - 0x00007ffa3acc2000 	D:\Pragadeesh_D\Project\NeuraSys\02_C_Source\Windows\FileMonitor.dll

dbghelp: loaded successfully - version: 4.0.5 - missing functions: none
symbol engine: initialized successfully - sym options: 0x614 - pdb path: .;C:\Users\dkish\.jdks\openjdk-18.0.1.1\bin;C:\WINDOWS\SYSTEM32;C:\WINDOWS\WinSxS\amd64_microsoft.windows.common-controls_6595b64144ccf1df_6.0.26100.6899_none_3e0efeeae32e88c1;C:\Users\dkish\.jdks\openjdk-18.0.1.1\bin\server;C:\Program Files\JetBrains\IntelliJ IDEA Community Edition 2022.1.1\bin;C:\javafx-sdk-17.0.17\bin;C:\WINDOWS\System32\DriverStore\FileRepository\u0404276.inf_amd64_b6ae906c9d4ab767\B403905;D:\Pragadeesh_D\Project\NeuraSys\02_C_Source\Windows;C:\Program Files\Common Files\Microsoft Shared\Ink

VM Arguments:
jvm_args: --module-path=C:/javafx-sdk-17.0.17/lib --add-modules=javafx.controls,javafx.fxml -Djava.library.path=D:/Pragadeesh_D/Project/Neurasys/02_C_Source/Windows -javaagent:C:\Program Files\JetBrains\IntelliJ IDEA Community Edition 2022.1.1\lib\idea_rt.jar=53999:C:\Program Files\JetBrains\IntelliJ IDEA Community Edition 2022.1.1\bin -Dfile.encoding=UTF-8 
java_command: com.neurasys.Main
java_class_path (initial): D:\Pragadeesh_D\Project\NeuraSys\target\classes;C:\Users\dkish\.m2\repository\org\openjfx\javafx-controls\18.0.1\javafx-controls-18.0.1.jar;C:\Users\dkish\.m2\repository\org\openjfx\javafx-controls\18.0.1\javafx-controls-18.0.1-win.jar;C:\Users\dkish\.m2\repository\org\openjfx\javafx-graphics\18.0.1\javafx-graphics-18.0.1.jar;C:\Users\dkish\.m2\repository\org\openjfx\javafx-graphics\18.0.1\javafx-graphics-18.0.1-win.jar;C:\Users\dkish\.m2\repository\org\openjfx\javafx-base\18.0.1\javafx-base-18.0.1.jar;C:\Users\dkish\.m2\repository\org\openjfx\javafx-base\18.0.1\javafx-base-18.0.1-win.jar;C:\Users\dkish\.m2\repository\org\openjfx\javafx-fxml\18.0.1\javafx-fxml-18.0.1.jar;C:\Users\dkish\.m2\repository\org\openjfx\javafx-fxml\18.0.1\javafx-fxml-18.0.1-win.jar;C:\Users\dkish\.m2\repository\com\mysql\mysql-connector-j\8.0.33\mysql-connector-j-8.0.33.jar;C:\Users\dkish\.m2\repository\com\google\protobuf\protobuf-java\3.21.9\protobuf-java-3.21.9.jar;C:\Users\dkish\.m2\repository\com\zaxxer\HikariCP\5.1.0\HikariCP-5.1.0.jar;C:\Users\dkish\.m2\repository\org\slf4j\slf4j-api\1.7.36\slf4j-api-1.7.36.jar;C:\Users\dkish\.m2\repository\commons-io\commons-io\2.15.1\commons-io-2.15.1.jar;C:\Users\dkish\.m2\repository\org\apache\commons\commons-compress\1.25.0\commons-compress-1.25.0.jar;C:\Users\dkish\.m2\repository\org\apache\logging\log4j\log4j-api\2.22.0\log4j-api-2.22.0.jar;C:\Users\dkish\.m2\repository\org\apache\logging\log4j\log4j-core\2.22.0\log4j-core-2.22.0.jar;C:\Users\dkish\.m2\repository\com\google\code\gson\gson\2.10.1\gson-2.10.1.jar;C:\Users\dkish\.m2\repository\org\apache\logging\log4j\log4j-slf4j-impl\2.22.0\log4j-slf4j-impl-2.22.0.jar
Launcher Type: SUN_STANDARD

[Global flags]
     intx CICompilerCount                          = 4                                         {product} {ergonomic}
     uint ConcGCThreads                            = 3                                         {product} {ergonomic}
     uint G1ConcRefinementThreads                  = 10                                        {product} {ergonomic}
   size_t G1HeapRegionSize                         = 1048576                                   {product} {ergonomic}
    uintx GCDrainStackTargetSize                   = 64                                        {product} {ergonomic}
   size_t InitialHeapSize                          = 98566144                                  {product} {ergonomic}
   size_t MarkStackSize                            = 4194304                                   {product} {ergonomic}
   size_t MaxHeapSize                              = 1574961152                                {product} {ergonomic}
   size_t MaxNewSize                               = 944766976                                 {product} {ergonomic}
   size_t MinHeapDeltaBytes                        = 1048576                                   {product} {ergonomic}
   size_t MinHeapSize                              = 8388608                                   {product} {ergonomic}
    uintx NonNMethodCodeHeapSize                   = 5839372                                {pd product} {ergonomic}
    uintx NonProfiledCodeHeapSize                  = 122909434                              {pd product} {ergonomic}
    uintx ProfiledCodeHeapSize                     = 122909434                              {pd product} {ergonomic}
    uintx ReservedCodeCacheSize                    = 251658240                              {pd product} {ergonomic}
     bool SegmentedCodeCache                       = true                                      {product} {ergonomic}
   size_t SoftMaxHeapSize                          = 1574961152                             {manageable} {ergonomic}
     bool UseCompressedClassPointers               = true                           {product lp64_product} {ergonomic}
     bool UseCompressedOops                        = true                           {product lp64_product} {ergonomic}
     bool UseG1GC                                  = true                                      {product} {ergonomic}
     bool UseLargePagesIndividualAllocation        = false                                  {pd product} {ergonomic}

Logging:
Log output configuration:
 #0: stdout all=warning uptime,level,tags foldmultilines=false
 #1: stderr all=off uptime,level,tags foldmultilines=false

Environment Variables:
JAVA_HOME=C:\Users\dkish\.jdks\openjdk-18.0.1.1
PATH=C:\Users\dkish\.jdks\openjdk-18.0.1.1\bin;C:\Program Files (x86)\Common Files\Oracle\Java\javapath;C:\oracle\product\10.2.0\db_1\bin;C:\Program Files\Common Files\Oracle\Java\javapath;C:\WINDOWS\system32;C:\WINDOWS;C:\WINDOWS\System32\Wbem;C:\WINDOWS\System32\WindowsPowerShell\v1.0\;C:\WINDOWS\System32\OpenSSH\;C:\Program Files\Java\jdk-18.0.1.1\bin;C:\Program Files\Git\cmd;C:\Program Files\nodejs\;C:\Program Files\apache-maven-3.9.11\bin;C:\Program Files\MySQL\MySQL Server 8.0\bin;C:\Program Files\mingw64\x86_64-w64-mingw32\bin;C:\Users\dkish\AppData\Local\Programs\Python\Python312\Scripts\;C:\Users\dkish\AppData\Local\Programs\Python\Python312\;C:\Users\dkish\AppData\Local\Programs\Python\Launcher\;C:\Program Files\MySQL\MySQL Shell 8.0\bin\;C:\Users\dkish\AppData\Local\Microsoft\WindowsApps;C:\Users\dkish\AppData\Local\Programs\Microsoft VS Code\bin;C:\Users\dkish\AppData\Roaming\npm;C:\Users\dkish\AppData\Local\GitHubDesktop\bin;C:\Users\dkish\AppData\Local\Programs\cursor\resources\app\bin;C:\msys64\ucrt64\bin;
USERNAME=dkish
OS=Windows_NT
PROCESSOR_IDENTIFIER=AMD64 Family 23 Model 104 Stepping 1, AuthenticAMD



---------------  S Y S T E M  ---------------

OS:
 Windows 11 , 64 bit Build 26100 (10.0.26100.6725)
OS uptime: 20 days 12:23 hours

CPU: total 12 (initial active 12) (12 cores per cpu, 2 threads per core) family 23 model 104 stepping 1 microcode 0x8608103, cx8, cmov, fxsr, ht, mmx, 3dnowpref, sse, sse2, sse3, ssse3, sse4a, sse4.1, sse4.2, popcnt, lzcnt, tsc, tscinvbit, avx, avx2, aes, clmul, bmi1, bmi2, adx, sha, fma, vzeroupper, clflush, clflushopt

Memory: 4k page, system-wide physical 6005M (556M free)
TotalPageFile size 23815M (AvailPageFile size 7955M)
current process WorkingSet (physical memory assigned to process): 188M, peak: 224M
current process commit charge ("private bytes"): 311M, peak: 339M

vm_info: OpenJDK 64-Bit Server VM (18.0.1.1+2-6) for windows-amd64 JRE (18.0.1.1+2-6), built on Apr 25 2022 21:50:56 by "mach5one" with MS VC++ 16.8 / 16.9 (VS2019)

END.
