#
# A fatal error has been detected by the Java Runtime Environment:
#
#  EXCEPTION_ACCESS_VIOLATION (0xc0000005) at pc=0x00007ff9a99b10d0, pid=31532, tid=8384
#
# JRE version: OpenJDK Runtime Environment (18.0.1.1+2) (build 18.0.1.1+2-6)
# Java VM: OpenJDK 64-Bit Server VM (18.0.1.1+2-6, mixed mode, sharing, tiered, compressed oops, compressed class ptrs, g1 gc, windows-amd64)
# Problematic frame:
# V  [jvm.dll+0x110d0]
#
# No core dump will be written. Minidumps are not enabled by default on client versions of Windows
#
# If you would like to submit a bug report, please visit:
#   https://bugreport.java.com/bugreport/crash.jsp
#

---------------  S U M M A R Y ------------

Command Line: --module-path=C:/javafx-sdk-17.0.17/lib --add-modules=javafx.controls,javafx.fxml -Djava.library.path=D:/Pragadeesh_D/Project/Neurasys/02_C_Source/Windows -javaagent:C:\Program Files\JetBrains\IntelliJ IDEA Community Edition 2022.1.1\lib\idea_rt.jar=54735:C:\Program Files\JetBrains\IntelliJ IDEA Community Edition 2022.1.1\bin -Dfile.encoding=UTF-8 com.neurasys.Main

Host: AMD Ryzen 5 5500U with Radeon Graphics         , 12 cores, 5G,  Windows 11 , 64 bit Build 26100 (10.0.26100.6725)
Time: Tue Nov 11 19:58:51 2025 India Standard Time elapsed time: 1035.693909 seconds (0d 0h 17m 15s)

---------------  T H R E A D  ---------------

Current thread (0x000001fc6329fe10):  JavaThread "pool-7-thread-1" [_thread_in_vm, id=8384, stack(0x000000894cb00000,0x000000894cc00000)]

Stack: [0x000000894cb00000,0x000000894cc00000],  sp=0x000000894cbf68a8,  free space=986k
Native frames: (J=compiled Java code, j=interpreted, Vv=VM code, C=native code)
V  [jvm.dll+0x110d0]

Java frames: (J=compiled Java code, j=interpreted, Vv=VM code)
j  com.neurasys.bridge.NativeFileMonitor.startMonitoring(ILjava/lang/String;Lcom/neurasys/bridge/NativeFileMonitor$NativeFileEventCallback;)V+0
j  com.neurasys.service.MultiPathMonitor.lambda$startNativeMonitoring$1(Lcom/neurasys/model/MonitorConfig;)V+19
j  com.neurasys.service.MultiPathMonitor$$Lambda$1192+0x00000008010853f8.run()V+8
J 6844 c1 java.util.concurrent.Executors$RunnableAdapter.call()Ljava/lang/Object; java.base@18.0.1.1 (14 bytes) @ 0x000001fc43af28cc [0x000001fc43af27c0+0x000000000000010c]
j  java.util.concurrent.FutureTask.run()V+39 java.base@18.0.1.1
j  java.util.concurrent.ThreadPoolExecutor.runWorker(Ljava/util/concurrent/ThreadPoolExecutor$Worker;)V+92 java.base@18.0.1.1
j  java.util.concurrent.ThreadPoolExecutor$Worker.run()V+5 java.base@18.0.1.1
j  java.lang.Thread.run()V+11 java.base@18.0.1.1
v  ~StubRoutines::call_stub

siginfo: EXCEPTION_ACCESS_VIOLATION (0xc0000005), reading address 0x0000000000000012


Register to memory mapping:

RIP=0x00007ff9a99b10d0 jvm.dll
RAX=0x0 is NULL
RBX=0x000001fc6329fe10 is a thread
RCX=0x0000000000000012 is an unknown value
RDX=0x0000000000000012 is an unknown value
RSP=0x000000894cbf68a8 is pointing into the stack for thread: 0x000001fc6329fe10
RBP=0x000000894cbf69b0 is pointing into the stack for thread: 0x000001fc6329fe10
RSI=0x0 is NULL
RDI=0x0000000000000012 is an unknown value
R8 =0x0 is NULL
R9 =0x00007ff9a9da5350 jvm.dll
R10=0x000001fc42d0d5f2 is at code_begin+946 in an Interpreter codelet
method entry point (kind = native)  [0x000001fc42d0d240, 0x000001fc42d0dbc0]  2432 bytes
R11=0x0000000000000101 is an unknown value
R12=0x0 is NULL
R13={method} {0x000001fc5998fae0} 'startMonitoring' '(ILjava/lang/String;Lcom/neurasys/bridge/NativeFileMonitor$NativeFileEventCallback;)V' in 'com/neurasys/bridge/NativeFileMonitor'
R14=0x0 is NULL
R15=0x000001fc6329fe10 is a thread


Registers:
RAX=0x0000000000000000, RBX=0x000001fc6329fe10, RCX=0x0000000000000012, RDX=0x0000000000000012
RSP=0x000000894cbf68a8, RBP=0x000000894cbf69b0, RSI=0x0000000000000000, RDI=0x0000000000000012
R8 =0x0000000000000000, R9 =0x00007ff9a9da5350, R10=0x000001fc42d0d5f2, R11=0x0000000000000101
R12=0x0000000000000000, R13=0x000001fc5998fad8, R14=0x0000000000000000, R15=0x000001fc6329fe10
RIP=0x00007ff9a99b10d0, EFLAGS=0x0000000000010246

Top of Stack: (sp=0x000000894cbf68a8)
0x000000894cbf68a8:   00007ff9a9da5402 0000000000000000
0x000000894cbf68b8:   00000000003de8b8 0000000000000000
0x000000894cbf68c8:   000000000009ccf8 000001fc6329fe10
0x000000894cbf68d8:   0000000000000000 0000000058818e20
0x000000894cbf68e8:   00000000591c1f08 0000000000000000
0x000000894cbf68f8:   0000000058b46498 000000894cbfc930
0x000000894cbf6908:   000000894cbfc934 0000000001d47602
0x000000894cbf6918:   000001fc59294b90 000001fc5998fad8
0x000000894cbf6928:   00007ffa127b13ce 000000894cbf69b0
0x000000894cbf6938:   000000894cbfef38 0000000000000000
0x000000894cbf6948:   00000000a598e668 0000000000000000
0x000000894cbf6958:   0000000000008638 0000000000000000
0x000000894cbf6968:   0000000058950a38 0000000000000000
0x000000894cbf6978:   00000000a598e668 000000894cbfc940
0x000000894cbf6988:   00000089a598e6e8 0000000000000000
0x000000894cbf6998:   00000000a2c110e8 0000000000000000 

Instructions: (pc=0x00007ff9a99b10d0)
0x00007ff9a99b0fd0:   ec 02 aa 00 48 83 c4 20 5b 48 ff e0 48 8d 05 ed
0x00007ff9a99b0fe0:   00 00 00 48 8b cb 48 89 05 d3 02 aa 00 48 83 c4
0x00007ff9a99b0ff0:   20 5b 48 ff e0 48 8d 05 d4 00 00 00 48 8b cb 48
0x00007ff9a99b1000:   89 05 ba 02 aa 00 48 83 c4 20 5b 48 ff e0 48 8b
0x00007ff9a99b1010:   0d 2b 07 b1 00 8b 51 10 83 ea 01 0f 84 91 00 00
0x00007ff9a99b1020:   00 83 ea 01 74 73 83 ea 01 74 55 83 fa 01 74 37
0x00007ff9a99b1030:   4c 8d 0d f9 35 84 00 41 b8 e2 00 00 00 48 8d 15
0x00007ff9a99b1040:   24 36 84 00 b9 00 00 00 e0 e8 92 b6 24 00 e8 9d
0x00007ff9a99b1050:   73 68 00 33 c0 48 8b cb 48 89 05 61 02 aa 00 48
0x00007ff9a99b1060:   83 c4 20 5b 48 ff e0 48 8d 05 72 00 00 00 48 8b
0x00007ff9a99b1070:   cb 48 89 05 48 02 aa 00 48 83 c4 20 5b 48 ff e0
0x00007ff9a99b1080:   48 8d 05 49 00 00 00 48 8b cb 48 89 05 2f 02 aa
0x00007ff9a99b1090:   00 48 83 c4 20 5b 48 ff e0 48 8d 05 30 00 00 00
0x00007ff9a99b10a0:   48 8b cb 48 89 05 16 02 aa 00 48 83 c4 20 5b 48
0x00007ff9a99b10b0:   ff e0 48 8d 05 17 00 00 00 48 8b cb 48 89 05 fd
0x00007ff9a99b10c0:   01 aa 00 48 83 c4 20 5b 48 ff e0 cc cc cc cc cc
0x00007ff9a99b10d0:   48 8b 01 c3 cc cc cc cc cc cc cc cc cc cc cc cc
0x00007ff9a99b10e0:   48 89 5c 24 08 57 48 83 ec 20 48 8b 39 48 8b d9
0x00007ff9a99b10f0:   48 85 3d 01 23 b6 00 75 0e 48 8b c7 48 8b 5c 24
0x00007ff9a99b1100:   30 48 83 c4 20 5f c3 48 8b cf e8 e1 29 81 00 48
0x00007ff9a99b1110:   8b d0 48 85 c0 74 20 48 8b c7 f0 48 0f b1 13 74
0x00007ff9a99b1120:   16 48 85 05 d0 22 b6 00 74 0d 48 8b c8 f0 48 0f
0x00007ff9a99b1130:   b1 13 48 3b c1 75 ea 48 8b 5c 24 30 48 8b c2 48
0x00007ff9a99b1140:   83 c4 20 5f c3 cc cc cc cc cc cc cc cc cc cc cc
0x00007ff9a99b1150:   8b 44 24 30 45 03 c9 44 2b 4c 24 28 83 c0 0b 44
0x00007ff9a99b1160:   03 ca 45 03 c8 41 03 c1 c3 cc cc cc cc cc cc cc
0x00007ff9a99b1170:   48 8b 41 08 0f b7 48 2a 0f b7 40 28 83 c0 48 03
0x00007ff9a99b1180:   c1 c3 cc cc cc cc cc cc cc cc cc cc cc cc cc cc
0x00007ff9a99b1190:   48 89 5c 24 08 57 48 83 ec 20 0f b6 05 9f 2a b6
0x00007ff9a99b11a0:   00 48 8b fa 48 8b d9 84 c0 74 4f 48 85 15 46 22
0x00007ff9a99b11b0:   b6 00 74 38 48 8b ca e8 44 2c 81 00 48 8b d0 48
0x00007ff9a99b11c0:   85 db 74 25 48 85 c0 74 20 48 8b c7 f0 48 0f b1 


Stack slot to memory mapping:
stack at sp + 0 slots: 0x00007ff9a9da5402 jvm.dll
stack at sp + 1 slots: 0x0 is NULL
stack at sp + 2 slots: 0x00000000003de8b8 is an unknown value
stack at sp + 3 slots: 0x0 is NULL
stack at sp + 4 slots: 0x000000000009ccf8 is an unknown value
stack at sp + 5 slots: 0x000001fc6329fe10 is a thread
stack at sp + 6 slots: 0x0 is NULL
stack at sp + 7 slots: 0x0000000058818e20 is an unknown value


Compiled method (c1) 1035818 6844       3       java.util.concurrent.Executors$RunnableAdapter::call (14 bytes)
 total in heap  [0x000001fc43af2610,0x000001fc43af2a38] = 1064
 relocation     [0x000001fc43af2768,0x000001fc43af27a8] = 64
 main code      [0x000001fc43af27c0,0x000001fc43af2960] = 416
 stub code      [0x000001fc43af2960,0x000001fc43af29a8] = 72
 metadata       [0x000001fc43af29a8,0x000001fc43af29b0] = 8
 scopes data    [0x000001fc43af29b0,0x000001fc43af29d0] = 32
 scopes pcs     [0x000001fc43af29d0,0x000001fc43af2a20] = 80
 dependencies   [0x000001fc43af2a20,0x000001fc43af2a28] = 8
 nul chk table  [0x000001fc43af2a28,0x000001fc43af2a38] = 16

[Constant Pool (empty)]

[MachCode]
[Entry Point]
  # {method} {0x000001fc58956970} 'call' '()Ljava/lang/Object;' in 'java/util/concurrent/Executors$RunnableAdapter'
  #           [sp+0x40]  (sp of caller)
  0x000001fc43af27c0: 448b 5208 | 49bb 0000 | 0000 0800 | 0000 4d03 | d34c 3bd0 

  0x000001fc43af27d4: ;   {runtime_call ic_miss_stub}
  0x000001fc43af27d4: 0f85 a6a2 | 25ff 660f | 1f44 0000 
[Verified Entry Point]
  0x000001fc43af27e0: 8984 2400 | 90ff ff55 | 4883 ec30 

  0x000001fc43af27ec: ;   {metadata(method data for {method} {0x000001fc58956970} 'call' '()Ljava/lang/Object;' in 'java/util/concurrent/Executors$RunnableAdapter')}
  0x000001fc43af27ec: 48be 901e | 505a fc01 | 0000 8bbe | cc00 0000 | 83c7 0289 | becc 0000 | 0081 e7fe | 0700 0083 
  0x000001fc43af280c: ff00 0f84 | d300 0000 | 8b72 0c48 | 3b06 488b 

  0x000001fc43af281c: ;   {metadata(method data for {method} {0x000001fc58956970} 'call' '()Ljava/lang/Object;' in 'java/util/concurrent/Executors$RunnableAdapter')}
  0x000001fc43af281c: fe48 bb90 | 1e50 5afc | 0100 008b | 7f08 49ba | 0000 0000 | 0800 0000 | 4903 fa48 | 3bbb 2001 
  0x000001fc43af283c: 0000 750d | 4883 8328 | 0100 0001 | e966 0000 | 0048 3bbb | 3001 0000 | 750d 4883 | 8338 0100 
  0x000001fc43af285c: 0001 e950 | 0000 0048 | 81bb 2001 | 0000 0000 | 0000 7517 | 4889 bb20 | 0100 0048 | c783 2801 
  0x000001fc43af287c: 0000 0100 | 0000 e92c | 0000 0048 | 81bb 3001 | 0000 0000 | 0000 7517 | 4889 bb30 | 0100 0048 
  0x000001fc43af289c: c783 3801 | 0000 0100 | 0000 e908 | 0000 0048 | 8383 1001 | 0000 0148 | 8954 2420 | 488b d666 
  0x000001fc43af28bc: 9048 b820 | fa09 63fc 

  0x000001fc43af28c4: ;   {virtual_call}
  0x000001fc43af28c4: 0100 00e8 

  0x000001fc43af28c8: ; ImmutableOopMap {[32]=Oop }
                      ;*invokeinterface run {reexecute=0 rethrow=0 return_oop=0}
                      ; - java.util.concurrent.Executors$RunnableAdapter::call@4 (line 539)
  0x000001fc43af28c8: 444c 31ff | 488b 5424 | 208b 4210 | 4883 c430 

  0x000001fc43af28d8: ;   {poll_return}
  0x000001fc43af28d8: 5d49 3ba7 | 3803 0000 | 0f87 2700 

  0x000001fc43af28e4: ;   {metadata({method} {0x000001fc58956970} 'call' '()Ljava/lang/Object;' in 'java/util/concurrent/Executors$RunnableAdapter')}
  0x000001fc43af28e4: 0000 c349 | ba68 6995 | 58fc 0100 | 004c 8954 | 2408 48c7 | 0424 ffff 

  0x000001fc43af28fc: ;   {runtime_call counter_overflow Runtime1 stub}
  0x000001fc43af28fc: ffff e8fd 

  0x000001fc43af2900: ; ImmutableOopMap {rdx=Oop }
                      ;*synchronization entry
                      ; - java.util.concurrent.Executors$RunnableAdapter::call@-1 (line 539)
  0x000001fc43af2900: a830 ffe9 | 0cff ffff 

  0x000001fc43af2908: ;   {runtime_call throw_null_pointer_exception Runtime1 stub}
  0x000001fc43af2908: e813 4630 

  0x000001fc43af290c: ; ImmutableOopMap {rdx=Oop rsi=Oop }
                      ;*invokeinterface run {reexecute=0 rethrow=0 return_oop=0}
                      ; - java.util.concurrent.Executors$RunnableAdapter::call@4 (line 539)
                      ;   {internal_word}
  0x000001fc43af290c: ff49 bad9 | 28af 43fc | 0100 004d | 8997 5003 

  0x000001fc43af291c: ;   {runtime_call SafepointBlob}
  0x000001fc43af291c: 0000 e9dd | 0a26 ff90 | 9049 8b87 | c803 0000 | 49c7 87c8 | 0300 0000 | 0000 0049 | c787 d003 
  0x000001fc43af293c: 0000 0000 | 0000 4883 

  0x000001fc43af2944: ;   {runtime_call unwind_exception Runtime1 stub}
  0x000001fc43af2944: c430 5de9 | b433 30ff | f4f4 f4f4 | f4f4 f4f4 | f4f4 f4f4 | f4f4 f4f4 | f4f4 f4f4 
[Stub Code]
  0x000001fc43af2960: ;   {no_reloc}
  0x000001fc43af2960: 0f1f 4400 

  0x000001fc43af2964: ;   {static_stub}
  0x000001fc43af2964: 0048 bb00 | 0000 0000 

  0x000001fc43af296c: ;   {runtime_call}
  0x000001fc43af296c: 0000 00e9 | fbff ffff 
[Exception Handler]
  0x000001fc43af2974: ;   {runtime_call handle_exception_from_callee Runtime1 stub}
  0x000001fc43af2974: e887 6330 

  0x000001fc43af2978: ;   {external_word}
  0x000001fc43af2978: ff48 b9f8 | 2d29 aaf9 | 7f00 0048 

  0x000001fc43af2984: ;   {runtime_call}
  0x000001fc43af2984: 83e4 f049 | bab0 d6f6 | a9f9 7f00 | 0041 ffd2 

  0x000001fc43af2994: ;   {section_word}
  0x000001fc43af2994: f449 ba95 | 29af 43fc | 0100 0041 

  0x000001fc43af29a0: ;   {runtime_call DeoptimizationBlob}
  0x000001fc43af29a0: 52e9 fafc | 25ff f4f4 
[/MachCode]


---------------  P R O C E S S  ---------------

Threads class SMR info:
_java_thread_list=0x000001fc630a0890, length=32, elements={
0x000001fc3b3d3dc0, 0x000001fc5862de70, 0x000001fc5862f380, 0x000001fc58653680,
0x000001fc58653f30, 0x000001fc586548d0, 0x000001fc58655de0, 0x000001fc58656ab0,
0x000001fc58668020, 0x000001fc58669920, 0x000001fc586198d0, 0x000001fc5c8ff0f0,
0x000001fc5c9a9b60, 0x000001fc5d410230, 0x000001fc5d6132f0, 0x000001fc5d61c5b0,
0x000001fc5d64caa0, 0x000001fc5d656db0, 0x000001fc5dcece20, 0x000001fc5e186420,
0x000001fc5e1850e0, 0x000001fc5e184c10, 0x000001fc5e185f50, 0x000001fc6329e600,
0x000001fc632a02e0, 0x000001fc6329dc60, 0x000001fc632a07b0, 0x000001fc632a1150,
0x000001fc6329efa0, 0x000001fc6329f940, 0x000001fc6329fe10, 0x000001fc6329d790
}

Java Threads: ( => current thread )
  0x000001fc3b3d3dc0 JavaThread "main" [_thread_blocked, id=32716, stack(0x0000008949000000,0x0000008949100000)]
  0x000001fc5862de70 JavaThread "Reference Handler" daemon [_thread_blocked, id=35152, stack(0x0000008949700000,0x0000008949800000)]
  0x000001fc5862f380 JavaThread "Finalizer" daemon [_thread_blocked, id=27232, stack(0x0000008949800000,0x0000008949900000)]
  0x000001fc58653680 JavaThread "Signal Dispatcher" daemon [_thread_blocked, id=2828, stack(0x0000008949900000,0x0000008949a00000)]
  0x000001fc58653f30 JavaThread "Attach Listener" daemon [_thread_blocked, id=18776, stack(0x0000008949a00000,0x0000008949b00000)]
  0x000001fc586548d0 JavaThread "Service Thread" daemon [_thread_blocked, id=45604, stack(0x0000008949b00000,0x0000008949c00000)]
  0x000001fc58655de0 JavaThread "Monitor Deflation Thread" daemon [_thread_blocked, id=25596, stack(0x0000008949c00000,0x0000008949d00000)]
  0x000001fc58656ab0 JavaThread "C2 CompilerThread0" daemon [_thread_blocked, id=15656, stack(0x0000008949d00000,0x0000008949e00000)]
  0x000001fc58668020 JavaThread "C1 CompilerThread0" daemon [_thread_blocked, id=18156, stack(0x0000008949e00000,0x0000008949f00000)]
  0x000001fc58669920 JavaThread "Sweeper thread" daemon [_thread_blocked, id=12500, stack(0x0000008949f00000,0x000000894a000000)]
  0x000001fc586198d0 JavaThread "Common-Cleaner" daemon [_thread_blocked, id=36672, stack(0x000000894a000000,0x000000894a100000)]
  0x000001fc5c8ff0f0 JavaThread "Monitor Ctrl-Break" daemon [_thread_in_native, id=6792, stack(0x000000894a200000,0x000000894a300000)]
  0x000001fc5c9a9b60 JavaThread "Notification Thread" daemon [_thread_blocked, id=43676, stack(0x000000894a300000,0x000000894a400000)]
  0x000001fc5d410230 JavaThread "QuantumRenderer-0" daemon [_thread_blocked, id=16524, stack(0x000000894a500000,0x000000894a600000)]
  0x000001fc5d6132f0 JavaThread "InvokeLaterDispatcher" daemon [_thread_blocked, id=15440, stack(0x000000894a100000,0x000000894a200000)]
  0x000001fc5d61c5b0 JavaThread "JavaFX Application Thread" [_thread_in_native, id=43056, stack(0x000000894a800000,0x000000894a900000)]
  0x000001fc5d64caa0 JavaThread "JavaFX-Launcher" [_thread_blocked, id=11964, stack(0x000000894b200000,0x000000894b300000)]
  0x000001fc5d656db0 JavaThread "Thread-2" daemon [_thread_in_native, id=39800, stack(0x000000894b100000,0x000000894b200000)]
  0x000001fc5dcece20 JavaThread "Log4j2-TF-10-Scheduled-1" daemon [_thread_blocked, id=19716, stack(0x000000894b900000,0x000000894ba00000)]
  0x000001fc5e186420 JavaThread "mysql-cj-abandoned-connection-cleanup" daemon [_thread_blocked, id=44224, stack(0x000000894ba00000,0x000000894bb00000)]
  0x000001fc5e1850e0 JavaThread "NeuraSysHybridPool housekeeper" daemon [_thread_blocked, id=7144, stack(0x000000894b800000,0x000000894b900000)]
  0x000001fc5e184c10 JavaThread "NeuraSysHybridPool housekeeper" daemon [_thread_blocked, id=36448, stack(0x000000894c400000,0x000000894c500000)]
  0x000001fc5e185f50 JavaThread "Prism Font Disposer" daemon [_thread_blocked, id=9968, stack(0x000000894c700000,0x000000894c800000)]
  0x000001fc6329e600 JavaThread "Cleaner-0" daemon [_thread_blocked, id=1892, stack(0x000000894c800000,0x000000894c900000)]
  0x000001fc632a02e0 JavaThread "NeuraSysHybridPool housekeeper" daemon [_thread_blocked, id=17180, stack(0x000000894c000000,0x000000894c100000)]
  0x000001fc6329dc60 JavaThread "NeuraSysHybridPool housekeeper" daemon [_thread_blocked, id=23820, stack(0x0000008948e00000,0x0000008948f00000)]
  0x000001fc632a07b0 JavaThread "NeuraSysHybridPool housekeeper" daemon [_thread_blocked, id=17936, stack(0x000000894a600000,0x000000894a700000)]
  0x000001fc632a1150 JavaThread "NeuraSysHybridPool housekeeper" daemon [_thread_blocked, id=21036, stack(0x000000894a700000,0x000000894a800000)]
  0x000001fc6329efa0 JavaThread "NeuraSysHybridPool housekeeper" daemon [_thread_blocked, id=20240, stack(0x000000894bb00000,0x000000894bc00000)]
  0x000001fc6329f940 JavaThread "NeuraSysHybridPool housekeeper" daemon [_thread_blocked, id=31504, stack(0x000000894ca00000,0x000000894cb00000)]
=>0x000001fc6329fe10 JavaThread "pool-7-thread-1" [_thread_in_vm, id=8384, stack(0x000000894cb00000,0x000000894cc00000)]
  0x000001fc6329d790 JavaThread "NeuraSysHybridPool connection adder" daemon [_thread_blocked, id=19220, stack(0x000000894cc00000,0x000000894cd00000)]

Other Threads:
  0x000001fc3b43e090 VMThread "VM Thread" [stack: 0x0000008949600000,0x0000008949700000] [id=19636]
  0x000001fc5d10d950 WatcherThread "VM Periodic Task Thread" [stack: 0x000000894a400000,0x000000894a500000] [id=8196]
  0x000001fc3b425c10 WorkerThread "GC Thread#0" [stack: 0x0000008949100000,0x0000008949200000] [id=14988]
  0x000001fc5d7c4870 WorkerThread "GC Thread#1" [stack: 0x000000894b300000,0x000000894b400000] [id=43968]
  0x000001fc5d934c40 WorkerThread "GC Thread#2" [stack: 0x000000894b400000,0x000000894b500000] [id=45916]
  0x000001fc5d7b2080 WorkerThread "GC Thread#3" [stack: 0x000000894b500000,0x000000894b600000] [id=40168]
  0x000001fc5d76dda0 WorkerThread "GC Thread#4" [stack: 0x000000894b600000,0x000000894b700000] [id=39036]
  0x000001fc5d76e040 WorkerThread "GC Thread#5" [stack: 0x000000894b700000,0x000000894b800000] [id=23188]
  0x000001fc5e15ec20 WorkerThread "GC Thread#6" [stack: 0x000000894bc00000,0x000000894bd00000] [id=42860]
  0x000001fc5ddc1260 WorkerThread "GC Thread#7" [stack: 0x000000894bd00000,0x000000894be00000] [id=21944]
  0x000001fc5e02aab0 WorkerThread "GC Thread#8" [stack: 0x000000894be00000,0x000000894bf00000] [id=34508]
  0x000001fc5dfd5f70 WorkerThread "GC Thread#9" [stack: 0x000000894bf00000,0x000000894c000000] [id=30180]
  0x000001fc3b432700 ConcurrentGCThread "G1 Main Marker" [stack: 0x0000008949200000,0x0000008949300000] [id=45284]
  0x000001fc3b433dc0 WorkerThread "G1 Conc#0" [stack: 0x0000008949300000,0x0000008949400000] [id=17852]
  0x000001fc5dfec720 WorkerThread "G1 Conc#1" [stack: 0x000000894c200000,0x000000894c300000] [id=12176]
  0x000001fc5dfeb760 WorkerThread "G1 Conc#2" [stack: 0x000000894c300000,0x000000894c400000] [id=2028]
  0x000001fc3b48eb70 ConcurrentGCThread "G1 Refine#0" [stack: 0x0000008949400000,0x0000008949500000] [id=23508]
  0x000001fc584e3900 ConcurrentGCThread "G1 Service" [stack: 0x0000008949500000,0x0000008949600000] [id=27316]

Threads with active compile tasks:

VM state: not at safepoint (normal execution)

VM Mutex/Monitor currently owned by a thread: None

Heap address: 0x00000000a2200000, size: 1502 MB, Compressed Oops mode: 32-bit

CDS archive(s) mapped at: [0x0000000800000000-0x0000000800b90000-0x0000000800b90000), size 12124160, SharedBaseAddress: 0x0000000800000000, ArchiveRelocationMode: 0.
Compressed class space mapped at: 0x0000000800c00000-0x0000000840c00000, reserved size: 1073741824
Narrow klass base: 0x0000000800000000, Narrow klass shift: 0, Narrow klass range: 0x100000000

GC Precious Log:
 CardTable entry size: 512
 Card Set container configuration: InlinePtr #cards 5 size 8 Array Of Cards #cards 12 size 40 Howl #buckets 4 coarsen threshold 1843 Howl Bitmap #cards 512 size 80 coarsen threshold 460 Card regions per heap region 1 cards per card region 2048
 CPUs: 12 total, 12 available
 Memory: 6005M
 Large Page Support: Disabled
 NUMA Support: Disabled
 Compressed Oops: Enabled (32-bit)
 Heap Region Size: 1M
 Heap Min Capacity: 8M
 Heap Initial Capacity: 94M
 Heap Max Capacity: 1502M
 Pre-touch: Disabled
 Parallel Workers: 10
 Concurrent Workers: 3
 Concurrent Refinement Workers: 10
 Periodic GC: Disabled

Heap:
 garbage-first heap   total 61440K, used 36883K [0x00000000a2200000, 0x0000000100000000)
  region size 1024K, 7 young (7168K), 2 survivors (2048K)
 Metaspace       used 33401K, committed 33856K, reserved 1114112K
  class space    used 4413K, committed 4672K, reserved 1048576K

Heap Regions: E=young(eden), S=young(survivor), O=old, HS=humongous(starts), HC=humongous(continues), CS=collection set, F=free, OA=open archive, CA=closed archive, TAMS=top-at-mark-start (previous, next)
|   0|0x00000000a2200000, 0x00000000a2300000, 0x00000000a2300000|100%| O|  |TAMS 0x00000000a2300000, 0x00000000a2200000| Untracked 
|   1|0x00000000a2300000, 0x00000000a2400000, 0x00000000a2400000|100%| O|  |TAMS 0x00000000a2400000, 0x00000000a2300000| Untracked 
|   2|0x00000000a2400000, 0x00000000a2500000, 0x00000000a2500000|100%| O|  |TAMS 0x00000000a2500000, 0x00000000a2400000| Untracked 
|   3|0x00000000a2500000, 0x00000000a2600000, 0x00000000a2600000|100%| O|  |TAMS 0x00000000a2600000, 0x00000000a2500000| Untracked 
|   4|0x00000000a2600000, 0x00000000a2700000, 0x00000000a2700000|100%| O|  |TAMS 0x00000000a2700000, 0x00000000a2600000| Untracked 
|   5|0x00000000a2700000, 0x00000000a2800000, 0x00000000a2800000|100%| O|  |TAMS 0x00000000a2800000, 0x00000000a2700000| Untracked 
|   6|0x00000000a2800000, 0x00000000a2900000, 0x00000000a2900000|100%| O|  |TAMS 0x00000000a2900000, 0x00000000a2800000| Untracked 
|   7|0x00000000a2900000, 0x00000000a2a00000, 0x00000000a2a00000|100%| O|  |TAMS 0x00000000a2a00000, 0x00000000a2900000| Untracked 
|   8|0x00000000a2a00000, 0x00000000a2b00000, 0x00000000a2b00000|100%| O|  |TAMS 0x00000000a2b00000, 0x00000000a2a00000| Untracked 
|   9|0x00000000a2b00000, 0x00000000a2c00000, 0x00000000a2c00000|100%| O|  |TAMS 0x00000000a2c00000, 0x00000000a2b00000| Untracked 
|  10|0x00000000a2c00000, 0x00000000a2d00000, 0x00000000a2d00000|100%| O|  |TAMS 0x00000000a2d00000, 0x00000000a2c00000| Untracked 
|  11|0x00000000a2d00000, 0x00000000a2e00000, 0x00000000a2e00000|100%| O|  |TAMS 0x00000000a2e00000, 0x00000000a2d00000| Untracked 
|  12|0x00000000a2e00000, 0x00000000a2f00000, 0x00000000a2f00000|100%| O|  |TAMS 0x00000000a2f00000, 0x00000000a2e00000| Untracked 
|  13|0x00000000a2f00000, 0x00000000a3000000, 0x00000000a3000000|100%| O|  |TAMS 0x00000000a3000000, 0x00000000a2f00000| Untracked 
|  14|0x00000000a3000000, 0x00000000a3100000, 0x00000000a3100000|100%| O|  |TAMS 0x00000000a3100000, 0x00000000a3000000| Untracked 
|  15|0x00000000a3100000, 0x00000000a3100000, 0x00000000a3200000|  0%| F|  |TAMS 0x00000000a3100000, 0x00000000a3100000| Untracked 
|  16|0x00000000a3200000, 0x00000000a3200000, 0x00000000a3300000|  0%| F|  |TAMS 0x00000000a3200000, 0x00000000a3200000| Untracked 
|  17|0x00000000a3300000, 0x00000000a3400000, 0x00000000a3400000|100%| O|  |TAMS 0x00000000a3400000, 0x00000000a3300000| Untracked 
|  18|0x00000000a3400000, 0x00000000a3500000, 0x00000000a3500000|100%| O|  |TAMS 0x00000000a3500000, 0x00000000a3400000| Untracked 
|  19|0x00000000a3500000, 0x00000000a3600000, 0x00000000a3600000|100%| O|  |TAMS 0x00000000a3600000, 0x00000000a3500000| Untracked 
|  20|0x00000000a3600000, 0x00000000a3700000, 0x00000000a3700000|100%| O|  |TAMS 0x00000000a3700000, 0x00000000a3600000| Untracked 
|  21|0x00000000a3700000, 0x00000000a3800000, 0x00000000a3800000|100%| O|  |TAMS 0x00000000a3800000, 0x00000000a3700000| Untracked 
|  22|0x00000000a3800000, 0x00000000a3900000, 0x00000000a3900000|100%| O|  |TAMS 0x00000000a3900000, 0x00000000a3800000| Untracked 
|  23|0x00000000a3900000, 0x00000000a3a00000, 0x00000000a3a00000|100%| O|  |TAMS 0x00000000a3a00000, 0x00000000a3900000| Untracked 
|  24|0x00000000a3a00000, 0x00000000a3b00000, 0x00000000a3b00000|100%| O|  |TAMS 0x00000000a3b00000, 0x00000000a3a00000| Untracked 
|  25|0x00000000a3b00000, 0x00000000a3c00000, 0x00000000a3c00000|100%| O|  |TAMS 0x00000000a3c00000, 0x00000000a3b00000| Untracked 
|  26|0x00000000a3c00000, 0x00000000a3d00000, 0x00000000a3d00000|100%| O|  |TAMS 0x00000000a3d00000, 0x00000000a3c00000| Untracked 
|  27|0x00000000a3d00000, 0x00000000a3e00000, 0x00000000a3e00000|100%| O|  |TAMS 0x00000000a3e00000, 0x00000000a3d00000| Untracked 
|  28|0x00000000a3e00000, 0x00000000a3ee1a00, 0x00000000a3f00000| 88%| O|  |TAMS 0x00000000a3ee1a00, 0x00000000a3e00000| Untracked 
|  29|0x00000000a3f00000, 0x00000000a4000000, 0x00000000a4000000|100%|HS|  |TAMS 0x00000000a4000000, 0x00000000a3f00000| Complete 
|  30|0x00000000a4000000, 0x00000000a4100000, 0x00000000a4100000|100%|HC|  |TAMS 0x00000000a4100000, 0x00000000a4000000| Complete 
|  31|0x00000000a4100000, 0x00000000a4200000, 0x00000000a4200000|100%|HS|  |TAMS 0x00000000a4200000, 0x00000000a4100000| Complete 
|  32|0x00000000a4200000, 0x00000000a4300000, 0x00000000a4300000|100%|HC|  |TAMS 0x00000000a4300000, 0x00000000a4200000| Complete 
|  33|0x00000000a4300000, 0x00000000a4300000, 0x00000000a4400000|  0%| F|  |TAMS 0x00000000a4300000, 0x00000000a4300000| Untracked 
|  34|0x00000000a4400000, 0x00000000a4400000, 0x00000000a4500000|  0%| F|  |TAMS 0x00000000a4400000, 0x00000000a4400000| Untracked 
|  35|0x00000000a4500000, 0x00000000a4500000, 0x00000000a4600000|  0%| F|  |TAMS 0x00000000a4500000, 0x00000000a4500000| Untracked 
|  36|0x00000000a4600000, 0x00000000a4600000, 0x00000000a4700000|  0%| F|  |TAMS 0x00000000a4600000, 0x00000000a4600000| Untracked 
|  37|0x00000000a4700000, 0x00000000a4700000, 0x00000000a4800000|  0%| F|  |TAMS 0x00000000a4700000, 0x00000000a4700000| Untracked 
|  38|0x00000000a4800000, 0x00000000a4800000, 0x00000000a4900000|  0%| F|  |TAMS 0x00000000a4800000, 0x00000000a4800000| Untracked 
|  39|0x00000000a4900000, 0x00000000a4900000, 0x00000000a4a00000|  0%| F|  |TAMS 0x00000000a4900000, 0x00000000a4900000| Untracked 
|  40|0x00000000a4a00000, 0x00000000a4a00000, 0x00000000a4b00000|  0%| F|  |TAMS 0x00000000a4a00000, 0x00000000a4a00000| Untracked 
|  41|0x00000000a4b00000, 0x00000000a4b00000, 0x00000000a4c00000|  0%| F|  |TAMS 0x00000000a4b00000, 0x00000000a4b00000| Untracked 
|  42|0x00000000a4c00000, 0x00000000a4c00000, 0x00000000a4d00000|  0%| F|  |TAMS 0x00000000a4c00000, 0x00000000a4c00000| Untracked 
|  43|0x00000000a4d00000, 0x00000000a4d23468, 0x00000000a4e00000| 13%| S|CS|TAMS 0x00000000a4d00000, 0x00000000a4d00000| Complete 
|  44|0x00000000a4e00000, 0x00000000a4f00000, 0x00000000a4f00000|100%| S|CS|TAMS 0x00000000a4e00000, 0x00000000a4e00000| Complete 
|  45|0x00000000a4f00000, 0x00000000a4f00000, 0x00000000a5000000|  0%| F|  |TAMS 0x00000000a4f00000, 0x00000000a4f00000| Untracked 
|  46|0x00000000a5000000, 0x00000000a5000000, 0x00000000a5100000|  0%| F|  |TAMS 0x00000000a5000000, 0x00000000a5000000| Untracked 
|  47|0x00000000a5100000, 0x00000000a5100000, 0x00000000a5200000|  0%| F|  |TAMS 0x00000000a5100000, 0x00000000a5100000| Untracked 
|  48|0x00000000a5200000, 0x00000000a5200000, 0x00000000a5300000|  0%| F|  |TAMS 0x00000000a5200000, 0x00000000a5200000| Untracked 
|  49|0x00000000a5300000, 0x00000000a5300000, 0x00000000a5400000|  0%| F|  |TAMS 0x00000000a5300000, 0x00000000a5300000| Untracked 
|  50|0x00000000a5400000, 0x00000000a5400000, 0x00000000a5500000|  0%| F|  |TAMS 0x00000000a5400000, 0x00000000a5400000| Untracked 
|  51|0x00000000a5500000, 0x00000000a5500000, 0x00000000a5600000|  0%| F|  |TAMS 0x00000000a5500000, 0x00000000a5500000| Untracked 
|  52|0x00000000a5600000, 0x00000000a5600000, 0x00000000a5700000|  0%| F|  |TAMS 0x00000000a5600000, 0x00000000a5600000| Untracked 
|  53|0x00000000a5700000, 0x00000000a5700000, 0x00000000a5800000|  0%| F|  |TAMS 0x00000000a5700000, 0x00000000a5700000| Untracked 
|  54|0x00000000a5800000, 0x00000000a5800000, 0x00000000a5900000|  0%| F|  |TAMS 0x00000000a5800000, 0x00000000a5800000| Untracked 
|  55|0x00000000a5900000, 0x00000000a59f4530, 0x00000000a5a00000| 95%| E|  |TAMS 0x00000000a5900000, 0x00000000a5900000| Complete 
|  72|0x00000000a6a00000, 0x00000000a6b00000, 0x00000000a6b00000|100%| E|CS|TAMS 0x00000000a6a00000, 0x00000000a6a00000| Complete 
|  73|0x00000000a6b00000, 0x00000000a6c00000, 0x00000000a6c00000|100%| E|CS|TAMS 0x00000000a6b00000, 0x00000000a6b00000| Complete 
|  74|0x00000000a6c00000, 0x00000000a6d00000, 0x00000000a6d00000|100%| E|CS|TAMS 0x00000000a6c00000, 0x00000000a6c00000| Complete 
|  93|0x00000000a7f00000, 0x00000000a8000000, 0x00000000a8000000|100%| E|CS|TAMS 0x00000000a7f00000, 0x00000000a7f00000| Complete 

Card table byte_map: [0x000001fc52540000,0x000001fc52830000] _byte_map_base: 0x000001fc5202f000

Marking Bits (Prev, Next): (CMBitMap*) 0x000001fc3b426250, (CMBitMap*) 0x000001fc3b426210
 Prev Bits: [0x000001fc542a0000, 0x000001fc55a18000)
 Next Bits: [0x000001fc52b20000, 0x000001fc54298000)

Polling page: 0x000001fc392c0000

Metaspace:

Usage:
  Non-class:     28.31 MB used.
      Class:      4.31 MB used.
       Both:     32.62 MB used.

Virtual space:
  Non-class space:       64.00 MB reserved,      28.50 MB ( 45%) committed,  1 nodes.
      Class space:        1.00 GB reserved,       4.56 MB ( <1%) committed,  1 nodes.
             Both:        1.06 GB reserved,      33.06 MB (  3%) committed. 

Chunk freelists:
   Non-Class:  2.63 MB
       Class:  3.48 MB
        Both:  6.11 MB

MaxMetaspaceSize: unlimited
CompressedClassSpaceSize: 1.00 GB
Initial GC threshold: 21.00 MB
Current GC threshold: 54.94 MB
CDS: on
MetaspaceReclaimPolicy: balanced
 - commit_granule_bytes: 65536.
 - commit_granule_words: 8192.
 - virtual_space_node_default_size: 8388608.
 - enlarge_chunks_in_place: 1.
 - new_chunks_are_fully_committed: 0.
 - uncommit_free_chunks: 1.
 - use_allocation_guard: 0.


Internal statistics:

num_allocs_failed_limit: 3.
num_arena_births: 544.
num_arena_deaths: 0.
num_vsnodes_births: 2.
num_vsnodes_deaths: 0.
num_space_committed: 529.
num_space_uncommitted: 0.
num_chunks_returned_to_freelist: 3.
num_chunks_taken_from_freelist: 1606.
num_chunk_merges: 3.
num_chunk_splits: 1143.
num_chunks_enlarged: 892.
num_inconsistent_stats: 0.

CodeHeap 'non-profiled nmethods': size=120000Kb used=4146Kb max_used=4146Kb free=115853Kb
 bounds [0x000001fc4a7d0000, 0x000001fc4abe0000, 0x000001fc51d00000]
CodeHeap 'profiled nmethods': size=120000Kb used=14152Kb max_used=14152Kb free=105848Kb
 bounds [0x000001fc432a0000, 0x000001fc44080000, 0x000001fc4a7d0000]
CodeHeap 'non-nmethods': size=5760Kb used=1565Kb max_used=1607Kb free=4194Kb
 bounds [0x000001fc42d00000, 0x000001fc42f70000, 0x000001fc432a0000]
 total_blobs=7646 nmethods=6702 adapters=855
 compilation: enabled
              stopped_count=0, restarted_count=0
 full_count=0

Compilation events (20 events):
Event: 1035.645 Thread 0x000001fc58668020 7511       3       java.util.GregorianCalendar::computeFields (1585 bytes)
Event: 1035.646 Thread 0x000001fc58656ab0 7512       4       java.util.zip.ZipCoder::hash (36 bytes)
Event: 1035.654 Thread 0x000001fc58668020 nmethod 7511 0x000001fc44059610 code [0x000001fc44059ca0, 0x000001fc4405ec78]
Event: 1035.654 Thread 0x000001fc58668020 7513       3       java.lang.StringCoding::implEncodeAsciiArray (47 bytes)
Event: 1035.654 Thread 0x000001fc58656ab0 nmethod 7512 0x000001fc4abd3f90 code [0x000001fc4abd4120, 0x000001fc4abd4498]
Event: 1035.654 Thread 0x000001fc58668020 nmethod 7513 0x000001fc44060d10 code [0x000001fc44060ec0, 0x000001fc44061118]
Event: 1035.654 Thread 0x000001fc58668020 7514       3       java.nio.ByteBuffer::clear (5 bytes)
Event: 1035.655 Thread 0x000001fc58668020 nmethod 7514 0x000001fc44061290 code [0x000001fc44061440, 0x000001fc44061608]
Event: 1035.655 Thread 0x000001fc58668020 7515       1       org.apache.logging.log4j.core.config.LoggerConfig::getReliabilityStrategy (5 bytes)
Event: 1035.655 Thread 0x000001fc58668020 nmethod 7515 0x000001fc4abd4710 code [0x000001fc4abd48a0, 0x000001fc4abd4978]
Event: 1035.656 Thread 0x000001fc58668020 7516       3       org.apache.logging.log4j.core.pattern.SimpleLiteralPatternConverter$StringValue::format (10 bytes)
Event: 1035.656 Thread 0x000001fc58668020 nmethod 7516 0x000001fc44061690 code [0x000001fc44061840, 0x000001fc440619e8]
Event: 1035.657 Thread 0x000001fc58668020 7517       3       java.time.format.DateTimeFormatterBuilder::appendInternal (94 bytes)
Event: 1035.658 Thread 0x000001fc58668020 nmethod 7517 0x000001fc44061b10 code [0x000001fc44061d00, 0x000001fc44062218]
Event: 1035.658 Thread 0x000001fc58668020 7519       3       jdk.internal.org.objectweb.asm.Frame::push (109 bytes)
Event: 1035.658 Thread 0x000001fc58656ab0 7520   !   4       com.sun.javafx.collections.ListListenerHelper$SingleChange::fireValueChangedEvent (30 bytes)
Event: 1035.658 Thread 0x000001fc58668020 nmethod 7519 0x000001fc44062490 code [0x000001fc44062660, 0x000001fc44062be8]
Event: 1035.659 Thread 0x000001fc58656ab0 nmethod 7520 0x000001fc4abd4d10 code [0x000001fc4abd4ea0, 0x000001fc4abd4fc8]
Event: 1035.661 Thread 0x000001fc58668020 7521       1       java.util.Formatter$FixedString::index (3 bytes)
Event: 1035.661 Thread 0x000001fc58668020 nmethod 7521 0x000001fc4abd5110 code [0x000001fc4abd52a0, 0x000001fc4abd5378]

GC Heap History (20 events):
Event: 3.842 GC heap before
{Heap before GC invocations=6 (full 0):
 garbage-first heap   total 45056K, used 29886K [0x00000000a2200000, 0x0000000100000000)
  region size 1024K, 17 young (17408K), 1 survivors (1024K)
 Metaspace       used 28256K, committed 28672K, reserved 1114112K
  class space    used 3956K, committed 4160K, reserved 1048576K
}
Event: 3.845 GC heap after
{Heap after GC invocations=7 (full 0):
 garbage-first heap   total 45056K, used 17659K [0x00000000a2200000, 0x0000000100000000)
  region size 1024K, 3 young (3072K), 3 survivors (3072K)
 Metaspace       used 28256K, committed 28672K, reserved 1114112K
  class space    used 3956K, committed 4160K, reserved 1048576K
}
Event: 4.447 GC heap before
{Heap before GC invocations=7 (full 0):
 garbage-first heap   total 45056K, used 35067K [0x00000000a2200000, 0x0000000100000000)
  region size 1024K, 17 young (17408K), 3 survivors (3072K)
 Metaspace       used 30251K, committed 30656K, reserved 1114112K
  class space    used 4179K, committed 4352K, reserved 1048576K
}
Event: 4.452 GC heap after
{Heap after GC invocations=8 (full 0):
 garbage-first heap   total 45056K, used 21528K [0x00000000a2200000, 0x0000000100000000)
  region size 1024K, 3 young (3072K), 3 survivors (3072K)
 Metaspace       used 30251K, committed 30656K, reserved 1114112K
  class space    used 4179K, committed 4352K, reserved 1048576K
}
Event: 30.737 GC heap before
{Heap before GC invocations=8 (full 0):
 garbage-first heap   total 45056K, used 33816K [0x00000000a2200000, 0x0000000100000000)
  region size 1024K, 13 young (13312K), 3 survivors (3072K)
 Metaspace       used 31760K, committed 32128K, reserved 1114112K
  class space    used 4310K, committed 4480K, reserved 1048576K
}
Event: 30.741 GC heap after
{Heap after GC invocations=9 (full 0):
 garbage-first heap   total 45056K, used 25098K [0x00000000a2200000, 0x0000000100000000)
  region size 1024K, 2 young (2048K), 2 survivors (2048K)
 Metaspace       used 31760K, committed 32128K, reserved 1114112K
  class space    used 4310K, committed 4480K, reserved 1048576K
}
Event: 39.448 GC heap before
{Heap before GC invocations=9 (full 0):
 garbage-first heap   total 45056K, used 33290K [0x00000000a2200000, 0x0000000100000000)
  region size 1024K, 10 young (10240K), 2 survivors (2048K)
 Metaspace       used 32211K, committed 32640K, reserved 1114112K
  class space    used 4362K, committed 4544K, reserved 1048576K
}
Event: 39.452 GC heap after
{Heap after GC invocations=10 (full 0):
 garbage-first heap   total 45056K, used 26751K [0x00000000a2200000, 0x0000000100000000)
  region size 1024K, 2 young (2048K), 2 survivors (2048K)
 Metaspace       used 32211K, committed 32640K, reserved 1114112K
  class space    used 4362K, committed 4544K, reserved 1048576K
}
Event: 115.691 GC heap before
{Heap before GC invocations=11 (full 0):
 garbage-first heap   total 48128K, used 33919K [0x00000000a2200000, 0x0000000100000000)
  region size 1024K, 9 young (9216K), 2 survivors (2048K)
 Metaspace       used 32422K, committed 32896K, reserved 1114112K
  class space    used 4382K, committed 4608K, reserved 1048576K
}
Event: 115.697 GC heap after
{Heap after GC invocations=12 (full 0):
 garbage-first heap   total 48128K, used 28069K [0x00000000a2200000, 0x0000000100000000)
  region size 1024K, 2 young (2048K), 2 survivors (2048K)
 Metaspace       used 32422K, committed 32896K, reserved 1114112K
  class space    used 4382K, committed 4608K, reserved 1048576K
}
Event: 146.706 GC heap before
{Heap before GC invocations=12 (full 0):
 garbage-first heap   total 48128K, used 36261K [0x00000000a2200000, 0x0000000100000000)
  region size 1024K, 10 young (10240K), 2 survivors (2048K)
 Metaspace       used 32647K, committed 33088K, reserved 1114112K
  class space    used 4391K, committed 4608K, reserved 1048576K
}
Event: 146.710 GC heap after
{Heap after GC invocations=13 (full 0):
 garbage-first heap   total 48128K, used 28976K [0x00000000a2200000, 0x0000000100000000)
  region size 1024K, 1 young (1024K), 1 survivors (1024K)
 Metaspace       used 32647K, committed 33088K, reserved 1114112K
  class space    used 4391K, committed 4608K, reserved 1048576K
}
Event: 162.161 GC heap before
{Heap before GC invocations=14 (full 0):
 garbage-first heap   total 51200K, used 37168K [0x00000000a2200000, 0x0000000100000000)
  region size 1024K, 9 young (9216K), 1 survivors (1024K)
 Metaspace       used 32788K, committed 33216K, reserved 1114112K
  class space    used 4400K, committed 4608K, reserved 1048576K
}
Event: 162.165 GC heap after
{Heap after GC invocations=15 (full 0):
 garbage-first heap   total 51200K, used 29570K [0x00000000a2200000, 0x0000000100000000)
  region size 1024K, 2 young (2048K), 2 survivors (2048K)
 Metaspace       used 32788K, committed 33216K, reserved 1114112K
  class space    used 4400K, committed 4608K, reserved 1048576K
}
Event: 834.521 GC heap before
{Heap before GC invocations=15 (full 0):
 garbage-first heap   total 51200K, used 38786K [0x00000000a2200000, 0x0000000100000000)
  region size 1024K, 12 young (12288K), 2 survivors (2048K)
 Metaspace       used 33010K, committed 33472K, reserved 1114112K
  class space    used 4402K, committed 4608K, reserved 1048576K
}
Event: 834.532 GC heap after
{Heap after GC invocations=16 (full 0):
 garbage-first heap   total 51200K, used 30048K [0x00000000a2200000, 0x0000000100000000)
  region size 1024K, 2 young (2048K), 2 survivors (2048K)
 Metaspace       used 33010K, committed 33472K, reserved 1114112K
  class space    used 4402K, committed 4608K, reserved 1048576K
}
Event: 857.373 GC heap before
{Heap before GC invocations=17 (full 0):
 garbage-first heap   total 61440K, used 42336K [0x00000000a2200000, 0x0000000100000000)
  region size 1024K, 11 young (11264K), 2 survivors (2048K)
 Metaspace       used 33126K, committed 33536K, reserved 1114112K
  class space    used 4403K, committed 4608K, reserved 1048576K
}
Event: 857.388 GC heap after
{Heap after GC invocations=18 (full 0):
 garbage-first heap   total 61440K, used 34551K [0x00000000a2200000, 0x0000000100000000)
  region size 1024K, 1 young (1024K), 1 survivors (1024K)
 Metaspace       used 33126K, committed 33536K, reserved 1114112K
  class space    used 4403K, committed 4608K, reserved 1048576K
}
Event: 1017.040 GC heap before
{Heap before GC invocations=18 (full 0):
 garbage-first heap   total 61440K, used 48887K [0x00000000a2200000, 0x0000000100000000)
  region size 1024K, 15 young (15360K), 1 survivors (1024K)
 Metaspace       used 33285K, committed 33728K, reserved 1114112K
  class space    used 4403K, committed 4608K, reserved 1048576K
}
Event: 1017.044 GC heap after
{Heap after GC invocations=19 (full 0):
 garbage-first heap   total 61440K, used 34835K [0x00000000a2200000, 0x0000000100000000)
  region size 1024K, 2 young (2048K), 2 survivors (2048K)
 Metaspace       used 33285K, committed 33728K, reserved 1114112K
  class space    used 4403K, committed 4608K, reserved 1048576K
}

Deoptimization events (20 events):
Event: 1032.453 Thread 0x000001fc5d61c5b0 DEOPT PACKING pc=0x000001fc4abc32ec sp=0x000000894a8fe8b0
Event: 1032.453 Thread 0x000001fc5d61c5b0 DEOPT UNPACKING pc=0x000001fc42d523a3 sp=0x000000894a8fe888 mode 2
Event: 1032.479 Thread 0x000001fc5d61c5b0 Uncommon trap: trap_request=0xffffffbe fr.pc=0x000001fc4abc32ec relative=0x000000000000286c
Event: 1032.479 Thread 0x000001fc5d61c5b0 Uncommon trap: reason=profile_predicate action=maybe_recompile pc=0x000001fc4abc32ec method=javafx.scene.Scene$MouseHandler.handleEnterExit(Ljavafx/scene/input/MouseEvent;Ljavafx/scene/Scene$TargetWrapper;)V @ 94 c2
Event: 1032.479 Thread 0x000001fc5d61c5b0 DEOPT PACKING pc=0x000001fc4abc32ec sp=0x000000894a8fe8b0
Event: 1032.479 Thread 0x000001fc5d61c5b0 DEOPT UNPACKING pc=0x000001fc42d523a3 sp=0x000000894a8fe888 mode 2
Event: 1035.609 Thread 0x000001fc5d61c5b0 Uncommon trap: trap_request=0xffffff45 fr.pc=0x000001fc4abab154 relative=0x0000000000000254
Event: 1035.609 Thread 0x000001fc5d61c5b0 Uncommon trap: reason=unstable_if action=reinterpret pc=0x000001fc4abab154 method=java.util.HashMap.clear()V @ 16 c2
Event: 1035.609 Thread 0x000001fc5d61c5b0 DEOPT PACKING pc=0x000001fc4abab154 sp=0x000000894a8fd6c0
Event: 1035.609 Thread 0x000001fc5d61c5b0 DEOPT UNPACKING pc=0x000001fc42d523a3 sp=0x000000894a8fd668 mode 2
Event: 1035.648 Thread 0x000001fc5d61c5b0 Uncommon trap: trap_request=0xffffffc6 fr.pc=0x000001fc4a8c7c40 relative=0x00000000000000a0
Event: 1035.648 Thread 0x000001fc5d61c5b0 Uncommon trap: reason=bimorphic_or_optimized_type_check action=maybe_recompile pc=0x000001fc4a8c7c40 method=java.util.LinkedHashMap.afterNodeInsertion(Z)V @ 15 c2
Event: 1035.648 Thread 0x000001fc5d61c5b0 DEOPT PACKING pc=0x000001fc4a8c7c40 sp=0x000000894a8fd710
Event: 1035.648 Thread 0x000001fc5d61c5b0 DEOPT UNPACKING pc=0x000001fc42d523a3 sp=0x000000894a8fd688 mode 2
Event: 1035.648 Thread 0x000001fc5d61c5b0 Uncommon trap: trap_request=0xffffffc6 fr.pc=0x000001fc4a8c7c40 relative=0x00000000000000a0
Event: 1035.648 Thread 0x000001fc5d61c5b0 Uncommon trap: reason=bimorphic_or_optimized_type_check action=maybe_recompile pc=0x000001fc4a8c7c40 method=java.util.LinkedHashMap.afterNodeInsertion(Z)V @ 15 c2
Event: 1035.649 Thread 0x000001fc5d61c5b0 DEOPT PACKING pc=0x000001fc4a8c7c40 sp=0x000000894a8fd710
Event: 1035.649 Thread 0x000001fc5d61c5b0 DEOPT UNPACKING pc=0x000001fc42d523a3 sp=0x000000894a8fd688 mode 2
Event: 1035.661 Thread 0x000001fc5d61c5b0 Uncommon trap: trap_request=0xfffffff4 fr.pc=0x000001fc4aba20a0 relative=0x0000000000004400
Event: 1035.661 Thread 0x000001fc5d61c5b0 Uncommon trap: reason=null_check action=make_not_entrant pc=0x000001fc4aba20a0 method=javafx.scene.Node$MiscProperties.getCursor()Ljavafx/scene/Cursor; @ 20 c2

Classes loaded (20 events):
Event: 48.167 Loading class java/util/stream/ReferencePipeline$4$1
Event: 48.167 Loading class java/util/stream/ReferencePipeline$4$1 done
Event: 48.167 Loading class java/util/stream/IntPipeline$11
Event: 48.168 Loading class java/util/stream/IntPipeline$11 done
Event: 48.168 Loading class java/util/stream/ReduceOps$9
Event: 48.168 Loading class java/util/stream/ReduceOps$9 done
Event: 48.168 Loading class java/util/stream/ReduceOps$CountingSink$OfInt
Event: 48.169 Loading class java/util/stream/ReduceOps$CountingSink
Event: 48.169 Loading class java/util/stream/ReduceOps$CountingSink done
Event: 48.169 Loading class java/util/stream/ReduceOps$CountingSink$OfInt done
Event: 48.169 Loading class java/util/stream/IntPipeline$11$1
Event: 48.169 Loading class java/util/stream/IntPipeline$11$1 done
Event: 115.699 Loading class java/util/ArrayList$SubList$2
Event: 115.709 Loading class java/util/ArrayList$SubList$2 done
Event: 184.845 Loading class java/util/concurrent/SynchronousQueue$TransferStack
Event: 184.846 Loading class java/util/concurrent/SynchronousQueue$TransferStack done
Event: 184.846 Loading class java/util/concurrent/SynchronousQueue$TransferStack$SNode
Event: 184.846 Loading class java/util/concurrent/SynchronousQueue$TransferStack$SNode done
Event: 985.443 Loading class jdk/internal/access/foreign/MemorySegmentProxy
Event: 985.444 Loading class jdk/internal/access/foreign/MemorySegmentProxy done

Classes unloaded (0 events):
No events

Classes redefined (0 events):
No events

Internal exceptions (20 events):
Event: 4.076 Thread 0x000001fc5d61c5b0 Exception <a 'java/lang/NoSuchMethodError'{0x00000000a47eda98}: 'java.lang.Object java.lang.invoke.DirectMethodHandle$Holder.newInvokeSpecial(java.lang.Object, java.lang.Object, int)'> (0x00000000a47eda98) 
thrown [s\open\src\hotspot\share\interpreter\linkResolver.cpp, line 766]
Event: 4.203 Thread 0x000001fc5d410230 Exception <a 'java/lang/NoSuchMethodError'{0x00000000a4416680}: 'java.lang.Object java.lang.invoke.DirectMethodHandle$Holder.invokeStaticInit(java.lang.Object, int)'> (0x00000000a4416680) 
thrown [s\open\src\hotspot\share\interpreter\linkResolver.cpp, line 766]
Event: 7.967 Thread 0x000001fc5d61c5b0 Exception <a 'java/lang/NoSuchMethodError'{0x00000000a7fdd060}: 'long java.lang.invoke.DirectMethodHandle$Holder.invokeStatic(java.lang.Object, java.lang.Object, java.lang.Object)'> (0x00000000a7fdd060) 
thrown [s\open\src\hotspot\share\interpreter\linkResolver.cpp, line 766]
Event: 7.967 Thread 0x000001fc5d61c5b0 Exception <a 'java/lang/NoSuchMethodError'{0x00000000a7fe06d0}: 'long java.lang.invoke.DirectMethodHandle$Holder.invokeStaticInit(java.lang.Object, java.lang.Object, java.lang.Object)'> (0x00000000a7fe06d0) 
thrown [s\open\src\hotspot\share\interpreter\linkResolver.cpp, line 766]
Event: 7.969 Thread 0x000001fc5d61c5b0 Exception <a 'java/lang/NoSuchMethodError'{0x00000000a7ff8cd0}: 'java.lang.Object java.lang.invoke.DirectMethodHandle$Holder.newInvokeSpecial(java.lang.Object, java.lang.Object, long)'> (0x00000000a7ff8cd0) 
thrown [s\open\src\hotspot\share\interpreter\linkResolver.cpp, line 766]
Event: 7.969 Thread 0x000001fc5d61c5b0 Exception <a 'java/lang/NoSuchMethodError'{0x00000000a7ffc638}: 'java.lang.Object java.lang.invoke.Invokers$Holder.linkToTargetMethod(java.lang.Object, long, java.lang.Object)'> (0x00000000a7ffc638) 
thrown [s\open\src\hotspot\share\interpreter\linkResolver.cpp, line 766]
Event: 30.703 Thread 0x000001fc5d61c5b0 Implicit null exception at 0x000001fc4aa157d4 to 0x000001fc4aa1ca30
Event: 30.814 Thread 0x000001fc5d61c5b0 Implicit null exception at 0x000001fc4aa2d646 to 0x000001fc4aa2e028
Event: 30.830 Thread 0x000001fc5d61c5b0 Implicit null exception at 0x000001fc4a985a24 to 0x000001fc4a985a71
Event: 48.163 Thread 0x000001fc5d61c5b0 Exception <a 'java/lang/NoSuchMethodError'{0x00000000a6b75968}: 'int java.lang.invoke.DirectMethodHandle$Holder.invokeVirtual(java.lang.Object, java.lang.Object)'> (0x00000000a6b75968) 
thrown [s\open\src\hotspot\share\interpreter\linkResolver.cpp, line 766]
Event: 48.165 Thread 0x000001fc5d61c5b0 Exception <a 'java/lang/NoSuchMethodError'{0x00000000a6b7e160}: 'void java.lang.invoke.DirectMethodHandle$Holder.invokeVirtual(java.lang.Object, java.lang.Object, int)'> (0x00000000a6b7e160) 
thrown [s\open\src\hotspot\share\interpreter\linkResolver.cpp, line 766]
Event: 137.937 Thread 0x000001fc5d61c5b0 Exception <a 'java/lang/NoSuchMethodError'{0x00000000a4c58a00}: 'java.lang.Object java.lang.invoke.DirectMethodHandle$Holder.newInvokeSpecial(java.lang.Object, java.lang.Object, int, int, int, int, int, java.lang.Object)'> (0x00000000a4c58a00) 
thrown [s\open\src\hotspot\share\interpreter\linkResolver.cpp, line 766]
Event: 137.938 Thread 0x000001fc5d61c5b0 Exception <a 'java/lang/NoSuchMethodError'{0x00000000a4c6bda0}: 'java.lang.Object java.lang.invoke.DirectMethodHandle$Holder.newInvokeSpecial(java.lang.Object, java.lang.Object, java.lang.Object, int, int, int, int, int)'> (0x00000000a4c6bda0) 
thrown [s\open\src\hotspot\share\interpreter\linkResolver.cpp, line 766]
Event: 137.938 Thread 0x000001fc5d61c5b0 Exception <a 'java/lang/NoSuchMethodError'{0x00000000a4c73608}: 'java.lang.Object java.lang.invoke.Invokers$Holder.linkToTargetMethod(java.lang.Object, java.lang.Object, int, int, int, int, int, java.lang.Object)'> (0x00000000a4c73608) 
thrown [s\open\src\hotspot\share\interpreter\linkResolver.cpp, line 766]
Event: 148.018 Thread 0x000001fc5d61c5b0 Implicit null exception at 0x000001fc4aa6e694 to 0x000001fc4aa6f160
Event: 148.451 Thread 0x000001fc5d61c5b0 Implicit null exception at 0x000001fc4a9d9b05 to 0x000001fc4a9dbd80
Event: 162.181 Thread 0x000001fc5d410230 Implicit null exception at 0x000001fc4a95362c to 0x000001fc4a9536a4
Event: 1020.415 Thread 0x000001fc5d61c5b0 Exception <a 'java/lang/NoSuchMethodError'{0x00000000a7f62798}: 'java.lang.Object java.lang.invoke.DirectMethodHandle$Holder.newInvokeSpecial(java.lang.Object, java.lang.Object, java.lang.Object, double, double, double, double, int, int, int, int, int, int, int, int, int)'> (0x00000000a7f62798) 
thrown [s\open\src\hotspot\share\interpreter\linkResolver.cpp, line 766]
Event: 1035.609 Thread 0x000001fc5d61c5b0 Implicit null exception at 0x000001fc4abaaf35 to 0x000001fc4abab13e
Event: 1035.661 Thread 0x000001fc5d61c5b0 Implicit null exception at 0x000001fc4ab9ee5d to 0x000001fc4aba2080

VM Operations (20 events):
Event: 1009.457 Executing VM operation: Cleanup
Event: 1009.457 Executing VM operation: Cleanup done
Event: 1011.458 Executing VM operation: Cleanup
Event: 1011.458 Executing VM operation: Cleanup done
Event: 1012.459 Executing VM operation: Cleanup
Event: 1012.459 Executing VM operation: Cleanup done
Event: 1017.039 Executing VM operation: G1CollectForAllocation
Event: 1017.045 Executing VM operation: G1CollectForAllocation done
Event: 1017.079 Executing VM operation: G1Concurrent
Event: 1017.084 Executing VM operation: G1Concurrent done
Event: 1017.092 Executing VM operation: G1Concurrent
Event: 1017.092 Executing VM operation: G1Concurrent done
Event: 1019.093 Executing VM operation: Cleanup
Event: 1019.093 Executing VM operation: Cleanup done
Event: 1024.095 Executing VM operation: Cleanup
Event: 1024.095 Executing VM operation: Cleanup done
Event: 1027.096 Executing VM operation: Cleanup
Event: 1027.096 Executing VM operation: Cleanup done
Event: 1035.100 Executing VM operation: Cleanup
Event: 1035.101 Executing VM operation: Cleanup done

Events (20 events):
Event: 131.052 Thread 0x000001fc5de7eef0 Thread exited: 0x000001fc5de7eef0
Event: 148.034 Thread 0x000001fc5de7eef0 Thread added: 0x000001fc5de7eef0
Event: 148.452 Thread 0x000001fc5de7eef0 Thread exited: 0x000001fc5de7eef0
Event: 184.840 Thread 0x000001fc6329dc60 Thread added: 0x000001fc6329dc60
Event: 184.942 Thread 0x000001fc6329efa0 Thread added: 0x000001fc6329efa0
Event: 189.988 Thread 0x000001fc6329efa0 Thread exited: 0x000001fc6329efa0
Event: 839.197 Thread 0x000001fc632a07b0 Thread added: 0x000001fc632a07b0
Event: 839.280 Thread 0x000001fc639ad890 Thread added: 0x000001fc639ad890
Event: 839.300 Thread 0x000001fc632a0c80 Thread added: 0x000001fc632a0c80
Event: 840.653 Thread 0x000001fc639ad890 Thread exited: 0x000001fc639ad890
Event: 844.362 Thread 0x000001fc632a0c80 Thread exited: 0x000001fc632a0c80
Event: 845.251 Thread 0x000001fc58669920 flushing nmethod 0x000001fc43bb7690
Event: 850.059 Thread 0x000001fc632a1150 Thread added: 0x000001fc632a1150
Event: 850.161 Thread 0x000001fc6329efa0 Thread added: 0x000001fc6329efa0
Event: 855.207 Thread 0x000001fc6329efa0 Thread exited: 0x000001fc6329efa0
Event: 860.549 Thread 0x000001fc6329efa0 Thread added: 0x000001fc6329efa0
Event: 860.650 Thread 0x000001fc632a0c80 Thread added: 0x000001fc632a0c80
Event: 865.695 Thread 0x000001fc632a0c80 Thread exited: 0x000001fc632a0c80
Event: 1035.595 Thread 0x000001fc6329f940 Thread added: 0x000001fc6329f940
Event: 1035.655 Thread 0x000001fc6329fe10 Thread added: 0x000001fc6329fe10


Dynamic libraries:
0x00007ff647fe0000 - 0x00007ff647fee000 	C:\Users\dkish\.jdks\openjdk-18.0.1.1\bin\java.exe
0x00007ffa627c0000 - 0x00007ffa62a28000 	C:\WINDOWS\SYSTEM32\ntdll.dll
0x00007ffa61950000 - 0x00007ffa61a19000 	C:\WINDOWS\System32\KERNEL32.DLL
0x00007ffa5f9e0000 - 0x00007ffa5fdd2000 	C:\WINDOWS\System32\KERNELBASE.dll
0x00007ffa60000000 - 0x00007ffa6014b000 	C:\WINDOWS\System32\ucrtbase.dll
0x00007ffa577f0000 - 0x00007ffa5780a000 	C:\Users\dkish\.jdks\openjdk-18.0.1.1\bin\VCRUNTIME140.dll
0x00007ffa578c0000 - 0x00007ffa578d7000 	C:\Users\dkish\.jdks\openjdk-18.0.1.1\bin\jli.dll
0x00007ffa62350000 - 0x00007ffa62515000 	C:\WINDOWS\System32\USER32.dll
0x00007ffa5ff10000 - 0x00007ffa5ff37000 	C:\WINDOWS\System32\win32u.dll
0x00007ffa4b2a0000 - 0x00007ffa4b533000 	C:\WINDOWS\WinSxS\amd64_microsoft.windows.common-controls_6595b64144ccf1df_6.0.26100.6899_none_3e0efeeae32e88c1\COMCTL32.dll
0x00007ffa62520000 - 0x00007ffa6254b000 	C:\WINDOWS\System32\GDI32.dll
0x00007ffa621d0000 - 0x00007ffa62279000 	C:\WINDOWS\System32\msvcrt.dll
0x00007ffa5fde0000 - 0x00007ffa5ff0d000 	C:\WINDOWS\System32\gdi32full.dll
0x00007ffa60150000 - 0x00007ffa601f3000 	C:\WINDOWS\System32\msvcp_win.dll
0x00007ffa61bb0000 - 0x00007ffa61bdf000 	C:\WINDOWS\System32\IMM32.DLL
0x00007ffa584d0000 - 0x00007ffa584dc000 	C:\Users\dkish\.jdks\openjdk-18.0.1.1\bin\vcruntime140_1.dll
0x00007ffa32c50000 - 0x00007ffa32cdd000 	C:\Users\dkish\.jdks\openjdk-18.0.1.1\bin\msvcp140.dll
0x00007ff9a99a0000 - 0x00007ff9aa5b0000 	C:\Users\dkish\.jdks\openjdk-18.0.1.1\bin\server\jvm.dll
0x00007ffa60830000 - 0x00007ffa608e4000 	C:\WINDOWS\System32\ADVAPI32.dll
0x00007ffa61a20000 - 0x00007ffa61ac6000 	C:\WINDOWS\System32\sechost.dll
0x00007ffa60710000 - 0x00007ffa60828000 	C:\WINDOWS\System32\RPCRT4.dll
0x00007ffa62280000 - 0x00007ffa62288000 	C:\WINDOWS\System32\PSAPI.DLL
0x00007ffa5a650000 - 0x00007ffa5a65a000 	C:\WINDOWS\SYSTEM32\WSOCK32.dll
0x00007ffa58470000 - 0x00007ffa5847b000 	C:\WINDOWS\SYSTEM32\VERSION.dll
0x00007ffa57ad0000 - 0x00007ffa57b05000 	C:\WINDOWS\SYSTEM32\WINMM.dll
0x00007ffa60650000 - 0x00007ffa606c4000 	C:\WINDOWS\System32\WS2_32.dll
0x00007ffa5e720000 - 0x00007ffa5e73b000 	C:\WINDOWS\SYSTEM32\kernel.appcore.dll
0x00007ffa578b0000 - 0x00007ffa578ba000 	C:\Users\dkish\.jdks\openjdk-18.0.1.1\bin\jimage.dll
0x00007ffa5d1f0000 - 0x00007ffa5d432000 	C:\WINDOWS\SYSTEM32\DBGHELP.DLL
0x00007ffa61e50000 - 0x00007ffa621cb000 	C:\WINDOWS\System32\combase.dll
0x00007ffa61ad0000 - 0x00007ffa61ba7000 	C:\WINDOWS\System32\OLEAUT32.dll
0x00007ffa49a20000 - 0x00007ffa49a5c000 	C:\WINDOWS\SYSTEM32\dbgcore.DLL
0x00007ffa604f0000 - 0x00007ffa60588000 	C:\WINDOWS\System32\bcryptPrimitives.dll
0x00007ffa57770000 - 0x00007ffa5777e000 	C:\Users\dkish\.jdks\openjdk-18.0.1.1\bin\instrument.dll
0x00007ffa51e50000 - 0x00007ffa51e75000 	C:\Users\dkish\.jdks\openjdk-18.0.1.1\bin\java.dll
0x00007ffa12b80000 - 0x00007ffa12c56000 	C:\Users\dkish\.jdks\openjdk-18.0.1.1\bin\jsvml.dll
0x00007ffa60a90000 - 0x00007ffa611dd000 	C:\WINDOWS\System32\SHELL32.dll
0x00007ffa60380000 - 0x00007ffa604eb000 	C:\WINDOWS\System32\wintypes.dll
0x00007ffa5d5e0000 - 0x00007ffa5de3d000 	C:\WINDOWS\SYSTEM32\windows.storage.dll
0x00007ffa62620000 - 0x00007ffa62712000 	C:\WINDOWS\System32\SHCORE.dll
0x00007ffa618e0000 - 0x00007ffa61942000 	C:\WINDOWS\System32\shlwapi.dll
0x00007ffa5f870000 - 0x00007ffa5f899000 	C:\WINDOWS\SYSTEM32\profapi.dll
0x00007ffa4f840000 - 0x00007ffa4f853000 	C:\Users\dkish\.jdks\openjdk-18.0.1.1\bin\net.dll
0x00007ffa57cd0000 - 0x00007ffa57def000 	C:\WINDOWS\SYSTEM32\WINHTTP.dll
0x00007ffa5ec90000 - 0x00007ffa5ecfb000 	C:\WINDOWS\system32\mswsock.dll
0x00007ffa4f800000 - 0x00007ffa4f816000 	C:\Users\dkish\.jdks\openjdk-18.0.1.1\bin\nio.dll
0x00007ffa4f4f0000 - 0x00007ffa4f508000 	C:\Users\dkish\.jdks\openjdk-18.0.1.1\bin\zip.dll
0x00007ffa4ecd0000 - 0x00007ffa4ecea000 	C:\Program Files\JetBrains\IntelliJ IDEA Community Edition 2022.1.1\bin\breakgen64.dll
0x000001fc39390000 - 0x000001fc39393000 	C:\javafx-sdk-17.0.17\bin\api-ms-win-core-console-l1-1-0.dll
0x000001fc393a0000 - 0x000001fc393a3000 	C:\javafx-sdk-17.0.17\bin\api-ms-win-core-console-l1-2-0.dll
0x000001fc393b0000 - 0x000001fc393b3000 	C:\javafx-sdk-17.0.17\bin\api-ms-win-core-datetime-l1-1-0.dll
0x000001fc393c0000 - 0x000001fc393c3000 	C:\javafx-sdk-17.0.17\bin\api-ms-win-core-debug-l1-1-0.dll
0x000001fc393d0000 - 0x000001fc393d3000 	C:\javafx-sdk-17.0.17\bin\api-ms-win-core-errorhandling-l1-1-0.dll
0x000001fc3b2c0000 - 0x000001fc3b2c4000 	C:\javafx-sdk-17.0.17\bin\api-ms-win-core-file-l1-1-0.dll
0x000001fc3b2d0000 - 0x000001fc3b2d3000 	C:\javafx-sdk-17.0.17\bin\api-ms-win-core-file-l1-2-0.dll
0x000001fc3b2e0000 - 0x000001fc3b2e3000 	C:\javafx-sdk-17.0.17\bin\api-ms-win-core-file-l2-1-0.dll
0x000001fc3b2f0000 - 0x000001fc3b2f3000 	C:\javafx-sdk-17.0.17\bin\api-ms-win-core-handle-l1-1-0.dll
0x000001fc3b300000 - 0x000001fc3b303000 	C:\javafx-sdk-17.0.17\bin\api-ms-win-core-heap-l1-1-0.dll
0x000001fc3b310000 - 0x000001fc3b313000 	C:\javafx-sdk-17.0.17\bin\api-ms-win-core-interlocked-l1-1-0.dll
0x000001fc3b320000 - 0x000001fc3b323000 	C:\javafx-sdk-17.0.17\bin\api-ms-win-core-libraryloader-l1-1-0.dll
0x000001fc3b330000 - 0x000001fc3b333000 	C:\javafx-sdk-17.0.17\bin\api-ms-win-core-localization-l1-2-0.dll
0x000001fc3b340000 - 0x000001fc3b343000 	C:\javafx-sdk-17.0.17\bin\api-ms-win-core-memory-l1-1-0.dll
0x000001fc3b350000 - 0x000001fc3b353000 	C:\javafx-sdk-17.0.17\bin\api-ms-win-core-namedpipe-l1-1-0.dll
0x000001fc3b360000 - 0x000001fc3b363000 	C:\javafx-sdk-17.0.17\bin\api-ms-win-core-processenvironment-l1-1-0.dll
0x000001fc3b370000 - 0x000001fc3b373000 	C:\javafx-sdk-17.0.17\bin\api-ms-win-core-processthreads-l1-1-0.dll
0x000001fc3b380000 - 0x000001fc3b383000 	C:\javafx-sdk-17.0.17\bin\api-ms-win-core-processthreads-l1-1-1.dll
0x000001fc587e0000 - 0x000001fc587e3000 	C:\javafx-sdk-17.0.17\bin\api-ms-win-core-profile-l1-1-0.dll
0x000001fc587f0000 - 0x000001fc587f3000 	C:\javafx-sdk-17.0.17\bin\api-ms-win-core-rtlsupport-l1-1-0.dll
0x000001fc5e3d0000 - 0x000001fc5e3d3000 	C:\javafx-sdk-17.0.17\bin\api-ms-win-core-string-l1-1-0.dll
0x000001fc5e3e0000 - 0x000001fc5e3e3000 	C:\javafx-sdk-17.0.17\bin\api-ms-win-core-synch-l1-1-0.dll
0x000001fc5e3f0000 - 0x000001fc5e3f3000 	C:\javafx-sdk-17.0.17\bin\api-ms-win-core-synch-l1-2-0.dll
0x000001fc5e400000 - 0x000001fc5e403000 	C:\javafx-sdk-17.0.17\bin\api-ms-win-core-sysinfo-l1-1-0.dll
0x000001fc5e410000 - 0x000001fc5e413000 	C:\javafx-sdk-17.0.17\bin\api-ms-win-core-timezone-l1-1-0.dll
0x000001fc5e670000 - 0x000001fc5e673000 	C:\javafx-sdk-17.0.17\bin\api-ms-win-core-util-l1-1-0.dll
0x000001fc5e680000 - 0x000001fc5e683000 	C:\javafx-sdk-17.0.17\bin\api-ms-win-crt-conio-l1-1-0.dll
0x000001fc5e690000 - 0x000001fc5e694000 	C:\javafx-sdk-17.0.17\bin\api-ms-win-crt-convert-l1-1-0.dll
0x000001fc5e6a0000 - 0x000001fc5e6a3000 	C:\javafx-sdk-17.0.17\bin\api-ms-win-crt-environment-l1-1-0.dll
0x000001fc5e6b0000 - 0x000001fc5e6b3000 	C:\javafx-sdk-17.0.17\bin\api-ms-win-crt-filesystem-l1-1-0.dll
0x000001fc5e6c0000 - 0x000001fc5e6c3000 	C:\javafx-sdk-17.0.17\bin\api-ms-win-crt-heap-l1-1-0.dll
0x000001fc5e6d0000 - 0x000001fc5e6d3000 	C:\javafx-sdk-17.0.17\bin\api-ms-win-crt-locale-l1-1-0.dll
0x000001fc5e6e0000 - 0x000001fc5e6e5000 	C:\javafx-sdk-17.0.17\bin\api-ms-win-crt-math-l1-1-0.dll
0x000001fc5e6f0000 - 0x000001fc5e6f5000 	C:\javafx-sdk-17.0.17\bin\api-ms-win-crt-multibyte-l1-1-0.dll
0x000001fc5e700000 - 0x000001fc5e710000 	C:\javafx-sdk-17.0.17\bin\api-ms-win-crt-private-l1-1-0.dll
0x000001fc5e550000 - 0x000001fc5e553000 	C:\javafx-sdk-17.0.17\bin\api-ms-win-crt-process-l1-1-0.dll
0x000001fc5e560000 - 0x000001fc5e564000 	C:\javafx-sdk-17.0.17\bin\api-ms-win-crt-runtime-l1-1-0.dll
0x000001fc5e570000 - 0x000001fc5e574000 	C:\javafx-sdk-17.0.17\bin\api-ms-win-crt-stdio-l1-1-0.dll
0x000001fc5e580000 - 0x000001fc5e584000 	C:\javafx-sdk-17.0.17\bin\api-ms-win-crt-string-l1-1-0.dll
0x000001fc5e590000 - 0x000001fc5e593000 	C:\javafx-sdk-17.0.17\bin\api-ms-win-crt-time-l1-1-0.dll
0x000001fc5e5a0000 - 0x000001fc5e5a3000 	C:\javafx-sdk-17.0.17\bin\api-ms-win-crt-utility-l1-1-0.dll
0x00007ff9c4b60000 - 0x00007ff9c4c5c000 	C:\javafx-sdk-17.0.17\bin\ucrtbase.dll
0x00007ffa23f90000 - 0x00007ffa23fab000 	C:\javafx-sdk-17.0.17\bin\vcruntime140.dll
0x00007ffa4f620000 - 0x00007ffa4f62c000 	C:\javafx-sdk-17.0.17\bin\vcruntime140_1.dll
0x00007ff9ab490000 - 0x00007ff9ab51e000 	C:\javafx-sdk-17.0.17\bin\msvcp140.dll
0x00007ffa4f600000 - 0x00007ffa4f609000 	C:\javafx-sdk-17.0.17\bin\msvcp140_1.dll
0x00007ffa16050000 - 0x00007ffa16091000 	C:\javafx-sdk-17.0.17\bin\msvcp140_2.dll
0x00007ffa17290000 - 0x00007ffa172ba000 	C:\javafx-sdk-17.0.17\bin\prism_d3d.dll
0x00007ff9f8690000 - 0x00007ff9f8840000 	C:\WINDOWS\system32\d3d9.dll
0x00007ffa5cb60000 - 0x00007ffa5cb8d000 	C:\WINDOWS\SYSTEM32\dwmapi.dll
0x00007ffa5c970000 - 0x00007ffa5c9b4000 	C:\WINDOWS\SYSTEM32\dxcore.dll
0x00007ffa5c710000 - 0x00007ffa5c7ba000 	C:\WINDOWS\system32\uxtheme.dll
0x00007ffa57b10000 - 0x00007ffa57ccb000 	C:\WINDOWS\System32\DriverStore\FileRepository\u0404276.inf_amd64_b6ae906c9d4ab767\B403905\aticfx64.dll
0x00007ffa00df0000 - 0x00007ffa00e24000 	C:\WINDOWS\System32\DriverStore\FileRepository\u0404276.inf_amd64_b6ae906c9d4ab767\B403905\atiu9p64.dll
0x00007ff9e60a0000 - 0x00007ff9e6de7000 	C:\WINDOWS\System32\DriverStore\FileRepository\u0404276.inf_amd64_b6ae906c9d4ab767\B403905\atiumd64.dll
0x00007ffa608f0000 - 0x00007ffa60a88000 	C:\WINDOWS\System32\ole32.dll
0x00000000641b0000 - 0x00000000650c3000 	C:\WINDOWS\System32\DriverStore\FileRepository\u0404276.inf_amd64_b6ae906c9d4ab767\B403905\atiumd6a.dll
0x00007ffa611e0000 - 0x00007ffa61668000 	C:\WINDOWS\System32\SETUPAPI.dll
0x00007ffa5f7b0000 - 0x00007ffa5f80e000 	C:\WINDOWS\SYSTEM32\POWRPROF.dll
0x00007ffa5f790000 - 0x00007ffa5f7a4000 	C:\WINDOWS\SYSTEM32\UMPDC.dll
0x00007ffa540d0000 - 0x00007ffa54105000 	C:\WINDOWS\SYSTEM32\amdihk64.dll
0x00007ffa59530000 - 0x00007ffa59593000 	C:\WINDOWS\SYSTEM32\directxdatabasehelper.dll
0x00007ffa12de0000 - 0x00007ffa12e22000 	C:\javafx-sdk-17.0.17\bin\glass.dll
0x00007ffa61d50000 - 0x00007ffa61e43000 	C:\WINDOWS\System32\COMDLG32.dll
0x00007ffa61bf0000 - 0x00007ffa61d4b000 	C:\WINDOWS\System32\MSCTF.dll
0x00007ffa561e0000 - 0x00007ffa561e9000 	C:\Users\dkish\.jdks\openjdk-18.0.1.1\bin\management.dll
0x00007ffa523d0000 - 0x00007ffa523db000 	C:\Users\dkish\.jdks\openjdk-18.0.1.1\bin\management_ext.dll
0x00007ffa3d240000 - 0x00007ffa3d258000 	C:\WINDOWS\system32\napinsp.dll
0x00007ffa5e230000 - 0x00007ffa5e356000 	C:\WINDOWS\SYSTEM32\DNSAPI.dll
0x00007ffa5e190000 - 0x00007ffa5e1c4000 	C:\WINDOWS\SYSTEM32\IPHLPAPI.DLL
0x00007ffa618d0000 - 0x00007ffa618da000 	C:\WINDOWS\System32\NSI.dll
0x00007ffa3c180000 - 0x00007ffa3c192000 	C:\WINDOWS\System32\winrnr.dll
0x00007ffa3c150000 - 0x00007ffa3c178000 	C:\WINDOWS\system32\nlansp_c.dll
0x00007ffa3c130000 - 0x00007ffa3c146000 	C:\WINDOWS\system32\wshbth.dll
0x00007ffa52710000 - 0x00007ffa5271b000 	C:\Windows\System32\rasadhlp.dll
0x00007ffa53dd0000 - 0x00007ffa53e56000 	C:\WINDOWS\System32\fwpuclnt.dll
0x00007ffa57620000 - 0x00007ffa57630000 	C:\Users\dkish\.jdks\openjdk-18.0.1.1\bin\verify.dll
0x00007ffa12dc0000 - 0x00007ffa12dd5000 	C:\javafx-sdk-17.0.17\bin\javafx_font.dll
0x00007ffa5af80000 - 0x00007ffa5b1e7000 	C:\WINDOWS\SYSTEM32\dwrite.dll
0x00007ffa127b0000 - 0x00007ffa127d2000 	D:\Pragadeesh_D\Project\NeuraSys\02_C_Source\Windows\FileMonitor.dll

dbghelp: loaded successfully - version: 4.0.5 - missing functions: none
symbol engine: initialized successfully - sym options: 0x614 - pdb path: .;C:\Users\dkish\.jdks\openjdk-18.0.1.1\bin;C:\WINDOWS\SYSTEM32;C:\WINDOWS\WinSxS\amd64_microsoft.windows.common-controls_6595b64144ccf1df_6.0.26100.6899_none_3e0efeeae32e88c1;C:\Users\dkish\.jdks\openjdk-18.0.1.1\bin\server;C:\Program Files\JetBrains\IntelliJ IDEA Community Edition 2022.1.1\bin;C:\javafx-sdk-17.0.17\bin;C:\WINDOWS\System32\DriverStore\FileRepository\u0404276.inf_amd64_b6ae906c9d4ab767\B403905;D:\Pragadeesh_D\Project\NeuraSys\02_C_Source\Windows;C:\Program Files\Common Files\Microsoft Shared\Ink

VM Arguments:
jvm_args: --module-path=C:/javafx-sdk-17.0.17/lib --add-modules=javafx.controls,javafx.fxml -Djava.library.path=D:/Pragadeesh_D/Project/Neurasys/02_C_Source/Windows -javaagent:C:\Program Files\JetBrains\IntelliJ IDEA Community Edition 2022.1.1\lib\idea_rt.jar=54735:C:\Program Files\JetBrains\IntelliJ IDEA Community Edition 2022.1.1\bin -Dfile.encoding=UTF-8 
java_command: com.neurasys.Main
java_class_path (initial): D:\Pragadeesh_D\Project\NeuraSys\target\classes;C:\Users\dkish\.m2\repository\org\openjfx\javafx-controls\18.0.1\javafx-controls-18.0.1.jar;C:\Users\dkish\.m2\repository\org\openjfx\javafx-controls\18.0.1\javafx-controls-18.0.1-win.jar;C:\Users\dkish\.m2\repository\org\openjfx\javafx-graphics\18.0.1\javafx-graphics-18.0.1.jar;C:\Users\dkish\.m2\repository\org\openjfx\javafx-graphics\18.0.1\javafx-graphics-18.0.1-win.jar;C:\Users\dkish\.m2\repository\org\openjfx\javafx-base\18.0.1\javafx-base-18.0.1.jar;C:\Users\dkish\.m2\repository\org\openjfx\javafx-base\18.0.1\javafx-base-18.0.1-win.jar;C:\Users\dkish\.m2\repository\org\openjfx\javafx-fxml\18.0.1\javafx-fxml-18.0.1.jar;C:\Users\dkish\.m2\repository\org\openjfx\javafx-fxml\18.0.1\javafx-fxml-18.0.1-win.jar;C:\Users\dkish\.m2\repository\com\mysql\mysql-connector-j\8.0.33\mysql-connector-j-8.0.33.jar;C:\Users\dkish\.m2\repository\com\google\protobuf\protobuf-java\3.21.9\protobuf-java-3.21.9.jar;C:\Users\dkish\.m2\repository\com\zaxxer\HikariCP\5.1.0\HikariCP-5.1.0.jar;C:\Users\dkish\.m2\repository\org\slf4j\slf4j-api\1.7.36\slf4j-api-1.7.36.jar;C:\Users\dkish\.m2\repository\commons-io\commons-io\2.15.1\commons-io-2.15.1.jar;C:\Users\dkish\.m2\repository\org\apache\commons\commons-compress\1.25.0\commons-compress-1.25.0.jar;C:\Users\dkish\.m2\repository\org\apache\logging\log4j\log4j-api\2.22.0\log4j-api-2.22.0.jar;C:\Users\dkish\.m2\repository\org\apache\logging\log4j\log4j-core\2.22.0\log4j-core-2.22.0.jar;C:\Users\dkish\.m2\repository\com\google\code\gson\gson\2.10.1\gson-2.10.1.jar;C:\Users\dkish\.m2\repository\org\apache\logging\log4j\log4j-slf4j-impl\2.22.0\log4j-slf4j-impl-2.22.0.jar
Launcher Type: SUN_STANDARD

[Global flags]
     intx CICompilerCount                          = 4                                         {product} {ergonomic}
     uint ConcGCThreads                            = 3                                         {product} {ergonomic}
     uint G1ConcRefinementThreads                  = 10                                        {product} {ergonomic}
   size_t G1HeapRegionSize                         = 1048576                                   {product} {ergonomic}
    uintx GCDrainStackTargetSize                   = 64                                        {product} {ergonomic}
   size_t InitialHeapSize                          = 98566144                                  {product} {ergonomic}
   size_t MarkStackSize                            = 4194304                                   {product} {ergonomic}
   size_t MaxHeapSize                              = 1574961152                                {product} {ergonomic}
   size_t MaxNewSize                               = 944766976                                 {product} {ergonomic}
   size_t MinHeapDeltaBytes                        = 1048576                                   {product} {ergonomic}
   size_t MinHeapSize                              = 8388608                                   {product} {ergonomic}
    uintx NonNMethodCodeHeapSize                   = 5839372                                {pd product} {ergonomic}
    uintx NonProfiledCodeHeapSize                  = 122909434                              {pd product} {ergonomic}
    uintx ProfiledCodeHeapSize                     = 122909434                              {pd product} {ergonomic}
    uintx ReservedCodeCacheSize                    = 251658240                              {pd product} {ergonomic}
     bool SegmentedCodeCache                       = true                                      {product} {ergonomic}
   size_t SoftMaxHeapSize                          = 1574961152                             {manageable} {ergonomic}
     bool UseCompressedClassPointers               = true                           {product lp64_product} {ergonomic}
     bool UseCompressedOops                        = true                           {product lp64_product} {ergonomic}
     bool UseG1GC                                  = true                                      {product} {ergonomic}
     bool UseLargePagesIndividualAllocation        = false                                  {pd product} {ergonomic}

Logging:
Log output configuration:
 #0: stdout all=warning uptime,level,tags foldmultilines=false
 #1: stderr all=off uptime,level,tags foldmultilines=false

Environment Variables:
JAVA_HOME=C:\Users\dkish\.jdks\openjdk-18.0.1.1
PATH=C:\Users\dkish\.jdks\openjdk-18.0.1.1\bin;C:\Program Files (x86)\Common Files\Oracle\Java\javapath;C:\oracle\product\10.2.0\db_1\bin;C:\Program Files\Common Files\Oracle\Java\javapath;C:\WINDOWS\system32;C:\WINDOWS;C:\WINDOWS\System32\Wbem;C:\WINDOWS\System32\WindowsPowerShell\v1.0\;C:\WINDOWS\System32\OpenSSH\;C:\Program Files\Java\jdk-18.0.1.1\bin;C:\Program Files\Git\cmd;C:\Program Files\nodejs\;C:\Program Files\apache-maven-3.9.11\bin;C:\Program Files\MySQL\MySQL Server 8.0\bin;C:\Program Files\mingw64\x86_64-w64-mingw32\bin;C:\Users\dkish\AppData\Local\Programs\Python\Python312\Scripts\;C:\Users\dkish\AppData\Local\Programs\Python\Python312\;C:\Users\dkish\AppData\Local\Programs\Python\Launcher\;C:\Program Files\MySQL\MySQL Shell 8.0\bin\;C:\Users\dkish\AppData\Local\Microsoft\WindowsApps;C:\Users\dkish\AppData\Local\Programs\Microsoft VS Code\bin;C:\Users\dkish\AppData\Roaming\npm;C:\Users\dkish\AppData\Local\GitHubDesktop\bin;C:\Users\dkish\AppData\Local\Programs\cursor\resources\app\bin;C:\msys64\ucrt64\bin;
USERNAME=dkish
OS=Windows_NT
PROCESSOR_IDENTIFIER=AMD64 Family 23 Model 104 Stepping 1, AuthenticAMD



---------------  S Y S T E M  ---------------

OS:
 Windows 11 , 64 bit Build 26100 (10.0.26100.6725)
OS uptime: 20 days 7:31 hours

CPU: total 12 (initial active 12) (12 cores per cpu, 2 threads per core) family 23 model 104 stepping 1 microcode 0x8608103, cx8, cmov, fxsr, ht, mmx, 3dnowpref, sse, sse2, sse3, ssse3, sse4a, sse4.1, sse4.2, popcnt, lzcnt, tsc, tscinvbit, avx, avx2, aes, clmul, bmi1, bmi2, adx, sha, fma, vzeroupper, clflush, clflushopt

Memory: 4k page, system-wide physical 6005M (1022M free)
TotalPageFile size 23815M (AvailPageFile size 7919M)
current process WorkingSet (physical memory assigned to process): 165M, peak: 214M
current process commit charge ("private bytes"): 345M, peak: 345M

vm_info: OpenJDK 64-Bit Server VM (18.0.1.1+2-6) for windows-amd64 JRE (18.0.1.1+2-6), built on Apr 25 2022 21:50:56 by "mach5one" with MS VC++ 16.8 / 16.9 (VS2019)

END.
