2025-11-07 19:17:13.500 [JavaFX Application Thread] INFO  com.neurasys.service.DatabaseManager - Initializing hybrid database...
2025-11-07 19:17:13.977 [JavaFX Application Thread] INFO  com.neurasys.service.DatabaseManager - ✓ Database connection successful
2025-11-07 19:17:13.998 [JavaFX Application Thread] INFO  com.neurasys.service.DatabaseManager - ✓ Hybrid database initialized
2025-11-07 19:17:15.552 [JavaFX Application Thread] INFO  com.neurasys.controller.MainController - Initializing MainController (Hybrid Version)...
2025-11-07 19:17:15.611 [JavaFX Application Thread] INFO  com.neurasys.bridge.NativeFileMonitor - ✓ Native FileMonitor.dll loaded successfully (v14.2.0 - MSYS2 GCC)
2025-11-07 19:17:15.613 [JavaFX Application Thread] INFO  com.neurasys.controller.MainController - Native monitor status: ✓ Ready
2025-11-07 19:17:15.614 [JavaFX Application Thread] INFO  com.neurasys.service.DatabaseManager - Initializing hybrid database...
2025-11-07 19:17:15.630 [JavaFX Application Thread] INFO  com.neurasys.service.DatabaseManager - ✓ Database connection successful
2025-11-07 19:17:15.630 [JavaFX Application Thread] INFO  com.neurasys.service.DatabaseManager - ✓ Hybrid database initialized
2025-11-07 19:17:15.630 [JavaFX Application Thread] INFO  com.neurasys.controller.MainController - ✓ Initial database connection successful
2025-11-07 19:17:15.630 [JavaFX Application Thread] INFO  com.neurasys.service.DatabaseManager - Executing query: SELECT id, path_name, path_location, backup_location, path_type, monitor_method, enabled FROM monitor_paths
2025-11-07 19:17:15.679 [JavaFX Application Thread] ERROR com.neurasys.service.DatabaseManager - Failed to load monitor paths from database
java.sql.SQLSyntaxErrorException: Unknown column 'enabled' in 'field list'
	at com.mysql.cj.jdbc.exceptions.SQLError.createSQLException(SQLError.java:121) ~[mysql-connector-j-8.0.33.jar:8.0.33]
	at com.mysql.cj.jdbc.exceptions.SQLExceptionsMapping.translateException(SQLExceptionsMapping.java:122) ~[mysql-connector-j-8.0.33.jar:8.0.33]
	at com.mysql.cj.jdbc.ClientPreparedStatement.executeInternal(ClientPreparedStatement.java:916) ~[mysql-connector-j-8.0.33.jar:8.0.33]
	at com.mysql.cj.jdbc.ClientPreparedStatement.executeQuery(ClientPreparedStatement.java:972) ~[mysql-connector-j-8.0.33.jar:8.0.33]
	at com.zaxxer.hikari.pool.ProxyPreparedStatement.executeQuery(ProxyPreparedStatement.java:52) ~[HikariCP-5.1.0.jar:?]
	at com.zaxxer.hikari.pool.HikariProxyPreparedStatement.executeQuery(HikariProxyPreparedStatement.java) ~[HikariCP-5.1.0.jar:?]
	at com.neurasys.service.DatabaseManager.getAllMonitorPaths(DatabaseManager.java:111) ~[classes/:?]
	at com.neurasys.controller.MainController.initialize(MainController.java:156) ~[classes/:?]
	at java.base/jdk.internal.reflect.DirectMethodHandleAccessor.invoke(DirectMethodHandleAccessor.java:104) ~[?:?]
	at java.base/java.lang.reflect.Method.invoke(Method.java:577) ~[?:?]
	at com.sun.javafx.reflect.Trampoline.invoke(MethodUtil.java:77) ~[javafx.base.jar:?]
	at java.base/jdk.internal.reflect.DirectMethodHandleAccessor.invoke(DirectMethodHandleAccessor.java:104) ~[?:?]
	at java.base/java.lang.reflect.Method.invoke(Method.java:577) ~[?:?]
	at javafx.base/com.sun.javafx.reflect.MethodUtil.invoke(MethodUtil.java:275) ~[javafx.base.jar:?]
	at javafx.fxml/com.sun.javafx.fxml.MethodHelper.invoke(MethodHelper.java:84) ~[javafx.fxml.jar:?]
	at javafx.fxml/javafx.fxml.FXMLLoader.loadImpl(FXMLLoader.java:2680) ~[javafx.fxml.jar:?]
	at javafx.fxml/javafx.fxml.FXMLLoader.loadImpl(FXMLLoader.java:2555) ~[javafx.fxml.jar:?]
	at javafx.fxml/javafx.fxml.FXMLLoader.load(FXMLLoader.java:2523) ~[javafx.fxml.jar:?]
	at com.neurasys.Main.loadFXML(Main.java:38) ~[classes/:?]
	at com.neurasys.Main.start(Main.java:25) ~[classes/:?]
	at javafx.graphics/com.sun.javafx.application.LauncherImpl.lambda$launchApplication1$9(LauncherImpl.java:847) ~[javafx.graphics.jar:?]
	at javafx.graphics/com.sun.javafx.application.PlatformImpl.lambda$runAndWait$12(PlatformImpl.java:484) ~[javafx.graphics.jar:?]
	at javafx.graphics/com.sun.javafx.application.PlatformImpl.lambda$runLater$10(PlatformImpl.java:457) ~[javafx.graphics.jar:?]
	at java.base/java.security.AccessController.doPrivileged(AccessController.java:399) ~[?:?]
	at javafx.graphics/com.sun.javafx.application.PlatformImpl.lambda$runLater$11(PlatformImpl.java:456) ~[javafx.graphics.jar:?]
	at javafx.graphics/com.sun.glass.ui.InvokeLaterDispatcher$Future.run(InvokeLaterDispatcher.java:96) ~[javafx.graphics.jar:?]
	at javafx.graphics/com.sun.glass.ui.win.WinApplication._runLoop(Native Method) ~[javafx.graphics.jar:?]
	at javafx.graphics/com.sun.glass.ui.win.WinApplication.lambda$runLoop$3(WinApplication.java:184) ~[javafx.graphics.jar:?]
	at java.base/java.lang.Thread.run(Thread.java:833) [?:?]
2025-11-07 19:17:15.699 [JavaFX Application Thread] WARN  com.neurasys.controller.MainController - Could not load monitor paths: Unknown column 'enabled' in 'field list'
2025-11-07 19:19:38.499 [JavaFX Application Thread] INFO  com.neurasys.service.DatabaseManager - Initializing hybrid database...
2025-11-07 19:19:38.862 [JavaFX Application Thread] INFO  com.neurasys.service.DatabaseManager - ✓ Database connection successful
2025-11-07 19:19:38.881 [JavaFX Application Thread] INFO  com.neurasys.service.DatabaseManager - ✓ Hybrid database initialized
2025-11-07 19:19:39.464 [JavaFX Application Thread] INFO  com.neurasys.controller.MainController - Initializing MainController (Hybrid Version)...
2025-11-07 19:19:39.467 [JavaFX Application Thread] INFO  com.neurasys.bridge.NativeFileMonitor - ✓ Native FileMonitor.dll loaded successfully (v14.2.0 - MSYS2 GCC)
2025-11-07 19:19:39.468 [JavaFX Application Thread] INFO  com.neurasys.controller.MainController - Native monitor status: ✓ Ready
2025-11-07 19:19:39.469 [JavaFX Application Thread] INFO  com.neurasys.service.DatabaseManager - Initializing hybrid database...
2025-11-07 19:19:39.484 [JavaFX Application Thread] INFO  com.neurasys.service.DatabaseManager - ✓ Database connection successful
2025-11-07 19:19:39.485 [JavaFX Application Thread] INFO  com.neurasys.service.DatabaseManager - ✓ Hybrid database initialized
2025-11-07 19:19:39.485 [JavaFX Application Thread] INFO  com.neurasys.controller.MainController - ✓ Initial database connection successful
2025-11-07 19:19:39.485 [JavaFX Application Thread] INFO  com.neurasys.service.DatabaseManager - Executing query: SELECT id, path_name, path_location, backup_location, path_type, monitor_method, enabled FROM monitor_paths
2025-11-07 19:19:39.537 [JavaFX Application Thread] ERROR com.neurasys.service.DatabaseManager - Failed to load monitor paths from database
java.sql.SQLSyntaxErrorException: Unknown column 'enabled' in 'field list'
	at com.mysql.cj.jdbc.exceptions.SQLError.createSQLException(SQLError.java:121) ~[mysql-connector-j-8.0.33.jar:8.0.33]
	at com.mysql.cj.jdbc.exceptions.SQLExceptionsMapping.translateException(SQLExceptionsMapping.java:122) ~[mysql-connector-j-8.0.33.jar:8.0.33]
	at com.mysql.cj.jdbc.ClientPreparedStatement.executeInternal(ClientPreparedStatement.java:916) ~[mysql-connector-j-8.0.33.jar:8.0.33]
	at com.mysql.cj.jdbc.ClientPreparedStatement.executeQuery(ClientPreparedStatement.java:972) ~[mysql-connector-j-8.0.33.jar:8.0.33]
	at com.zaxxer.hikari.pool.ProxyPreparedStatement.executeQuery(ProxyPreparedStatement.java:52) ~[HikariCP-5.1.0.jar:?]
	at com.zaxxer.hikari.pool.HikariProxyPreparedStatement.executeQuery(HikariProxyPreparedStatement.java) ~[HikariCP-5.1.0.jar:?]
	at com.neurasys.service.DatabaseManager.getAllMonitorPaths(DatabaseManager.java:111) ~[classes/:?]
	at com.neurasys.controller.MainController.initialize(MainController.java:156) ~[classes/:?]
	at java.base/jdk.internal.reflect.DirectMethodHandleAccessor.invoke(DirectMethodHandleAccessor.java:104) ~[?:?]
	at java.base/java.lang.reflect.Method.invoke(Method.java:577) ~[?:?]
	at com.sun.javafx.reflect.Trampoline.invoke(MethodUtil.java:77) ~[javafx.base.jar:?]
	at java.base/jdk.internal.reflect.DirectMethodHandleAccessor.invoke(DirectMethodHandleAccessor.java:104) ~[?:?]
	at java.base/java.lang.reflect.Method.invoke(Method.java:577) ~[?:?]
	at javafx.base/com.sun.javafx.reflect.MethodUtil.invoke(MethodUtil.java:275) ~[javafx.base.jar:?]
	at javafx.fxml/com.sun.javafx.fxml.MethodHelper.invoke(MethodHelper.java:84) ~[javafx.fxml.jar:?]
	at javafx.fxml/javafx.fxml.FXMLLoader.loadImpl(FXMLLoader.java:2680) ~[javafx.fxml.jar:?]
	at javafx.fxml/javafx.fxml.FXMLLoader.loadImpl(FXMLLoader.java:2555) ~[javafx.fxml.jar:?]
	at javafx.fxml/javafx.fxml.FXMLLoader.load(FXMLLoader.java:2523) ~[javafx.fxml.jar:?]
	at com.neurasys.Main.loadFXML(Main.java:38) ~[classes/:?]
	at com.neurasys.Main.start(Main.java:25) ~[classes/:?]
	at javafx.graphics/com.sun.javafx.application.LauncherImpl.lambda$launchApplication1$9(LauncherImpl.java:847) ~[javafx.graphics.jar:?]
	at javafx.graphics/com.sun.javafx.application.PlatformImpl.lambda$runAndWait$12(PlatformImpl.java:484) ~[javafx.graphics.jar:?]
	at javafx.graphics/com.sun.javafx.application.PlatformImpl.lambda$runLater$10(PlatformImpl.java:457) ~[javafx.graphics.jar:?]
	at java.base/java.security.AccessController.doPrivileged(AccessController.java:399) ~[?:?]
	at javafx.graphics/com.sun.javafx.application.PlatformImpl.lambda$runLater$11(PlatformImpl.java:456) ~[javafx.graphics.jar:?]
	at javafx.graphics/com.sun.glass.ui.InvokeLaterDispatcher$Future.run(InvokeLaterDispatcher.java:96) ~[javafx.graphics.jar:?]
	at javafx.graphics/com.sun.glass.ui.win.WinApplication._runLoop(Native Method) ~[javafx.graphics.jar:?]
	at javafx.graphics/com.sun.glass.ui.win.WinApplication.lambda$runLoop$3(WinApplication.java:184) ~[javafx.graphics.jar:?]
	at java.base/java.lang.Thread.run(Thread.java:833) [?:?]
2025-11-07 19:19:39.552 [JavaFX Application Thread] WARN  com.neurasys.controller.MainController - Could not load monitor paths: Unknown column 'enabled' in 'field list'
2025-11-07 19:19:39.656 [JavaFX Application Thread] INFO  com.neurasys.controller.MainController - ✓ Logs table refreshed: 98 entries
2025-11-07 19:19:39.657 [JavaFX Application Thread] INFO  com.neurasys.controller.MainController - ✓ MainController initialized (Hybrid mode)
2025-11-07 19:19:39.707 [JavaFX Application Thread] INFO  com.neurasys.service.DatabaseManager - ✓ Backup stats loaded: 40 files, 51 B original, 0.0% savings
2025-11-07 19:28:46.292 [JavaFX Application Thread] INFO  com.neurasys.service.DatabaseManager - Initializing hybrid database...
2025-11-07 19:28:46.625 [JavaFX Application Thread] INFO  com.neurasys.service.DatabaseManager - ✓ Database connection successful
2025-11-07 19:28:46.639 [JavaFX Application Thread] INFO  com.neurasys.service.DatabaseManager - ✓ Hybrid database initialized
2025-11-07 19:28:47.210 [JavaFX Application Thread] INFO  com.neurasys.controller.MainController - Initializing MainController (Hybrid Version)...
2025-11-07 19:28:47.214 [JavaFX Application Thread] INFO  com.neurasys.bridge.NativeFileMonitor - ✓ Native FileMonitor.dll loaded successfully (v14.2.0 - MSYS2 GCC)
2025-11-07 19:28:47.216 [JavaFX Application Thread] INFO  com.neurasys.controller.MainController - Native monitor status: ✓ Ready
2025-11-07 19:28:47.216 [JavaFX Application Thread] INFO  com.neurasys.service.DatabaseManager - Initializing hybrid database...
2025-11-07 19:28:47.227 [JavaFX Application Thread] INFO  com.neurasys.service.DatabaseManager - ✓ Database connection successful
2025-11-07 19:28:47.227 [JavaFX Application Thread] INFO  com.neurasys.service.DatabaseManager - ✓ Hybrid database initialized
2025-11-07 19:28:47.227 [JavaFX Application Thread] INFO  com.neurasys.controller.MainController - ✓ Initial database connection successful
2025-11-07 19:28:47.227 [JavaFX Application Thread] INFO  com.neurasys.service.DatabaseManager - Executing query: SELECT id, path_name, path_location, backup_location, path_type, monitor_method, enabled FROM monitor_paths
2025-11-07 19:28:47.268 [JavaFX Application Thread] ERROR com.neurasys.service.DatabaseManager - Failed to load monitor paths from database
java.sql.SQLSyntaxErrorException: Unknown column 'enabled' in 'field list'
	at com.mysql.cj.jdbc.exceptions.SQLError.createSQLException(SQLError.java:121) ~[mysql-connector-j-8.0.33.jar:8.0.33]
	at com.mysql.cj.jdbc.exceptions.SQLExceptionsMapping.translateException(SQLExceptionsMapping.java:122) ~[mysql-connector-j-8.0.33.jar:8.0.33]
	at com.mysql.cj.jdbc.ClientPreparedStatement.executeInternal(ClientPreparedStatement.java:916) ~[mysql-connector-j-8.0.33.jar:8.0.33]
	at com.mysql.cj.jdbc.ClientPreparedStatement.executeQuery(ClientPreparedStatement.java:972) ~[mysql-connector-j-8.0.33.jar:8.0.33]
	at com.zaxxer.hikari.pool.ProxyPreparedStatement.executeQuery(ProxyPreparedStatement.java:52) ~[HikariCP-5.1.0.jar:?]
	at com.zaxxer.hikari.pool.HikariProxyPreparedStatement.executeQuery(HikariProxyPreparedStatement.java) ~[HikariCP-5.1.0.jar:?]
	at com.neurasys.service.DatabaseManager.getAllMonitorPaths(DatabaseManager.java:111) ~[classes/:?]
	at com.neurasys.controller.MainController.initialize(MainController.java:156) ~[classes/:?]
	at java.base/jdk.internal.reflect.DirectMethodHandleAccessor.invoke(DirectMethodHandleAccessor.java:104) ~[?:?]
	at java.base/java.lang.reflect.Method.invoke(Method.java:577) ~[?:?]
	at com.sun.javafx.reflect.Trampoline.invoke(MethodUtil.java:77) ~[javafx.base.jar:?]
	at java.base/jdk.internal.reflect.DirectMethodHandleAccessor.invoke(DirectMethodHandleAccessor.java:104) ~[?:?]
	at java.base/java.lang.reflect.Method.invoke(Method.java:577) ~[?:?]
	at javafx.base/com.sun.javafx.reflect.MethodUtil.invoke(MethodUtil.java:275) ~[javafx.base.jar:?]
	at javafx.fxml/com.sun.javafx.fxml.MethodHelper.invoke(MethodHelper.java:84) ~[javafx.fxml.jar:?]
	at javafx.fxml/javafx.fxml.FXMLLoader.loadImpl(FXMLLoader.java:2680) ~[javafx.fxml.jar:?]
	at javafx.fxml/javafx.fxml.FXMLLoader.loadImpl(FXMLLoader.java:2555) ~[javafx.fxml.jar:?]
	at javafx.fxml/javafx.fxml.FXMLLoader.load(FXMLLoader.java:2523) ~[javafx.fxml.jar:?]
	at com.neurasys.Main.loadFXML(Main.java:38) ~[classes/:?]
	at com.neurasys.Main.start(Main.java:25) ~[classes/:?]
	at javafx.graphics/com.sun.javafx.application.LauncherImpl.lambda$launchApplication1$9(LauncherImpl.java:847) ~[javafx.graphics.jar:?]
	at javafx.graphics/com.sun.javafx.application.PlatformImpl.lambda$runAndWait$12(PlatformImpl.java:484) ~[javafx.graphics.jar:?]
	at javafx.graphics/com.sun.javafx.application.PlatformImpl.lambda$runLater$10(PlatformImpl.java:457) ~[javafx.graphics.jar:?]
	at java.base/java.security.AccessController.doPrivileged(AccessController.java:399) ~[?:?]
	at javafx.graphics/com.sun.javafx.application.PlatformImpl.lambda$runLater$11(PlatformImpl.java:456) ~[javafx.graphics.jar:?]
	at javafx.graphics/com.sun.glass.ui.InvokeLaterDispatcher$Future.run(InvokeLaterDispatcher.java:96) ~[javafx.graphics.jar:?]
	at javafx.graphics/com.sun.glass.ui.win.WinApplication._runLoop(Native Method) ~[javafx.graphics.jar:?]
	at javafx.graphics/com.sun.glass.ui.win.WinApplication.lambda$runLoop$3(WinApplication.java:184) ~[javafx.graphics.jar:?]
	at java.base/java.lang.Thread.run(Thread.java:833) [?:?]
2025-11-07 19:28:47.283 [JavaFX Application Thread] WARN  com.neurasys.controller.MainController - Could not load monitor paths: Unknown column 'enabled' in 'field list'
2025-11-07 19:28:47.354 [JavaFX Application Thread] INFO  com.neurasys.controller.MainController - ✓ Logs table refreshed: 98 entries
2025-11-07 19:28:47.355 [JavaFX Application Thread] INFO  com.neurasys.controller.MainController - ✓ MainController initialized (Hybrid mode)
2025-11-07 19:28:47.389 [JavaFX Application Thread] INFO  com.neurasys.service.DatabaseManager - ✓ Backup stats loaded: 40 files, 51 B original, 0.0% savings
2025-11-07 19:30:59.683 [JavaFX Application Thread] INFO  com.neurasys.service.DatabaseManager - Initializing hybrid database...
2025-11-07 19:30:59.986 [JavaFX Application Thread] INFO  com.neurasys.service.DatabaseManager - ✓ Database connection successful
2025-11-07 19:31:00.003 [JavaFX Application Thread] INFO  com.neurasys.service.DatabaseManager - ✓ Hybrid database initialized
2025-11-07 19:31:00.524 [JavaFX Application Thread] INFO  com.neurasys.controller.MainController - Initializing MainController (Hybrid Version)...
2025-11-07 19:31:00.527 [JavaFX Application Thread] INFO  com.neurasys.bridge.NativeFileMonitor - ✓ Native FileMonitor.dll loaded successfully (v14.2.0 - MSYS2 GCC)
2025-11-07 19:31:00.529 [JavaFX Application Thread] INFO  com.neurasys.controller.MainController - Native monitor status: ✓ Ready
2025-11-07 19:31:00.529 [JavaFX Application Thread] INFO  com.neurasys.service.DatabaseManager - Initializing hybrid database...
2025-11-07 19:31:00.538 [JavaFX Application Thread] INFO  com.neurasys.service.DatabaseManager - ✓ Database connection successful
2025-11-07 19:31:00.538 [JavaFX Application Thread] INFO  com.neurasys.service.DatabaseManager - ✓ Hybrid database initialized
2025-11-07 19:31:00.538 [JavaFX Application Thread] INFO  com.neurasys.controller.MainController - ✓ Initial database connection successful
2025-11-07 19:31:00.539 [JavaFX Application Thread] INFO  com.neurasys.service.DatabaseManager - Executing query: SELECT id, path_name, path_location, backup_location, path_type, monitor_method, enabled FROM monitor_paths
2025-11-07 19:31:00.578 [JavaFX Application Thread] ERROR com.neurasys.service.DatabaseManager - Failed to load monitor paths from database
java.sql.SQLSyntaxErrorException: Unknown column 'enabled' in 'field list'
	at com.mysql.cj.jdbc.exceptions.SQLError.createSQLException(SQLError.java:121) ~[mysql-connector-j-8.0.33.jar:8.0.33]
	at com.mysql.cj.jdbc.exceptions.SQLExceptionsMapping.translateException(SQLExceptionsMapping.java:122) ~[mysql-connector-j-8.0.33.jar:8.0.33]
	at com.mysql.cj.jdbc.ClientPreparedStatement.executeInternal(ClientPreparedStatement.java:916) ~[mysql-connector-j-8.0.33.jar:8.0.33]
	at com.mysql.cj.jdbc.ClientPreparedStatement.executeQuery(ClientPreparedStatement.java:972) ~[mysql-connector-j-8.0.33.jar:8.0.33]
	at com.zaxxer.hikari.pool.ProxyPreparedStatement.executeQuery(ProxyPreparedStatement.java:52) ~[HikariCP-5.1.0.jar:?]
	at com.zaxxer.hikari.pool.HikariProxyPreparedStatement.executeQuery(HikariProxyPreparedStatement.java) ~[HikariCP-5.1.0.jar:?]
	at com.neurasys.service.DatabaseManager.getAllMonitorPaths(DatabaseManager.java:111) ~[classes/:?]
	at com.neurasys.controller.MainController.initialize(MainController.java:156) ~[classes/:?]
	at java.base/jdk.internal.reflect.DirectMethodHandleAccessor.invoke(DirectMethodHandleAccessor.java:104) ~[?:?]
	at java.base/java.lang.reflect.Method.invoke(Method.java:577) ~[?:?]
	at com.sun.javafx.reflect.Trampoline.invoke(MethodUtil.java:77) ~[javafx.base.jar:?]
	at java.base/jdk.internal.reflect.DirectMethodHandleAccessor.invoke(DirectMethodHandleAccessor.java:104) ~[?:?]
	at java.base/java.lang.reflect.Method.invoke(Method.java:577) ~[?:?]
	at javafx.base/com.sun.javafx.reflect.MethodUtil.invoke(MethodUtil.java:275) ~[javafx.base.jar:?]
	at javafx.fxml/com.sun.javafx.fxml.MethodHelper.invoke(MethodHelper.java:84) ~[javafx.fxml.jar:?]
	at javafx.fxml/javafx.fxml.FXMLLoader.loadImpl(FXMLLoader.java:2680) ~[javafx.fxml.jar:?]
	at javafx.fxml/javafx.fxml.FXMLLoader.loadImpl(FXMLLoader.java:2555) ~[javafx.fxml.jar:?]
	at javafx.fxml/javafx.fxml.FXMLLoader.load(FXMLLoader.java:2523) ~[javafx.fxml.jar:?]
	at com.neurasys.Main.loadFXML(Main.java:38) ~[classes/:?]
	at com.neurasys.Main.start(Main.java:25) ~[classes/:?]
	at javafx.graphics/com.sun.javafx.application.LauncherImpl.lambda$launchApplication1$9(LauncherImpl.java:847) ~[javafx.graphics.jar:?]
	at javafx.graphics/com.sun.javafx.application.PlatformImpl.lambda$runAndWait$12(PlatformImpl.java:484) ~[javafx.graphics.jar:?]
	at javafx.graphics/com.sun.javafx.application.PlatformImpl.lambda$runLater$10(PlatformImpl.java:457) ~[javafx.graphics.jar:?]
	at java.base/java.security.AccessController.doPrivileged(AccessController.java:399) ~[?:?]
	at javafx.graphics/com.sun.javafx.application.PlatformImpl.lambda$runLater$11(PlatformImpl.java:456) ~[javafx.graphics.jar:?]
	at javafx.graphics/com.sun.glass.ui.InvokeLaterDispatcher$Future.run(InvokeLaterDispatcher.java:96) ~[javafx.graphics.jar:?]
	at javafx.graphics/com.sun.glass.ui.win.WinApplication._runLoop(Native Method) ~[javafx.graphics.jar:?]
	at javafx.graphics/com.sun.glass.ui.win.WinApplication.lambda$runLoop$3(WinApplication.java:184) ~[javafx.graphics.jar:?]
	at java.base/java.lang.Thread.run(Thread.java:833) [?:?]
2025-11-07 19:31:00.590 [JavaFX Application Thread] WARN  com.neurasys.controller.MainController - Could not load monitor paths: Unknown column 'enabled' in 'field list'
2025-11-07 19:31:00.671 [JavaFX Application Thread] INFO  com.neurasys.controller.MainController - ✓ Logs table refreshed: 98 entries
2025-11-07 19:31:00.672 [JavaFX Application Thread] INFO  com.neurasys.controller.MainController - ✓ MainController initialized (Hybrid mode)
2025-11-07 19:31:00.702 [JavaFX Application Thread] INFO  com.neurasys.service.DatabaseManager - ✓ Backup stats loaded: 40 files, 51 B original, 0.0% savings
2025-11-07 19:44:46.793 [JavaFX Application Thread] INFO  com.neurasys.service.DatabaseManager - Initializing hybrid database...
2025-11-07 19:44:47.210 [JavaFX Application Thread] INFO  com.neurasys.service.DatabaseManager - ✓ Database connection successful
2025-11-07 19:44:47.221 [JavaFX Application Thread] INFO  com.neurasys.service.DatabaseManager - ✓ Hybrid database initialized
2025-11-07 19:44:47.838 [JavaFX Application Thread] INFO  com.neurasys.controller.MainController - Initializing MainController (Hybrid Version)...
2025-11-07 19:44:48.034 [JavaFX Application Thread] INFO  com.neurasys.bridge.NativeFileMonitor - ✓ Native FileMonitor.dll loaded successfully (v14.2.0 - MSYS2 GCC)
2025-11-07 19:44:48.035 [JavaFX Application Thread] INFO  com.neurasys.controller.MainController - Native monitor status: ✓ Ready
2025-11-07 19:44:48.035 [JavaFX Application Thread] INFO  com.neurasys.service.DatabaseManager - Initializing hybrid database...
2025-11-07 19:44:48.055 [JavaFX Application Thread] INFO  com.neurasys.service.DatabaseManager - ✓ Database connection successful
2025-11-07 19:44:48.057 [JavaFX Application Thread] INFO  com.neurasys.service.DatabaseManager - ✓ Hybrid database initialized
2025-11-07 19:44:48.057 [JavaFX Application Thread] INFO  com.neurasys.controller.MainController - ✓ Initial database connection successful
2025-11-07 19:44:48.057 [JavaFX Application Thread] INFO  com.neurasys.service.DatabaseManager - Executing query: SELECT id, path_name, path_location, backup_location, path_type, monitor_method, enabled FROM monitor_paths
2025-11-07 19:44:48.103 [JavaFX Application Thread] ERROR com.neurasys.service.DatabaseManager - Failed to load monitor paths from database
java.sql.SQLSyntaxErrorException: Unknown column 'enabled' in 'field list'
	at com.mysql.cj.jdbc.exceptions.SQLError.createSQLException(SQLError.java:121) ~[mysql-connector-j-8.0.33.jar:8.0.33]
	at com.mysql.cj.jdbc.exceptions.SQLExceptionsMapping.translateException(SQLExceptionsMapping.java:122) ~[mysql-connector-j-8.0.33.jar:8.0.33]
	at com.mysql.cj.jdbc.ClientPreparedStatement.executeInternal(ClientPreparedStatement.java:916) ~[mysql-connector-j-8.0.33.jar:8.0.33]
	at com.mysql.cj.jdbc.ClientPreparedStatement.executeQuery(ClientPreparedStatement.java:972) ~[mysql-connector-j-8.0.33.jar:8.0.33]
	at com.zaxxer.hikari.pool.ProxyPreparedStatement.executeQuery(ProxyPreparedStatement.java:52) ~[HikariCP-5.1.0.jar:?]
	at com.zaxxer.hikari.pool.HikariProxyPreparedStatement.executeQuery(HikariProxyPreparedStatement.java) ~[HikariCP-5.1.0.jar:?]
	at com.neurasys.service.DatabaseManager.getAllMonitorPaths(DatabaseManager.java:111) ~[classes/:?]
	at com.neurasys.controller.MainController.initialize(MainController.java:156) ~[classes/:?]
	at java.base/jdk.internal.reflect.DirectMethodHandleAccessor.invoke(DirectMethodHandleAccessor.java:104) ~[?:?]
	at java.base/java.lang.reflect.Method.invoke(Method.java:577) ~[?:?]
	at com.sun.javafx.reflect.Trampoline.invoke(MethodUtil.java:77) ~[javafx.base.jar:?]
	at java.base/jdk.internal.reflect.DirectMethodHandleAccessor.invoke(DirectMethodHandleAccessor.java:104) ~[?:?]
	at java.base/java.lang.reflect.Method.invoke(Method.java:577) ~[?:?]
	at javafx.base/com.sun.javafx.reflect.MethodUtil.invoke(MethodUtil.java:275) ~[javafx.base.jar:?]
	at javafx.fxml/com.sun.javafx.fxml.MethodHelper.invoke(MethodHelper.java:84) ~[javafx.fxml.jar:?]
	at javafx.fxml/javafx.fxml.FXMLLoader.loadImpl(FXMLLoader.java:2680) ~[javafx.fxml.jar:?]
	at javafx.fxml/javafx.fxml.FXMLLoader.loadImpl(FXMLLoader.java:2555) ~[javafx.fxml.jar:?]
	at javafx.fxml/javafx.fxml.FXMLLoader.load(FXMLLoader.java:2523) ~[javafx.fxml.jar:?]
	at com.neurasys.Main.loadFXML(Main.java:38) ~[classes/:?]
	at com.neurasys.Main.start(Main.java:25) ~[classes/:?]
	at javafx.graphics/com.sun.javafx.application.LauncherImpl.lambda$launchApplication1$9(LauncherImpl.java:847) ~[javafx.graphics.jar:?]
	at javafx.graphics/com.sun.javafx.application.PlatformImpl.lambda$runAndWait$12(PlatformImpl.java:484) ~[javafx.graphics.jar:?]
	at javafx.graphics/com.sun.javafx.application.PlatformImpl.lambda$runLater$10(PlatformImpl.java:457) ~[javafx.graphics.jar:?]
	at java.base/java.security.AccessController.doPrivileged(AccessController.java:399) ~[?:?]
	at javafx.graphics/com.sun.javafx.application.PlatformImpl.lambda$runLater$11(PlatformImpl.java:456) ~[javafx.graphics.jar:?]
	at javafx.graphics/com.sun.glass.ui.InvokeLaterDispatcher$Future.run(InvokeLaterDispatcher.java:96) ~[javafx.graphics.jar:?]
	at javafx.graphics/com.sun.glass.ui.win.WinApplication._runLoop(Native Method) ~[javafx.graphics.jar:?]
	at javafx.graphics/com.sun.glass.ui.win.WinApplication.lambda$runLoop$3(WinApplication.java:184) ~[javafx.graphics.jar:?]
	at java.base/java.lang.Thread.run(Thread.java:833) [?:?]
2025-11-07 19:44:48.119 [JavaFX Application Thread] WARN  com.neurasys.controller.MainController - Could not load monitor paths: Unknown column 'enabled' in 'field list'
2025-11-07 19:44:48.214 [JavaFX Application Thread] INFO  com.neurasys.controller.MainController - ✓ Logs table refreshed: 98 entries
2025-11-07 19:44:48.215 [JavaFX Application Thread] INFO  com.neurasys.controller.MainController - ✓ MainController initialized (Hybrid mode)
2025-11-07 19:44:48.247 [JavaFX Application Thread] INFO  com.neurasys.service.DatabaseManager - ✓ Backup stats loaded: 40 files, 51 B original, 0.0% savings
2025-11-07 19:50:01.920 [JavaFX Application Thread] INFO  com.neurasys.service.DatabaseManager - Initializing hybrid database...
2025-11-07 19:50:02.309 [JavaFX Application Thread] INFO  com.neurasys.service.DatabaseManager - ✓ Database connection successful
2025-11-07 19:50:02.319 [JavaFX Application Thread] INFO  com.neurasys.service.DatabaseManager - ✓ Hybrid database initialized
2025-11-07 19:50:02.831 [JavaFX Application Thread] INFO  com.neurasys.controller.MainController - Initializing MainController (Hybrid Version)...
2025-11-07 19:50:02.833 [JavaFX Application Thread] INFO  com.neurasys.bridge.NativeFileMonitor - ✓ Native FileMonitor.dll loaded successfully (v14.2.0 - MSYS2 GCC)
2025-11-07 19:50:02.834 [JavaFX Application Thread] INFO  com.neurasys.controller.MainController - Native monitor status: ✓ Ready
2025-11-07 19:50:02.835 [JavaFX Application Thread] INFO  com.neurasys.service.DatabaseManager - Initializing hybrid database...
2025-11-07 19:50:02.846 [JavaFX Application Thread] INFO  com.neurasys.service.DatabaseManager - ✓ Database connection successful
2025-11-07 19:50:02.846 [JavaFX Application Thread] INFO  com.neurasys.service.DatabaseManager - ✓ Hybrid database initialized
2025-11-07 19:50:02.846 [JavaFX Application Thread] INFO  com.neurasys.controller.MainController - ✓ Initial database connection successful
2025-11-07 19:50:02.846 [JavaFX Application Thread] INFO  com.neurasys.service.DatabaseManager - Executing query: SELECT id, path_name, path_location, backup_location, path_type, monitor_method, enabled FROM monitor_paths
2025-11-07 19:50:02.897 [JavaFX Application Thread] ERROR com.neurasys.service.DatabaseManager - Failed to load monitor paths from database
java.sql.SQLSyntaxErrorException: Unknown column 'enabled' in 'field list'
	at com.mysql.cj.jdbc.exceptions.SQLError.createSQLException(SQLError.java:121) ~[mysql-connector-j-8.0.33.jar:8.0.33]
	at com.mysql.cj.jdbc.exceptions.SQLExceptionsMapping.translateException(SQLExceptionsMapping.java:122) ~[mysql-connector-j-8.0.33.jar:8.0.33]
	at com.mysql.cj.jdbc.ClientPreparedStatement.executeInternal(ClientPreparedStatement.java:916) ~[mysql-connector-j-8.0.33.jar:8.0.33]
	at com.mysql.cj.jdbc.ClientPreparedStatement.executeQuery(ClientPreparedStatement.java:972) ~[mysql-connector-j-8.0.33.jar:8.0.33]
	at com.zaxxer.hikari.pool.ProxyPreparedStatement.executeQuery(ProxyPreparedStatement.java:52) ~[HikariCP-5.1.0.jar:?]
	at com.zaxxer.hikari.pool.HikariProxyPreparedStatement.executeQuery(HikariProxyPreparedStatement.java) ~[HikariCP-5.1.0.jar:?]
	at com.neurasys.service.DatabaseManager.getAllMonitorPaths(DatabaseManager.java:111) ~[classes/:?]
	at com.neurasys.controller.MainController.initialize(MainController.java:156) ~[classes/:?]
	at java.base/jdk.internal.reflect.DirectMethodHandleAccessor.invoke(DirectMethodHandleAccessor.java:104) ~[?:?]
	at java.base/java.lang.reflect.Method.invoke(Method.java:577) ~[?:?]
	at com.sun.javafx.reflect.Trampoline.invoke(MethodUtil.java:77) ~[javafx.base.jar:?]
	at java.base/jdk.internal.reflect.DirectMethodHandleAccessor.invoke(DirectMethodHandleAccessor.java:104) ~[?:?]
	at java.base/java.lang.reflect.Method.invoke(Method.java:577) ~[?:?]
	at javafx.base/com.sun.javafx.reflect.MethodUtil.invoke(MethodUtil.java:275) ~[javafx.base.jar:?]
	at javafx.fxml/com.sun.javafx.fxml.MethodHelper.invoke(MethodHelper.java:84) ~[javafx.fxml.jar:?]
	at javafx.fxml/javafx.fxml.FXMLLoader.loadImpl(FXMLLoader.java:2680) ~[javafx.fxml.jar:?]
	at javafx.fxml/javafx.fxml.FXMLLoader.loadImpl(FXMLLoader.java:2555) ~[javafx.fxml.jar:?]
	at javafx.fxml/javafx.fxml.FXMLLoader.load(FXMLLoader.java:2523) ~[javafx.fxml.jar:?]
	at com.neurasys.Main.loadFXML(Main.java:38) ~[classes/:?]
	at com.neurasys.Main.start(Main.java:25) ~[classes/:?]
	at javafx.graphics/com.sun.javafx.application.LauncherImpl.lambda$launchApplication1$9(LauncherImpl.java:847) ~[javafx.graphics.jar:?]
	at javafx.graphics/com.sun.javafx.application.PlatformImpl.lambda$runAndWait$12(PlatformImpl.java:484) ~[javafx.graphics.jar:?]
	at javafx.graphics/com.sun.javafx.application.PlatformImpl.lambda$runLater$10(PlatformImpl.java:457) ~[javafx.graphics.jar:?]
	at java.base/java.security.AccessController.doPrivileged(AccessController.java:399) ~[?:?]
	at javafx.graphics/com.sun.javafx.application.PlatformImpl.lambda$runLater$11(PlatformImpl.java:456) ~[javafx.graphics.jar:?]
	at javafx.graphics/com.sun.glass.ui.InvokeLaterDispatcher$Future.run(InvokeLaterDispatcher.java:96) ~[javafx.graphics.jar:?]
	at javafx.graphics/com.sun.glass.ui.win.WinApplication._runLoop(Native Method) ~[javafx.graphics.jar:?]
	at javafx.graphics/com.sun.glass.ui.win.WinApplication.lambda$runLoop$3(WinApplication.java:184) ~[javafx.graphics.jar:?]
	at java.base/java.lang.Thread.run(Thread.java:833) [?:?]
2025-11-07 19:50:02.912 [JavaFX Application Thread] WARN  com.neurasys.controller.MainController - Could not load monitor paths: Unknown column 'enabled' in 'field list'
2025-11-07 19:50:02.987 [JavaFX Application Thread] INFO  com.neurasys.controller.MainController - ✓ Logs table refreshed: 98 entries
2025-11-07 19:50:02.988 [JavaFX Application Thread] INFO  com.neurasys.controller.MainController - ✓ MainController initialized (Hybrid mode)
2025-11-07 19:50:03.030 [JavaFX Application Thread] INFO  com.neurasys.service.DatabaseManager - ✓ Backup stats loaded: 40 files, 51 B original, 0.0% savings
2025-11-07 19:50:19.102 [JavaFX Application Thread] INFO  com.neurasys.service.DatabaseManager - Initializing hybrid database...
2025-11-07 19:50:19.117 [JavaFX Application Thread] INFO  com.neurasys.service.DatabaseManager - ✓ Database connection successful
2025-11-07 19:50:19.117 [JavaFX Application Thread] INFO  com.neurasys.service.DatabaseManager - ✓ Hybrid database initialized
2025-11-07 19:58:43.006 [JavaFX Application Thread] INFO  com.neurasys.service.DatabaseManager - Initializing hybrid database...
2025-11-07 19:58:43.036 [JavaFX Application Thread] INFO  com.neurasys.service.DatabaseManager - ✓ Database connection successful
2025-11-07 19:58:43.036 [JavaFX Application Thread] INFO  com.neurasys.service.DatabaseManager - ✓ Hybrid database initialized
2025-11-07 19:58:43.103 [JavaFX Application Thread] INFO  com.neurasys.service.MultiPathMonitor - ✓ MultiPathMonitor initialized with global method: NATIVE
2025-11-07 19:58:43.104 [JavaFX Application Thread] INFO  com.neurasys.controller.MainController - ✓ Monitoring start timestamp recorded: 1762525723104
2025-11-07 19:58:43.105 [JavaFX Application Thread] INFO  com.neurasys.controller.MainController -   → Path 'Project Backup_1': DEFAULT resolved to NATIVE
2025-11-07 19:58:43.121 [JavaFX Application Thread] ERROR com.neurasys.service.DatabaseManager - Failed to add/update monitor path
java.sql.SQLSyntaxErrorException: Unknown column 'enabled' in 'field list'
	at com.mysql.cj.jdbc.exceptions.SQLError.createSQLException(SQLError.java:121) ~[mysql-connector-j-8.0.33.jar:8.0.33]
	at com.mysql.cj.jdbc.exceptions.SQLExceptionsMapping.translateException(SQLExceptionsMapping.java:122) ~[mysql-connector-j-8.0.33.jar:8.0.33]
	at com.mysql.cj.jdbc.ClientPreparedStatement.executeInternal(ClientPreparedStatement.java:916) ~[mysql-connector-j-8.0.33.jar:8.0.33]
	at com.mysql.cj.jdbc.ClientPreparedStatement.executeUpdateInternal(ClientPreparedStatement.java:1061) ~[mysql-connector-j-8.0.33.jar:8.0.33]
	at com.mysql.cj.jdbc.ClientPreparedStatement.executeUpdateInternal(ClientPreparedStatement.java:1009) ~[mysql-connector-j-8.0.33.jar:8.0.33]
	at com.mysql.cj.jdbc.ClientPreparedStatement.executeLargeUpdate(ClientPreparedStatement.java:1320) ~[mysql-connector-j-8.0.33.jar:8.0.33]
	at com.mysql.cj.jdbc.ClientPreparedStatement.executeUpdate(ClientPreparedStatement.java:994) ~[mysql-connector-j-8.0.33.jar:8.0.33]
	at com.zaxxer.hikari.pool.ProxyPreparedStatement.executeUpdate(ProxyPreparedStatement.java:61) ~[HikariCP-5.1.0.jar:?]
	at com.zaxxer.hikari.pool.HikariProxyPreparedStatement.executeUpdate(HikariProxyPreparedStatement.java) ~[HikariCP-5.1.0.jar:?]
	at com.neurasys.service.DatabaseManager.addMonitorPath(DatabaseManager.java:187) ~[classes/:?]
	at com.neurasys.controller.MainController.startMonitoring(MainController.java:603) ~[classes/:?]
	at com.neurasys.controller.MainController.handleStartStop(MainController.java:531) ~[classes/:?]
	at java.base/jdk.internal.reflect.DirectMethodHandleAccessor.invoke(DirectMethodHandleAccessor.java:104) ~[?:?]
	at java.base/java.lang.reflect.Method.invoke(Method.java:577) ~[?:?]
	at com.sun.javafx.reflect.Trampoline.invoke(MethodUtil.java:77) ~[javafx.base.jar:?]
	at java.base/jdk.internal.reflect.DirectMethodHandleAccessor.invoke(DirectMethodHandleAccessor.java:104) ~[?:?]
	at java.base/java.lang.reflect.Method.invoke(Method.java:577) ~[?:?]
	at javafx.base/com.sun.javafx.reflect.MethodUtil.invoke(MethodUtil.java:275) ~[javafx.base.jar:?]
	at javafx.fxml/com.sun.javafx.fxml.MethodHelper.invoke(MethodHelper.java:84) ~[javafx.fxml.jar:?]
	at javafx.fxml/javafx.fxml.FXMLLoader$MethodHandler.invoke(FXMLLoader.java:1854) ~[javafx.fxml.jar:?]
	at javafx.fxml/javafx.fxml.FXMLLoader$ControllerMethodEventHandler.handle(FXMLLoader.java:1724) ~[javafx.fxml.jar:?]
	at javafx.base/com.sun.javafx.event.CompositeEventHandler.dispatchBubblingEvent(CompositeEventHandler.java:86) ~[javafx.base.jar:?]
	at javafx.base/com.sun.javafx.event.EventHandlerManager.dispatchBubblingEvent(EventHandlerManager.java:234) ~[javafx.base.jar:?]
	at javafx.base/com.sun.javafx.event.EventHandlerManager.dispatchBubblingEvent(EventHandlerManager.java:191) ~[javafx.base.jar:?]
	at javafx.base/com.sun.javafx.event.CompositeEventDispatcher.dispatchBubblingEvent(CompositeEventDispatcher.java:59) ~[javafx.base.jar:?]
	at javafx.base/com.sun.javafx.event.BasicEventDispatcher.dispatchEvent(BasicEventDispatcher.java:58) ~[javafx.base.jar:?]
	at javafx.base/com.sun.javafx.event.EventDispatchChainImpl.dispatchEvent(EventDispatchChainImpl.java:114) ~[javafx.base.jar:?]
	at javafx.base/com.sun.javafx.event.BasicEventDispatcher.dispatchEvent(BasicEventDispatcher.java:56) ~[javafx.base.jar:?]
	at javafx.base/com.sun.javafx.event.EventDispatchChainImpl.dispatchEvent(EventDispatchChainImpl.java:114) ~[javafx.base.jar:?]
	at javafx.base/com.sun.javafx.event.BasicEventDispatcher.dispatchEvent(BasicEventDispatcher.java:56) ~[javafx.base.jar:?]
	at javafx.base/com.sun.javafx.event.EventDispatchChainImpl.dispatchEvent(EventDispatchChainImpl.java:114) ~[javafx.base.jar:?]
	at javafx.base/com.sun.javafx.event.EventUtil.fireEventImpl(EventUtil.java:74) ~[javafx.base.jar:?]
	at javafx.base/com.sun.javafx.event.EventUtil.fireEvent(EventUtil.java:49) ~[javafx.base.jar:?]
	at javafx.base/javafx.event.Event.fireEvent(Event.java:198) ~[javafx.base.jar:?]
	at javafx.graphics/javafx.scene.Node.fireEvent(Node.java:8792) ~[javafx.graphics.jar:?]
	at javafx.controls/javafx.scene.control.Button.fire(Button.java:203) ~[javafx.controls.jar:?]
	at javafx.controls/com.sun.javafx.scene.control.behavior.ButtonBehavior.mouseReleased(ButtonBehavior.java:208) ~[javafx.controls.jar:?]
	at javafx.controls/com.sun.javafx.scene.control.inputmap.InputMap.handle(InputMap.java:274) ~[javafx.controls.jar:?]
	at javafx.base/com.sun.javafx.event.CompositeEventHandler$NormalEventHandlerRecord.handleBubblingEvent(CompositeEventHandler.java:247) ~[javafx.base.jar:?]
	at javafx.base/com.sun.javafx.event.CompositeEventHandler.dispatchBubblingEvent(CompositeEventHandler.java:80) ~[javafx.base.jar:?]
	at javafx.base/com.sun.javafx.event.EventHandlerManager.dispatchBubblingEvent(EventHandlerManager.java:234) ~[javafx.base.jar:?]
	at javafx.base/com.sun.javafx.event.EventHandlerManager.dispatchBubblingEvent(EventHandlerManager.java:191) ~[javafx.base.jar:?]
	at javafx.base/com.sun.javafx.event.CompositeEventDispatcher.dispatchBubblingEvent(CompositeEventDispatcher.java:59) ~[javafx.base.jar:?]
	at javafx.base/com.sun.javafx.event.BasicEventDispatcher.dispatchEvent(BasicEventDispatcher.java:58) ~[javafx.base.jar:?]
	at javafx.base/com.sun.javafx.event.EventDispatchChainImpl.dispatchEvent(EventDispatchChainImpl.java:114) ~[javafx.base.jar:?]
	at javafx.base/com.sun.javafx.event.BasicEventDispatcher.dispatchEvent(BasicEventDispatcher.java:56) ~[javafx.base.jar:?]
	at javafx.base/com.sun.javafx.event.EventDispatchChainImpl.dispatchEvent(EventDispatchChainImpl.java:114) ~[javafx.base.jar:?]
	at javafx.base/com.sun.javafx.event.BasicEventDispatcher.dispatchEvent(BasicEventDispatcher.java:56) ~[javafx.base.jar:?]
	at javafx.base/com.sun.javafx.event.EventDispatchChainImpl.dispatchEvent(EventDispatchChainImpl.java:114) ~[javafx.base.jar:?]
	at javafx.base/com.sun.javafx.event.EventUtil.fireEventImpl(EventUtil.java:74) ~[javafx.base.jar:?]
	at javafx.base/com.sun.javafx.event.EventUtil.fireEvent(EventUtil.java:54) ~[javafx.base.jar:?]
	at javafx.base/javafx.event.Event.fireEvent(Event.java:198) ~[javafx.base.jar:?]
	at javafx.graphics/javafx.scene.Scene$MouseHandler.process(Scene.java:3897) ~[javafx.graphics.jar:?]
	at javafx.graphics/javafx.scene.Scene.processMouseEvent(Scene.java:1878) ~[javafx.graphics.jar:?]
	at javafx.graphics/javafx.scene.Scene$ScenePeerListener.mouseEvent(Scene.java:2623) ~[javafx.graphics.jar:?]
	at javafx.graphics/com.sun.javafx.tk.quantum.GlassViewEventHandler$MouseEventNotification.run(GlassViewEventHandler.java:411) ~[javafx.graphics.jar:?]
	at javafx.graphics/com.sun.javafx.tk.quantum.GlassViewEventHandler$MouseEventNotification.run(GlassViewEventHandler.java:301) ~[javafx.graphics.jar:?]
	at java.base/java.security.AccessController.doPrivileged(AccessController.java:399) ~[?:?]
	at javafx.graphics/com.sun.javafx.tk.quantum.GlassViewEventHandler.lambda$handleMouseEvent$2(GlassViewEventHandler.java:450) ~[javafx.graphics.jar:?]
	at javafx.graphics/com.sun.javafx.tk.quantum.QuantumToolkit.runWithoutRenderLock(QuantumToolkit.java:423) ~[javafx.graphics.jar:?]
	at javafx.graphics/com.sun.javafx.tk.quantum.GlassViewEventHandler.handleMouseEvent(GlassViewEventHandler.java:449) ~[javafx.graphics.jar:?]
	at javafx.graphics/com.sun.glass.ui.View.handleMouseEvent(View.java:551) ~[javafx.graphics.jar:?]
	at javafx.graphics/com.sun.glass.ui.View.notifyMouse(View.java:937) ~[javafx.graphics.jar:?]
	at javafx.graphics/com.sun.glass.ui.win.WinApplication._runLoop(Native Method) ~[javafx.graphics.jar:?]
	at javafx.graphics/com.sun.glass.ui.win.WinApplication.lambda$runLoop$3(WinApplication.java:184) ~[javafx.graphics.jar:?]
	at java.base/java.lang.Thread.run(Thread.java:833) [?:?]
2025-11-07 19:58:43.124 [JavaFX Application Thread] ERROR com.neurasys.controller.MainController - Failed to add monitor path: Project Backup_1
java.sql.SQLSyntaxErrorException: Unknown column 'enabled' in 'field list'
	at com.mysql.cj.jdbc.exceptions.SQLError.createSQLException(SQLError.java:121) ~[mysql-connector-j-8.0.33.jar:8.0.33]
	at com.mysql.cj.jdbc.exceptions.SQLExceptionsMapping.translateException(SQLExceptionsMapping.java:122) ~[mysql-connector-j-8.0.33.jar:8.0.33]
	at com.mysql.cj.jdbc.ClientPreparedStatement.executeInternal(ClientPreparedStatement.java:916) ~[mysql-connector-j-8.0.33.jar:8.0.33]
	at com.mysql.cj.jdbc.ClientPreparedStatement.executeUpdateInternal(ClientPreparedStatement.java:1061) ~[mysql-connector-j-8.0.33.jar:8.0.33]
	at com.mysql.cj.jdbc.ClientPreparedStatement.executeUpdateInternal(ClientPreparedStatement.java:1009) ~[mysql-connector-j-8.0.33.jar:8.0.33]
	at com.mysql.cj.jdbc.ClientPreparedStatement.executeLargeUpdate(ClientPreparedStatement.java:1320) ~[mysql-connector-j-8.0.33.jar:8.0.33]
	at com.mysql.cj.jdbc.ClientPreparedStatement.executeUpdate(ClientPreparedStatement.java:994) ~[mysql-connector-j-8.0.33.jar:8.0.33]
	at com.zaxxer.hikari.pool.ProxyPreparedStatement.executeUpdate(ProxyPreparedStatement.java:61) ~[HikariCP-5.1.0.jar:?]
	at com.zaxxer.hikari.pool.HikariProxyPreparedStatement.executeUpdate(HikariProxyPreparedStatement.java) ~[HikariCP-5.1.0.jar:?]
	at com.neurasys.service.DatabaseManager.addMonitorPath(DatabaseManager.java:187) ~[classes/:?]
	at com.neurasys.controller.MainController.startMonitoring(MainController.java:603) ~[classes/:?]
	at com.neurasys.controller.MainController.handleStartStop(MainController.java:531) ~[classes/:?]
	at java.base/jdk.internal.reflect.DirectMethodHandleAccessor.invoke(DirectMethodHandleAccessor.java:104) ~[?:?]
	at java.base/java.lang.reflect.Method.invoke(Method.java:577) ~[?:?]
	at com.sun.javafx.reflect.Trampoline.invoke(MethodUtil.java:77) ~[javafx.base.jar:?]
	at java.base/jdk.internal.reflect.DirectMethodHandleAccessor.invoke(DirectMethodHandleAccessor.java:104) ~[?:?]
	at java.base/java.lang.reflect.Method.invoke(Method.java:577) ~[?:?]
	at javafx.base/com.sun.javafx.reflect.MethodUtil.invoke(MethodUtil.java:275) ~[javafx.base.jar:?]
	at javafx.fxml/com.sun.javafx.fxml.MethodHelper.invoke(MethodHelper.java:84) ~[javafx.fxml.jar:?]
	at javafx.fxml/javafx.fxml.FXMLLoader$MethodHandler.invoke(FXMLLoader.java:1854) ~[javafx.fxml.jar:?]
	at javafx.fxml/javafx.fxml.FXMLLoader$ControllerMethodEventHandler.handle(FXMLLoader.java:1724) ~[javafx.fxml.jar:?]
	at javafx.base/com.sun.javafx.event.CompositeEventHandler.dispatchBubblingEvent(CompositeEventHandler.java:86) ~[javafx.base.jar:?]
	at javafx.base/com.sun.javafx.event.EventHandlerManager.dispatchBubblingEvent(EventHandlerManager.java:234) ~[javafx.base.jar:?]
	at javafx.base/com.sun.javafx.event.EventHandlerManager.dispatchBubblingEvent(EventHandlerManager.java:191) ~[javafx.base.jar:?]
	at javafx.base/com.sun.javafx.event.CompositeEventDispatcher.dispatchBubblingEvent(CompositeEventDispatcher.java:59) ~[javafx.base.jar:?]
	at javafx.base/com.sun.javafx.event.BasicEventDispatcher.dispatchEvent(BasicEventDispatcher.java:58) ~[javafx.base.jar:?]
	at javafx.base/com.sun.javafx.event.EventDispatchChainImpl.dispatchEvent(EventDispatchChainImpl.java:114) ~[javafx.base.jar:?]
	at javafx.base/com.sun.javafx.event.BasicEventDispatcher.dispatchEvent(BasicEventDispatcher.java:56) ~[javafx.base.jar:?]
	at javafx.base/com.sun.javafx.event.EventDispatchChainImpl.dispatchEvent(EventDispatchChainImpl.java:114) ~[javafx.base.jar:?]
	at javafx.base/com.sun.javafx.event.BasicEventDispatcher.dispatchEvent(BasicEventDispatcher.java:56) ~[javafx.base.jar:?]
	at javafx.base/com.sun.javafx.event.EventDispatchChainImpl.dispatchEvent(EventDispatchChainImpl.java:114) ~[javafx.base.jar:?]
	at javafx.base/com.sun.javafx.event.EventUtil.fireEventImpl(EventUtil.java:74) ~[javafx.base.jar:?]
	at javafx.base/com.sun.javafx.event.EventUtil.fireEvent(EventUtil.java:49) ~[javafx.base.jar:?]
	at javafx.base/javafx.event.Event.fireEvent(Event.java:198) ~[javafx.base.jar:?]
	at javafx.graphics/javafx.scene.Node.fireEvent(Node.java:8792) ~[javafx.graphics.jar:?]
	at javafx.controls/javafx.scene.control.Button.fire(Button.java:203) ~[javafx.controls.jar:?]
	at javafx.controls/com.sun.javafx.scene.control.behavior.ButtonBehavior.mouseReleased(ButtonBehavior.java:208) ~[javafx.controls.jar:?]
	at javafx.controls/com.sun.javafx.scene.control.inputmap.InputMap.handle(InputMap.java:274) ~[javafx.controls.jar:?]
	at javafx.base/com.sun.javafx.event.CompositeEventHandler$NormalEventHandlerRecord.handleBubblingEvent(CompositeEventHandler.java:247) ~[javafx.base.jar:?]
	at javafx.base/com.sun.javafx.event.CompositeEventHandler.dispatchBubblingEvent(CompositeEventHandler.java:80) ~[javafx.base.jar:?]
	at javafx.base/com.sun.javafx.event.EventHandlerManager.dispatchBubblingEvent(EventHandlerManager.java:234) ~[javafx.base.jar:?]
	at javafx.base/com.sun.javafx.event.EventHandlerManager.dispatchBubblingEvent(EventHandlerManager.java:191) ~[javafx.base.jar:?]
	at javafx.base/com.sun.javafx.event.CompositeEventDispatcher.dispatchBubblingEvent(CompositeEventDispatcher.java:59) ~[javafx.base.jar:?]
	at javafx.base/com.sun.javafx.event.BasicEventDispatcher.dispatchEvent(BasicEventDispatcher.java:58) ~[javafx.base.jar:?]
	at javafx.base/com.sun.javafx.event.EventDispatchChainImpl.dispatchEvent(EventDispatchChainImpl.java:114) ~[javafx.base.jar:?]
	at javafx.base/com.sun.javafx.event.BasicEventDispatcher.dispatchEvent(BasicEventDispatcher.java:56) ~[javafx.base.jar:?]
	at javafx.base/com.sun.javafx.event.EventDispatchChainImpl.dispatchEvent(EventDispatchChainImpl.java:114) ~[javafx.base.jar:?]
	at javafx.base/com.sun.javafx.event.BasicEventDispatcher.dispatchEvent(BasicEventDispatcher.java:56) ~[javafx.base.jar:?]
	at javafx.base/com.sun.javafx.event.EventDispatchChainImpl.dispatchEvent(EventDispatchChainImpl.java:114) ~[javafx.base.jar:?]
	at javafx.base/com.sun.javafx.event.EventUtil.fireEventImpl(EventUtil.java:74) ~[javafx.base.jar:?]
	at javafx.base/com.sun.javafx.event.EventUtil.fireEvent(EventUtil.java:54) ~[javafx.base.jar:?]
	at javafx.base/javafx.event.Event.fireEvent(Event.java:198) ~[javafx.base.jar:?]
	at javafx.graphics/javafx.scene.Scene$MouseHandler.process(Scene.java:3897) ~[javafx.graphics.jar:?]
	at javafx.graphics/javafx.scene.Scene.processMouseEvent(Scene.java:1878) ~[javafx.graphics.jar:?]
	at javafx.graphics/javafx.scene.Scene$ScenePeerListener.mouseEvent(Scene.java:2623) ~[javafx.graphics.jar:?]
	at javafx.graphics/com.sun.javafx.tk.quantum.GlassViewEventHandler$MouseEventNotification.run(GlassViewEventHandler.java:411) ~[javafx.graphics.jar:?]
	at javafx.graphics/com.sun.javafx.tk.quantum.GlassViewEventHandler$MouseEventNotification.run(GlassViewEventHandler.java:301) ~[javafx.graphics.jar:?]
	at java.base/java.security.AccessController.doPrivileged(AccessController.java:399) ~[?:?]
	at javafx.graphics/com.sun.javafx.tk.quantum.GlassViewEventHandler.lambda$handleMouseEvent$2(GlassViewEventHandler.java:450) ~[javafx.graphics.jar:?]
	at javafx.graphics/com.sun.javafx.tk.quantum.QuantumToolkit.runWithoutRenderLock(QuantumToolkit.java:423) ~[javafx.graphics.jar:?]
	at javafx.graphics/com.sun.javafx.tk.quantum.GlassViewEventHandler.handleMouseEvent(GlassViewEventHandler.java:449) ~[javafx.graphics.jar:?]
	at javafx.graphics/com.sun.glass.ui.View.handleMouseEvent(View.java:551) ~[javafx.graphics.jar:?]
	at javafx.graphics/com.sun.glass.ui.View.notifyMouse(View.java:937) ~[javafx.graphics.jar:?]
	at javafx.graphics/com.sun.glass.ui.win.WinApplication._runLoop(Native Method) ~[javafx.graphics.jar:?]
	at javafx.graphics/com.sun.glass.ui.win.WinApplication.lambda$runLoop$3(WinApplication.java:184) ~[javafx.graphics.jar:?]
	at java.base/java.lang.Thread.run(Thread.java:833) [?:?]
2025-11-07 19:58:43.129 [JavaFX Application Thread] INFO  com.neurasys.controller.MainController -   → Path 'Project Backup_2': DEFAULT resolved to NATIVE
2025-11-07 19:58:43.134 [JavaFX Application Thread] ERROR com.neurasys.service.DatabaseManager - Failed to add/update monitor path
java.sql.SQLSyntaxErrorException: Unknown column 'enabled' in 'field list'
	at com.mysql.cj.jdbc.exceptions.SQLError.createSQLException(SQLError.java:121) ~[mysql-connector-j-8.0.33.jar:8.0.33]
	at com.mysql.cj.jdbc.exceptions.SQLExceptionsMapping.translateException(SQLExceptionsMapping.java:122) ~[mysql-connector-j-8.0.33.jar:8.0.33]
	at com.mysql.cj.jdbc.ClientPreparedStatement.executeInternal(ClientPreparedStatement.java:916) ~[mysql-connector-j-8.0.33.jar:8.0.33]
	at com.mysql.cj.jdbc.ClientPreparedStatement.executeUpdateInternal(ClientPreparedStatement.java:1061) ~[mysql-connector-j-8.0.33.jar:8.0.33]
	at com.mysql.cj.jdbc.ClientPreparedStatement.executeUpdateInternal(ClientPreparedStatement.java:1009) ~[mysql-connector-j-8.0.33.jar:8.0.33]
	at com.mysql.cj.jdbc.ClientPreparedStatement.executeLargeUpdate(ClientPreparedStatement.java:1320) ~[mysql-connector-j-8.0.33.jar:8.0.33]
	at com.mysql.cj.jdbc.ClientPreparedStatement.executeUpdate(ClientPreparedStatement.java:994) ~[mysql-connector-j-8.0.33.jar:8.0.33]
	at com.zaxxer.hikari.pool.ProxyPreparedStatement.executeUpdate(ProxyPreparedStatement.java:61) ~[HikariCP-5.1.0.jar:?]
	at com.zaxxer.hikari.pool.HikariProxyPreparedStatement.executeUpdate(HikariProxyPreparedStatement.java) ~[HikariCP-5.1.0.jar:?]
	at com.neurasys.service.DatabaseManager.addMonitorPath(DatabaseManager.java:187) ~[classes/:?]
	at com.neurasys.controller.MainController.startMonitoring(MainController.java:603) ~[classes/:?]
	at com.neurasys.controller.MainController.handleStartStop(MainController.java:531) ~[classes/:?]
	at java.base/jdk.internal.reflect.DirectMethodHandleAccessor.invoke(DirectMethodHandleAccessor.java:104) ~[?:?]
	at java.base/java.lang.reflect.Method.invoke(Method.java:577) ~[?:?]
	at com.sun.javafx.reflect.Trampoline.invoke(MethodUtil.java:77) ~[javafx.base.jar:?]
	at java.base/jdk.internal.reflect.DirectMethodHandleAccessor.invoke(DirectMethodHandleAccessor.java:104) ~[?:?]
	at java.base/java.lang.reflect.Method.invoke(Method.java:577) ~[?:?]
	at javafx.base/com.sun.javafx.reflect.MethodUtil.invoke(MethodUtil.java:275) ~[javafx.base.jar:?]
	at javafx.fxml/com.sun.javafx.fxml.MethodHelper.invoke(MethodHelper.java:84) ~[javafx.fxml.jar:?]
	at javafx.fxml/javafx.fxml.FXMLLoader$MethodHandler.invoke(FXMLLoader.java:1854) ~[javafx.fxml.jar:?]
	at javafx.fxml/javafx.fxml.FXMLLoader$ControllerMethodEventHandler.handle(FXMLLoader.java:1724) ~[javafx.fxml.jar:?]
	at javafx.base/com.sun.javafx.event.CompositeEventHandler.dispatchBubblingEvent(CompositeEventHandler.java:86) ~[javafx.base.jar:?]
	at javafx.base/com.sun.javafx.event.EventHandlerManager.dispatchBubblingEvent(EventHandlerManager.java:234) ~[javafx.base.jar:?]
	at javafx.base/com.sun.javafx.event.EventHandlerManager.dispatchBubblingEvent(EventHandlerManager.java:191) ~[javafx.base.jar:?]
	at javafx.base/com.sun.javafx.event.CompositeEventDispatcher.dispatchBubblingEvent(CompositeEventDispatcher.java:59) ~[javafx.base.jar:?]
	at javafx.base/com.sun.javafx.event.BasicEventDispatcher.dispatchEvent(BasicEventDispatcher.java:58) ~[javafx.base.jar:?]
	at javafx.base/com.sun.javafx.event.EventDispatchChainImpl.dispatchEvent(EventDispatchChainImpl.java:114) ~[javafx.base.jar:?]
	at javafx.base/com.sun.javafx.event.BasicEventDispatcher.dispatchEvent(BasicEventDispatcher.java:56) ~[javafx.base.jar:?]
	at javafx.base/com.sun.javafx.event.EventDispatchChainImpl.dispatchEvent(EventDispatchChainImpl.java:114) ~[javafx.base.jar:?]
	at javafx.base/com.sun.javafx.event.BasicEventDispatcher.dispatchEvent(BasicEventDispatcher.java:56) ~[javafx.base.jar:?]
	at javafx.base/com.sun.javafx.event.EventDispatchChainImpl.dispatchEvent(EventDispatchChainImpl.java:114) ~[javafx.base.jar:?]
	at javafx.base/com.sun.javafx.event.EventUtil.fireEventImpl(EventUtil.java:74) ~[javafx.base.jar:?]
	at javafx.base/com.sun.javafx.event.EventUtil.fireEvent(EventUtil.java:49) ~[javafx.base.jar:?]
	at javafx.base/javafx.event.Event.fireEvent(Event.java:198) ~[javafx.base.jar:?]
	at javafx.graphics/javafx.scene.Node.fireEvent(Node.java:8792) ~[javafx.graphics.jar:?]
	at javafx.controls/javafx.scene.control.Button.fire(Button.java:203) ~[javafx.controls.jar:?]
	at javafx.controls/com.sun.javafx.scene.control.behavior.ButtonBehavior.mouseReleased(ButtonBehavior.java:208) ~[javafx.controls.jar:?]
	at javafx.controls/com.sun.javafx.scene.control.inputmap.InputMap.handle(InputMap.java:274) ~[javafx.controls.jar:?]
	at javafx.base/com.sun.javafx.event.CompositeEventHandler$NormalEventHandlerRecord.handleBubblingEvent(CompositeEventHandler.java:247) ~[javafx.base.jar:?]
	at javafx.base/com.sun.javafx.event.CompositeEventHandler.dispatchBubblingEvent(CompositeEventHandler.java:80) ~[javafx.base.jar:?]
	at javafx.base/com.sun.javafx.event.EventHandlerManager.dispatchBubblingEvent(EventHandlerManager.java:234) ~[javafx.base.jar:?]
	at javafx.base/com.sun.javafx.event.EventHandlerManager.dispatchBubblingEvent(EventHandlerManager.java:191) ~[javafx.base.jar:?]
	at javafx.base/com.sun.javafx.event.CompositeEventDispatcher.dispatchBubblingEvent(CompositeEventDispatcher.java:59) ~[javafx.base.jar:?]
	at javafx.base/com.sun.javafx.event.BasicEventDispatcher.dispatchEvent(BasicEventDispatcher.java:58) ~[javafx.base.jar:?]
	at javafx.base/com.sun.javafx.event.EventDispatchChainImpl.dispatchEvent(EventDispatchChainImpl.java:114) ~[javafx.base.jar:?]
	at javafx.base/com.sun.javafx.event.BasicEventDispatcher.dispatchEvent(BasicEventDispatcher.java:56) ~[javafx.base.jar:?]
	at javafx.base/com.sun.javafx.event.EventDispatchChainImpl.dispatchEvent(EventDispatchChainImpl.java:114) ~[javafx.base.jar:?]
	at javafx.base/com.sun.javafx.event.BasicEventDispatcher.dispatchEvent(BasicEventDispatcher.java:56) ~[javafx.base.jar:?]
	at javafx.base/com.sun.javafx.event.EventDispatchChainImpl.dispatchEvent(EventDispatchChainImpl.java:114) ~[javafx.base.jar:?]
	at javafx.base/com.sun.javafx.event.EventUtil.fireEventImpl(EventUtil.java:74) ~[javafx.base.jar:?]
	at javafx.base/com.sun.javafx.event.EventUtil.fireEvent(EventUtil.java:54) ~[javafx.base.jar:?]
	at javafx.base/javafx.event.Event.fireEvent(Event.java:198) ~[javafx.base.jar:?]
	at javafx.graphics/javafx.scene.Scene$MouseHandler.process(Scene.java:3897) ~[javafx.graphics.jar:?]
	at javafx.graphics/javafx.scene.Scene.processMouseEvent(Scene.java:1878) ~[javafx.graphics.jar:?]
	at javafx.graphics/javafx.scene.Scene$ScenePeerListener.mouseEvent(Scene.java:2623) ~[javafx.graphics.jar:?]
	at javafx.graphics/com.sun.javafx.tk.quantum.GlassViewEventHandler$MouseEventNotification.run(GlassViewEventHandler.java:411) ~[javafx.graphics.jar:?]
	at javafx.graphics/com.sun.javafx.tk.quantum.GlassViewEventHandler$MouseEventNotification.run(GlassViewEventHandler.java:301) ~[javafx.graphics.jar:?]
	at java.base/java.security.AccessController.doPrivileged(AccessController.java:399) ~[?:?]
	at javafx.graphics/com.sun.javafx.tk.quantum.GlassViewEventHandler.lambda$handleMouseEvent$2(GlassViewEventHandler.java:450) ~[javafx.graphics.jar:?]
	at javafx.graphics/com.sun.javafx.tk.quantum.QuantumToolkit.runWithoutRenderLock(QuantumToolkit.java:423) ~[javafx.graphics.jar:?]
	at javafx.graphics/com.sun.javafx.tk.quantum.GlassViewEventHandler.handleMouseEvent(GlassViewEventHandler.java:449) ~[javafx.graphics.jar:?]
	at javafx.graphics/com.sun.glass.ui.View.handleMouseEvent(View.java:551) ~[javafx.graphics.jar:?]
	at javafx.graphics/com.sun.glass.ui.View.notifyMouse(View.java:937) ~[javafx.graphics.jar:?]
	at javafx.graphics/com.sun.glass.ui.win.WinApplication._runLoop(Native Method) ~[javafx.graphics.jar:?]
	at javafx.graphics/com.sun.glass.ui.win.WinApplication.lambda$runLoop$3(WinApplication.java:184) ~[javafx.graphics.jar:?]
	at java.base/java.lang.Thread.run(Thread.java:833) [?:?]
2025-11-07 19:58:43.137 [JavaFX Application Thread] ERROR com.neurasys.controller.MainController - Failed to add monitor path: Project Backup_2
java.sql.SQLSyntaxErrorException: Unknown column 'enabled' in 'field list'
	at com.mysql.cj.jdbc.exceptions.SQLError.createSQLException(SQLError.java:121) ~[mysql-connector-j-8.0.33.jar:8.0.33]
	at com.mysql.cj.jdbc.exceptions.SQLExceptionsMapping.translateException(SQLExceptionsMapping.java:122) ~[mysql-connector-j-8.0.33.jar:8.0.33]
	at com.mysql.cj.jdbc.ClientPreparedStatement.executeInternal(ClientPreparedStatement.java:916) ~[mysql-connector-j-8.0.33.jar:8.0.33]
	at com.mysql.cj.jdbc.ClientPreparedStatement.executeUpdateInternal(ClientPreparedStatement.java:1061) ~[mysql-connector-j-8.0.33.jar:8.0.33]
	at com.mysql.cj.jdbc.ClientPreparedStatement.executeUpdateInternal(ClientPreparedStatement.java:1009) ~[mysql-connector-j-8.0.33.jar:8.0.33]
	at com.mysql.cj.jdbc.ClientPreparedStatement.executeLargeUpdate(ClientPreparedStatement.java:1320) ~[mysql-connector-j-8.0.33.jar:8.0.33]
	at com.mysql.cj.jdbc.ClientPreparedStatement.executeUpdate(ClientPreparedStatement.java:994) ~[mysql-connector-j-8.0.33.jar:8.0.33]
	at com.zaxxer.hikari.pool.ProxyPreparedStatement.executeUpdate(ProxyPreparedStatement.java:61) ~[HikariCP-5.1.0.jar:?]
	at com.zaxxer.hikari.pool.HikariProxyPreparedStatement.executeUpdate(HikariProxyPreparedStatement.java) ~[HikariCP-5.1.0.jar:?]
	at com.neurasys.service.DatabaseManager.addMonitorPath(DatabaseManager.java:187) ~[classes/:?]
	at com.neurasys.controller.MainController.startMonitoring(MainController.java:603) ~[classes/:?]
	at com.neurasys.controller.MainController.handleStartStop(MainController.java:531) ~[classes/:?]
	at java.base/jdk.internal.reflect.DirectMethodHandleAccessor.invoke(DirectMethodHandleAccessor.java:104) ~[?:?]
	at java.base/java.lang.reflect.Method.invoke(Method.java:577) ~[?:?]
	at com.sun.javafx.reflect.Trampoline.invoke(MethodUtil.java:77) ~[javafx.base.jar:?]
	at java.base/jdk.internal.reflect.DirectMethodHandleAccessor.invoke(DirectMethodHandleAccessor.java:104) ~[?:?]
	at java.base/java.lang.reflect.Method.invoke(Method.java:577) ~[?:?]
	at javafx.base/com.sun.javafx.reflect.MethodUtil.invoke(MethodUtil.java:275) ~[javafx.base.jar:?]
	at javafx.fxml/com.sun.javafx.fxml.MethodHelper.invoke(MethodHelper.java:84) ~[javafx.fxml.jar:?]
	at javafx.fxml/javafx.fxml.FXMLLoader$MethodHandler.invoke(FXMLLoader.java:1854) ~[javafx.fxml.jar:?]
	at javafx.fxml/javafx.fxml.FXMLLoader$ControllerMethodEventHandler.handle(FXMLLoader.java:1724) ~[javafx.fxml.jar:?]
	at javafx.base/com.sun.javafx.event.CompositeEventHandler.dispatchBubblingEvent(CompositeEventHandler.java:86) ~[javafx.base.jar:?]
	at javafx.base/com.sun.javafx.event.EventHandlerManager.dispatchBubblingEvent(EventHandlerManager.java:234) ~[javafx.base.jar:?]
	at javafx.base/com.sun.javafx.event.EventHandlerManager.dispatchBubblingEvent(EventHandlerManager.java:191) ~[javafx.base.jar:?]
	at javafx.base/com.sun.javafx.event.CompositeEventDispatcher.dispatchBubblingEvent(CompositeEventDispatcher.java:59) ~[javafx.base.jar:?]
	at javafx.base/com.sun.javafx.event.BasicEventDispatcher.dispatchEvent(BasicEventDispatcher.java:58) ~[javafx.base.jar:?]
	at javafx.base/com.sun.javafx.event.EventDispatchChainImpl.dispatchEvent(EventDispatchChainImpl.java:114) ~[javafx.base.jar:?]
	at javafx.base/com.sun.javafx.event.BasicEventDispatcher.dispatchEvent(BasicEventDispatcher.java:56) ~[javafx.base.jar:?]
	at javafx.base/com.sun.javafx.event.EventDispatchChainImpl.dispatchEvent(EventDispatchChainImpl.java:114) ~[javafx.base.jar:?]
	at javafx.base/com.sun.javafx.event.BasicEventDispatcher.dispatchEvent(BasicEventDispatcher.java:56) ~[javafx.base.jar:?]
	at javafx.base/com.sun.javafx.event.EventDispatchChainImpl.dispatchEvent(EventDispatchChainImpl.java:114) ~[javafx.base.jar:?]
	at javafx.base/com.sun.javafx.event.EventUtil.fireEventImpl(EventUtil.java:74) ~[javafx.base.jar:?]
	at javafx.base/com.sun.javafx.event.EventUtil.fireEvent(EventUtil.java:49) ~[javafx.base.jar:?]
	at javafx.base/javafx.event.Event.fireEvent(Event.java:198) ~[javafx.base.jar:?]
	at javafx.graphics/javafx.scene.Node.fireEvent(Node.java:8792) ~[javafx.graphics.jar:?]
	at javafx.controls/javafx.scene.control.Button.fire(Button.java:203) ~[javafx.controls.jar:?]
	at javafx.controls/com.sun.javafx.scene.control.behavior.ButtonBehavior.mouseReleased(ButtonBehavior.java:208) ~[javafx.controls.jar:?]
	at javafx.controls/com.sun.javafx.scene.control.inputmap.InputMap.handle(InputMap.java:274) ~[javafx.controls.jar:?]
	at javafx.base/com.sun.javafx.event.CompositeEventHandler$NormalEventHandlerRecord.handleBubblingEvent(CompositeEventHandler.java:247) ~[javafx.base.jar:?]
	at javafx.base/com.sun.javafx.event.CompositeEventHandler.dispatchBubblingEvent(CompositeEventHandler.java:80) ~[javafx.base.jar:?]
	at javafx.base/com.sun.javafx.event.EventHandlerManager.dispatchBubblingEvent(EventHandlerManager.java:234) ~[javafx.base.jar:?]
	at javafx.base/com.sun.javafx.event.EventHandlerManager.dispatchBubblingEvent(EventHandlerManager.java:191) ~[javafx.base.jar:?]
	at javafx.base/com.sun.javafx.event.CompositeEventDispatcher.dispatchBubblingEvent(CompositeEventDispatcher.java:59) ~[javafx.base.jar:?]
	at javafx.base/com.sun.javafx.event.BasicEventDispatcher.dispatchEvent(BasicEventDispatcher.java:58) ~[javafx.base.jar:?]
	at javafx.base/com.sun.javafx.event.EventDispatchChainImpl.dispatchEvent(EventDispatchChainImpl.java:114) ~[javafx.base.jar:?]
	at javafx.base/com.sun.javafx.event.BasicEventDispatcher.dispatchEvent(BasicEventDispatcher.java:56) ~[javafx.base.jar:?]
	at javafx.base/com.sun.javafx.event.EventDispatchChainImpl.dispatchEvent(EventDispatchChainImpl.java:114) ~[javafx.base.jar:?]
	at javafx.base/com.sun.javafx.event.BasicEventDispatcher.dispatchEvent(BasicEventDispatcher.java:56) ~[javafx.base.jar:?]
	at javafx.base/com.sun.javafx.event.EventDispatchChainImpl.dispatchEvent(EventDispatchChainImpl.java:114) ~[javafx.base.jar:?]
	at javafx.base/com.sun.javafx.event.EventUtil.fireEventImpl(EventUtil.java:74) ~[javafx.base.jar:?]
	at javafx.base/com.sun.javafx.event.EventUtil.fireEvent(EventUtil.java:54) ~[javafx.base.jar:?]
	at javafx.base/javafx.event.Event.fireEvent(Event.java:198) ~[javafx.base.jar:?]
	at javafx.graphics/javafx.scene.Scene$MouseHandler.process(Scene.java:3897) ~[javafx.graphics.jar:?]
	at javafx.graphics/javafx.scene.Scene.processMouseEvent(Scene.java:1878) ~[javafx.graphics.jar:?]
	at javafx.graphics/javafx.scene.Scene$ScenePeerListener.mouseEvent(Scene.java:2623) ~[javafx.graphics.jar:?]
	at javafx.graphics/com.sun.javafx.tk.quantum.GlassViewEventHandler$MouseEventNotification.run(GlassViewEventHandler.java:411) ~[javafx.graphics.jar:?]
	at javafx.graphics/com.sun.javafx.tk.quantum.GlassViewEventHandler$MouseEventNotification.run(GlassViewEventHandler.java:301) ~[javafx.graphics.jar:?]
	at java.base/java.security.AccessController.doPrivileged(AccessController.java:399) ~[?:?]
	at javafx.graphics/com.sun.javafx.tk.quantum.GlassViewEventHandler.lambda$handleMouseEvent$2(GlassViewEventHandler.java:450) ~[javafx.graphics.jar:?]
	at javafx.graphics/com.sun.javafx.tk.quantum.QuantumToolkit.runWithoutRenderLock(QuantumToolkit.java:423) ~[javafx.graphics.jar:?]
	at javafx.graphics/com.sun.javafx.tk.quantum.GlassViewEventHandler.handleMouseEvent(GlassViewEventHandler.java:449) ~[javafx.graphics.jar:?]
	at javafx.graphics/com.sun.glass.ui.View.handleMouseEvent(View.java:551) ~[javafx.graphics.jar:?]
	at javafx.graphics/com.sun.glass.ui.View.notifyMouse(View.java:937) ~[javafx.graphics.jar:?]
	at javafx.graphics/com.sun.glass.ui.win.WinApplication._runLoop(Native Method) ~[javafx.graphics.jar:?]
	at javafx.graphics/com.sun.glass.ui.win.WinApplication.lambda$runLoop$3(WinApplication.java:184) ~[javafx.graphics.jar:?]
	at java.base/java.lang.Thread.run(Thread.java:833) [?:?]
2025-11-07 19:58:43.141 [JavaFX Application Thread] INFO  com.neurasys.controller.MainController -   → Path 'Project Backup_3': DEFAULT resolved to NATIVE
2025-11-07 19:58:43.144 [JavaFX Application Thread] ERROR com.neurasys.service.DatabaseManager - Failed to add/update monitor path
java.sql.SQLSyntaxErrorException: Unknown column 'enabled' in 'field list'
	at com.mysql.cj.jdbc.exceptions.SQLError.createSQLException(SQLError.java:121) ~[mysql-connector-j-8.0.33.jar:8.0.33]
	at com.mysql.cj.jdbc.exceptions.SQLExceptionsMapping.translateException(SQLExceptionsMapping.java:122) ~[mysql-connector-j-8.0.33.jar:8.0.33]
	at com.mysql.cj.jdbc.ClientPreparedStatement.executeInternal(ClientPreparedStatement.java:916) ~[mysql-connector-j-8.0.33.jar:8.0.33]
	at com.mysql.cj.jdbc.ClientPreparedStatement.executeUpdateInternal(ClientPreparedStatement.java:1061) ~[mysql-connector-j-8.0.33.jar:8.0.33]
	at com.mysql.cj.jdbc.ClientPreparedStatement.executeUpdateInternal(ClientPreparedStatement.java:1009) ~[mysql-connector-j-8.0.33.jar:8.0.33]
	at com.mysql.cj.jdbc.ClientPreparedStatement.executeLargeUpdate(ClientPreparedStatement.java:1320) ~[mysql-connector-j-8.0.33.jar:8.0.33]
	at com.mysql.cj.jdbc.ClientPreparedStatement.executeUpdate(ClientPreparedStatement.java:994) ~[mysql-connector-j-8.0.33.jar:8.0.33]
	at com.zaxxer.hikari.pool.ProxyPreparedStatement.executeUpdate(ProxyPreparedStatement.java:61) ~[HikariCP-5.1.0.jar:?]
	at com.zaxxer.hikari.pool.HikariProxyPreparedStatement.executeUpdate(HikariProxyPreparedStatement.java) ~[HikariCP-5.1.0.jar:?]
	at com.neurasys.service.DatabaseManager.addMonitorPath(DatabaseManager.java:187) ~[classes/:?]
	at com.neurasys.controller.MainController.startMonitoring(MainController.java:603) ~[classes/:?]
	at com.neurasys.controller.MainController.handleStartStop(MainController.java:531) ~[classes/:?]
	at java.base/jdk.internal.reflect.DirectMethodHandleAccessor.invoke(DirectMethodHandleAccessor.java:104) ~[?:?]
	at java.base/java.lang.reflect.Method.invoke(Method.java:577) ~[?:?]
	at com.sun.javafx.reflect.Trampoline.invoke(MethodUtil.java:77) ~[javafx.base.jar:?]
	at java.base/jdk.internal.reflect.DirectMethodHandleAccessor.invoke(DirectMethodHandleAccessor.java:104) ~[?:?]
	at java.base/java.lang.reflect.Method.invoke(Method.java:577) ~[?:?]
	at javafx.base/com.sun.javafx.reflect.MethodUtil.invoke(MethodUtil.java:275) ~[javafx.base.jar:?]
	at javafx.fxml/com.sun.javafx.fxml.MethodHelper.invoke(MethodHelper.java:84) ~[javafx.fxml.jar:?]
	at javafx.fxml/javafx.fxml.FXMLLoader$MethodHandler.invoke(FXMLLoader.java:1854) ~[javafx.fxml.jar:?]
	at javafx.fxml/javafx.fxml.FXMLLoader$ControllerMethodEventHandler.handle(FXMLLoader.java:1724) ~[javafx.fxml.jar:?]
	at javafx.base/com.sun.javafx.event.CompositeEventHandler.dispatchBubblingEvent(CompositeEventHandler.java:86) ~[javafx.base.jar:?]
	at javafx.base/com.sun.javafx.event.EventHandlerManager.dispatchBubblingEvent(EventHandlerManager.java:234) ~[javafx.base.jar:?]
	at javafx.base/com.sun.javafx.event.EventHandlerManager.dispatchBubblingEvent(EventHandlerManager.java:191) ~[javafx.base.jar:?]
	at javafx.base/com.sun.javafx.event.CompositeEventDispatcher.dispatchBubblingEvent(CompositeEventDispatcher.java:59) ~[javafx.base.jar:?]
	at javafx.base/com.sun.javafx.event.BasicEventDispatcher.dispatchEvent(BasicEventDispatcher.java:58) ~[javafx.base.jar:?]
	at javafx.base/com.sun.javafx.event.EventDispatchChainImpl.dispatchEvent(EventDispatchChainImpl.java:114) ~[javafx.base.jar:?]
	at javafx.base/com.sun.javafx.event.BasicEventDispatcher.dispatchEvent(BasicEventDispatcher.java:56) ~[javafx.base.jar:?]
	at javafx.base/com.sun.javafx.event.EventDispatchChainImpl.dispatchEvent(EventDispatchChainImpl.java:114) ~[javafx.base.jar:?]
	at javafx.base/com.sun.javafx.event.BasicEventDispatcher.dispatchEvent(BasicEventDispatcher.java:56) ~[javafx.base.jar:?]
	at javafx.base/com.sun.javafx.event.EventDispatchChainImpl.dispatchEvent(EventDispatchChainImpl.java:114) ~[javafx.base.jar:?]
	at javafx.base/com.sun.javafx.event.EventUtil.fireEventImpl(EventUtil.java:74) ~[javafx.base.jar:?]
	at javafx.base/com.sun.javafx.event.EventUtil.fireEvent(EventUtil.java:49) ~[javafx.base.jar:?]
	at javafx.base/javafx.event.Event.fireEvent(Event.java:198) ~[javafx.base.jar:?]
	at javafx.graphics/javafx.scene.Node.fireEvent(Node.java:8792) ~[javafx.graphics.jar:?]
	at javafx.controls/javafx.scene.control.Button.fire(Button.java:203) ~[javafx.controls.jar:?]
	at javafx.controls/com.sun.javafx.scene.control.behavior.ButtonBehavior.mouseReleased(ButtonBehavior.java:208) ~[javafx.controls.jar:?]
	at javafx.controls/com.sun.javafx.scene.control.inputmap.InputMap.handle(InputMap.java:274) ~[javafx.controls.jar:?]
	at javafx.base/com.sun.javafx.event.CompositeEventHandler$NormalEventHandlerRecord.handleBubblingEvent(CompositeEventHandler.java:247) ~[javafx.base.jar:?]
	at javafx.base/com.sun.javafx.event.CompositeEventHandler.dispatchBubblingEvent(CompositeEventHandler.java:80) ~[javafx.base.jar:?]
	at javafx.base/com.sun.javafx.event.EventHandlerManager.dispatchBubblingEvent(EventHandlerManager.java:234) ~[javafx.base.jar:?]
	at javafx.base/com.sun.javafx.event.EventHandlerManager.dispatchBubblingEvent(EventHandlerManager.java:191) ~[javafx.base.jar:?]
	at javafx.base/com.sun.javafx.event.CompositeEventDispatcher.dispatchBubblingEvent(CompositeEventDispatcher.java:59) ~[javafx.base.jar:?]
	at javafx.base/com.sun.javafx.event.BasicEventDispatcher.dispatchEvent(BasicEventDispatcher.java:58) ~[javafx.base.jar:?]
	at javafx.base/com.sun.javafx.event.EventDispatchChainImpl.dispatchEvent(EventDispatchChainImpl.java:114) ~[javafx.base.jar:?]
	at javafx.base/com.sun.javafx.event.BasicEventDispatcher.dispatchEvent(BasicEventDispatcher.java:56) ~[javafx.base.jar:?]
	at javafx.base/com.sun.javafx.event.EventDispatchChainImpl.dispatchEvent(EventDispatchChainImpl.java:114) ~[javafx.base.jar:?]
	at javafx.base/com.sun.javafx.event.BasicEventDispatcher.dispatchEvent(BasicEventDispatcher.java:56) ~[javafx.base.jar:?]
	at javafx.base/com.sun.javafx.event.EventDispatchChainImpl.dispatchEvent(EventDispatchChainImpl.java:114) ~[javafx.base.jar:?]
	at javafx.base/com.sun.javafx.event.EventUtil.fireEventImpl(EventUtil.java:74) ~[javafx.base.jar:?]
	at javafx.base/com.sun.javafx.event.EventUtil.fireEvent(EventUtil.java:54) ~[javafx.base.jar:?]
	at javafx.base/javafx.event.Event.fireEvent(Event.java:198) ~[javafx.base.jar:?]
	at javafx.graphics/javafx.scene.Scene$MouseHandler.process(Scene.java:3897) ~[javafx.graphics.jar:?]
	at javafx.graphics/javafx.scene.Scene.processMouseEvent(Scene.java:1878) ~[javafx.graphics.jar:?]
	at javafx.graphics/javafx.scene.Scene$ScenePeerListener.mouseEvent(Scene.java:2623) ~[javafx.graphics.jar:?]
	at javafx.graphics/com.sun.javafx.tk.quantum.GlassViewEventHandler$MouseEventNotification.run(GlassViewEventHandler.java:411) ~[javafx.graphics.jar:?]
	at javafx.graphics/com.sun.javafx.tk.quantum.GlassViewEventHandler$MouseEventNotification.run(GlassViewEventHandler.java:301) ~[javafx.graphics.jar:?]
	at java.base/java.security.AccessController.doPrivileged(AccessController.java:399) ~[?:?]
	at javafx.graphics/com.sun.javafx.tk.quantum.GlassViewEventHandler.lambda$handleMouseEvent$2(GlassViewEventHandler.java:450) ~[javafx.graphics.jar:?]
	at javafx.graphics/com.sun.javafx.tk.quantum.QuantumToolkit.runWithoutRenderLock(QuantumToolkit.java:423) ~[javafx.graphics.jar:?]
	at javafx.graphics/com.sun.javafx.tk.quantum.GlassViewEventHandler.handleMouseEvent(GlassViewEventHandler.java:449) ~[javafx.graphics.jar:?]
	at javafx.graphics/com.sun.glass.ui.View.handleMouseEvent(View.java:551) ~[javafx.graphics.jar:?]
	at javafx.graphics/com.sun.glass.ui.View.notifyMouse(View.java:937) ~[javafx.graphics.jar:?]
	at javafx.graphics/com.sun.glass.ui.win.WinApplication._runLoop(Native Method) ~[javafx.graphics.jar:?]
	at javafx.graphics/com.sun.glass.ui.win.WinApplication.lambda$runLoop$3(WinApplication.java:184) ~[javafx.graphics.jar:?]
	at java.base/java.lang.Thread.run(Thread.java:833) [?:?]
2025-11-07 19:58:43.147 [JavaFX Application Thread] ERROR com.neurasys.controller.MainController - Failed to add monitor path: Project Backup_3
java.sql.SQLSyntaxErrorException: Unknown column 'enabled' in 'field list'
	at com.mysql.cj.jdbc.exceptions.SQLError.createSQLException(SQLError.java:121) ~[mysql-connector-j-8.0.33.jar:8.0.33]
	at com.mysql.cj.jdbc.exceptions.SQLExceptionsMapping.translateException(SQLExceptionsMapping.java:122) ~[mysql-connector-j-8.0.33.jar:8.0.33]
	at com.mysql.cj.jdbc.ClientPreparedStatement.executeInternal(ClientPreparedStatement.java:916) ~[mysql-connector-j-8.0.33.jar:8.0.33]
	at com.mysql.cj.jdbc.ClientPreparedStatement.executeUpdateInternal(ClientPreparedStatement.java:1061) ~[mysql-connector-j-8.0.33.jar:8.0.33]
	at com.mysql.cj.jdbc.ClientPreparedStatement.executeUpdateInternal(ClientPreparedStatement.java:1009) ~[mysql-connector-j-8.0.33.jar:8.0.33]
	at com.mysql.cj.jdbc.ClientPreparedStatement.executeLargeUpdate(ClientPreparedStatement.java:1320) ~[mysql-connector-j-8.0.33.jar:8.0.33]
	at com.mysql.cj.jdbc.ClientPreparedStatement.executeUpdate(ClientPreparedStatement.java:994) ~[mysql-connector-j-8.0.33.jar:8.0.33]
	at com.zaxxer.hikari.pool.ProxyPreparedStatement.executeUpdate(ProxyPreparedStatement.java:61) ~[HikariCP-5.1.0.jar:?]
	at com.zaxxer.hikari.pool.HikariProxyPreparedStatement.executeUpdate(HikariProxyPreparedStatement.java) ~[HikariCP-5.1.0.jar:?]
	at com.neurasys.service.DatabaseManager.addMonitorPath(DatabaseManager.java:187) ~[classes/:?]
	at com.neurasys.controller.MainController.startMonitoring(MainController.java:603) ~[classes/:?]
	at com.neurasys.controller.MainController.handleStartStop(MainController.java:531) ~[classes/:?]
	at java.base/jdk.internal.reflect.DirectMethodHandleAccessor.invoke(DirectMethodHandleAccessor.java:104) ~[?:?]
	at java.base/java.lang.reflect.Method.invoke(Method.java:577) ~[?:?]
	at com.sun.javafx.reflect.Trampoline.invoke(MethodUtil.java:77) ~[javafx.base.jar:?]
	at java.base/jdk.internal.reflect.DirectMethodHandleAccessor.invoke(DirectMethodHandleAccessor.java:104) ~[?:?]
	at java.base/java.lang.reflect.Method.invoke(Method.java:577) ~[?:?]
	at javafx.base/com.sun.javafx.reflect.MethodUtil.invoke(MethodUtil.java:275) ~[javafx.base.jar:?]
	at javafx.fxml/com.sun.javafx.fxml.MethodHelper.invoke(MethodHelper.java:84) ~[javafx.fxml.jar:?]
	at javafx.fxml/javafx.fxml.FXMLLoader$MethodHandler.invoke(FXMLLoader.java:1854) ~[javafx.fxml.jar:?]
	at javafx.fxml/javafx.fxml.FXMLLoader$ControllerMethodEventHandler.handle(FXMLLoader.java:1724) ~[javafx.fxml.jar:?]
	at javafx.base/com.sun.javafx.event.CompositeEventHandler.dispatchBubblingEvent(CompositeEventHandler.java:86) ~[javafx.base.jar:?]
	at javafx.base/com.sun.javafx.event.EventHandlerManager.dispatchBubblingEvent(EventHandlerManager.java:234) ~[javafx.base.jar:?]
	at javafx.base/com.sun.javafx.event.EventHandlerManager.dispatchBubblingEvent(EventHandlerManager.java:191) ~[javafx.base.jar:?]
	at javafx.base/com.sun.javafx.event.CompositeEventDispatcher.dispatchBubblingEvent(CompositeEventDispatcher.java:59) ~[javafx.base.jar:?]
	at javafx.base/com.sun.javafx.event.BasicEventDispatcher.dispatchEvent(BasicEventDispatcher.java:58) ~[javafx.base.jar:?]
	at javafx.base/com.sun.javafx.event.EventDispatchChainImpl.dispatchEvent(EventDispatchChainImpl.java:114) ~[javafx.base.jar:?]
	at javafx.base/com.sun.javafx.event.BasicEventDispatcher.dispatchEvent(BasicEventDispatcher.java:56) ~[javafx.base.jar:?]
	at javafx.base/com.sun.javafx.event.EventDispatchChainImpl.dispatchEvent(EventDispatchChainImpl.java:114) ~[javafx.base.jar:?]
	at javafx.base/com.sun.javafx.event.BasicEventDispatcher.dispatchEvent(BasicEventDispatcher.java:56) ~[javafx.base.jar:?]
	at javafx.base/com.sun.javafx.event.EventDispatchChainImpl.dispatchEvent(EventDispatchChainImpl.java:114) ~[javafx.base.jar:?]
	at javafx.base/com.sun.javafx.event.EventUtil.fireEventImpl(EventUtil.java:74) ~[javafx.base.jar:?]
	at javafx.base/com.sun.javafx.event.EventUtil.fireEvent(EventUtil.java:49) ~[javafx.base.jar:?]
	at javafx.base/javafx.event.Event.fireEvent(Event.java:198) ~[javafx.base.jar:?]
	at javafx.graphics/javafx.scene.Node.fireEvent(Node.java:8792) ~[javafx.graphics.jar:?]
	at javafx.controls/javafx.scene.control.Button.fire(Button.java:203) ~[javafx.controls.jar:?]
	at javafx.controls/com.sun.javafx.scene.control.behavior.ButtonBehavior.mouseReleased(ButtonBehavior.java:208) ~[javafx.controls.jar:?]
	at javafx.controls/com.sun.javafx.scene.control.inputmap.InputMap.handle(InputMap.java:274) ~[javafx.controls.jar:?]
	at javafx.base/com.sun.javafx.event.CompositeEventHandler$NormalEventHandlerRecord.handleBubblingEvent(CompositeEventHandler.java:247) ~[javafx.base.jar:?]
	at javafx.base/com.sun.javafx.event.CompositeEventHandler.dispatchBubblingEvent(CompositeEventHandler.java:80) ~[javafx.base.jar:?]
	at javafx.base/com.sun.javafx.event.EventHandlerManager.dispatchBubblingEvent(EventHandlerManager.java:234) ~[javafx.base.jar:?]
	at javafx.base/com.sun.javafx.event.EventHandlerManager.dispatchBubblingEvent(EventHandlerManager.java:191) ~[javafx.base.jar:?]
	at javafx.base/com.sun.javafx.event.CompositeEventDispatcher.dispatchBubblingEvent(CompositeEventDispatcher.java:59) ~[javafx.base.jar:?]
	at javafx.base/com.sun.javafx.event.BasicEventDispatcher.dispatchEvent(BasicEventDispatcher.java:58) ~[javafx.base.jar:?]
	at javafx.base/com.sun.javafx.event.EventDispatchChainImpl.dispatchEvent(EventDispatchChainImpl.java:114) ~[javafx.base.jar:?]
	at javafx.base/com.sun.javafx.event.BasicEventDispatcher.dispatchEvent(BasicEventDispatcher.java:56) ~[javafx.base.jar:?]
	at javafx.base/com.sun.javafx.event.EventDispatchChainImpl.dispatchEvent(EventDispatchChainImpl.java:114) ~[javafx.base.jar:?]
	at javafx.base/com.sun.javafx.event.BasicEventDispatcher.dispatchEvent(BasicEventDispatcher.java:56) ~[javafx.base.jar:?]
	at javafx.base/com.sun.javafx.event.EventDispatchChainImpl.dispatchEvent(EventDispatchChainImpl.java:114) ~[javafx.base.jar:?]
	at javafx.base/com.sun.javafx.event.EventUtil.fireEventImpl(EventUtil.java:74) ~[javafx.base.jar:?]
	at javafx.base/com.sun.javafx.event.EventUtil.fireEvent(EventUtil.java:54) ~[javafx.base.jar:?]
	at javafx.base/javafx.event.Event.fireEvent(Event.java:198) ~[javafx.base.jar:?]
	at javafx.graphics/javafx.scene.Scene$MouseHandler.process(Scene.java:3897) ~[javafx.graphics.jar:?]
	at javafx.graphics/javafx.scene.Scene.processMouseEvent(Scene.java:1878) ~[javafx.graphics.jar:?]
	at javafx.graphics/javafx.scene.Scene$ScenePeerListener.mouseEvent(Scene.java:2623) ~[javafx.graphics.jar:?]
	at javafx.graphics/com.sun.javafx.tk.quantum.GlassViewEventHandler$MouseEventNotification.run(GlassViewEventHandler.java:411) ~[javafx.graphics.jar:?]
	at javafx.graphics/com.sun.javafx.tk.quantum.GlassViewEventHandler$MouseEventNotification.run(GlassViewEventHandler.java:301) ~[javafx.graphics.jar:?]
	at java.base/java.security.AccessController.doPrivileged(AccessController.java:399) ~[?:?]
	at javafx.graphics/com.sun.javafx.tk.quantum.GlassViewEventHandler.lambda$handleMouseEvent$2(GlassViewEventHandler.java:450) ~[javafx.graphics.jar:?]
	at javafx.graphics/com.sun.javafx.tk.quantum.QuantumToolkit.runWithoutRenderLock(QuantumToolkit.java:423) ~[javafx.graphics.jar:?]
	at javafx.graphics/com.sun.javafx.tk.quantum.GlassViewEventHandler.handleMouseEvent(GlassViewEventHandler.java:449) ~[javafx.graphics.jar:?]
	at javafx.graphics/com.sun.glass.ui.View.handleMouseEvent(View.java:551) ~[javafx.graphics.jar:?]
	at javafx.graphics/com.sun.glass.ui.View.notifyMouse(View.java:937) ~[javafx.graphics.jar:?]
	at javafx.graphics/com.sun.glass.ui.win.WinApplication._runLoop(Native Method) ~[javafx.graphics.jar:?]
	at javafx.graphics/com.sun.glass.ui.win.WinApplication.lambda$runLoop$3(WinApplication.java:184) ~[javafx.graphics.jar:?]
	at java.base/java.lang.Thread.run(Thread.java:833) [?:?]
2025-11-07 20:15:08.082 [JavaFX Application Thread] INFO  com.neurasys.service.DatabaseManager - Initializing hybrid database...
2025-11-07 20:15:08.431 [JavaFX Application Thread] INFO  com.neurasys.service.DatabaseManager - ✓ Database connection successful
2025-11-07 20:15:08.451 [JavaFX Application Thread] INFO  com.neurasys.service.DatabaseManager - ✓ Hybrid database initialized
2025-11-07 20:15:09.055 [JavaFX Application Thread] INFO  com.neurasys.controller.MainController - Initializing MainController (Hybrid Version)...
2025-11-07 20:15:09.059 [JavaFX Application Thread] INFO  com.neurasys.bridge.NativeFileMonitor - ✓ Native FileMonitor.dll loaded successfully (v14.2.0 - MSYS2 GCC)
2025-11-07 20:15:09.060 [JavaFX Application Thread] INFO  com.neurasys.controller.MainController - Native monitor status: ✓ Ready
2025-11-07 20:15:09.061 [JavaFX Application Thread] INFO  com.neurasys.service.DatabaseManager - Initializing hybrid database...
2025-11-07 20:15:09.071 [JavaFX Application Thread] INFO  com.neurasys.service.DatabaseManager - ✓ Database connection successful
2025-11-07 20:15:09.071 [JavaFX Application Thread] INFO  com.neurasys.service.DatabaseManager - ✓ Hybrid database initialized
2025-11-07 20:15:09.071 [JavaFX Application Thread] INFO  com.neurasys.controller.MainController - ✓ Initial database connection successful
2025-11-07 20:15:09.071 [JavaFX Application Thread] INFO  com.neurasys.service.DatabaseManager - Executing query: SELECT id, path_name, path_location, backup_location, path_type, monitor_method, enabled FROM monitor_paths
2025-11-07 20:15:09.125 [JavaFX Application Thread] INFO  com.neurasys.service.DatabaseManager - Loaded path #1: Project Backup
2025-11-07 20:15:09.126 [JavaFX Application Thread] INFO  com.neurasys.service.DatabaseManager - ✓ Total paths loaded: 1
2025-11-07 20:15:09.126 [JavaFX Application Thread] INFO  com.neurasys.controller.MainController - ✓ Loaded 1 monitor paths from database
2025-11-07 20:15:09.182 [JavaFX Application Thread] INFO  com.neurasys.controller.MainController - ✓ Logs table refreshed: 98 entries
2025-11-07 20:15:09.184 [JavaFX Application Thread] INFO  com.neurasys.controller.MainController - ✓ MainController initialized (Hybrid mode)
2025-11-07 20:15:09.228 [JavaFX Application Thread] INFO  com.neurasys.service.DatabaseManager - ✓ Backup stats loaded: 40 files, 51 B original, 0.0% savings
