2025-11-12 00:41:21.523 [NeuraSysHybridPool housekeeper] WARN  com.zaxxer.hikari.pool.HikariPool - NeuraSysHybridPool - Thread starvation or clock leap detected (housekeeper delta=4h24m23s658ms423µs).
2025-11-12 00:41:24.672 [NeuraSysHybridPool housekeeper] WARN  com.zaxxer.hikari.pool.HikariPool - NeuraSysHybridPool - Thread starvation or clock leap detected (housekeeper delta=4h24m23s651ms457µs600ns).
2025-11-12 00:41:25.294 [NeuraSysHybridPool housekeeper] WARN  com.zaxxer.hikari.pool.HikariPool - NeuraSysHybridPool - Thread starvation or clock leap detected (housekeeper delta=4h24m23s651ms537µs900ns).
2025-11-12 00:47:03.692 [JavaFX Application Thread] INFO  com.neurasys.service.DatabaseManager - Initializing hybrid database...
2025-11-12 00:47:04.086 [JavaFX Application Thread] INFO  com.neurasys.service.DatabaseManager - ✓ Database connection successful
2025-11-12 00:47:04.100 [JavaFX Application Thread] INFO  com.neurasys.service.DatabaseManager - ✓ Hybrid database initialized
2025-11-12 00:47:04.657 [JavaFX Application Thread] INFO  com.neurasys.controller.MainController - Initializing MainController (Hybrid Version)...
2025-11-12 00:47:04.662 [JavaFX Application Thread] INFO  com.neurasys.bridge.NativeFileMonitor - ✓ Native FileMonitor.dll loaded successfully (v14.2.0 - MSYS2 GCC)
2025-11-12 00:47:04.663 [JavaFX Application Thread] INFO  com.neurasys.controller.MainController - Native monitor status: ✓ Ready
2025-11-12 00:47:04.664 [JavaFX Application Thread] INFO  com.neurasys.service.DatabaseManager - Initializing hybrid database...
2025-11-12 00:47:04.674 [JavaFX Application Thread] INFO  com.neurasys.service.DatabaseManager - ✓ Database connection successful
2025-11-12 00:47:04.674 [JavaFX Application Thread] INFO  com.neurasys.service.DatabaseManager - ✓ Hybrid database initialized
2025-11-12 00:47:04.674 [JavaFX Application Thread] INFO  com.neurasys.controller.MainController - ✓ Initial database connection successful
2025-11-12 00:47:04.675 [JavaFX Application Thread] INFO  com.neurasys.service.DatabaseManager - Executing query: SELECT id, path_name, path_location, backup_location, path_type, monitor_method, enabled FROM monitor_paths
2025-11-12 00:47:04.747 [JavaFX Application Thread] INFO  com.neurasys.service.DatabaseManager - ✓ Total paths loaded: 0
2025-11-12 00:47:04.747 [JavaFX Application Thread] INFO  com.neurasys.controller.MainController - No monitor paths found in database
2025-11-12 00:47:04.780 [JavaFX Application Thread] INFO  com.neurasys.controller.MainController - ✓ Logs table refreshed: 0 entries
2025-11-12 00:47:04.780 [JavaFX Application Thread] INFO  com.neurasys.controller.MainController - ✓ MainController initialized (Hybrid mode)
2025-11-12 00:47:04.823 [JavaFX Application Thread] INFO  com.neurasys.service.DatabaseManager - ✓ Backup stats loaded: 0 files, 0 B original, 0.0% savings
2025-11-12 00:47:20.054 [JavaFX Application Thread] INFO  com.neurasys.service.DatabaseManager - Initializing hybrid database...
2025-11-12 00:47:20.085 [JavaFX Application Thread] INFO  com.neurasys.service.DatabaseManager - ✓ Database connection successful
2025-11-12 00:47:20.085 [JavaFX Application Thread] INFO  com.neurasys.service.DatabaseManager - ✓ Hybrid database initialized
2025-11-12 00:49:02.195 [JavaFX Application Thread] INFO  com.neurasys.service.DatabaseManager - Initializing hybrid database...
2025-11-12 00:49:02.217 [JavaFX Application Thread] INFO  com.neurasys.service.DatabaseManager - ✓ Database connection successful
2025-11-12 00:49:02.217 [JavaFX Application Thread] INFO  com.neurasys.service.DatabaseManager - ✓ Hybrid database initialized
2025-11-12 00:49:02.234 [JavaFX Application Thread] INFO  com.neurasys.service.MultiPathMonitor - ✓ MultiPathMonitor initialized with global method: NATIVE
2025-11-12 00:49:02.235 [JavaFX Application Thread] INFO  com.neurasys.controller.MainController - ✓ Monitoring start timestamp recorded: 1762888742235
2025-11-12 00:49:02.236 [JavaFX Application Thread] INFO  com.neurasys.controller.MainController -   → Path 'Project Backup_3': DEFAULT resolved to NATIVE
2025-11-12 00:49:02.295 [JavaFX Application Thread] INFO  com.neurasys.service.DatabaseManager - ✓ Monitor path added: Project Backup_3 (ID: 19, Method: DEFAULT)
2025-11-12 00:49:02.295 [JavaFX Application Thread] INFO  com.neurasys.controller.MainController - ✓ Path added to database with ID: 19
2025-11-12 00:49:02.295 [JavaFX Application Thread] INFO  com.neurasys.service.MultiPathMonitor - === ADDING MONITOR PATH ===
2025-11-12 00:49:02.296 [JavaFX Application Thread] INFO  com.neurasys.service.MultiPathMonitor -   Name: Project Backup_3
2025-11-12 00:49:02.296 [JavaFX Application Thread] INFO  com.neurasys.service.MultiPathMonitor -   Location: D:\Pragadeesh_D\TestMonitor\TestMonitor_3
2025-11-12 00:49:02.296 [JavaFX Application Thread] INFO  com.neurasys.service.MultiPathMonitor -   Type: LOCAL
2025-11-12 00:49:02.296 [JavaFX Application Thread] INFO  com.neurasys.service.MultiPathMonitor -   Method: NATIVE
2025-11-12 00:49:02.296 [JavaFX Application Thread] INFO  com.neurasys.service.MultiPathMonitor - ===========================
2025-11-12 00:49:02.296 [JavaFX Application Thread] INFO  com.neurasys.service.MultiPathMonitor -   → Starting NATIVE monitoring...
2025-11-12 00:49:02.297 [JavaFX Application Thread] INFO  com.neurasys.service.MultiPathMonitor - Starting NATIVE monitoring: Project Backup_3 (Local path with C DLL)
2025-11-12 00:49:02.301 [JavaFX Application Thread] INFO  com.neurasys.service.MultiPathMonitor - ✓ NATIVE monitor started for: Project Backup_3
2025-11-12 00:49:02.302 [JavaFX Application Thread] INFO  com.neurasys.controller.MainController - ✓ Monitoring enabled for: Project Backup_3 (Method: NATIVE)
2025-11-12 00:49:02.303 [JavaFX Application Thread] INFO  com.neurasys.service.MultiPathMonitor - Starting all monitors (1 paths)
2025-11-12 00:49:26.632 [JavaFX Application Thread] INFO  com.neurasys.service.DatabaseManager - Initializing hybrid database...
2025-11-12 00:49:26.948 [JavaFX Application Thread] INFO  com.neurasys.service.DatabaseManager - ✓ Database connection successful
2025-11-12 00:49:26.961 [JavaFX Application Thread] INFO  com.neurasys.service.DatabaseManager - ✓ Hybrid database initialized
2025-11-12 00:49:27.459 [JavaFX Application Thread] INFO  com.neurasys.controller.MainController - Initializing MainController (Hybrid Version)...
2025-11-12 00:49:27.463 [JavaFX Application Thread] INFO  com.neurasys.bridge.NativeFileMonitor - ✓ Native FileMonitor.dll loaded successfully (v14.2.0 - MSYS2 GCC)
2025-11-12 00:49:27.464 [JavaFX Application Thread] INFO  com.neurasys.controller.MainController - Native monitor status: ✓ Ready
2025-11-12 00:49:27.465 [JavaFX Application Thread] INFO  com.neurasys.service.DatabaseManager - Initializing hybrid database...
2025-11-12 00:49:27.479 [JavaFX Application Thread] INFO  com.neurasys.service.DatabaseManager - ✓ Database connection successful
2025-11-12 00:49:27.479 [JavaFX Application Thread] INFO  com.neurasys.service.DatabaseManager - ✓ Hybrid database initialized
2025-11-12 00:49:27.479 [JavaFX Application Thread] INFO  com.neurasys.controller.MainController - ✓ Initial database connection successful
2025-11-12 00:49:27.480 [JavaFX Application Thread] INFO  com.neurasys.service.DatabaseManager - Executing query: SELECT id, path_name, path_location, backup_location, path_type, monitor_method, enabled FROM monitor_paths
2025-11-12 00:49:27.528 [JavaFX Application Thread] INFO  com.neurasys.service.DatabaseManager - Loaded path #1: Project Backup_3
2025-11-12 00:49:27.528 [JavaFX Application Thread] INFO  com.neurasys.service.DatabaseManager - ✓ Total paths loaded: 1
2025-11-12 00:49:27.529 [JavaFX Application Thread] INFO  com.neurasys.controller.MainController - ✓ Loaded 1 monitor paths from database
2025-11-12 00:49:27.566 [JavaFX Application Thread] INFO  com.neurasys.controller.MainController - ✓ Logs table refreshed: 0 entries
2025-11-12 00:49:27.567 [JavaFX Application Thread] INFO  com.neurasys.controller.MainController - ✓ MainController initialized (Hybrid mode)
2025-11-12 00:49:27.592 [JavaFX Application Thread] INFO  com.neurasys.service.DatabaseManager - ✓ Backup stats loaded: 0 files, 0 B original, 0.0% savings
2025-11-12 00:49:52.270 [JavaFX Application Thread] INFO  com.neurasys.service.DatabaseManager - Initializing hybrid database...
2025-11-12 00:49:52.294 [JavaFX Application Thread] INFO  com.neurasys.service.DatabaseManager - ✓ Database connection successful
2025-11-12 00:49:52.295 [JavaFX Application Thread] INFO  com.neurasys.service.DatabaseManager - ✓ Hybrid database initialized
2025-11-12 00:50:08.822 [JavaFX Application Thread] INFO  com.neurasys.controller.MainController - Path 'Project Backup_3' method changed to: NATIVE
2025-11-12 00:50:13.456 [JavaFX Application Thread] INFO  com.neurasys.service.DatabaseManager - Initializing hybrid database...
2025-11-12 00:50:13.481 [JavaFX Application Thread] INFO  com.neurasys.service.DatabaseManager - ✓ Database connection successful
2025-11-12 00:50:13.482 [JavaFX Application Thread] INFO  com.neurasys.service.DatabaseManager - ✓ Hybrid database initialized
2025-11-12 00:50:13.486 [JavaFX Application Thread] INFO  com.neurasys.service.MultiPathMonitor - ✓ MultiPathMonitor initialized with global method: NATIVE
2025-11-12 00:50:13.487 [JavaFX Application Thread] INFO  com.neurasys.controller.MainController - ✓ Monitoring start timestamp recorded: 1762888813487
2025-11-12 00:50:13.496 [JavaFX Application Thread] INFO  com.neurasys.service.DatabaseManager - Path 'Project Backup_3' already exists (ID: 19). Updating...
2025-11-12 00:50:13.514 [JavaFX Application Thread] INFO  com.neurasys.service.DatabaseManager - ✓ Monitor path updated successfully (ID: 19)
2025-11-12 00:50:13.515 [JavaFX Application Thread] INFO  com.neurasys.controller.MainController - ✓ Path added to database with ID: 19
2025-11-12 00:50:13.515 [JavaFX Application Thread] INFO  com.neurasys.service.MultiPathMonitor - === ADDING MONITOR PATH ===
2025-11-12 00:50:13.516 [JavaFX Application Thread] INFO  com.neurasys.service.MultiPathMonitor -   Name: Project Backup_3
2025-11-12 00:50:13.516 [JavaFX Application Thread] INFO  com.neurasys.service.MultiPathMonitor -   Location: D:\Pragadeesh_D\TestMonitor\TestMonitor_3
2025-11-12 00:50:13.516 [JavaFX Application Thread] INFO  com.neurasys.service.MultiPathMonitor -   Type: LOCAL
2025-11-12 00:50:13.516 [JavaFX Application Thread] INFO  com.neurasys.service.MultiPathMonitor -   Method: NATIVE
2025-11-12 00:50:13.516 [JavaFX Application Thread] INFO  com.neurasys.service.MultiPathMonitor - ===========================
2025-11-12 00:50:13.517 [JavaFX Application Thread] INFO  com.neurasys.service.MultiPathMonitor -   → Starting NATIVE monitoring...
2025-11-12 00:50:13.517 [JavaFX Application Thread] INFO  com.neurasys.service.MultiPathMonitor - Starting NATIVE monitoring: Project Backup_3 (Local path with C DLL)
2025-11-12 00:50:13.519 [JavaFX Application Thread] INFO  com.neurasys.service.MultiPathMonitor - ✓ NATIVE monitor started for: Project Backup_3
2025-11-12 00:50:13.520 [JavaFX Application Thread] INFO  com.neurasys.controller.MainController - ✓ Monitoring enabled for: Project Backup_3 (Method: NATIVE)
2025-11-12 00:50:13.521 [JavaFX Application Thread] INFO  com.neurasys.service.MultiPathMonitor - Starting all monitors (1 paths)
2025-11-12 00:50:26.890 [JavaFX Application Thread] INFO  com.neurasys.service.DatabaseManager - Initializing hybrid database...
2025-11-12 00:50:27.235 [JavaFX Application Thread] INFO  com.neurasys.service.DatabaseManager - ✓ Database connection successful
2025-11-12 00:50:27.247 [JavaFX Application Thread] INFO  com.neurasys.service.DatabaseManager - ✓ Hybrid database initialized
2025-11-12 00:50:27.706 [JavaFX Application Thread] INFO  com.neurasys.controller.MainController - Initializing MainController (Hybrid Version)...
2025-11-12 00:50:27.709 [JavaFX Application Thread] INFO  com.neurasys.bridge.NativeFileMonitor - ✓ Native FileMonitor.dll loaded successfully (v14.2.0 - MSYS2 GCC)
2025-11-12 00:50:27.711 [JavaFX Application Thread] INFO  com.neurasys.controller.MainController - Native monitor status: ✓ Ready
2025-11-12 00:50:27.711 [JavaFX Application Thread] INFO  com.neurasys.service.DatabaseManager - Initializing hybrid database...
2025-11-12 00:50:27.720 [JavaFX Application Thread] INFO  com.neurasys.service.DatabaseManager - ✓ Database connection successful
2025-11-12 00:50:27.721 [JavaFX Application Thread] INFO  com.neurasys.service.DatabaseManager - ✓ Hybrid database initialized
2025-11-12 00:50:27.721 [JavaFX Application Thread] INFO  com.neurasys.controller.MainController - ✓ Initial database connection successful
2025-11-12 00:50:27.721 [JavaFX Application Thread] INFO  com.neurasys.service.DatabaseManager - Executing query: SELECT id, path_name, path_location, backup_location, path_type, monitor_method, enabled FROM monitor_paths
2025-11-12 00:50:27.773 [JavaFX Application Thread] INFO  com.neurasys.service.DatabaseManager - Loaded path #1: Project Backup_3
2025-11-12 00:50:27.774 [JavaFX Application Thread] INFO  com.neurasys.service.DatabaseManager - ✓ Total paths loaded: 1
2025-11-12 00:50:27.775 [JavaFX Application Thread] INFO  com.neurasys.controller.MainController - ✓ Loaded 1 monitor paths from database
2025-11-12 00:50:27.797 [JavaFX Application Thread] INFO  com.neurasys.controller.MainController - ✓ Logs table refreshed: 0 entries
2025-11-12 00:50:27.798 [JavaFX Application Thread] INFO  com.neurasys.controller.MainController - ✓ MainController initialized (Hybrid mode)
2025-11-12 00:50:27.849 [JavaFX Application Thread] INFO  com.neurasys.service.DatabaseManager - ✓ Backup stats loaded: 0 files, 0 B original, 0.0% savings
2025-11-12 00:50:38.183 [JavaFX Application Thread] INFO  com.neurasys.service.DatabaseManager - Initializing hybrid database...
2025-11-12 00:50:38.204 [JavaFX Application Thread] INFO  com.neurasys.service.DatabaseManager - ✓ Database connection successful
2025-11-12 00:50:38.206 [JavaFX Application Thread] INFO  com.neurasys.service.DatabaseManager - ✓ Hybrid database initialized
2025-11-12 00:50:58.390 [JavaFX Application Thread] INFO  com.neurasys.controller.MainController - Path 'Project Backup_3' method changed to: JAVA_WATCH
2025-11-12 00:51:01.929 [JavaFX Application Thread] INFO  com.neurasys.service.DatabaseManager - Initializing hybrid database...
2025-11-12 00:51:01.948 [JavaFX Application Thread] INFO  com.neurasys.service.DatabaseManager - ✓ Database connection successful
2025-11-12 00:51:01.948 [JavaFX Application Thread] INFO  com.neurasys.service.DatabaseManager - ✓ Hybrid database initialized
2025-11-12 00:51:01.952 [JavaFX Application Thread] INFO  com.neurasys.service.MultiPathMonitor - ✓ MultiPathMonitor initialized with global method: NATIVE
2025-11-12 00:51:01.953 [JavaFX Application Thread] INFO  com.neurasys.controller.MainController - ✓ Monitoring start timestamp recorded: 1762888861953
2025-11-12 00:51:01.961 [JavaFX Application Thread] INFO  com.neurasys.service.DatabaseManager - Path 'Project Backup_3' already exists (ID: 19). Updating...
2025-11-12 00:51:01.972 [JavaFX Application Thread] INFO  com.neurasys.service.DatabaseManager - ✓ Monitor path updated successfully (ID: 19)
2025-11-12 00:51:01.972 [JavaFX Application Thread] INFO  com.neurasys.controller.MainController - ✓ Path added to database with ID: 19
2025-11-12 00:51:01.973 [JavaFX Application Thread] INFO  com.neurasys.service.MultiPathMonitor - === ADDING MONITOR PATH ===
2025-11-12 00:51:01.973 [JavaFX Application Thread] INFO  com.neurasys.service.MultiPathMonitor -   Name: Project Backup_3
2025-11-12 00:51:01.973 [JavaFX Application Thread] INFO  com.neurasys.service.MultiPathMonitor -   Location: D:\Pragadeesh_D\TestMonitor\TestMonitor_3
2025-11-12 00:51:01.974 [JavaFX Application Thread] INFO  com.neurasys.service.MultiPathMonitor -   Type: LOCAL
2025-11-12 00:51:01.974 [JavaFX Application Thread] INFO  com.neurasys.service.MultiPathMonitor -   Method: JAVA_WATCH
2025-11-12 00:51:01.974 [JavaFX Application Thread] INFO  com.neurasys.service.MultiPathMonitor - ===========================
2025-11-12 00:51:01.974 [JavaFX Application Thread] INFO  com.neurasys.service.MultiPathMonitor -   → Starting JAVA_WATCH monitoring...
2025-11-12 00:51:01.974 [JavaFX Application Thread] INFO  com.neurasys.service.MultiPathMonitor - Starting JAVA_WATCH monitoring: Project Backup_3
2025-11-12 00:51:01.977 [JavaFX Application Thread] INFO  com.neurasys.service.MultiPathMonitor - ✓ JAVA_WATCH monitor started for: Project Backup_3
2025-11-12 00:51:01.977 [JavaFX Application Thread] INFO  com.neurasys.controller.MainController - ✓ Monitoring enabled for: Project Backup_3 (Method: JAVA_WATCH)
2025-11-12 00:51:01.979 [JavaFX Application Thread] INFO  com.neurasys.service.MultiPathMonitor - Starting all monitors (1 paths)
2025-11-12 00:51:01.979 [pool-3-thread-1] INFO  com.neurasys.service.MultiPathMonitor - Initialized snapshot for Project Backup_3 with 0 files
2025-11-12 01:41:18.864 [JavaFX Application Thread] INFO  com.neurasys.service.DatabaseManager - Initializing hybrid database...
2025-11-12 01:41:19.169 [JavaFX Application Thread] INFO  com.neurasys.service.DatabaseManager - ✓ Database connection successful
2025-11-12 01:41:19.178 [JavaFX Application Thread] INFO  com.neurasys.service.DatabaseManager - ✓ Hybrid database initialized
2025-11-12 01:41:19.710 [JavaFX Application Thread] INFO  com.neurasys.controller.MainController - Initializing MainController (Hybrid Version)...
2025-11-12 01:41:19.775 [JavaFX Application Thread] INFO  com.neurasys.bridge.NativeFileMonitor - ✓ Native FileMonitor.dll loaded successfully (v14.2.0 - MSYS2 GCC)
2025-11-12 01:41:19.776 [JavaFX Application Thread] INFO  com.neurasys.controller.MainController - Native monitor status: ✓ Ready
2025-11-12 01:41:19.776 [JavaFX Application Thread] INFO  com.neurasys.service.DatabaseManager - Initializing hybrid database...
2025-11-12 01:41:19.787 [JavaFX Application Thread] INFO  com.neurasys.service.DatabaseManager - ✓ Database connection successful
2025-11-12 01:41:19.787 [JavaFX Application Thread] INFO  com.neurasys.service.DatabaseManager - ✓ Hybrid database initialized
2025-11-12 01:41:19.788 [JavaFX Application Thread] INFO  com.neurasys.controller.MainController - ✓ Initial database connection successful
2025-11-12 01:41:19.788 [JavaFX Application Thread] INFO  com.neurasys.service.DatabaseManager - Executing query: SELECT id, path_name, path_location, backup_location, path_type, monitor_method, enabled FROM monitor_paths
2025-11-12 01:41:19.832 [JavaFX Application Thread] INFO  com.neurasys.service.DatabaseManager - ✓ Total paths loaded: 0
2025-11-12 01:41:19.832 [JavaFX Application Thread] INFO  com.neurasys.controller.MainController - No monitor paths found in database
2025-11-12 01:41:19.850 [JavaFX Application Thread] INFO  com.neurasys.controller.MainController - ✓ Logs table refreshed: 0 entries
2025-11-12 01:41:19.851 [JavaFX Application Thread] INFO  com.neurasys.controller.MainController - ✓ MainController initialized (Hybrid mode)
2025-11-12 01:41:19.881 [JavaFX Application Thread] INFO  com.neurasys.service.DatabaseManager - ✓ Backup stats loaded: 0 files, 0 B original, 0.0% savings
2025-11-12 01:41:43.659 [JavaFX Application Thread] INFO  com.neurasys.service.DatabaseManager - Initializing hybrid database...
2025-11-12 01:41:43.674 [JavaFX Application Thread] INFO  com.neurasys.service.DatabaseManager - ✓ Database connection successful
2025-11-12 01:41:43.674 [JavaFX Application Thread] INFO  com.neurasys.service.DatabaseManager - ✓ Hybrid database initialized
2025-11-12 01:42:42.754 [JavaFX Application Thread] INFO  com.neurasys.controller.MainController - Path 'Project Backup_3' method changed to: NATIVE
2025-11-12 01:43:08.809 [JavaFX Application Thread] INFO  com.neurasys.service.DatabaseManager - Initializing hybrid database...
2025-11-12 01:43:08.837 [JavaFX Application Thread] INFO  com.neurasys.service.DatabaseManager - ✓ Database connection successful
2025-11-12 01:43:08.838 [JavaFX Application Thread] INFO  com.neurasys.service.DatabaseManager - ✓ Hybrid database initialized
2025-11-12 01:43:08.864 [JavaFX Application Thread] INFO  com.neurasys.service.MultiPathMonitor - ✓ MultiPathMonitor initialized with global method: NATIVE
2025-11-12 01:43:08.864 [JavaFX Application Thread] INFO  com.neurasys.controller.MainController - ✓ Monitoring start timestamp recorded: 1762891988864
2025-11-12 01:43:08.890 [JavaFX Application Thread] INFO  com.neurasys.service.DatabaseManager - ✓ Monitor path added: Project Backup_3 (ID: 20, Method: NATIVE)
2025-11-12 01:43:08.890 [JavaFX Application Thread] INFO  com.neurasys.controller.MainController - ✓ Path added to database with ID: 20
2025-11-12 01:43:08.891 [JavaFX Application Thread] INFO  com.neurasys.service.MultiPathMonitor - === ADDING MONITOR PATH ===
2025-11-12 01:43:08.891 [JavaFX Application Thread] INFO  com.neurasys.service.MultiPathMonitor -   Name: Project Backup_3
2025-11-12 01:43:08.891 [JavaFX Application Thread] INFO  com.neurasys.service.MultiPathMonitor -   Location: D:\Pragadeesh_D\TestMonitor\TestMonitor_3
2025-11-12 01:43:08.891 [JavaFX Application Thread] INFO  com.neurasys.service.MultiPathMonitor -   Type: LOCAL
2025-11-12 01:43:08.891 [JavaFX Application Thread] INFO  com.neurasys.service.MultiPathMonitor -   Method: NATIVE
2025-11-12 01:43:08.891 [JavaFX Application Thread] INFO  com.neurasys.service.MultiPathMonitor - ===========================
2025-11-12 01:43:08.891 [JavaFX Application Thread] INFO  com.neurasys.service.MultiPathMonitor -   → Starting NATIVE monitoring...
2025-11-12 01:43:08.891 [JavaFX Application Thread] INFO  com.neurasys.service.MultiPathMonitor - Starting NATIVE monitoring: Project Backup_3 (Local path with C DLL)
2025-11-12 01:43:08.913 [JavaFX Application Thread] INFO  com.neurasys.service.MultiPathMonitor - ✓ NATIVE monitor started for: Project Backup_3
2025-11-12 01:43:08.913 [JavaFX Application Thread] INFO  com.neurasys.controller.MainController - ✓ Monitoring enabled for: Project Backup_3 (Method: NATIVE)
2025-11-12 01:43:08.914 [JavaFX Application Thread] INFO  com.neurasys.service.MultiPathMonitor - Starting all monitors (1 paths)
2025-11-12 01:43:08.953 [pool-3-thread-1] INFO  com.neurasys.bridge.NativeFileMonitor - → Attaching native monitor (id=20) to: D:\Pragadeesh_D\TestMonitor\TestMonitor_3
2025-11-12 01:50:08.315 [JavaFX Application Thread] INFO  com.neurasys.service.DatabaseManager - Initializing hybrid database...
2025-11-12 01:50:08.702 [JavaFX Application Thread] INFO  com.neurasys.service.DatabaseManager - ✓ Database connection successful
2025-11-12 01:50:08.715 [JavaFX Application Thread] INFO  com.neurasys.service.DatabaseManager - ✓ Hybrid database initialized
2025-11-12 01:50:09.285 [JavaFX Application Thread] INFO  com.neurasys.controller.MainController - Initializing MainController (Hybrid Version)...
2025-11-12 01:50:09.290 [JavaFX Application Thread] INFO  com.neurasys.bridge.NativeFileMonitor - ✓ Native FileMonitor.dll loaded successfully (v14.2.0 - MSYS2 GCC)
2025-11-12 01:50:09.290 [JavaFX Application Thread] INFO  com.neurasys.controller.MainController - Native monitor status: ✓ Ready
2025-11-12 01:50:09.291 [JavaFX Application Thread] INFO  com.neurasys.service.DatabaseManager - Initializing hybrid database...
2025-11-12 01:50:09.301 [JavaFX Application Thread] INFO  com.neurasys.service.DatabaseManager - ✓ Database connection successful
2025-11-12 01:50:09.301 [JavaFX Application Thread] INFO  com.neurasys.service.DatabaseManager - ✓ Hybrid database initialized
2025-11-12 01:50:09.301 [JavaFX Application Thread] INFO  com.neurasys.controller.MainController - ✓ Initial database connection successful
2025-11-12 01:50:09.302 [JavaFX Application Thread] INFO  com.neurasys.service.DatabaseManager - Executing query: SELECT id, path_name, path_location, backup_location, path_type, monitor_method, enabled FROM monitor_paths
2025-11-12 01:50:09.374 [JavaFX Application Thread] INFO  com.neurasys.service.DatabaseManager - Loaded path #1: Project Backup_3
2025-11-12 01:50:09.375 [JavaFX Application Thread] INFO  com.neurasys.service.DatabaseManager - ✓ Total paths loaded: 1
2025-11-12 01:50:09.375 [JavaFX Application Thread] INFO  com.neurasys.controller.MainController - ✓ Loaded 1 monitor paths from database
2025-11-12 01:50:09.403 [JavaFX Application Thread] INFO  com.neurasys.controller.MainController - ✓ Logs table refreshed: 0 entries
2025-11-12 01:50:09.404 [JavaFX Application Thread] INFO  com.neurasys.controller.MainController - ✓ MainController initialized (Hybrid mode)
2025-11-12 01:50:09.445 [JavaFX Application Thread] INFO  com.neurasys.service.DatabaseManager - ✓ Backup stats loaded: 0 files, 0 B original, 0.0% savings
2025-11-12 01:50:17.006 [JavaFX Application Thread] INFO  com.neurasys.service.DatabaseManager - Initializing hybrid database...
2025-11-12 01:50:17.025 [JavaFX Application Thread] INFO  com.neurasys.service.DatabaseManager - ✓ Database connection successful
2025-11-12 01:50:17.025 [JavaFX Application Thread] INFO  com.neurasys.service.DatabaseManager - ✓ Hybrid database initialized
2025-11-12 01:50:24.830 [JavaFX Application Thread] INFO  com.neurasys.service.DatabaseManager - Initializing hybrid database...
2025-11-12 01:50:24.856 [JavaFX Application Thread] INFO  com.neurasys.service.DatabaseManager - ✓ Database connection successful
2025-11-12 01:50:24.858 [JavaFX Application Thread] INFO  com.neurasys.service.DatabaseManager - ✓ Hybrid database initialized
2025-11-12 01:50:24.864 [JavaFX Application Thread] INFO  com.neurasys.service.MultiPathMonitor - ✓ MultiPathMonitor initialized with global method: NATIVE
2025-11-12 01:50:24.864 [JavaFX Application Thread] INFO  com.neurasys.controller.MainController - ✓ Monitoring start timestamp recorded: 1762892424864
2025-11-12 01:50:24.873 [JavaFX Application Thread] INFO  com.neurasys.service.DatabaseManager - Path 'Project Backup_3' already exists (ID: 20). Updating...
2025-11-12 01:50:24.885 [JavaFX Application Thread] INFO  com.neurasys.service.DatabaseManager - ✓ Monitor path updated successfully (ID: 20)
2025-11-12 01:50:24.886 [JavaFX Application Thread] INFO  com.neurasys.controller.MainController - ✓ Path added to database with ID: 20
2025-11-12 01:50:24.887 [JavaFX Application Thread] INFO  com.neurasys.service.MultiPathMonitor - === ADDING MONITOR PATH ===
2025-11-12 01:50:24.887 [JavaFX Application Thread] INFO  com.neurasys.service.MultiPathMonitor -   Name: Project Backup_3
2025-11-12 01:50:24.887 [JavaFX Application Thread] INFO  com.neurasys.service.MultiPathMonitor -   Location: D:\Pragadeesh_D\TestMonitor\TestMonitor_3
2025-11-12 01:50:24.887 [JavaFX Application Thread] INFO  com.neurasys.service.MultiPathMonitor -   Type: LOCAL
2025-11-12 01:50:24.887 [JavaFX Application Thread] INFO  com.neurasys.service.MultiPathMonitor -   Method: NATIVE
2025-11-12 01:50:24.888 [JavaFX Application Thread] INFO  com.neurasys.service.MultiPathMonitor - ===========================
2025-11-12 01:50:24.888 [JavaFX Application Thread] INFO  com.neurasys.service.MultiPathMonitor -   → Starting NATIVE monitoring...
2025-11-12 01:50:24.888 [JavaFX Application Thread] INFO  com.neurasys.service.MultiPathMonitor - Starting NATIVE monitoring: Project Backup_3 (Local path with C DLL)
2025-11-12 01:50:24.908 [JavaFX Application Thread] INFO  com.neurasys.service.MultiPathMonitor - ✓ NATIVE monitor started for: Project Backup_3
2025-11-12 01:50:24.910 [JavaFX Application Thread] INFO  com.neurasys.controller.MainController - ✓ Monitoring enabled for: Project Backup_3 (Method: NATIVE)
2025-11-12 01:50:24.910 [pool-4-thread-1] INFO  com.neurasys.service.MultiPathMonitor - → Calling startMonitoringSafe(id=20, path=D:\Pragadeesh_D\TestMonitor\TestMonitor_3)
2025-11-12 01:50:24.911 [JavaFX Application Thread] INFO  com.neurasys.service.MultiPathMonitor - Starting all monitors (1 paths)
2025-11-12 01:50:24.918 [pool-4-thread-1] INFO  com.neurasys.service.MultiPathMonitor - → startMonitoringSafe submitted
2025-11-12 01:50:24.920 [pool-3-thread-1] INFO  com.neurasys.bridge.NativeFileMonitor - → Attaching native monitor (id=20) to: D:\Pragadeesh_D\TestMonitor\TestMonitor_3
2025-11-12 14:10:55.111 [JavaFX Application Thread] INFO  com.neurasys.service.DatabaseManager - Initializing hybrid database...
2025-11-12 14:10:56.014 [JavaFX Application Thread] INFO  com.neurasys.service.DatabaseManager - ✓ Database connection successful
2025-11-12 14:10:56.037 [JavaFX Application Thread] INFO  com.neurasys.service.DatabaseManager - ✓ Hybrid database initialized
2025-11-12 14:10:57.055 [JavaFX Application Thread] INFO  com.neurasys.controller.MainController - Initializing MainController (Hybrid Version)...
2025-11-12 14:10:57.062 [JavaFX Application Thread] INFO  com.neurasys.bridge.NativeFileMonitor - ✓ Native FileMonitor.dll loaded successfully (v14.2.0 - MSYS2 GCC)
2025-11-12 14:10:57.063 [JavaFX Application Thread] INFO  com.neurasys.controller.MainController - Native monitor status: ✓ Ready
2025-11-12 14:10:57.063 [JavaFX Application Thread] INFO  com.neurasys.service.DatabaseManager - Initializing hybrid database...
2025-11-12 14:10:57.087 [JavaFX Application Thread] INFO  com.neurasys.service.DatabaseManager - ✓ Database connection successful
2025-11-12 14:10:57.087 [JavaFX Application Thread] INFO  com.neurasys.service.DatabaseManager - ✓ Hybrid database initialized
2025-11-12 14:10:57.087 [JavaFX Application Thread] INFO  com.neurasys.controller.MainController - ✓ Initial database connection successful
2025-11-12 14:10:57.088 [JavaFX Application Thread] INFO  com.neurasys.service.DatabaseManager - Executing query: SELECT id, path_name, path_location, backup_location, path_type, monitor_method, enabled FROM monitor_paths
2025-11-12 14:10:57.183 [JavaFX Application Thread] INFO  com.neurasys.service.DatabaseManager - ✓ Total paths loaded: 0
2025-11-12 14:10:57.185 [JavaFX Application Thread] INFO  com.neurasys.controller.MainController - No monitor paths found in database
2025-11-12 14:10:57.225 [JavaFX Application Thread] INFO  com.neurasys.controller.MainController - ✓ Logs table refreshed: 0 entries
2025-11-12 14:10:57.227 [JavaFX Application Thread] INFO  com.neurasys.controller.MainController - ✓ MainController initialized (Hybrid mode)
2025-11-12 14:10:57.367 [JavaFX Application Thread] INFO  com.neurasys.service.DatabaseManager - ✓ Backup stats loaded: 0 files, 0 B original, 0.0% savings
2025-11-12 20:39:54.845 [JavaFX Application Thread] INFO  com.neurasys.service.DatabaseManager - Initializing hybrid database...
2025-11-12 20:39:55.143 [JavaFX Application Thread] INFO  com.neurasys.service.DatabaseManager - ✓ Database connection successful
2025-11-12 20:39:55.153 [JavaFX Application Thread] INFO  com.neurasys.service.DatabaseManager - ✓ Hybrid database initialized
2025-11-12 20:39:55.653 [JavaFX Application Thread] INFO  com.neurasys.controller.MainController - Initializing MainController (Hybrid Version)...
2025-11-12 20:39:55.656 [JavaFX Application Thread] INFO  com.neurasys.bridge.NativeFileMonitor - ✓ Native FileMonitor.dll loaded successfully (v14.2.0 - MSYS2 GCC)
2025-11-12 20:39:55.658 [JavaFX Application Thread] INFO  com.neurasys.controller.MainController - Native monitor status: ✓ Ready
2025-11-12 20:39:55.658 [JavaFX Application Thread] INFO  com.neurasys.service.DatabaseManager - Initializing hybrid database...
2025-11-12 20:39:55.672 [JavaFX Application Thread] INFO  com.neurasys.service.DatabaseManager - ✓ Database connection successful
2025-11-12 20:39:55.673 [JavaFX Application Thread] INFO  com.neurasys.service.DatabaseManager - ✓ Hybrid database initialized
2025-11-12 20:39:55.673 [JavaFX Application Thread] INFO  com.neurasys.controller.MainController - ✓ Initial database connection successful
2025-11-12 20:39:55.673 [JavaFX Application Thread] INFO  com.neurasys.service.DatabaseManager - Executing query: SELECT id, path_name, path_location, backup_location, path_type, monitor_method, enabled FROM monitor_paths
2025-11-12 20:39:55.721 [JavaFX Application Thread] INFO  com.neurasys.service.DatabaseManager - ✓ Total paths loaded: 0
2025-11-12 20:39:55.721 [JavaFX Application Thread] INFO  com.neurasys.controller.MainController - No monitor paths found in database
2025-11-12 20:39:55.750 [JavaFX Application Thread] INFO  com.neurasys.controller.MainController - ✓ Logs table refreshed: 0 entries
2025-11-12 20:39:55.751 [JavaFX Application Thread] INFO  com.neurasys.controller.MainController - ✓ MainController initialized (Hybrid mode)
2025-11-12 20:39:55.793 [JavaFX Application Thread] INFO  com.neurasys.service.DatabaseManager - ✓ Backup stats loaded: 0 files, 0 B original, 0.0% savings
2025-11-12 20:39:55.794 [JavaFX Application Thread] WARN  com.neurasys.controller.MainController - ✗ Native monitor not responding
2025-11-12 20:39:55.794 [JavaFX Application Thread] INFO  com.neurasys.controller.MainController - Monitor stats: running=0, monitorId=0
2025-11-12 20:49:30.200 [JavaFX Application Thread] INFO  com.neurasys.service.DatabaseManager - Initializing hybrid database...
2025-11-12 20:49:30.592 [JavaFX Application Thread] INFO  com.neurasys.service.DatabaseManager - ✓ Database connection successful
2025-11-12 20:49:30.612 [JavaFX Application Thread] INFO  com.neurasys.service.DatabaseManager - ✓ Hybrid database initialized
2025-11-12 20:49:31.223 [JavaFX Application Thread] INFO  com.neurasys.controller.MainController - Initializing MainController (Hybrid Version)...
2025-11-12 20:49:31.227 [JavaFX Application Thread] INFO  com.neurasys.bridge.NativeFileMonitor - ✓ Native FileMonitor.dll loaded successfully (v14.2.0 - MSYS2 GCC)
2025-11-12 20:49:31.228 [JavaFX Application Thread] INFO  com.neurasys.controller.MainController - Native monitor status: ✓ Ready
2025-11-12 20:49:31.228 [JavaFX Application Thread] INFO  com.neurasys.service.DatabaseManager - Initializing hybrid database...
2025-11-12 20:49:31.240 [JavaFX Application Thread] INFO  com.neurasys.service.DatabaseManager - ✓ Database connection successful
2025-11-12 20:49:31.240 [JavaFX Application Thread] INFO  com.neurasys.service.DatabaseManager - ✓ Hybrid database initialized
2025-11-12 20:49:31.240 [JavaFX Application Thread] INFO  com.neurasys.controller.MainController - ✓ Initial database connection successful
2025-11-12 20:49:31.240 [JavaFX Application Thread] INFO  com.neurasys.service.DatabaseManager - Executing query: SELECT id, path_name, path_location, backup_location, path_type, monitor_method, enabled FROM monitor_paths
2025-11-12 20:49:31.307 [JavaFX Application Thread] INFO  com.neurasys.service.DatabaseManager - ✓ Total paths loaded: 0
2025-11-12 20:49:31.307 [JavaFX Application Thread] INFO  com.neurasys.controller.MainController - No monitor paths found in database
2025-11-12 20:49:31.334 [JavaFX Application Thread] INFO  com.neurasys.controller.MainController - ✓ Logs table refreshed: 0 entries
2025-11-12 20:49:31.335 [JavaFX Application Thread] INFO  com.neurasys.controller.MainController - ✓ MainController initialized (Hybrid mode)
2025-11-12 20:49:31.375 [JavaFX Application Thread] INFO  com.neurasys.service.DatabaseManager - ✓ Backup stats loaded: 0 files, 0 B original, 0.0% savings
2025-11-12 20:49:31.375 [JavaFX Application Thread] WARN  com.neurasys.controller.MainController - ✗ Native monitor not responding
2025-11-12 20:49:31.376 [JavaFX Application Thread] INFO  com.neurasys.controller.MainController - Monitor stats: running=0, monitorId=0
2025-11-12 20:49:49.705 [JavaFX Application Thread] INFO  com.neurasys.service.DatabaseManager - Initializing hybrid database...
2025-11-12 20:49:49.726 [JavaFX Application Thread] INFO  com.neurasys.service.DatabaseManager - ✓ Database connection successful
2025-11-12 20:49:49.728 [JavaFX Application Thread] INFO  com.neurasys.service.DatabaseManager - ✓ Hybrid database initialized
2025-11-12 20:51:54.304 [JavaFX Application Thread] INFO  com.neurasys.controller.MainController - Path 'Project Backup_2' method changed to: JAVA_WATCH
2025-11-12 20:52:54.511 [JavaFX Application Thread] INFO  com.neurasys.controller.MainController - Path 'Project Backup_3' method changed to: NATIVE
2025-11-12 20:53:41.671 [JavaFX Application Thread] INFO  com.neurasys.controller.MainController - Path 'Project Backup_4' method changed to: POLLING
2025-11-12 20:54:33.281 [JavaFX Application Thread] INFO  com.neurasys.controller.MainController - Path 'Project Backup_5' method changed to: ONEDRIVE
2025-11-12 21:03:35.869 [JavaFX Application Thread] INFO  com.neurasys.service.DatabaseManager - Initializing hybrid database...
2025-11-12 21:03:35.926 [JavaFX Application Thread] INFO  com.neurasys.service.DatabaseManager - ✓ Database connection successful
2025-11-12 21:03:35.926 [JavaFX Application Thread] INFO  com.neurasys.service.DatabaseManager - ✓ Hybrid database initialized
2025-11-12 21:03:35.946 [JavaFX Application Thread] INFO  com.neurasys.service.MultiPathMonitor - ✓ MultiPathMonitor initialized with global method: NATIVE
2025-11-12 21:03:35.946 [JavaFX Application Thread] INFO  com.neurasys.controller.MainController - ✓ Monitoring start timestamp recorded: 1762961615946
2025-11-12 21:03:36.001 [JavaFX Application Thread] INFO  com.neurasys.controller.MainController -   → Path 'Project Backup_1': DEFAULT resolved to NATIVE
2025-11-12 21:03:36.073 [JavaFX Application Thread] INFO  com.neurasys.service.DatabaseManager - ✓ Monitor path added: Project Backup_1 (ID: 22, Method: DEFAULT)
2025-11-12 21:03:36.074 [JavaFX Application Thread] INFO  com.neurasys.controller.MainController - ✓ Path added to database with ID: 22
2025-11-12 21:03:36.074 [JavaFX Application Thread] INFO  com.neurasys.service.MultiPathMonitor - === ADDING MONITOR PATH ===
2025-11-12 21:03:36.074 [JavaFX Application Thread] INFO  com.neurasys.service.MultiPathMonitor -   Name: Project Backup_1
2025-11-12 21:03:36.074 [JavaFX Application Thread] INFO  com.neurasys.service.MultiPathMonitor -   Location: \\LAPTOP-IE90LGGN\NetworkTest
2025-11-12 21:03:36.074 [JavaFX Application Thread] INFO  com.neurasys.service.MultiPathMonitor -   Type: NETWORK
2025-11-12 21:03:36.075 [JavaFX Application Thread] INFO  com.neurasys.service.MultiPathMonitor -   Method: NATIVE
2025-11-12 21:03:36.075 [JavaFX Application Thread] INFO  com.neurasys.service.MultiPathMonitor - ===========================
2025-11-12 21:03:36.075 [JavaFX Application Thread] INFO  com.neurasys.service.MultiPathMonitor -   → Starting NATIVE monitoring...
2025-11-12 21:03:36.075 [JavaFX Application Thread] INFO  com.neurasys.service.MultiPathMonitor - Starting NATIVE monitoring: Project Backup_1 (Local path with C DLL)
2025-11-12 21:03:36.080 [JavaFX Application Thread] INFO  com.neurasys.service.MultiPathMonitor - ✓ NATIVE monitor started for: Project Backup_1
2025-11-12 21:03:36.081 [JavaFX Application Thread] INFO  com.neurasys.controller.MainController - ✓ Monitoring enabled for: Project Backup_1 (Method: NATIVE)
2025-11-12 21:03:36.081 [pool-4-thread-1] INFO  com.neurasys.service.MultiPathMonitor - → Calling startMonitoringSafe(id=22, path=\\LAPTOP-IE90LGGN\NetworkTest)
2025-11-12 21:03:36.092 [JavaFX Application Thread] INFO  com.neurasys.service.DatabaseManager - ✓ Monitor path added: Project Backup_2 (ID: 23, Method: JAVA_WATCH)
2025-11-12 21:03:36.092 [JavaFX Application Thread] INFO  com.neurasys.controller.MainController - ✓ Path added to database with ID: 23
2025-11-12 21:03:36.092 [JavaFX Application Thread] INFO  com.neurasys.service.MultiPathMonitor - === ADDING MONITOR PATH ===
2025-11-12 21:03:36.093 [JavaFX Application Thread] INFO  com.neurasys.service.MultiPathMonitor -   Name: Project Backup_2
2025-11-12 21:03:36.093 [JavaFX Application Thread] INFO  com.neurasys.service.MultiPathMonitor -   Location: D:\Pragadeesh_D\TestMonitor\TestMonitor_2
2025-11-12 21:03:36.093 [JavaFX Application Thread] INFO  com.neurasys.service.MultiPathMonitor -   Type: LOCAL
2025-11-12 21:03:36.093 [JavaFX Application Thread] INFO  com.neurasys.service.MultiPathMonitor -   Method: JAVA_WATCH
2025-11-12 21:03:36.093 [JavaFX Application Thread] INFO  com.neurasys.service.MultiPathMonitor - ===========================
2025-11-12 21:03:36.094 [JavaFX Application Thread] INFO  com.neurasys.service.MultiPathMonitor -   → Starting JAVA_WATCH monitoring...
2025-11-12 21:03:36.094 [JavaFX Application Thread] INFO  com.neurasys.service.MultiPathMonitor - Starting JAVA_WATCH monitoring: Project Backup_2
2025-11-12 21:03:36.095 [JavaFX Application Thread] INFO  com.neurasys.service.MultiPathMonitor - ✓ JAVA_WATCH monitor started for: Project Backup_2
2025-11-12 21:03:36.096 [JavaFX Application Thread] INFO  com.neurasys.controller.MainController - ✓ Monitoring enabled for: Project Backup_2 (Method: JAVA_WATCH)
2025-11-12 21:03:36.098 [pool-4-thread-1] INFO  com.neurasys.service.MultiPathMonitor - → startMonitoringSafe submitted
2025-11-12 21:03:36.098 [pool-4-thread-2] INFO  com.neurasys.service.MultiPathMonitor - Initialized snapshot for Project Backup_2 with 3 files
2025-11-12 21:03:36.100 [pool-3-thread-1] INFO  com.neurasys.bridge.NativeFileMonitor - → Attaching native monitor (id=22) to: \\LAPTOP-IE90LGGN\NetworkTest\
2025-11-12 21:03:36.103 [JavaFX Application Thread] INFO  com.neurasys.service.DatabaseManager - ✓ Monitor path added: Project Backup_3 (ID: 24, Method: NATIVE)
2025-11-12 21:03:36.105 [JavaFX Application Thread] INFO  com.neurasys.controller.MainController - ✓ Path added to database with ID: 24
2025-11-12 21:03:36.105 [JavaFX Application Thread] INFO  com.neurasys.service.MultiPathMonitor - === ADDING MONITOR PATH ===
2025-11-12 21:03:36.105 [JavaFX Application Thread] INFO  com.neurasys.service.MultiPathMonitor -   Name: Project Backup_3
2025-11-12 21:03:36.105 [JavaFX Application Thread] INFO  com.neurasys.service.MultiPathMonitor -   Location: D:\Pragadeesh_D\TestMonitor\TestMonitor_3
2025-11-12 21:03:36.105 [JavaFX Application Thread] INFO  com.neurasys.service.MultiPathMonitor -   Type: LOCAL
2025-11-12 21:03:36.105 [JavaFX Application Thread] INFO  com.neurasys.service.MultiPathMonitor -   Method: NATIVE
2025-11-12 21:03:36.105 [JavaFX Application Thread] INFO  com.neurasys.service.MultiPathMonitor - ===========================
2025-11-12 21:03:36.105 [JavaFX Application Thread] INFO  com.neurasys.service.MultiPathMonitor -   → Starting NATIVE monitoring...
2025-11-12 21:03:36.106 [JavaFX Application Thread] INFO  com.neurasys.service.MultiPathMonitor - Starting NATIVE monitoring: Project Backup_3 (Local path with C DLL)
2025-11-12 21:03:36.106 [JavaFX Application Thread] INFO  com.neurasys.service.MultiPathMonitor - ✓ NATIVE monitor started for: Project Backup_3
2025-11-12 21:03:36.106 [pool-4-thread-1] INFO  com.neurasys.service.MultiPathMonitor - → Calling startMonitoringSafe(id=24, path=D:\Pragadeesh_D\TestMonitor\TestMonitor_3)
2025-11-12 21:03:36.106 [JavaFX Application Thread] INFO  com.neurasys.controller.MainController - ✓ Monitoring enabled for: Project Backup_3 (Method: NATIVE)
2025-11-12 21:03:36.107 [pool-4-thread-1] INFO  com.neurasys.service.MultiPathMonitor - → startMonitoringSafe submitted
2025-11-12 21:03:36.114 [JavaFX Application Thread] INFO  com.neurasys.service.DatabaseManager - ✓ Monitor path added: Project Backup_4 (ID: 25, Method: POLLING)
2025-11-12 21:03:36.116 [JavaFX Application Thread] INFO  com.neurasys.controller.MainController - ✓ Path added to database with ID: 25
2025-11-12 21:03:36.116 [JavaFX Application Thread] INFO  com.neurasys.service.MultiPathMonitor - === ADDING MONITOR PATH ===
2025-11-12 21:03:36.117 [JavaFX Application Thread] INFO  com.neurasys.service.MultiPathMonitor -   Name: Project Backup_4
2025-11-12 21:03:36.117 [JavaFX Application Thread] INFO  com.neurasys.service.MultiPathMonitor -   Location: D:\Pragadeesh_D\TestMonitor
2025-11-12 21:03:36.117 [JavaFX Application Thread] INFO  com.neurasys.service.MultiPathMonitor -   Type: LOCAL
2025-11-12 21:03:36.117 [JavaFX Application Thread] INFO  com.neurasys.service.MultiPathMonitor -   Method: POLLING
2025-11-12 21:03:36.117 [JavaFX Application Thread] INFO  com.neurasys.service.MultiPathMonitor - ===========================
2025-11-12 21:03:36.118 [JavaFX Application Thread] INFO  com.neurasys.service.MultiPathMonitor -   → Starting POLLING monitoring...
2025-11-12 21:03:36.151 [JavaFX Application Thread] INFO  com.neurasys.controller.MainController - ✓ Monitoring enabled for: Project Backup_4 (Method: POLLING)
2025-11-12 21:03:36.157 [JavaFX Application Thread] INFO  com.neurasys.service.DatabaseManager - ✓ Monitor path added: Project Backup_5 (ID: 26, Method: ONEDRIVE)
2025-11-12 21:03:36.158 [JavaFX Application Thread] INFO  com.neurasys.controller.MainController - ✓ Path added to database with ID: 26
2025-11-12 21:03:36.158 [JavaFX Application Thread] INFO  com.neurasys.service.MultiPathMonitor - === ADDING MONITOR PATH ===
2025-11-12 21:03:36.158 [JavaFX Application Thread] INFO  com.neurasys.service.MultiPathMonitor -   Name: Project Backup_5
2025-11-12 21:03:36.158 [JavaFX Application Thread] INFO  com.neurasys.service.MultiPathMonitor -   Location: C:\Users\dkish\OneDrive\NeuraSysTest
2025-11-12 21:03:36.158 [JavaFX Application Thread] INFO  com.neurasys.service.MultiPathMonitor -   Type: CLOUD
2025-11-12 21:03:36.158 [JavaFX Application Thread] INFO  com.neurasys.service.MultiPathMonitor -   Method: ONEDRIVE
2025-11-12 21:03:36.159 [JavaFX Application Thread] INFO  com.neurasys.service.MultiPathMonitor - ===========================
2025-11-12 21:03:36.159 [JavaFX Application Thread] INFO  com.neurasys.service.MultiPathMonitor -   → Starting ONEDRIVE monitoring...
2025-11-12 21:03:36.267 [JavaFX Application Thread] INFO  com.neurasys.controller.MainController - ✓ Monitoring enabled for: Project Backup_5 (Method: ONEDRIVE)
2025-11-12 21:03:36.268 [JavaFX Application Thread] INFO  com.neurasys.service.MultiPathMonitor - Starting all monitors (4 paths)
2025-11-12 21:10:36.246 [pool-4-thread-2] INFO  com.neurasys.service.MultiPathMonitor - [Project Backup_2] [JAVA_WATCH] CREATE → New Text Document.txt (0 B)
2025-11-12 21:10:41.280 [pool-4-thread-2] INFO  com.neurasys.service.MultiPathMonitor - [Project Backup_2] [JAVA_WATCH] CREATE → test_2.txt (0 B)
2025-11-12 21:10:41.301 [pool-4-thread-2] INFO  com.neurasys.service.MultiPathMonitor - [Project Backup_2] [JAVA_WATCH] DELETE → New Text Document.txt (0 B)
