2025-11-06 00:31:33.543 [JavaFX Application Thread] INFO  com.neurasys.controller.MainController - Initializing MainController (Hybrid Version)...
2025-11-06 00:31:33.565 [JavaFX Application Thread] INFO  com.neurasys.bridge.NativeFileMonitor - ✓ Native FileMonitor.dll loaded successfully (v14.2.0 - MSYS2 GCC)
2025-11-06 00:31:33.567 [JavaFX Application Thread] INFO  com.neurasys.controller.MainController - Native monitor status: ✓ Ready
2025-11-06 00:31:33.569 [JavaFX Application Thread] INFO  com.neurasys.service.DatabaseManager - Initializing hybrid database...
2025-11-06 00:31:33.950 [JavaFX Application Thread] INFO  com.neurasys.service.DatabaseManager - ✓ Database connection successful
2025-11-06 00:31:33.958 [JavaFX Application Thread] INFO  com.neurasys.service.DatabaseManager - ✓ Hybrid database initialized
2025-11-06 00:31:33.959 [JavaFX Application Thread] INFO  com.neurasys.controller.MainController - ✓ Initial database connection successful
2025-11-06 00:31:33.959 [JavaFX Application Thread] INFO  com.neurasys.service.DatabaseManager - Executing query: SELECT id, path_name, path_location, backup_location, path_type, monitor_method, enabled FROM monitor_paths
2025-11-06 00:31:34.015 [JavaFX Application Thread] ERROR com.neurasys.service.DatabaseManager - Failed to load monitor paths from database
java.sql.SQLSyntaxErrorException: Unknown column 'enabled' in 'field list'
	at com.mysql.cj.jdbc.exceptions.SQLError.createSQLException(SQLError.java:121) ~[mysql-connector-j-8.0.33.jar:8.0.33]
	at com.mysql.cj.jdbc.exceptions.SQLExceptionsMapping.translateException(SQLExceptionsMapping.java:122) ~[mysql-connector-j-8.0.33.jar:8.0.33]
	at com.mysql.cj.jdbc.ClientPreparedStatement.executeInternal(ClientPreparedStatement.java:916) ~[mysql-connector-j-8.0.33.jar:8.0.33]
	at com.mysql.cj.jdbc.ClientPreparedStatement.executeQuery(ClientPreparedStatement.java:972) ~[mysql-connector-j-8.0.33.jar:8.0.33]
	at com.zaxxer.hikari.pool.ProxyPreparedStatement.executeQuery(ProxyPreparedStatement.java:52) ~[HikariCP-5.1.0.jar:?]
	at com.zaxxer.hikari.pool.HikariProxyPreparedStatement.executeQuery(HikariProxyPreparedStatement.java) ~[HikariCP-5.1.0.jar:?]
	at com.neurasys.service.DatabaseManager.getAllMonitorPaths(DatabaseManager.java:111) ~[classes/:?]
	at com.neurasys.controller.MainController.initialize(MainController.java:152) ~[classes/:?]
	at java.base/jdk.internal.reflect.DirectMethodHandleAccessor.invoke(DirectMethodHandleAccessor.java:104) ~[?:?]
	at java.base/java.lang.reflect.Method.invoke(Method.java:577) ~[?:?]
	at com.sun.javafx.reflect.Trampoline.invoke(MethodUtil.java:77) ~[javafx.base.jar:?]
	at java.base/jdk.internal.reflect.DirectMethodHandleAccessor.invoke(DirectMethodHandleAccessor.java:104) ~[?:?]
	at java.base/java.lang.reflect.Method.invoke(Method.java:577) ~[?:?]
	at javafx.base/com.sun.javafx.reflect.MethodUtil.invoke(MethodUtil.java:275) ~[javafx.base.jar:?]
	at javafx.fxml/com.sun.javafx.fxml.MethodHelper.invoke(MethodHelper.java:84) ~[javafx.fxml.jar:?]
	at javafx.fxml/javafx.fxml.FXMLLoader.loadImpl(FXMLLoader.java:2680) ~[javafx.fxml.jar:?]
	at javafx.fxml/javafx.fxml.FXMLLoader.loadImpl(FXMLLoader.java:2555) ~[javafx.fxml.jar:?]
	at javafx.fxml/javafx.fxml.FXMLLoader.load(FXMLLoader.java:2523) ~[javafx.fxml.jar:?]
	at com.neurasys.Main.loadFXML(Main.java:38) ~[classes/:?]
	at com.neurasys.Main.start(Main.java:25) ~[classes/:?]
	at javafx.graphics/com.sun.javafx.application.LauncherImpl.lambda$launchApplication1$9(LauncherImpl.java:847) ~[javafx.graphics.jar:?]
	at javafx.graphics/com.sun.javafx.application.PlatformImpl.lambda$runAndWait$12(PlatformImpl.java:484) ~[javafx.graphics.jar:?]
	at javafx.graphics/com.sun.javafx.application.PlatformImpl.lambda$runLater$10(PlatformImpl.java:457) ~[javafx.graphics.jar:?]
	at java.base/java.security.AccessController.doPrivileged(AccessController.java:399) ~[?:?]
	at javafx.graphics/com.sun.javafx.application.PlatformImpl.lambda$runLater$11(PlatformImpl.java:456) ~[javafx.graphics.jar:?]
	at javafx.graphics/com.sun.glass.ui.InvokeLaterDispatcher$Future.run(InvokeLaterDispatcher.java:96) ~[javafx.graphics.jar:?]
	at javafx.graphics/com.sun.glass.ui.win.WinApplication._runLoop(Native Method) ~[javafx.graphics.jar:?]
	at javafx.graphics/com.sun.glass.ui.win.WinApplication.lambda$runLoop$3(WinApplication.java:184) ~[javafx.graphics.jar:?]
	at java.base/java.lang.Thread.run(Thread.java:833) [?:?]
2025-11-06 00:31:34.031 [JavaFX Application Thread] WARN  com.neurasys.controller.MainController - Could not load monitor paths: Unknown column 'enabled' in 'field list'
2025-11-06 00:31:34.124 [JavaFX Application Thread] INFO  com.neurasys.controller.MainController - ✓ Logs table refreshed: 98 entries
2025-11-06 00:31:34.125 [JavaFX Application Thread] INFO  com.neurasys.controller.MainController - ✓ MainController initialized (Hybrid mode)
2025-11-06 00:31:34.158 [JavaFX Application Thread] INFO  com.neurasys.controller.MainController - ✓ Backup stats updated: BackupStats[backups=40, saved=-340 bytes (-666.7%), files=6, dedup=23, native_paths=0, compression=-86.7%]
2025-11-06 00:46:17.217 [JavaFX Application Thread] INFO  com.neurasys.service.DatabaseManager - Initializing hybrid database...
2025-11-06 00:51:02.667 [JavaFX Application Thread] INFO  com.neurasys.service.DatabaseManager - Initializing hybrid database...
2025-11-06 00:59:30.680 [JavaFX Application Thread] INFO  com.neurasys.service.DatabaseManager - Initializing hybrid database...
2025-11-06 00:59:31.038 [JavaFX Application Thread] INFO  com.neurasys.service.DatabaseManager - ✓ Database connection successful
2025-11-06 00:59:31.060 [JavaFX Application Thread] INFO  com.neurasys.service.DatabaseManager - ✓ Hybrid database initialized
2025-11-06 00:59:31.683 [JavaFX Application Thread] INFO  com.neurasys.controller.MainController - Initializing MainController (Hybrid Version)...
2025-11-06 00:59:31.687 [JavaFX Application Thread] INFO  com.neurasys.bridge.NativeFileMonitor - ✓ Native FileMonitor.dll loaded successfully (v14.2.0 - MSYS2 GCC)
2025-11-06 00:59:31.689 [JavaFX Application Thread] INFO  com.neurasys.controller.MainController - Native monitor status: ✓ Ready
2025-11-06 00:59:31.689 [JavaFX Application Thread] INFO  com.neurasys.service.DatabaseManager - Initializing hybrid database...
2025-11-06 00:59:31.704 [JavaFX Application Thread] INFO  com.neurasys.service.DatabaseManager - ✓ Database connection successful
2025-11-06 00:59:31.704 [JavaFX Application Thread] INFO  com.neurasys.service.DatabaseManager - ✓ Hybrid database initialized
2025-11-06 00:59:31.704 [JavaFX Application Thread] INFO  com.neurasys.controller.MainController - ✓ Initial database connection successful
2025-11-06 00:59:31.704 [JavaFX Application Thread] INFO  com.neurasys.service.DatabaseManager - Executing query: SELECT id, path_name, path_location, backup_location, path_type, monitor_method, enabled FROM monitor_paths
2025-11-06 00:59:31.752 [JavaFX Application Thread] ERROR com.neurasys.service.DatabaseManager - Failed to load monitor paths from database
java.sql.SQLSyntaxErrorException: Unknown column 'enabled' in 'field list'
	at com.mysql.cj.jdbc.exceptions.SQLError.createSQLException(SQLError.java:121) ~[mysql-connector-j-8.0.33.jar:8.0.33]
	at com.mysql.cj.jdbc.exceptions.SQLExceptionsMapping.translateException(SQLExceptionsMapping.java:122) ~[mysql-connector-j-8.0.33.jar:8.0.33]
	at com.mysql.cj.jdbc.ClientPreparedStatement.executeInternal(ClientPreparedStatement.java:916) ~[mysql-connector-j-8.0.33.jar:8.0.33]
	at com.mysql.cj.jdbc.ClientPreparedStatement.executeQuery(ClientPreparedStatement.java:972) ~[mysql-connector-j-8.0.33.jar:8.0.33]
	at com.zaxxer.hikari.pool.ProxyPreparedStatement.executeQuery(ProxyPreparedStatement.java:52) ~[HikariCP-5.1.0.jar:?]
	at com.zaxxer.hikari.pool.HikariProxyPreparedStatement.executeQuery(HikariProxyPreparedStatement.java) ~[HikariCP-5.1.0.jar:?]
	at com.neurasys.service.DatabaseManager.getAllMonitorPaths(DatabaseManager.java:111) ~[classes/:?]
	at com.neurasys.controller.MainController.initialize(MainController.java:161) ~[classes/:?]
	at java.base/jdk.internal.reflect.DirectMethodHandleAccessor.invoke(DirectMethodHandleAccessor.java:104) ~[?:?]
	at java.base/java.lang.reflect.Method.invoke(Method.java:577) ~[?:?]
	at com.sun.javafx.reflect.Trampoline.invoke(MethodUtil.java:77) ~[javafx.base.jar:?]
	at java.base/jdk.internal.reflect.DirectMethodHandleAccessor.invoke(DirectMethodHandleAccessor.java:104) ~[?:?]
	at java.base/java.lang.reflect.Method.invoke(Method.java:577) ~[?:?]
	at javafx.base/com.sun.javafx.reflect.MethodUtil.invoke(MethodUtil.java:275) ~[javafx.base.jar:?]
	at javafx.fxml/com.sun.javafx.fxml.MethodHelper.invoke(MethodHelper.java:84) ~[javafx.fxml.jar:?]
	at javafx.fxml/javafx.fxml.FXMLLoader.loadImpl(FXMLLoader.java:2680) ~[javafx.fxml.jar:?]
	at javafx.fxml/javafx.fxml.FXMLLoader.loadImpl(FXMLLoader.java:2555) ~[javafx.fxml.jar:?]
	at javafx.fxml/javafx.fxml.FXMLLoader.load(FXMLLoader.java:2523) ~[javafx.fxml.jar:?]
	at com.neurasys.Main.loadFXML(Main.java:38) ~[classes/:?]
	at com.neurasys.Main.start(Main.java:25) ~[classes/:?]
	at javafx.graphics/com.sun.javafx.application.LauncherImpl.lambda$launchApplication1$9(LauncherImpl.java:847) ~[javafx.graphics.jar:?]
	at javafx.graphics/com.sun.javafx.application.PlatformImpl.lambda$runAndWait$12(PlatformImpl.java:484) ~[javafx.graphics.jar:?]
	at javafx.graphics/com.sun.javafx.application.PlatformImpl.lambda$runLater$10(PlatformImpl.java:457) ~[javafx.graphics.jar:?]
	at java.base/java.security.AccessController.doPrivileged(AccessController.java:399) ~[?:?]
	at javafx.graphics/com.sun.javafx.application.PlatformImpl.lambda$runLater$11(PlatformImpl.java:456) ~[javafx.graphics.jar:?]
	at javafx.graphics/com.sun.glass.ui.InvokeLaterDispatcher$Future.run(InvokeLaterDispatcher.java:96) ~[javafx.graphics.jar:?]
	at javafx.graphics/com.sun.glass.ui.win.WinApplication._runLoop(Native Method) ~[javafx.graphics.jar:?]
	at javafx.graphics/com.sun.glass.ui.win.WinApplication.lambda$runLoop$3(WinApplication.java:184) ~[javafx.graphics.jar:?]
	at java.base/java.lang.Thread.run(Thread.java:833) [?:?]
2025-11-06 00:59:31.765 [JavaFX Application Thread] WARN  com.neurasys.controller.MainController - Could not load monitor paths: Unknown column 'enabled' in 'field list'
2025-11-06 00:59:31.845 [JavaFX Application Thread] INFO  com.neurasys.controller.MainController - ✓ Logs table refreshed: 98 entries
2025-11-06 00:59:31.846 [JavaFX Application Thread] INFO  com.neurasys.controller.MainController - ✓ MainController initialized (Hybrid mode)
2025-11-06 00:59:31.932 [JavaFX Application Thread] INFO  com.neurasys.service.DatabaseManager - ✓ Backup stats loaded: 40 files, 51 B original, 0.0% savings
2025-11-06 01:05:45.546 [JavaFX Application Thread] INFO  com.neurasys.service.DatabaseManager - Initializing hybrid database...
2025-11-06 01:05:45.864 [JavaFX Application Thread] INFO  com.neurasys.service.DatabaseManager - ✓ Database connection successful
2025-11-06 01:05:45.874 [JavaFX Application Thread] INFO  com.neurasys.service.DatabaseManager - ✓ Hybrid database initialized
2025-11-06 01:05:46.368 [JavaFX Application Thread] INFO  com.neurasys.controller.MainController - Initializing MainController (Hybrid Version)...
2025-11-06 01:05:46.371 [JavaFX Application Thread] INFO  com.neurasys.bridge.NativeFileMonitor - ✓ Native FileMonitor.dll loaded successfully (v14.2.0 - MSYS2 GCC)
2025-11-06 01:05:46.372 [JavaFX Application Thread] INFO  com.neurasys.controller.MainController - Native monitor status: ✓ Ready
2025-11-06 01:05:46.372 [JavaFX Application Thread] INFO  com.neurasys.service.DatabaseManager - Initializing hybrid database...
2025-11-06 01:05:46.385 [JavaFX Application Thread] INFO  com.neurasys.service.DatabaseManager - ✓ Database connection successful
2025-11-06 01:05:46.386 [JavaFX Application Thread] INFO  com.neurasys.service.DatabaseManager - ✓ Hybrid database initialized
2025-11-06 01:05:46.386 [JavaFX Application Thread] INFO  com.neurasys.controller.MainController - ✓ Initial database connection successful
2025-11-06 01:05:46.386 [JavaFX Application Thread] INFO  com.neurasys.service.DatabaseManager - Executing query: SELECT id, path_name, path_location, backup_location, path_type, monitor_method, enabled FROM monitor_paths
2025-11-06 01:05:46.420 [JavaFX Application Thread] ERROR com.neurasys.service.DatabaseManager - Failed to load monitor paths from database
java.sql.SQLSyntaxErrorException: Unknown column 'enabled' in 'field list'
	at com.mysql.cj.jdbc.exceptions.SQLError.createSQLException(SQLError.java:121) ~[mysql-connector-j-8.0.33.jar:8.0.33]
	at com.mysql.cj.jdbc.exceptions.SQLExceptionsMapping.translateException(SQLExceptionsMapping.java:122) ~[mysql-connector-j-8.0.33.jar:8.0.33]
	at com.mysql.cj.jdbc.ClientPreparedStatement.executeInternal(ClientPreparedStatement.java:916) ~[mysql-connector-j-8.0.33.jar:8.0.33]
	at com.mysql.cj.jdbc.ClientPreparedStatement.executeQuery(ClientPreparedStatement.java:972) ~[mysql-connector-j-8.0.33.jar:8.0.33]
	at com.zaxxer.hikari.pool.ProxyPreparedStatement.executeQuery(ProxyPreparedStatement.java:52) ~[HikariCP-5.1.0.jar:?]
	at com.zaxxer.hikari.pool.HikariProxyPreparedStatement.executeQuery(HikariProxyPreparedStatement.java) ~[HikariCP-5.1.0.jar:?]
	at com.neurasys.service.DatabaseManager.getAllMonitorPaths(DatabaseManager.java:111) ~[classes/:?]
	at com.neurasys.controller.MainController.initialize(MainController.java:161) ~[classes/:?]
	at java.base/jdk.internal.reflect.DirectMethodHandleAccessor.invoke(DirectMethodHandleAccessor.java:104) ~[?:?]
	at java.base/java.lang.reflect.Method.invoke(Method.java:577) ~[?:?]
	at com.sun.javafx.reflect.Trampoline.invoke(MethodUtil.java:77) ~[javafx.base.jar:?]
	at java.base/jdk.internal.reflect.DirectMethodHandleAccessor.invoke(DirectMethodHandleAccessor.java:104) ~[?:?]
	at java.base/java.lang.reflect.Method.invoke(Method.java:577) ~[?:?]
	at javafx.base/com.sun.javafx.reflect.MethodUtil.invoke(MethodUtil.java:275) ~[javafx.base.jar:?]
	at javafx.fxml/com.sun.javafx.fxml.MethodHelper.invoke(MethodHelper.java:84) ~[javafx.fxml.jar:?]
	at javafx.fxml/javafx.fxml.FXMLLoader.loadImpl(FXMLLoader.java:2680) ~[javafx.fxml.jar:?]
	at javafx.fxml/javafx.fxml.FXMLLoader.loadImpl(FXMLLoader.java:2555) ~[javafx.fxml.jar:?]
	at javafx.fxml/javafx.fxml.FXMLLoader.load(FXMLLoader.java:2523) ~[javafx.fxml.jar:?]
	at com.neurasys.Main.loadFXML(Main.java:38) ~[classes/:?]
	at com.neurasys.Main.start(Main.java:25) ~[classes/:?]
	at javafx.graphics/com.sun.javafx.application.LauncherImpl.lambda$launchApplication1$9(LauncherImpl.java:847) ~[javafx.graphics.jar:?]
	at javafx.graphics/com.sun.javafx.application.PlatformImpl.lambda$runAndWait$12(PlatformImpl.java:484) ~[javafx.graphics.jar:?]
	at javafx.graphics/com.sun.javafx.application.PlatformImpl.lambda$runLater$10(PlatformImpl.java:457) ~[javafx.graphics.jar:?]
	at java.base/java.security.AccessController.doPrivileged(AccessController.java:399) ~[?:?]
	at javafx.graphics/com.sun.javafx.application.PlatformImpl.lambda$runLater$11(PlatformImpl.java:456) ~[javafx.graphics.jar:?]
	at javafx.graphics/com.sun.glass.ui.InvokeLaterDispatcher$Future.run(InvokeLaterDispatcher.java:96) ~[javafx.graphics.jar:?]
	at javafx.graphics/com.sun.glass.ui.win.WinApplication._runLoop(Native Method) ~[javafx.graphics.jar:?]
	at javafx.graphics/com.sun.glass.ui.win.WinApplication.lambda$runLoop$3(WinApplication.java:184) ~[javafx.graphics.jar:?]
	at java.base/java.lang.Thread.run(Thread.java:833) [?:?]
2025-11-06 01:05:46.431 [JavaFX Application Thread] WARN  com.neurasys.controller.MainController - Could not load monitor paths: Unknown column 'enabled' in 'field list'
2025-11-06 01:05:46.519 [JavaFX Application Thread] INFO  com.neurasys.controller.MainController - ✓ Logs table refreshed: 98 entries
2025-11-06 01:05:46.519 [JavaFX Application Thread] INFO  com.neurasys.controller.MainController - ✓ MainController initialized (Hybrid mode)
2025-11-06 01:05:46.574 [JavaFX Application Thread] INFO  com.neurasys.service.DatabaseManager - ✓ Backup stats loaded: 40 files, 51 B original, 0.0% savings
2025-11-06 01:20:05.209 [JavaFX Application Thread] INFO  com.neurasys.service.DatabaseManager - Initializing hybrid database...
2025-11-06 01:20:05.590 [JavaFX Application Thread] INFO  com.neurasys.service.DatabaseManager - ✓ Database connection successful
2025-11-06 01:20:05.608 [JavaFX Application Thread] INFO  com.neurasys.service.DatabaseManager - ✓ Hybrid database initialized
2025-11-06 01:20:06.222 [JavaFX Application Thread] INFO  com.neurasys.controller.MainController - Initializing MainController (Hybrid Version)...
2025-11-06 01:20:06.225 [JavaFX Application Thread] INFO  com.neurasys.bridge.NativeFileMonitor - ✓ Native FileMonitor.dll loaded successfully (v14.2.0 - MSYS2 GCC)
2025-11-06 01:20:06.226 [JavaFX Application Thread] INFO  com.neurasys.controller.MainController - Native monitor status: ✓ Ready
2025-11-06 01:20:06.227 [JavaFX Application Thread] INFO  com.neurasys.service.DatabaseManager - Initializing hybrid database...
2025-11-06 01:20:06.243 [JavaFX Application Thread] INFO  com.neurasys.service.DatabaseManager - ✓ Database connection successful
2025-11-06 01:20:06.244 [JavaFX Application Thread] INFO  com.neurasys.service.DatabaseManager - ✓ Hybrid database initialized
2025-11-06 01:20:06.244 [JavaFX Application Thread] INFO  com.neurasys.controller.MainController - ✓ Initial database connection successful
2025-11-06 01:20:06.244 [JavaFX Application Thread] INFO  com.neurasys.service.DatabaseManager - Executing query: SELECT id, path_name, path_location, backup_location, path_type, monitor_method, enabled FROM monitor_paths
2025-11-06 01:20:06.306 [JavaFX Application Thread] ERROR com.neurasys.service.DatabaseManager - Failed to load monitor paths from database
java.sql.SQLSyntaxErrorException: Unknown column 'enabled' in 'field list'
	at com.mysql.cj.jdbc.exceptions.SQLError.createSQLException(SQLError.java:121) ~[mysql-connector-j-8.0.33.jar:8.0.33]
	at com.mysql.cj.jdbc.exceptions.SQLExceptionsMapping.translateException(SQLExceptionsMapping.java:122) ~[mysql-connector-j-8.0.33.jar:8.0.33]
	at com.mysql.cj.jdbc.ClientPreparedStatement.executeInternal(ClientPreparedStatement.java:916) ~[mysql-connector-j-8.0.33.jar:8.0.33]
	at com.mysql.cj.jdbc.ClientPreparedStatement.executeQuery(ClientPreparedStatement.java:972) ~[mysql-connector-j-8.0.33.jar:8.0.33]
	at com.zaxxer.hikari.pool.ProxyPreparedStatement.executeQuery(ProxyPreparedStatement.java:52) ~[HikariCP-5.1.0.jar:?]
	at com.zaxxer.hikari.pool.HikariProxyPreparedStatement.executeQuery(HikariProxyPreparedStatement.java) ~[HikariCP-5.1.0.jar:?]
	at com.neurasys.service.DatabaseManager.getAllMonitorPaths(DatabaseManager.java:111) ~[classes/:?]
	at com.neurasys.controller.MainController.initialize(MainController.java:161) ~[classes/:?]
	at java.base/jdk.internal.reflect.DirectMethodHandleAccessor.invoke(DirectMethodHandleAccessor.java:104) ~[?:?]
	at java.base/java.lang.reflect.Method.invoke(Method.java:577) ~[?:?]
	at com.sun.javafx.reflect.Trampoline.invoke(MethodUtil.java:77) ~[javafx.base.jar:?]
	at java.base/jdk.internal.reflect.DirectMethodHandleAccessor.invoke(DirectMethodHandleAccessor.java:104) ~[?:?]
	at java.base/java.lang.reflect.Method.invoke(Method.java:577) ~[?:?]
	at javafx.base/com.sun.javafx.reflect.MethodUtil.invoke(MethodUtil.java:275) ~[javafx.base.jar:?]
	at javafx.fxml/com.sun.javafx.fxml.MethodHelper.invoke(MethodHelper.java:84) ~[javafx.fxml.jar:?]
	at javafx.fxml/javafx.fxml.FXMLLoader.loadImpl(FXMLLoader.java:2680) ~[javafx.fxml.jar:?]
	at javafx.fxml/javafx.fxml.FXMLLoader.loadImpl(FXMLLoader.java:2555) ~[javafx.fxml.jar:?]
	at javafx.fxml/javafx.fxml.FXMLLoader.load(FXMLLoader.java:2523) ~[javafx.fxml.jar:?]
	at com.neurasys.Main.loadFXML(Main.java:38) ~[classes/:?]
	at com.neurasys.Main.start(Main.java:25) ~[classes/:?]
	at javafx.graphics/com.sun.javafx.application.LauncherImpl.lambda$launchApplication1$9(LauncherImpl.java:847) ~[javafx.graphics.jar:?]
	at javafx.graphics/com.sun.javafx.application.PlatformImpl.lambda$runAndWait$12(PlatformImpl.java:484) ~[javafx.graphics.jar:?]
	at javafx.graphics/com.sun.javafx.application.PlatformImpl.lambda$runLater$10(PlatformImpl.java:457) ~[javafx.graphics.jar:?]
	at java.base/java.security.AccessController.doPrivileged(AccessController.java:399) ~[?:?]
	at javafx.graphics/com.sun.javafx.application.PlatformImpl.lambda$runLater$11(PlatformImpl.java:456) ~[javafx.graphics.jar:?]
	at javafx.graphics/com.sun.glass.ui.InvokeLaterDispatcher$Future.run(InvokeLaterDispatcher.java:96) ~[javafx.graphics.jar:?]
	at javafx.graphics/com.sun.glass.ui.win.WinApplication._runLoop(Native Method) ~[javafx.graphics.jar:?]
	at javafx.graphics/com.sun.glass.ui.win.WinApplication.lambda$runLoop$3(WinApplication.java:184) ~[javafx.graphics.jar:?]
	at java.base/java.lang.Thread.run(Thread.java:833) [?:?]
2025-11-06 01:20:06.321 [JavaFX Application Thread] WARN  com.neurasys.controller.MainController - Could not load monitor paths: Unknown column 'enabled' in 'field list'
2025-11-06 01:20:06.423 [JavaFX Application Thread] INFO  com.neurasys.controller.MainController - ✓ Logs table refreshed: 98 entries
2025-11-06 01:20:06.423 [JavaFX Application Thread] INFO  com.neurasys.controller.MainController - ✓ MainController initialized (Hybrid mode)
2025-11-06 01:30:17.469 [JavaFX Application Thread] INFO  com.neurasys.service.DatabaseManager - Initializing hybrid database...
2025-11-06 01:30:17.853 [JavaFX Application Thread] INFO  com.neurasys.service.DatabaseManager - ✓ Database connection successful
2025-11-06 01:30:17.867 [JavaFX Application Thread] INFO  com.neurasys.service.DatabaseManager - ✓ Hybrid database initialized
2025-11-06 01:30:18.451 [JavaFX Application Thread] INFO  com.neurasys.controller.MainController - Initializing MainController (Hybrid Version)...
2025-11-06 01:30:18.456 [JavaFX Application Thread] INFO  com.neurasys.bridge.NativeFileMonitor - ✓ Native FileMonitor.dll loaded successfully (v14.2.0 - MSYS2 GCC)
2025-11-06 01:30:18.457 [JavaFX Application Thread] INFO  com.neurasys.controller.MainController - Native monitor status: ✓ Ready
2025-11-06 01:30:18.457 [JavaFX Application Thread] INFO  com.neurasys.service.DatabaseManager - Initializing hybrid database...
2025-11-06 01:30:18.475 [JavaFX Application Thread] INFO  com.neurasys.service.DatabaseManager - ✓ Database connection successful
2025-11-06 01:30:18.475 [JavaFX Application Thread] INFO  com.neurasys.service.DatabaseManager - ✓ Hybrid database initialized
2025-11-06 01:30:18.475 [JavaFX Application Thread] INFO  com.neurasys.controller.MainController - ✓ Initial database connection successful
2025-11-06 01:30:18.476 [JavaFX Application Thread] INFO  com.neurasys.service.DatabaseManager - Executing query: SELECT id, path_name, path_location, backup_location, path_type, monitor_method, enabled FROM monitor_paths
2025-11-06 01:30:18.533 [JavaFX Application Thread] ERROR com.neurasys.service.DatabaseManager - Failed to load monitor paths from database
java.sql.SQLSyntaxErrorException: Unknown column 'enabled' in 'field list'
	at com.mysql.cj.jdbc.exceptions.SQLError.createSQLException(SQLError.java:121) ~[mysql-connector-j-8.0.33.jar:8.0.33]
	at com.mysql.cj.jdbc.exceptions.SQLExceptionsMapping.translateException(SQLExceptionsMapping.java:122) ~[mysql-connector-j-8.0.33.jar:8.0.33]
	at com.mysql.cj.jdbc.ClientPreparedStatement.executeInternal(ClientPreparedStatement.java:916) ~[mysql-connector-j-8.0.33.jar:8.0.33]
	at com.mysql.cj.jdbc.ClientPreparedStatement.executeQuery(ClientPreparedStatement.java:972) ~[mysql-connector-j-8.0.33.jar:8.0.33]
	at com.zaxxer.hikari.pool.ProxyPreparedStatement.executeQuery(ProxyPreparedStatement.java:52) ~[HikariCP-5.1.0.jar:?]
	at com.zaxxer.hikari.pool.HikariProxyPreparedStatement.executeQuery(HikariProxyPreparedStatement.java) ~[HikariCP-5.1.0.jar:?]
	at com.neurasys.service.DatabaseManager.getAllMonitorPaths(DatabaseManager.java:111) ~[classes/:?]
	at com.neurasys.controller.MainController.initialize(MainController.java:156) ~[classes/:?]
	at java.base/jdk.internal.reflect.DirectMethodHandleAccessor.invoke(DirectMethodHandleAccessor.java:104) ~[?:?]
	at java.base/java.lang.reflect.Method.invoke(Method.java:577) ~[?:?]
	at com.sun.javafx.reflect.Trampoline.invoke(MethodUtil.java:77) ~[javafx.base.jar:?]
	at java.base/jdk.internal.reflect.DirectMethodHandleAccessor.invoke(DirectMethodHandleAccessor.java:104) ~[?:?]
	at java.base/java.lang.reflect.Method.invoke(Method.java:577) ~[?:?]
	at javafx.base/com.sun.javafx.reflect.MethodUtil.invoke(MethodUtil.java:275) ~[javafx.base.jar:?]
	at javafx.fxml/com.sun.javafx.fxml.MethodHelper.invoke(MethodHelper.java:84) ~[javafx.fxml.jar:?]
	at javafx.fxml/javafx.fxml.FXMLLoader.loadImpl(FXMLLoader.java:2680) ~[javafx.fxml.jar:?]
	at javafx.fxml/javafx.fxml.FXMLLoader.loadImpl(FXMLLoader.java:2555) ~[javafx.fxml.jar:?]
	at javafx.fxml/javafx.fxml.FXMLLoader.load(FXMLLoader.java:2523) ~[javafx.fxml.jar:?]
	at com.neurasys.Main.loadFXML(Main.java:38) ~[classes/:?]
	at com.neurasys.Main.start(Main.java:25) ~[classes/:?]
	at javafx.graphics/com.sun.javafx.application.LauncherImpl.lambda$launchApplication1$9(LauncherImpl.java:847) ~[javafx.graphics.jar:?]
	at javafx.graphics/com.sun.javafx.application.PlatformImpl.lambda$runAndWait$12(PlatformImpl.java:484) ~[javafx.graphics.jar:?]
	at javafx.graphics/com.sun.javafx.application.PlatformImpl.lambda$runLater$10(PlatformImpl.java:457) ~[javafx.graphics.jar:?]
	at java.base/java.security.AccessController.doPrivileged(AccessController.java:399) ~[?:?]
	at javafx.graphics/com.sun.javafx.application.PlatformImpl.lambda$runLater$11(PlatformImpl.java:456) ~[javafx.graphics.jar:?]
	at javafx.graphics/com.sun.glass.ui.InvokeLaterDispatcher$Future.run(InvokeLaterDispatcher.java:96) ~[javafx.graphics.jar:?]
	at javafx.graphics/com.sun.glass.ui.win.WinApplication._runLoop(Native Method) ~[javafx.graphics.jar:?]
	at javafx.graphics/com.sun.glass.ui.win.WinApplication.lambda$runLoop$3(WinApplication.java:184) ~[javafx.graphics.jar:?]
	at java.base/java.lang.Thread.run(Thread.java:833) [?:?]
2025-11-06 01:30:18.547 [JavaFX Application Thread] WARN  com.neurasys.controller.MainController - Could not load monitor paths: Unknown column 'enabled' in 'field list'
2025-11-06 01:30:18.645 [JavaFX Application Thread] INFO  com.neurasys.controller.MainController - ✓ Logs table refreshed: 98 entries
2025-11-06 01:30:18.646 [JavaFX Application Thread] INFO  com.neurasys.controller.MainController - ✓ MainController initialized (Hybrid mode)
2025-11-06 01:30:18.699 [JavaFX Application Thread] INFO  com.neurasys.service.DatabaseManager - ✓ Backup stats loaded: 40 files, 51 B original, 0.0% savings
2025-11-06 01:30:43.874 [JavaFX Application Thread] INFO  com.neurasys.service.DatabaseManager - Initializing hybrid database...
2025-11-06 01:30:44.188 [JavaFX Application Thread] INFO  com.neurasys.service.DatabaseManager - ✓ Database connection successful
2025-11-06 01:30:44.199 [JavaFX Application Thread] INFO  com.neurasys.service.DatabaseManager - ✓ Hybrid database initialized
2025-11-06 01:30:44.643 [JavaFX Application Thread] INFO  com.neurasys.controller.MainController - Initializing MainController (Hybrid Version)...
2025-11-06 01:30:44.655 [JavaFX Application Thread] INFO  com.neurasys.bridge.NativeFileMonitor - ✓ Native FileMonitor.dll loaded successfully (v14.2.0 - MSYS2 GCC)
2025-11-06 01:30:44.656 [JavaFX Application Thread] INFO  com.neurasys.controller.MainController - Native monitor status: ✓ Ready
2025-11-06 01:30:44.657 [JavaFX Application Thread] INFO  com.neurasys.service.DatabaseManager - Initializing hybrid database...
2025-11-06 01:30:44.669 [JavaFX Application Thread] INFO  com.neurasys.service.DatabaseManager - ✓ Database connection successful
2025-11-06 01:30:44.669 [JavaFX Application Thread] INFO  com.neurasys.service.DatabaseManager - ✓ Hybrid database initialized
2025-11-06 01:30:44.669 [JavaFX Application Thread] INFO  com.neurasys.controller.MainController - ✓ Initial database connection successful
2025-11-06 01:30:44.670 [JavaFX Application Thread] INFO  com.neurasys.service.DatabaseManager - Executing query: SELECT id, path_name, path_location, backup_location, path_type, monitor_method, enabled FROM monitor_paths
2025-11-06 01:30:44.705 [JavaFX Application Thread] ERROR com.neurasys.service.DatabaseManager - Failed to load monitor paths from database
java.sql.SQLSyntaxErrorException: Unknown column 'enabled' in 'field list'
	at com.mysql.cj.jdbc.exceptions.SQLError.createSQLException(SQLError.java:121) ~[mysql-connector-j-8.0.33.jar:8.0.33]
	at com.mysql.cj.jdbc.exceptions.SQLExceptionsMapping.translateException(SQLExceptionsMapping.java:122) ~[mysql-connector-j-8.0.33.jar:8.0.33]
	at com.mysql.cj.jdbc.ClientPreparedStatement.executeInternal(ClientPreparedStatement.java:916) ~[mysql-connector-j-8.0.33.jar:8.0.33]
	at com.mysql.cj.jdbc.ClientPreparedStatement.executeQuery(ClientPreparedStatement.java:972) ~[mysql-connector-j-8.0.33.jar:8.0.33]
	at com.zaxxer.hikari.pool.ProxyPreparedStatement.executeQuery(ProxyPreparedStatement.java:52) ~[HikariCP-5.1.0.jar:?]
	at com.zaxxer.hikari.pool.HikariProxyPreparedStatement.executeQuery(HikariProxyPreparedStatement.java) ~[HikariCP-5.1.0.jar:?]
	at com.neurasys.service.DatabaseManager.getAllMonitorPaths(DatabaseManager.java:111) ~[classes/:?]
	at com.neurasys.controller.MainController.initialize(MainController.java:156) ~[classes/:?]
	at java.base/jdk.internal.reflect.DirectMethodHandleAccessor.invoke(DirectMethodHandleAccessor.java:104) ~[?:?]
	at java.base/java.lang.reflect.Method.invoke(Method.java:577) ~[?:?]
	at com.sun.javafx.reflect.Trampoline.invoke(MethodUtil.java:77) ~[javafx.base.jar:?]
	at java.base/jdk.internal.reflect.DirectMethodHandleAccessor.invoke(DirectMethodHandleAccessor.java:104) ~[?:?]
	at java.base/java.lang.reflect.Method.invoke(Method.java:577) ~[?:?]
	at javafx.base/com.sun.javafx.reflect.MethodUtil.invoke(MethodUtil.java:275) ~[javafx.base.jar:?]
	at javafx.fxml/com.sun.javafx.fxml.MethodHelper.invoke(MethodHelper.java:84) ~[javafx.fxml.jar:?]
	at javafx.fxml/javafx.fxml.FXMLLoader.loadImpl(FXMLLoader.java:2680) ~[javafx.fxml.jar:?]
	at javafx.fxml/javafx.fxml.FXMLLoader.loadImpl(FXMLLoader.java:2555) ~[javafx.fxml.jar:?]
	at javafx.fxml/javafx.fxml.FXMLLoader.load(FXMLLoader.java:2523) ~[javafx.fxml.jar:?]
	at com.neurasys.Main.loadFXML(Main.java:38) ~[classes/:?]
	at com.neurasys.Main.start(Main.java:25) ~[classes/:?]
	at javafx.graphics/com.sun.javafx.application.LauncherImpl.lambda$launchApplication1$9(LauncherImpl.java:847) ~[javafx.graphics.jar:?]
	at javafx.graphics/com.sun.javafx.application.PlatformImpl.lambda$runAndWait$12(PlatformImpl.java:484) ~[javafx.graphics.jar:?]
	at javafx.graphics/com.sun.javafx.application.PlatformImpl.lambda$runLater$10(PlatformImpl.java:457) ~[javafx.graphics.jar:?]
	at java.base/java.security.AccessController.doPrivileged(AccessController.java:399) ~[?:?]
	at javafx.graphics/com.sun.javafx.application.PlatformImpl.lambda$runLater$11(PlatformImpl.java:456) ~[javafx.graphics.jar:?]
	at javafx.graphics/com.sun.glass.ui.InvokeLaterDispatcher$Future.run(InvokeLaterDispatcher.java:96) ~[javafx.graphics.jar:?]
	at javafx.graphics/com.sun.glass.ui.win.WinApplication._runLoop(Native Method) ~[javafx.graphics.jar:?]
	at javafx.graphics/com.sun.glass.ui.win.WinApplication.lambda$runLoop$3(WinApplication.java:184) ~[javafx.graphics.jar:?]
	at java.base/java.lang.Thread.run(Thread.java:833) [?:?]
2025-11-06 01:30:44.717 [JavaFX Application Thread] WARN  com.neurasys.controller.MainController - Could not load monitor paths: Unknown column 'enabled' in 'field list'
2025-11-06 01:30:44.791 [JavaFX Application Thread] INFO  com.neurasys.controller.MainController - ✓ Logs table refreshed: 98 entries
2025-11-06 01:30:44.791 [JavaFX Application Thread] INFO  com.neurasys.controller.MainController - ✓ MainController initialized (Hybrid mode)
2025-11-06 01:30:44.818 [JavaFX Application Thread] INFO  com.neurasys.service.DatabaseManager - ✓ Backup stats loaded: 40 files, 51 B original, 0.0% savings
2025-11-06 11:07:03.569 [JavaFX Application Thread] INFO  com.neurasys.service.DatabaseManager - Initializing hybrid database...
2025-11-06 11:07:03.970 [JavaFX Application Thread] INFO  com.neurasys.service.DatabaseManager - ✓ Database connection successful
2025-11-06 11:07:03.980 [JavaFX Application Thread] INFO  com.neurasys.service.DatabaseManager - ✓ Hybrid database initialized
2025-11-06 11:07:05.231 [JavaFX Application Thread] INFO  com.neurasys.controller.MainController - Initializing MainController (Hybrid Version)...
2025-11-06 11:07:05.278 [JavaFX Application Thread] INFO  com.neurasys.bridge.NativeFileMonitor - ✓ Native FileMonitor.dll loaded successfully (v14.2.0 - MSYS2 GCC)
2025-11-06 11:07:05.280 [JavaFX Application Thread] INFO  com.neurasys.controller.MainController - Native monitor status: ✓ Ready
2025-11-06 11:07:05.280 [JavaFX Application Thread] INFO  com.neurasys.service.DatabaseManager - Initializing hybrid database...
2025-11-06 11:07:05.294 [JavaFX Application Thread] INFO  com.neurasys.service.DatabaseManager - ✓ Database connection successful
2025-11-06 11:07:05.294 [JavaFX Application Thread] INFO  com.neurasys.service.DatabaseManager - ✓ Hybrid database initialized
2025-11-06 11:07:05.294 [JavaFX Application Thread] INFO  com.neurasys.controller.MainController - ✓ Initial database connection successful
2025-11-06 11:07:05.294 [JavaFX Application Thread] INFO  com.neurasys.service.DatabaseManager - Executing query: SELECT id, path_name, path_location, backup_location, path_type, monitor_method, enabled FROM monitor_paths
2025-11-06 11:07:05.331 [JavaFX Application Thread] ERROR com.neurasys.service.DatabaseManager - Failed to load monitor paths from database
java.sql.SQLSyntaxErrorException: Unknown column 'enabled' in 'field list'
	at com.mysql.cj.jdbc.exceptions.SQLError.createSQLException(SQLError.java:121) ~[mysql-connector-j-8.0.33.jar:8.0.33]
	at com.mysql.cj.jdbc.exceptions.SQLExceptionsMapping.translateException(SQLExceptionsMapping.java:122) ~[mysql-connector-j-8.0.33.jar:8.0.33]
	at com.mysql.cj.jdbc.ClientPreparedStatement.executeInternal(ClientPreparedStatement.java:916) ~[mysql-connector-j-8.0.33.jar:8.0.33]
	at com.mysql.cj.jdbc.ClientPreparedStatement.executeQuery(ClientPreparedStatement.java:972) ~[mysql-connector-j-8.0.33.jar:8.0.33]
	at com.zaxxer.hikari.pool.ProxyPreparedStatement.executeQuery(ProxyPreparedStatement.java:52) ~[HikariCP-5.1.0.jar:?]
	at com.zaxxer.hikari.pool.HikariProxyPreparedStatement.executeQuery(HikariProxyPreparedStatement.java) ~[HikariCP-5.1.0.jar:?]
	at com.neurasys.service.DatabaseManager.getAllMonitorPaths(DatabaseManager.java:111) ~[classes/:?]
	at com.neurasys.controller.MainController.initialize(MainController.java:156) ~[classes/:?]
	at java.base/jdk.internal.reflect.DirectMethodHandleAccessor.invoke(DirectMethodHandleAccessor.java:104) ~[?:?]
	at java.base/java.lang.reflect.Method.invoke(Method.java:577) ~[?:?]
	at com.sun.javafx.reflect.Trampoline.invoke(MethodUtil.java:77) ~[javafx.base.jar:?]
	at java.base/jdk.internal.reflect.DirectMethodHandleAccessor.invoke(DirectMethodHandleAccessor.java:104) ~[?:?]
	at java.base/java.lang.reflect.Method.invoke(Method.java:577) ~[?:?]
	at javafx.base/com.sun.javafx.reflect.MethodUtil.invoke(MethodUtil.java:275) ~[javafx.base.jar:?]
	at javafx.fxml/com.sun.javafx.fxml.MethodHelper.invoke(MethodHelper.java:84) ~[javafx.fxml.jar:?]
	at javafx.fxml/javafx.fxml.FXMLLoader.loadImpl(FXMLLoader.java:2680) ~[javafx.fxml.jar:?]
	at javafx.fxml/javafx.fxml.FXMLLoader.loadImpl(FXMLLoader.java:2555) ~[javafx.fxml.jar:?]
	at javafx.fxml/javafx.fxml.FXMLLoader.load(FXMLLoader.java:2523) ~[javafx.fxml.jar:?]
	at com.neurasys.Main.loadFXML(Main.java:38) ~[classes/:?]
	at com.neurasys.Main.start(Main.java:25) ~[classes/:?]
	at javafx.graphics/com.sun.javafx.application.LauncherImpl.lambda$launchApplication1$9(LauncherImpl.java:847) ~[javafx.graphics.jar:?]
	at javafx.graphics/com.sun.javafx.application.PlatformImpl.lambda$runAndWait$12(PlatformImpl.java:484) ~[javafx.graphics.jar:?]
	at javafx.graphics/com.sun.javafx.application.PlatformImpl.lambda$runLater$10(PlatformImpl.java:457) ~[javafx.graphics.jar:?]
	at java.base/java.security.AccessController.doPrivileged(AccessController.java:399) ~[?:?]
	at javafx.graphics/com.sun.javafx.application.PlatformImpl.lambda$runLater$11(PlatformImpl.java:456) ~[javafx.graphics.jar:?]
	at javafx.graphics/com.sun.glass.ui.InvokeLaterDispatcher$Future.run(InvokeLaterDispatcher.java:96) ~[javafx.graphics.jar:?]
	at javafx.graphics/com.sun.glass.ui.win.WinApplication._runLoop(Native Method) ~[javafx.graphics.jar:?]
	at javafx.graphics/com.sun.glass.ui.win.WinApplication.lambda$runLoop$3(WinApplication.java:184) ~[javafx.graphics.jar:?]
	at java.base/java.lang.Thread.run(Thread.java:833) [?:?]
2025-11-06 11:07:05.344 [JavaFX Application Thread] WARN  com.neurasys.controller.MainController - Could not load monitor paths: Unknown column 'enabled' in 'field list'
2025-11-06 11:07:05.430 [JavaFX Application Thread] INFO  com.neurasys.controller.MainController - ✓ Logs table refreshed: 98 entries
2025-11-06 11:07:05.431 [JavaFX Application Thread] INFO  com.neurasys.controller.MainController - ✓ MainController initialized (Hybrid mode)
2025-11-06 11:07:05.470 [JavaFX Application Thread] INFO  com.neurasys.service.DatabaseManager - ✓ Backup stats loaded: 40 files, 51 B original, 0.0% savings
2025-11-06 11:27:59.420 [JavaFX Application Thread] INFO  com.neurasys.service.DatabaseManager - Initializing hybrid database...
2025-11-06 11:27:59.799 [JavaFX Application Thread] INFO  com.neurasys.service.DatabaseManager - ✓ Database connection successful
2025-11-06 11:27:59.819 [JavaFX Application Thread] INFO  com.neurasys.service.DatabaseManager - ✓ Hybrid database initialized
2025-11-06 11:28:00.387 [JavaFX Application Thread] INFO  com.neurasys.controller.MainController - Initializing MainController (Hybrid Version)...
2025-11-06 11:28:00.391 [JavaFX Application Thread] INFO  com.neurasys.bridge.NativeFileMonitor - ✓ Native FileMonitor.dll loaded successfully (v14.2.0 - MSYS2 GCC)
2025-11-06 11:28:00.393 [JavaFX Application Thread] INFO  com.neurasys.controller.MainController - Native monitor status: ✓ Ready
2025-11-06 11:28:00.394 [JavaFX Application Thread] INFO  com.neurasys.service.DatabaseManager - Initializing hybrid database...
2025-11-06 11:28:00.408 [JavaFX Application Thread] INFO  com.neurasys.service.DatabaseManager - ✓ Database connection successful
2025-11-06 11:28:00.408 [JavaFX Application Thread] INFO  com.neurasys.service.DatabaseManager - ✓ Hybrid database initialized
2025-11-06 11:28:00.408 [JavaFX Application Thread] INFO  com.neurasys.controller.MainController - ✓ Initial database connection successful
2025-11-06 11:28:00.408 [JavaFX Application Thread] INFO  com.neurasys.service.DatabaseManager - Executing query: SELECT id, path_name, path_location, backup_location, path_type, monitor_method, enabled FROM monitor_paths
2025-11-06 11:28:00.471 [JavaFX Application Thread] ERROR com.neurasys.service.DatabaseManager - Failed to load monitor paths from database
java.sql.SQLSyntaxErrorException: Unknown column 'enabled' in 'field list'
	at com.mysql.cj.jdbc.exceptions.SQLError.createSQLException(SQLError.java:121) ~[mysql-connector-j-8.0.33.jar:8.0.33]
	at com.mysql.cj.jdbc.exceptions.SQLExceptionsMapping.translateException(SQLExceptionsMapping.java:122) ~[mysql-connector-j-8.0.33.jar:8.0.33]
	at com.mysql.cj.jdbc.ClientPreparedStatement.executeInternal(ClientPreparedStatement.java:916) ~[mysql-connector-j-8.0.33.jar:8.0.33]
	at com.mysql.cj.jdbc.ClientPreparedStatement.executeQuery(ClientPreparedStatement.java:972) ~[mysql-connector-j-8.0.33.jar:8.0.33]
	at com.zaxxer.hikari.pool.ProxyPreparedStatement.executeQuery(ProxyPreparedStatement.java:52) ~[HikariCP-5.1.0.jar:?]
	at com.zaxxer.hikari.pool.HikariProxyPreparedStatement.executeQuery(HikariProxyPreparedStatement.java) ~[HikariCP-5.1.0.jar:?]
	at com.neurasys.service.DatabaseManager.getAllMonitorPaths(DatabaseManager.java:111) ~[classes/:?]
	at com.neurasys.controller.MainController.initialize(MainController.java:156) ~[classes/:?]
	at java.base/jdk.internal.reflect.DirectMethodHandleAccessor.invoke(DirectMethodHandleAccessor.java:104) ~[?:?]
	at java.base/java.lang.reflect.Method.invoke(Method.java:577) ~[?:?]
	at com.sun.javafx.reflect.Trampoline.invoke(MethodUtil.java:77) ~[javafx.base.jar:?]
	at java.base/jdk.internal.reflect.DirectMethodHandleAccessor.invoke(DirectMethodHandleAccessor.java:104) ~[?:?]
	at java.base/java.lang.reflect.Method.invoke(Method.java:577) ~[?:?]
	at javafx.base/com.sun.javafx.reflect.MethodUtil.invoke(MethodUtil.java:275) ~[javafx.base.jar:?]
	at javafx.fxml/com.sun.javafx.fxml.MethodHelper.invoke(MethodHelper.java:84) ~[javafx.fxml.jar:?]
	at javafx.fxml/javafx.fxml.FXMLLoader.loadImpl(FXMLLoader.java:2680) ~[javafx.fxml.jar:?]
	at javafx.fxml/javafx.fxml.FXMLLoader.loadImpl(FXMLLoader.java:2555) ~[javafx.fxml.jar:?]
	at javafx.fxml/javafx.fxml.FXMLLoader.load(FXMLLoader.java:2523) ~[javafx.fxml.jar:?]
	at com.neurasys.Main.loadFXML(Main.java:38) ~[classes/:?]
	at com.neurasys.Main.start(Main.java:25) ~[classes/:?]
	at javafx.graphics/com.sun.javafx.application.LauncherImpl.lambda$launchApplication1$9(LauncherImpl.java:847) ~[javafx.graphics.jar:?]
	at javafx.graphics/com.sun.javafx.application.PlatformImpl.lambda$runAndWait$12(PlatformImpl.java:484) ~[javafx.graphics.jar:?]
	at javafx.graphics/com.sun.javafx.application.PlatformImpl.lambda$runLater$10(PlatformImpl.java:457) ~[javafx.graphics.jar:?]
	at java.base/java.security.AccessController.doPrivileged(AccessController.java:399) ~[?:?]
	at javafx.graphics/com.sun.javafx.application.PlatformImpl.lambda$runLater$11(PlatformImpl.java:456) ~[javafx.graphics.jar:?]
	at javafx.graphics/com.sun.glass.ui.InvokeLaterDispatcher$Future.run(InvokeLaterDispatcher.java:96) ~[javafx.graphics.jar:?]
	at javafx.graphics/com.sun.glass.ui.win.WinApplication._runLoop(Native Method) ~[javafx.graphics.jar:?]
	at javafx.graphics/com.sun.glass.ui.win.WinApplication.lambda$runLoop$3(WinApplication.java:184) ~[javafx.graphics.jar:?]
	at java.base/java.lang.Thread.run(Thread.java:833) [?:?]
2025-11-06 11:28:00.485 [JavaFX Application Thread] WARN  com.neurasys.controller.MainController - Could not load monitor paths: Unknown column 'enabled' in 'field list'
2025-11-06 11:28:00.583 [JavaFX Application Thread] INFO  com.neurasys.controller.MainController - ✓ Logs table refreshed: 98 entries
2025-11-06 11:28:00.584 [JavaFX Application Thread] INFO  com.neurasys.controller.MainController - ✓ MainController initialized (Hybrid mode)
2025-11-06 11:28:00.632 [JavaFX Application Thread] INFO  com.neurasys.service.DatabaseManager - ✓ Backup stats loaded: 40 files, 51 B original, 0.0% savings
2025-11-06 20:22:51.665 [JavaFX Application Thread] INFO  com.neurasys.service.DatabaseManager - Initializing hybrid database...
2025-11-06 20:22:52.052 [JavaFX Application Thread] INFO  com.neurasys.service.DatabaseManager - ✓ Database connection successful
2025-11-06 20:22:52.074 [JavaFX Application Thread] INFO  com.neurasys.service.DatabaseManager - ✓ Hybrid database initialized
2025-11-06 20:22:52.687 [JavaFX Application Thread] INFO  com.neurasys.controller.MainController - Initializing MainController (Hybrid Version)...
2025-11-06 20:22:52.693 [JavaFX Application Thread] INFO  com.neurasys.bridge.NativeFileMonitor - ✓ Native FileMonitor.dll loaded successfully (v14.2.0 - MSYS2 GCC)
2025-11-06 20:22:52.694 [JavaFX Application Thread] INFO  com.neurasys.controller.MainController - Native monitor status: ✓ Ready
2025-11-06 20:22:52.694 [JavaFX Application Thread] INFO  com.neurasys.service.DatabaseManager - Initializing hybrid database...
2025-11-06 20:22:52.711 [JavaFX Application Thread] INFO  com.neurasys.service.DatabaseManager - ✓ Database connection successful
2025-11-06 20:22:52.711 [JavaFX Application Thread] INFO  com.neurasys.service.DatabaseManager - ✓ Hybrid database initialized
2025-11-06 20:22:52.711 [JavaFX Application Thread] INFO  com.neurasys.controller.MainController - ✓ Initial database connection successful
2025-11-06 20:22:52.712 [JavaFX Application Thread] INFO  com.neurasys.service.DatabaseManager - Executing query: SELECT id, path_name, path_location, backup_location, path_type, monitor_method, enabled FROM monitor_paths
2025-11-06 20:22:52.770 [JavaFX Application Thread] ERROR com.neurasys.service.DatabaseManager - Failed to load monitor paths from database
java.sql.SQLSyntaxErrorException: Unknown column 'enabled' in 'field list'
	at com.mysql.cj.jdbc.exceptions.SQLError.createSQLException(SQLError.java:121) ~[mysql-connector-j-8.0.33.jar:8.0.33]
	at com.mysql.cj.jdbc.exceptions.SQLExceptionsMapping.translateException(SQLExceptionsMapping.java:122) ~[mysql-connector-j-8.0.33.jar:8.0.33]
	at com.mysql.cj.jdbc.ClientPreparedStatement.executeInternal(ClientPreparedStatement.java:916) ~[mysql-connector-j-8.0.33.jar:8.0.33]
	at com.mysql.cj.jdbc.ClientPreparedStatement.executeQuery(ClientPreparedStatement.java:972) ~[mysql-connector-j-8.0.33.jar:8.0.33]
	at com.zaxxer.hikari.pool.ProxyPreparedStatement.executeQuery(ProxyPreparedStatement.java:52) ~[HikariCP-5.1.0.jar:?]
	at com.zaxxer.hikari.pool.HikariProxyPreparedStatement.executeQuery(HikariProxyPreparedStatement.java) ~[HikariCP-5.1.0.jar:?]
	at com.neurasys.service.DatabaseManager.getAllMonitorPaths(DatabaseManager.java:111) ~[classes/:?]
	at com.neurasys.controller.MainController.initialize(MainController.java:156) ~[classes/:?]
	at java.base/jdk.internal.reflect.DirectMethodHandleAccessor.invoke(DirectMethodHandleAccessor.java:104) ~[?:?]
	at java.base/java.lang.reflect.Method.invoke(Method.java:577) ~[?:?]
	at com.sun.javafx.reflect.Trampoline.invoke(MethodUtil.java:77) ~[javafx.base.jar:?]
	at java.base/jdk.internal.reflect.DirectMethodHandleAccessor.invoke(DirectMethodHandleAccessor.java:104) ~[?:?]
	at java.base/java.lang.reflect.Method.invoke(Method.java:577) ~[?:?]
	at javafx.base/com.sun.javafx.reflect.MethodUtil.invoke(MethodUtil.java:275) ~[javafx.base.jar:?]
	at javafx.fxml/com.sun.javafx.fxml.MethodHelper.invoke(MethodHelper.java:84) ~[javafx.fxml.jar:?]
	at javafx.fxml/javafx.fxml.FXMLLoader.loadImpl(FXMLLoader.java:2680) ~[javafx.fxml.jar:?]
	at javafx.fxml/javafx.fxml.FXMLLoader.loadImpl(FXMLLoader.java:2555) ~[javafx.fxml.jar:?]
	at javafx.fxml/javafx.fxml.FXMLLoader.load(FXMLLoader.java:2523) ~[javafx.fxml.jar:?]
	at com.neurasys.Main.loadFXML(Main.java:38) ~[classes/:?]
	at com.neurasys.Main.start(Main.java:25) ~[classes/:?]
	at javafx.graphics/com.sun.javafx.application.LauncherImpl.lambda$launchApplication1$9(LauncherImpl.java:847) ~[javafx.graphics.jar:?]
	at javafx.graphics/com.sun.javafx.application.PlatformImpl.lambda$runAndWait$12(PlatformImpl.java:484) ~[javafx.graphics.jar:?]
	at javafx.graphics/com.sun.javafx.application.PlatformImpl.lambda$runLater$10(PlatformImpl.java:457) ~[javafx.graphics.jar:?]
	at java.base/java.security.AccessController.doPrivileged(AccessController.java:399) ~[?:?]
	at javafx.graphics/com.sun.javafx.application.PlatformImpl.lambda$runLater$11(PlatformImpl.java:456) ~[javafx.graphics.jar:?]
	at javafx.graphics/com.sun.glass.ui.InvokeLaterDispatcher$Future.run(InvokeLaterDispatcher.java:96) ~[javafx.graphics.jar:?]
	at javafx.graphics/com.sun.glass.ui.win.WinApplication._runLoop(Native Method) ~[javafx.graphics.jar:?]
	at javafx.graphics/com.sun.glass.ui.win.WinApplication.lambda$runLoop$3(WinApplication.java:184) ~[javafx.graphics.jar:?]
	at java.base/java.lang.Thread.run(Thread.java:833) [?:?]
2025-11-06 20:22:52.784 [JavaFX Application Thread] WARN  com.neurasys.controller.MainController - Could not load monitor paths: Unknown column 'enabled' in 'field list'
2025-11-06 20:22:52.879 [JavaFX Application Thread] INFO  com.neurasys.controller.MainController - ✓ Logs table refreshed: 98 entries
2025-11-06 20:22:52.881 [JavaFX Application Thread] INFO  com.neurasys.controller.MainController - ✓ MainController initialized (Hybrid mode)
2025-11-06 20:22:52.930 [JavaFX Application Thread] INFO  com.neurasys.service.DatabaseManager - ✓ Backup stats loaded: 40 files, 51 B original, 0.0% savings
