2025-11-13 12:37:41.931 [JavaFX Application Thread] INFO  com.neurasys.service.DatabaseManager - Initializing hybrid database...
2025-11-13 12:37:42.363 [JavaFX Application Thread] INFO  com.neurasys.service.DatabaseManager - ✓ Database connection successful
2025-11-13 12:37:42.373 [JavaFX Application Thread] INFO  com.neurasys.service.DatabaseManager - ✓ Hybrid database initialized
2025-11-13 12:37:42.905 [JavaFX Application Thread] INFO  com.neurasys.controller.MainController - Initializing MainController (Hybrid Version)...
2025-11-13 12:37:42.909 [JavaFX Application Thread] INFO  com.neurasys.bridge.NativeFileMonitor - ✓ Native FileMonitor.dll loaded successfully (v14.2.0 - MSYS2 GCC)
2025-11-13 12:37:42.910 [JavaFX Application Thread] INFO  com.neurasys.controller.MainController - Native monitor status: ✓ Ready
2025-11-13 12:37:42.910 [JavaFX Application Thread] INFO  com.neurasys.service.DatabaseManager - Initializing hybrid database...
2025-11-13 12:37:42.929 [JavaFX Application Thread] INFO  com.neurasys.service.DatabaseManager - ✓ Database connection successful
2025-11-13 12:37:42.929 [JavaFX Application Thread] INFO  com.neurasys.service.DatabaseManager - ✓ Hybrid database initialized
2025-11-13 12:37:42.929 [JavaFX Application Thread] INFO  com.neurasys.controller.MainController - ✓ Initial database connection successful
2025-11-13 12:37:42.929 [JavaFX Application Thread] INFO  com.neurasys.service.DatabaseManager - Executing query: SELECT id, path_name, path_location, backup_location, path_type, monitor_method, enabled FROM monitor_paths
2025-11-13 12:37:43.011 [JavaFX Application Thread] INFO  com.neurasys.service.DatabaseManager - Loaded path #1: Project Backup_1
2025-11-13 12:37:43.011 [JavaFX Application Thread] INFO  com.neurasys.service.DatabaseManager - Loaded path #2: Project Backup_2
2025-11-13 12:37:43.011 [JavaFX Application Thread] INFO  com.neurasys.service.DatabaseManager - Loaded path #3: Project Backup_3
2025-11-13 12:37:43.011 [JavaFX Application Thread] INFO  com.neurasys.service.DatabaseManager - Loaded path #4: Project Backup_4
2025-11-13 12:37:43.011 [JavaFX Application Thread] INFO  com.neurasys.service.DatabaseManager - Loaded path #5: Project Backup_5
2025-11-13 12:37:43.012 [JavaFX Application Thread] INFO  com.neurasys.service.DatabaseManager - ✓ Total paths loaded: 5
2025-11-13 12:37:43.012 [JavaFX Application Thread] INFO  com.neurasys.controller.MainController - ✓ Loaded 5 monitor paths from database
2025-11-13 12:37:43.060 [JavaFX Application Thread] INFO  com.neurasys.controller.MainController - ✓ Logs table refreshed: 3 entries
2025-11-13 12:37:43.061 [JavaFX Application Thread] INFO  com.neurasys.controller.MainController - ✓ MainController initialized (Hybrid mode)
2025-11-13 12:37:43.102 [JavaFX Application Thread] INFO  com.neurasys.service.DatabaseManager - ✓ Backup stats loaded: 0 files, 0 B original, 0.0% savings
2025-11-13 12:37:43.103 [JavaFX Application Thread] WARN  com.neurasys.controller.MainController - ✗ Native monitor not responding
2025-11-13 12:37:43.103 [JavaFX Application Thread] INFO  com.neurasys.controller.MainController - Monitor stats: running=0, monitorId=0
2025-11-13 12:38:33.770 [JavaFX Application Thread] INFO  com.neurasys.service.DatabaseManager - Initializing hybrid database...
2025-11-13 12:38:33.798 [JavaFX Application Thread] INFO  com.neurasys.service.DatabaseManager - ✓ Database connection successful
2025-11-13 12:38:33.798 [JavaFX Application Thread] INFO  com.neurasys.service.DatabaseManager - ✓ Hybrid database initialized
2025-11-13 12:38:48.027 [JavaFX Application Thread] INFO  com.neurasys.service.DatabaseManager - Initializing hybrid database...
2025-11-13 12:38:48.055 [JavaFX Application Thread] INFO  com.neurasys.service.DatabaseManager - ✓ Database connection successful
2025-11-13 12:38:48.056 [JavaFX Application Thread] INFO  com.neurasys.service.DatabaseManager - ✓ Hybrid database initialized
2025-11-13 12:38:48.065 [JavaFX Application Thread] INFO  com.neurasys.service.MultiPathMonitor - ✓ MultiPathMonitor initialized with global method: NATIVE
2025-11-13 12:38:48.065 [JavaFX Application Thread] INFO  com.neurasys.controller.MainController - ✓ Monitoring start timestamp recorded: 1763017728065
2025-11-13 12:38:48.112 [JavaFX Application Thread] INFO  com.neurasys.controller.MainController -   → Path 'Project Backup_1': DEFAULT resolved to NATIVE
2025-11-13 12:38:48.121 [JavaFX Application Thread] INFO  com.neurasys.service.DatabaseManager - Path 'Project Backup_1' already exists (ID: 22). Updating...
2025-11-13 12:38:48.136 [JavaFX Application Thread] INFO  com.neurasys.service.DatabaseManager - ✓ Monitor path updated successfully (ID: 22)
2025-11-13 12:38:48.136 [JavaFX Application Thread] INFO  com.neurasys.controller.MainController - ✓ Path added to database with ID: 22
2025-11-13 12:38:48.137 [JavaFX Application Thread] INFO  com.neurasys.service.MultiPathMonitor - === ADDING MONITOR PATH ===
2025-11-13 12:38:48.137 [JavaFX Application Thread] INFO  com.neurasys.service.MultiPathMonitor -   Name: Project Backup_1
2025-11-13 12:38:48.137 [JavaFX Application Thread] INFO  com.neurasys.service.MultiPathMonitor -   Location: \\LAPTOP-IE90LGGN\NetworkTest
2025-11-13 12:38:48.137 [JavaFX Application Thread] INFO  com.neurasys.service.MultiPathMonitor -   Type: NETWORK
2025-11-13 12:38:48.137 [JavaFX Application Thread] INFO  com.neurasys.service.MultiPathMonitor -   Method: NATIVE
2025-11-13 12:38:48.138 [JavaFX Application Thread] INFO  com.neurasys.service.MultiPathMonitor - ===========================
2025-11-13 12:38:48.138 [JavaFX Application Thread] INFO  com.neurasys.service.MultiPathMonitor -   → Starting NATIVE monitoring...
2025-11-13 12:38:48.138 [JavaFX Application Thread] INFO  com.neurasys.service.MultiPathMonitor - Starting NATIVE monitoring: Project Backup_1 (Local path with C DLL)
2025-11-13 12:38:48.141 [JavaFX Application Thread] INFO  com.neurasys.service.MultiPathMonitor - ✓ NATIVE monitor started for: Project Backup_1
2025-11-13 12:38:48.141 [pool-4-thread-1] INFO  com.neurasys.service.MultiPathMonitor - → Calling startMonitoringSafe(id=22, path=\\LAPTOP-IE90LGGN\NetworkTest)
2025-11-13 12:38:48.141 [JavaFX Application Thread] INFO  com.neurasys.controller.MainController - ✓ Monitoring enabled for: Project Backup_1 (Method: NATIVE)
2025-11-13 12:38:48.145 [JavaFX Application Thread] INFO  com.neurasys.service.DatabaseManager - Path 'Project Backup_2' already exists (ID: 23). Updating...
2025-11-13 12:38:48.147 [JavaFX Application Thread] INFO  com.neurasys.service.DatabaseManager - ✓ Monitor path updated successfully (ID: 23)
2025-11-13 12:38:48.147 [JavaFX Application Thread] INFO  com.neurasys.controller.MainController - ✓ Path added to database with ID: 23
2025-11-13 12:38:48.148 [JavaFX Application Thread] INFO  com.neurasys.service.MultiPathMonitor - === ADDING MONITOR PATH ===
2025-11-13 12:38:48.148 [JavaFX Application Thread] INFO  com.neurasys.service.MultiPathMonitor -   Name: Project Backup_2
2025-11-13 12:38:48.148 [JavaFX Application Thread] INFO  com.neurasys.service.MultiPathMonitor -   Location: D:\Pragadeesh_D\TestMonitor\TestMonitor_2
2025-11-13 12:38:48.148 [JavaFX Application Thread] INFO  com.neurasys.service.MultiPathMonitor -   Type: LOCAL
2025-11-13 12:38:48.149 [JavaFX Application Thread] INFO  com.neurasys.service.MultiPathMonitor -   Method: JAVA_WATCH
2025-11-13 12:38:48.149 [JavaFX Application Thread] INFO  com.neurasys.service.MultiPathMonitor - ===========================
2025-11-13 12:38:48.149 [JavaFX Application Thread] INFO  com.neurasys.service.MultiPathMonitor -   → Starting JAVA_WATCH monitoring...
2025-11-13 12:38:48.149 [JavaFX Application Thread] INFO  com.neurasys.service.MultiPathMonitor - Starting JAVA_WATCH monitoring: Project Backup_2
2025-11-13 12:38:48.151 [pool-4-thread-1] INFO  com.neurasys.service.MultiPathMonitor - → startMonitoringSafe submitted
2025-11-13 12:38:48.151 [JavaFX Application Thread] INFO  com.neurasys.service.MultiPathMonitor - ✓ JAVA_WATCH monitor started for: Project Backup_2
2025-11-13 12:38:48.152 [pool-3-thread-1] INFO  com.neurasys.bridge.NativeFileMonitor - → Attaching native monitor (id=22) to: \\LAPTOP-IE90LGGN\NetworkTest\
2025-11-13 12:38:48.152 [JavaFX Application Thread] INFO  com.neurasys.controller.MainController - ✓ Monitoring enabled for: Project Backup_2 (Method: JAVA_WATCH)
2025-11-13 12:38:48.154 [pool-4-thread-2] INFO  com.neurasys.service.MultiPathMonitor - Initialized snapshot for Project Backup_2 with 4 files
2025-11-13 12:38:48.155 [JavaFX Application Thread] INFO  com.neurasys.service.DatabaseManager - Path 'Project Backup_3' already exists (ID: 24). Updating...
2025-11-13 12:38:48.157 [JavaFX Application Thread] INFO  com.neurasys.service.DatabaseManager - ✓ Monitor path updated successfully (ID: 24)
2025-11-13 12:38:48.158 [JavaFX Application Thread] INFO  com.neurasys.controller.MainController - ✓ Path added to database with ID: 24
2025-11-13 12:38:48.158 [JavaFX Application Thread] INFO  com.neurasys.service.MultiPathMonitor - === ADDING MONITOR PATH ===
2025-11-13 12:38:48.158 [JavaFX Application Thread] INFO  com.neurasys.service.MultiPathMonitor -   Name: Project Backup_3
2025-11-13 12:38:48.158 [JavaFX Application Thread] INFO  com.neurasys.service.MultiPathMonitor -   Location: D:\Pragadeesh_D\TestMonitor\TestMonitor_3
2025-11-13 12:38:48.158 [JavaFX Application Thread] INFO  com.neurasys.service.MultiPathMonitor -   Type: LOCAL
2025-11-13 12:38:48.158 [JavaFX Application Thread] INFO  com.neurasys.service.MultiPathMonitor -   Method: NATIVE
2025-11-13 12:38:48.159 [JavaFX Application Thread] INFO  com.neurasys.service.MultiPathMonitor - ===========================
2025-11-13 12:38:48.159 [JavaFX Application Thread] INFO  com.neurasys.service.MultiPathMonitor -   → Starting NATIVE monitoring...
2025-11-13 12:38:48.159 [JavaFX Application Thread] INFO  com.neurasys.service.MultiPathMonitor - Starting NATIVE monitoring: Project Backup_3 (Local path with C DLL)
2025-11-13 12:38:48.159 [JavaFX Application Thread] INFO  com.neurasys.service.MultiPathMonitor - ✓ NATIVE monitor started for: Project Backup_3
2025-11-13 12:38:48.159 [pool-4-thread-1] INFO  com.neurasys.service.MultiPathMonitor - → Calling startMonitoringSafe(id=24, path=D:\Pragadeesh_D\TestMonitor\TestMonitor_3)
2025-11-13 12:38:48.160 [JavaFX Application Thread] INFO  com.neurasys.controller.MainController - ✓ Monitoring enabled for: Project Backup_3 (Method: NATIVE)
2025-11-13 12:38:48.160 [pool-4-thread-1] INFO  com.neurasys.service.MultiPathMonitor - → startMonitoringSafe submitted
2025-11-13 12:38:48.162 [JavaFX Application Thread] INFO  com.neurasys.service.DatabaseManager - Path 'Project Backup_4' already exists (ID: 25). Updating...
2025-11-13 12:38:48.164 [JavaFX Application Thread] INFO  com.neurasys.service.DatabaseManager - ✓ Monitor path updated successfully (ID: 25)
2025-11-13 12:38:48.165 [JavaFX Application Thread] INFO  com.neurasys.controller.MainController - ✓ Path added to database with ID: 25
2025-11-13 12:38:48.165 [JavaFX Application Thread] INFO  com.neurasys.service.MultiPathMonitor - === ADDING MONITOR PATH ===
2025-11-13 12:38:48.165 [JavaFX Application Thread] INFO  com.neurasys.service.MultiPathMonitor -   Name: Project Backup_4
2025-11-13 12:38:48.165 [JavaFX Application Thread] INFO  com.neurasys.service.MultiPathMonitor -   Location: D:\Pragadeesh_D\TestMonitor
2025-11-13 12:38:48.165 [JavaFX Application Thread] INFO  com.neurasys.service.MultiPathMonitor -   Type: LOCAL
2025-11-13 12:38:48.165 [JavaFX Application Thread] INFO  com.neurasys.service.MultiPathMonitor -   Method: POLLING
2025-11-13 12:38:48.165 [JavaFX Application Thread] INFO  com.neurasys.service.MultiPathMonitor - ===========================
2025-11-13 12:38:48.165 [JavaFX Application Thread] INFO  com.neurasys.service.MultiPathMonitor -   → Starting POLLING monitoring...
2025-11-13 12:38:48.168 [JavaFX Application Thread] INFO  com.neurasys.controller.MainController - ✓ Monitoring enabled for: Project Backup_4 (Method: POLLING)
2025-11-13 12:38:48.172 [JavaFX Application Thread] INFO  com.neurasys.service.DatabaseManager - Path 'Project Backup_5' already exists (ID: 26). Updating...
2025-11-13 12:38:48.175 [JavaFX Application Thread] INFO  com.neurasys.service.DatabaseManager - ✓ Monitor path updated successfully (ID: 26)
2025-11-13 12:38:48.175 [JavaFX Application Thread] INFO  com.neurasys.controller.MainController - ✓ Path added to database with ID: 26
2025-11-13 12:38:48.175 [JavaFX Application Thread] INFO  com.neurasys.service.MultiPathMonitor - === ADDING MONITOR PATH ===
2025-11-13 12:38:48.175 [JavaFX Application Thread] INFO  com.neurasys.service.MultiPathMonitor -   Name: Project Backup_5
2025-11-13 12:38:48.175 [JavaFX Application Thread] INFO  com.neurasys.service.MultiPathMonitor -   Location: C:\Users\dkish\OneDrive\NeuraSysTest
2025-11-13 12:38:48.175 [JavaFX Application Thread] INFO  com.neurasys.service.MultiPathMonitor -   Type: CLOUD
2025-11-13 12:38:48.176 [JavaFX Application Thread] INFO  com.neurasys.service.MultiPathMonitor -   Method: ONEDRIVE
2025-11-13 12:38:48.176 [JavaFX Application Thread] INFO  com.neurasys.service.MultiPathMonitor - ===========================
2025-11-13 12:38:48.176 [JavaFX Application Thread] INFO  com.neurasys.service.MultiPathMonitor -   → Starting ONEDRIVE monitoring...
2025-11-13 12:38:48.188 [JavaFX Application Thread] INFO  com.neurasys.controller.MainController - ✓ Monitoring enabled for: Project Backup_5 (Method: ONEDRIVE)
2025-11-13 12:38:48.189 [JavaFX Application Thread] INFO  com.neurasys.service.MultiPathMonitor - Starting all monitors (4 paths)
2025-11-13 12:39:38.214 [pool-4-thread-2] INFO  com.neurasys.service.MultiPathMonitor - [Project Backup_2] [JAVA_WATCH] DELETE → test_2.txt (0 B)
2025-11-13 12:40:56.112 [pool-3-thread-1] INFO  com.neurasys.service.MultiPathMonitor - [Project Backup_1] [NATIVE] DELETE → Test_1.txt (0 B)
2025-11-13 19:09:37.322 [JavaFX Application Thread] INFO  com.neurasys.service.DatabaseManager - Initializing hybrid database...
2025-11-13 19:09:37.725 [JavaFX Application Thread] INFO  com.neurasys.service.DatabaseManager - ✓ Database connection successful
2025-11-13 19:09:37.746 [JavaFX Application Thread] INFO  com.neurasys.service.DatabaseManager - ✓ Hybrid database initialized
2025-11-13 19:09:38.395 [JavaFX Application Thread] INFO  com.neurasys.controller.MainController - Initializing MainController (Hybrid Version)...
2025-11-13 19:09:38.968 [JavaFX Application Thread] INFO  com.neurasys.bridge.NativeFileMonitor - ✓ Native FileMonitor.dll loaded successfully (v14.2.0 - MSYS2 GCC)
2025-11-13 19:09:38.968 [JavaFX Application Thread] INFO  com.neurasys.controller.MainController - Native monitor status: ✓ Ready
2025-11-13 19:09:38.968 [JavaFX Application Thread] INFO  com.neurasys.service.DatabaseManager - Initializing hybrid database...
2025-11-13 19:09:38.996 [JavaFX Application Thread] INFO  com.neurasys.service.DatabaseManager - ✓ Database connection successful
2025-11-13 19:09:38.996 [JavaFX Application Thread] INFO  com.neurasys.service.DatabaseManager - ✓ Hybrid database initialized
2025-11-13 19:09:38.996 [JavaFX Application Thread] INFO  com.neurasys.controller.MainController - ✓ Initial database connection successful
2025-11-13 19:09:38.997 [JavaFX Application Thread] INFO  com.neurasys.service.DatabaseManager - Executing query: SELECT id, path_name, path_location, backup_location, path_type, monitor_method, enabled FROM monitor_paths
2025-11-13 19:09:39.076 [JavaFX Application Thread] INFO  com.neurasys.service.DatabaseManager - Loaded path #1: Project Backup_1
2025-11-13 19:09:39.076 [JavaFX Application Thread] INFO  com.neurasys.service.DatabaseManager - Loaded path #2: Project Backup_2
2025-11-13 19:09:39.076 [JavaFX Application Thread] INFO  com.neurasys.service.DatabaseManager - Loaded path #3: Project Backup_3
2025-11-13 19:09:39.076 [JavaFX Application Thread] INFO  com.neurasys.service.DatabaseManager - Loaded path #4: Project Backup_4
2025-11-13 19:09:39.077 [JavaFX Application Thread] INFO  com.neurasys.service.DatabaseManager - Loaded path #5: Project Backup_5
2025-11-13 19:09:39.077 [JavaFX Application Thread] INFO  com.neurasys.service.DatabaseManager - ✓ Total paths loaded: 5
2025-11-13 19:09:39.077 [JavaFX Application Thread] INFO  com.neurasys.controller.MainController - ✓ Loaded 5 monitor paths from database
2025-11-13 19:09:39.133 [JavaFX Application Thread] INFO  com.neurasys.controller.MainController - ✓ Logs table refreshed: 5 entries
2025-11-13 19:09:39.134 [JavaFX Application Thread] INFO  com.neurasys.controller.MainController - ✓ MainController initialized (Hybrid mode)
2025-11-13 19:09:39.184 [JavaFX Application Thread] INFO  com.neurasys.service.DatabaseManager - ✓ Backup stats loaded: 0 files, 0 B original, 0.0% savings
2025-11-13 19:09:39.185 [JavaFX Application Thread] WARN  com.neurasys.controller.MainController - ✗ Native monitor not responding
2025-11-13 19:09:39.186 [JavaFX Application Thread] INFO  com.neurasys.controller.MainController - Monitor stats: running=0, monitorId=0
2025-11-13 19:11:13.472 [JavaFX Application Thread] INFO  com.neurasys.service.DatabaseManager - Initializing hybrid database...
2025-11-13 19:11:13.493 [JavaFX Application Thread] INFO  com.neurasys.service.DatabaseManager - ✓ Database connection successful
2025-11-13 19:11:13.494 [JavaFX Application Thread] INFO  com.neurasys.service.DatabaseManager - ✓ Hybrid database initialized
2025-11-13 19:11:21.710 [JavaFX Application Thread] INFO  com.neurasys.service.DatabaseManager - Initializing hybrid database...
2025-11-13 19:11:21.742 [JavaFX Application Thread] INFO  com.neurasys.service.DatabaseManager - ✓ Database connection successful
2025-11-13 19:11:21.742 [JavaFX Application Thread] INFO  com.neurasys.service.DatabaseManager - ✓ Hybrid database initialized
2025-11-13 19:11:21.766 [JavaFX Application Thread] INFO  com.neurasys.service.MultiPathMonitor - ✓ MultiPathMonitor initialized with global method: NATIVE
2025-11-13 19:11:21.767 [JavaFX Application Thread] INFO  com.neurasys.controller.MainController - ✓ Monitoring start timestamp recorded: 1763041281767
2025-11-13 19:11:21.791 [JavaFX Application Thread] INFO  com.neurasys.controller.MainController - → Path 'Project Backup_1' using global fallback: NATIVE
2025-11-13 19:11:21.803 [JavaFX Application Thread] INFO  com.neurasys.service.DatabaseManager - Path 'Project Backup_1' already exists (ID: 22). Updating...
2025-11-13 19:11:21.817 [JavaFX Application Thread] INFO  com.neurasys.service.DatabaseManager - ✓ Monitor path updated successfully (ID: 22)
2025-11-13 19:12:40.117 [JavaFX Application Thread] INFO  com.neurasys.service.DatabaseManager - Initializing hybrid database...
2025-11-13 19:12:40.444 [JavaFX Application Thread] INFO  com.neurasys.service.DatabaseManager - ✓ Database connection successful
2025-11-13 19:12:40.454 [JavaFX Application Thread] INFO  com.neurasys.service.DatabaseManager - ✓ Hybrid database initialized
2025-11-13 19:12:40.976 [JavaFX Application Thread] INFO  com.neurasys.controller.MainController - Initializing MainController (Hybrid Version)...
2025-11-13 19:12:40.980 [JavaFX Application Thread] INFO  com.neurasys.bridge.NativeFileMonitor - ✓ Native FileMonitor.dll loaded successfully (v14.2.0 - MSYS2 GCC)
2025-11-13 19:12:40.981 [JavaFX Application Thread] INFO  com.neurasys.controller.MainController - Native monitor status: ✓ Ready
2025-11-13 19:12:40.981 [JavaFX Application Thread] INFO  com.neurasys.service.DatabaseManager - Initializing hybrid database...
2025-11-13 19:12:40.992 [JavaFX Application Thread] INFO  com.neurasys.service.DatabaseManager - ✓ Database connection successful
2025-11-13 19:12:40.992 [JavaFX Application Thread] INFO  com.neurasys.service.DatabaseManager - ✓ Hybrid database initialized
2025-11-13 19:12:40.993 [JavaFX Application Thread] INFO  com.neurasys.controller.MainController - ✓ Initial database connection successful
2025-11-13 19:12:40.993 [JavaFX Application Thread] INFO  com.neurasys.service.DatabaseManager - Executing query: SELECT id, path_name, path_location, backup_location, path_type, monitor_method, enabled FROM monitor_paths
2025-11-13 19:12:41.043 [JavaFX Application Thread] INFO  com.neurasys.service.DatabaseManager - Loaded path #1: Project Backup_1
2025-11-13 19:12:41.043 [JavaFX Application Thread] INFO  com.neurasys.service.DatabaseManager - Loaded path #2: Project Backup_2
2025-11-13 19:12:41.044 [JavaFX Application Thread] INFO  com.neurasys.service.DatabaseManager - Loaded path #3: Project Backup_3
2025-11-13 19:12:41.044 [JavaFX Application Thread] INFO  com.neurasys.service.DatabaseManager - Loaded path #4: Project Backup_4
2025-11-13 19:12:41.044 [JavaFX Application Thread] INFO  com.neurasys.service.DatabaseManager - Loaded path #5: Project Backup_5
2025-11-13 19:12:41.044 [JavaFX Application Thread] INFO  com.neurasys.service.DatabaseManager - ✓ Total paths loaded: 5
2025-11-13 19:12:41.046 [JavaFX Application Thread] INFO  com.neurasys.controller.MainController - ✓ Loaded 5 monitor paths from database
2025-11-13 19:12:41.076 [JavaFX Application Thread] INFO  com.neurasys.controller.MainController - ✓ Logs table refreshed: 5 entries
2025-11-13 19:12:41.077 [JavaFX Application Thread] INFO  com.neurasys.controller.MainController - ✓ MainController initialized (Hybrid mode)
2025-11-13 19:12:41.102 [JavaFX Application Thread] INFO  com.neurasys.service.DatabaseManager - ✓ Backup stats loaded: 0 files, 0 B original, 0.0% savings
2025-11-13 19:12:41.102 [JavaFX Application Thread] WARN  com.neurasys.controller.MainController - ✗ Native monitor not responding
2025-11-13 19:12:41.103 [JavaFX Application Thread] INFO  com.neurasys.controller.MainController - Monitor stats: running=0, monitorId=0
2025-11-13 19:12:49.877 [JavaFX Application Thread] INFO  com.neurasys.service.DatabaseManager - Initializing hybrid database...
2025-11-13 19:12:49.900 [JavaFX Application Thread] INFO  com.neurasys.service.DatabaseManager - ✓ Database connection successful
2025-11-13 19:12:49.900 [JavaFX Application Thread] INFO  com.neurasys.service.DatabaseManager - ✓ Hybrid database initialized
2025-11-13 19:12:57.349 [JavaFX Application Thread] INFO  com.neurasys.service.DatabaseManager - Initializing hybrid database...
2025-11-13 19:12:57.364 [JavaFX Application Thread] INFO  com.neurasys.service.DatabaseManager - ✓ Database connection successful
2025-11-13 19:12:57.364 [JavaFX Application Thread] INFO  com.neurasys.service.DatabaseManager - ✓ Hybrid database initialized
2025-11-13 19:12:57.368 [JavaFX Application Thread] INFO  com.neurasys.service.MultiPathMonitor - ✓ MultiPathMonitor initialized with global method: NATIVE
2025-11-13 19:12:57.368 [JavaFX Application Thread] INFO  com.neurasys.controller.MainController - ✓ Monitoring start timestamp recorded: 1763041377368
2025-11-13 19:12:57.371 [JavaFX Application Thread] INFO  com.neurasys.controller.MainController - → Path 'Project Backup_1' using global fallback: NATIVE
2025-11-13 19:12:57.379 [JavaFX Application Thread] INFO  com.neurasys.service.DatabaseManager - Path 'Project Backup_1' already exists (ID: 22). Updating...
2025-11-13 19:12:57.386 [JavaFX Application Thread] INFO  com.neurasys.service.DatabaseManager - ✓ Monitor path updated successfully (ID: 22)
2025-11-13 19:23:59.896 [JavaFX Application Thread] INFO  com.neurasys.service.DatabaseManager - Initializing hybrid database...
2025-11-13 19:24:00.813 [JavaFX Application Thread] INFO  com.neurasys.service.DatabaseManager - ✓ Database connection successful
2025-11-13 19:24:00.822 [JavaFX Application Thread] INFO  com.neurasys.service.DatabaseManager - ✓ Hybrid database initialized
2025-11-13 19:24:02.346 [JavaFX Application Thread] INFO  com.neurasys.controller.MainController - Initializing MainController (Hybrid Version)...
2025-11-13 19:24:02.433 [JavaFX Application Thread] INFO  com.neurasys.bridge.NativeFileMonitor - ✓ Native FileMonitor.dll loaded successfully (v14.2.0 - MSYS2 GCC)
2025-11-13 19:24:02.433 [JavaFX Application Thread] INFO  com.neurasys.controller.MainController - Native monitor status: ✓ Ready
2025-11-13 19:24:02.434 [JavaFX Application Thread] INFO  com.neurasys.service.DatabaseManager - Initializing hybrid database...
2025-11-13 19:24:02.451 [JavaFX Application Thread] INFO  com.neurasys.service.DatabaseManager - ✓ Database connection successful
2025-11-13 19:24:02.451 [JavaFX Application Thread] INFO  com.neurasys.service.DatabaseManager - ✓ Hybrid database initialized
2025-11-13 19:24:02.451 [JavaFX Application Thread] INFO  com.neurasys.controller.MainController - ✓ Initial database connection successful
2025-11-13 19:24:02.452 [JavaFX Application Thread] INFO  com.neurasys.service.DatabaseManager - Executing query: SELECT id, path_name, path_location, backup_location, path_type, monitor_method, enabled FROM monitor_paths
2025-11-13 19:24:02.706 [JavaFX Application Thread] INFO  com.neurasys.service.DatabaseManager - Loaded path #1: Project Backup_1
2025-11-13 19:24:02.707 [JavaFX Application Thread] INFO  com.neurasys.service.DatabaseManager - Loaded path #2: Project Backup_2
2025-11-13 19:24:02.707 [JavaFX Application Thread] INFO  com.neurasys.service.DatabaseManager - Loaded path #3: Project Backup_3
2025-11-13 19:24:02.707 [JavaFX Application Thread] INFO  com.neurasys.service.DatabaseManager - Loaded path #4: Project Backup_4
2025-11-13 19:24:02.707 [JavaFX Application Thread] INFO  com.neurasys.service.DatabaseManager - Loaded path #5: Project Backup_5
2025-11-13 19:24:02.708 [JavaFX Application Thread] INFO  com.neurasys.service.DatabaseManager - ✓ Total paths loaded: 5
2025-11-13 19:24:02.710 [JavaFX Application Thread] INFO  com.neurasys.controller.MainController - ✓ Loaded 5 monitor paths from database
2025-11-13 19:24:02.764 [JavaFX Application Thread] INFO  com.neurasys.controller.MainController - ✓ Logs table refreshed: 5 entries
2025-11-13 19:24:02.766 [JavaFX Application Thread] INFO  com.neurasys.controller.MainController - ✓ MainController initialized (Hybrid mode)
2025-11-13 19:24:02.826 [JavaFX Application Thread] INFO  com.neurasys.service.DatabaseManager - ✓ Backup stats loaded: 0 files, 0 B original, 0.0% savings
2025-11-13 19:24:02.827 [JavaFX Application Thread] WARN  com.neurasys.controller.MainController - ✗ Native monitor not responding
2025-11-13 19:24:02.827 [JavaFX Application Thread] INFO  com.neurasys.controller.MainController - Monitor stats: running=0, monitorId=0
2025-11-13 19:24:13.901 [JavaFX Application Thread] INFO  com.neurasys.service.DatabaseManager - Initializing hybrid database...
2025-11-13 19:24:13.912 [JavaFX Application Thread] INFO  com.neurasys.service.DatabaseManager - ✓ Database connection successful
2025-11-13 19:24:13.913 [JavaFX Application Thread] INFO  com.neurasys.service.DatabaseManager - ✓ Hybrid database initialized
2025-11-13 19:24:22.195 [JavaFX Application Thread] INFO  com.neurasys.service.DatabaseManager - Initializing hybrid database...
2025-11-13 19:24:22.206 [JavaFX Application Thread] INFO  com.neurasys.service.DatabaseManager - ✓ Database connection successful
2025-11-13 19:24:22.206 [JavaFX Application Thread] INFO  com.neurasys.service.DatabaseManager - ✓ Hybrid database initialized
2025-11-13 19:24:22.234 [JavaFX Application Thread] INFO  com.neurasys.service.MultiPathMonitor - ✓ MultiPathMonitor initialized with global method: NATIVE
2025-11-13 19:24:22.234 [JavaFX Application Thread] INFO  com.neurasys.controller.MainController - ✓ Monitoring start timestamp recorded: 1763042062234
2025-11-13 19:24:22.290 [JavaFX Application Thread] INFO  com.neurasys.controller.MainController - → Path 'Project Backup_1' using global fallback: NATIVE
2025-11-13 19:24:22.295 [JavaFX Application Thread] INFO  com.neurasys.service.DatabaseManager - Path 'Project Backup_1' already exists (ID: 22). Updating...
2025-11-13 19:24:22.306 [JavaFX Application Thread] INFO  com.neurasys.service.DatabaseManager - ✓ Monitor path updated successfully (ID: 22)
2025-11-13 19:58:52.377 [JavaFX Application Thread] INFO  com.neurasys.service.DatabaseManager - Initializing hybrid database...
2025-11-13 19:58:52.777 [JavaFX Application Thread] INFO  com.neurasys.service.DatabaseManager - ✓ Database connection successful
2025-11-13 19:58:52.787 [JavaFX Application Thread] INFO  com.neurasys.service.DatabaseManager - ✓ Hybrid database initialized
2025-11-13 19:58:53.414 [JavaFX Application Thread] INFO  com.neurasys.controller.MainController - Initializing MainController (Hybrid Version)...
2025-11-13 19:58:53.418 [JavaFX Application Thread] INFO  com.neurasys.bridge.NativeFileMonitor - ✓ Native FileMonitor.dll loaded successfully (v14.2.0 - MSYS2 GCC)
2025-11-13 19:58:53.419 [JavaFX Application Thread] INFO  com.neurasys.controller.MainController - Native monitor status: ✓ Ready
2025-11-13 19:58:53.419 [JavaFX Application Thread] INFO  com.neurasys.service.DatabaseManager - Initializing hybrid database...
2025-11-13 19:58:53.431 [JavaFX Application Thread] INFO  com.neurasys.service.DatabaseManager - ✓ Database connection successful
2025-11-13 19:58:53.432 [JavaFX Application Thread] INFO  com.neurasys.service.DatabaseManager - ✓ Hybrid database initialized
2025-11-13 19:58:53.432 [JavaFX Application Thread] INFO  com.neurasys.controller.MainController - ✓ Initial database connection successful
2025-11-13 19:58:53.432 [JavaFX Application Thread] INFO  com.neurasys.service.DatabaseManager - Executing query: SELECT id, path_name, path_location, backup_location, path_type, monitor_method, enabled FROM monitor_paths
2025-11-13 19:58:53.528 [JavaFX Application Thread] INFO  com.neurasys.service.DatabaseManager - Loaded path #1: Project Backup_1
2025-11-13 19:58:53.529 [JavaFX Application Thread] INFO  com.neurasys.service.DatabaseManager - Loaded path #2: Project Backup_2
2025-11-13 19:58:53.529 [JavaFX Application Thread] INFO  com.neurasys.service.DatabaseManager - Loaded path #3: Project Backup_3
2025-11-13 19:58:53.529 [JavaFX Application Thread] INFO  com.neurasys.service.DatabaseManager - Loaded path #4: Project Backup_4
2025-11-13 19:58:53.529 [JavaFX Application Thread] INFO  com.neurasys.service.DatabaseManager - Loaded path #5: Project Backup_5
2025-11-13 19:58:53.530 [JavaFX Application Thread] INFO  com.neurasys.service.DatabaseManager - ✓ Total paths loaded: 5
2025-11-13 19:58:53.531 [JavaFX Application Thread] INFO  com.neurasys.controller.MainController - ✓ Loaded 5 monitor paths from database
2025-11-13 19:58:53.583 [JavaFX Application Thread] INFO  com.neurasys.controller.MainController - ✓ Logs table refreshed: 5 entries
2025-11-13 19:58:53.584 [JavaFX Application Thread] INFO  com.neurasys.controller.MainController - ✓ MainController initialized (Hybrid mode)
2025-11-13 19:58:53.620 [JavaFX Application Thread] INFO  com.neurasys.service.DatabaseManager - ✓ Backup stats loaded: 0 files, 0 B original, 0.0% savings
2025-11-13 19:58:53.621 [JavaFX Application Thread] WARN  com.neurasys.controller.MainController - ✗ Native monitor not responding
2025-11-13 19:58:53.622 [JavaFX Application Thread] INFO  com.neurasys.controller.MainController - Monitor stats: running=0, monitorId=0
2025-11-13 19:59:10.810 [JavaFX Application Thread] INFO  com.neurasys.service.DatabaseManager - Initializing hybrid database...
2025-11-13 19:59:10.835 [JavaFX Application Thread] INFO  com.neurasys.service.DatabaseManager - ✓ Database connection successful
2025-11-13 19:59:10.836 [JavaFX Application Thread] INFO  com.neurasys.service.DatabaseManager - ✓ Hybrid database initialized
2025-11-13 19:59:16.833 [JavaFX Application Thread] INFO  com.neurasys.service.DatabaseManager - Initializing hybrid database...
2025-11-13 19:59:16.849 [JavaFX Application Thread] INFO  com.neurasys.service.DatabaseManager - ✓ Database connection successful
2025-11-13 19:59:16.849 [JavaFX Application Thread] INFO  com.neurasys.service.DatabaseManager - ✓ Hybrid database initialized
2025-11-13 19:59:16.872 [JavaFX Application Thread] INFO  com.neurasys.service.MultiPathMonitor - ✓ MultiPathMonitor initialized with global method: NATIVE
2025-11-13 19:59:16.872 [JavaFX Application Thread] INFO  com.neurasys.controller.MainController - ✓ Monitoring start timestamp recorded: 1763044156872
2025-11-13 19:59:16.936 [JavaFX Application Thread] INFO  com.neurasys.controller.MainController - → Path 'Project Backup_1' using global fallback: NATIVE
2025-11-13 19:59:16.945 [JavaFX Application Thread] INFO  com.neurasys.service.DatabaseManager - Path 'Project Backup_1' already exists (ID: 22). Updating...
2025-11-13 19:59:16.955 [JavaFX Application Thread] INFO  com.neurasys.service.DatabaseManager - ✓ Monitor path updated successfully (ID: 22)
2025-11-13 19:59:54.021 [JavaFX Application Thread] INFO  com.neurasys.service.DatabaseManager - Initializing hybrid database...
2025-11-13 19:59:54.330 [JavaFX Application Thread] INFO  com.neurasys.service.DatabaseManager - ✓ Database connection successful
2025-11-13 19:59:54.343 [JavaFX Application Thread] INFO  com.neurasys.service.DatabaseManager - ✓ Hybrid database initialized
2025-11-13 19:59:54.832 [JavaFX Application Thread] INFO  com.neurasys.controller.MainController - Initializing MainController (Hybrid Version)...
2025-11-13 19:59:54.837 [JavaFX Application Thread] INFO  com.neurasys.bridge.NativeFileMonitor - ✓ Native FileMonitor.dll loaded successfully (v14.2.0 - MSYS2 GCC)
2025-11-13 19:59:54.838 [JavaFX Application Thread] INFO  com.neurasys.controller.MainController - Native monitor status: ✓ Ready
2025-11-13 19:59:54.838 [JavaFX Application Thread] INFO  com.neurasys.service.DatabaseManager - Initializing hybrid database...
2025-11-13 19:59:54.847 [JavaFX Application Thread] INFO  com.neurasys.service.DatabaseManager - ✓ Database connection successful
2025-11-13 19:59:54.847 [JavaFX Application Thread] INFO  com.neurasys.service.DatabaseManager - ✓ Hybrid database initialized
2025-11-13 19:59:54.847 [JavaFX Application Thread] INFO  com.neurasys.controller.MainController - ✓ Initial database connection successful
2025-11-13 19:59:54.848 [JavaFX Application Thread] INFO  com.neurasys.service.DatabaseManager - Executing query: SELECT id, path_name, path_location, backup_location, path_type, monitor_method, enabled FROM monitor_paths
2025-11-13 19:59:54.896 [JavaFX Application Thread] INFO  com.neurasys.service.DatabaseManager - Loaded path #1: Project Backup_1
2025-11-13 19:59:54.896 [JavaFX Application Thread] INFO  com.neurasys.service.DatabaseManager - Loaded path #2: Project Backup_2
2025-11-13 19:59:54.897 [JavaFX Application Thread] INFO  com.neurasys.service.DatabaseManager - Loaded path #3: Project Backup_3
2025-11-13 19:59:54.897 [JavaFX Application Thread] INFO  com.neurasys.service.DatabaseManager - Loaded path #4: Project Backup_4
2025-11-13 19:59:54.897 [JavaFX Application Thread] INFO  com.neurasys.service.DatabaseManager - Loaded path #5: Project Backup_5
2025-11-13 19:59:54.897 [JavaFX Application Thread] INFO  com.neurasys.service.DatabaseManager - ✓ Total paths loaded: 5
2025-11-13 19:59:54.898 [JavaFX Application Thread] INFO  com.neurasys.controller.MainController - ✓ Loaded 5 monitor paths from database
2025-11-13 19:59:54.928 [JavaFX Application Thread] INFO  com.neurasys.controller.MainController - ✓ Logs table refreshed: 5 entries
2025-11-13 19:59:54.929 [JavaFX Application Thread] INFO  com.neurasys.controller.MainController - ✓ MainController initialized (Hybrid mode)
2025-11-13 19:59:54.953 [JavaFX Application Thread] INFO  com.neurasys.service.DatabaseManager - ✓ Backup stats loaded: 0 files, 0 B original, 0.0% savings
2025-11-13 19:59:54.955 [JavaFX Application Thread] WARN  com.neurasys.controller.MainController - ✗ Native monitor not responding
2025-11-13 19:59:54.955 [JavaFX Application Thread] INFO  com.neurasys.controller.MainController - Monitor stats: running=0, monitorId=0
2025-11-13 20:02:45.746 [JavaFX Application Thread] INFO  com.neurasys.service.DatabaseManager - Initializing hybrid database...
2025-11-13 20:02:46.051 [JavaFX Application Thread] INFO  com.neurasys.service.DatabaseManager - ✓ Database connection successful
2025-11-13 20:02:46.069 [JavaFX Application Thread] INFO  com.neurasys.service.DatabaseManager - ✓ Hybrid database initialized
2025-11-13 20:02:46.556 [JavaFX Application Thread] INFO  com.neurasys.controller.MainController - Initializing MainController (Hybrid Version)...
2025-11-13 20:02:46.560 [JavaFX Application Thread] INFO  com.neurasys.bridge.NativeFileMonitor - ✓ Native FileMonitor.dll loaded successfully (v14.2.0 - MSYS2 GCC)
2025-11-13 20:02:46.561 [JavaFX Application Thread] INFO  com.neurasys.controller.MainController - Native monitor status: ✓ Ready
2025-11-13 20:02:46.561 [JavaFX Application Thread] INFO  com.neurasys.service.DatabaseManager - Initializing hybrid database...
2025-11-13 20:02:46.568 [JavaFX Application Thread] INFO  com.neurasys.service.DatabaseManager - ✓ Database connection successful
2025-11-13 20:02:46.568 [JavaFX Application Thread] INFO  com.neurasys.service.DatabaseManager - ✓ Hybrid database initialized
2025-11-13 20:02:46.568 [JavaFX Application Thread] INFO  com.neurasys.controller.MainController - ✓ Initial database connection successful
2025-11-13 20:02:46.570 [JavaFX Application Thread] INFO  com.neurasys.service.DatabaseManager - Executing query: SELECT id, path_name, path_location, backup_location, path_type, monitor_method, enabled FROM monitor_paths
2025-11-13 20:02:46.616 [JavaFX Application Thread] INFO  com.neurasys.service.DatabaseManager - ✓ Total paths loaded: 0
2025-11-13 20:02:46.617 [JavaFX Application Thread] INFO  com.neurasys.controller.MainController - No monitor paths found in database
2025-11-13 20:02:46.633 [JavaFX Application Thread] INFO  com.neurasys.controller.MainController - ✓ Logs table refreshed: 0 entries
2025-11-13 20:02:46.634 [JavaFX Application Thread] INFO  com.neurasys.controller.MainController - ✓ MainController initialized (Hybrid mode)
2025-11-13 20:02:46.662 [JavaFX Application Thread] INFO  com.neurasys.service.DatabaseManager - ✓ Backup stats loaded: 0 files, 0 B original, 0.0% savings
2025-11-13 20:02:46.663 [JavaFX Application Thread] WARN  com.neurasys.controller.MainController - ✗ Native monitor not responding
2025-11-13 20:02:46.664 [JavaFX Application Thread] INFO  com.neurasys.controller.MainController - Monitor stats: running=0, monitorId=0
2025-11-13 20:03:12.212 [JavaFX Application Thread] INFO  com.neurasys.service.DatabaseManager - Initializing hybrid database...
2025-11-13 20:03:12.233 [JavaFX Application Thread] INFO  com.neurasys.service.DatabaseManager - ✓ Database connection successful
2025-11-13 20:03:12.233 [JavaFX Application Thread] INFO  com.neurasys.service.DatabaseManager - ✓ Hybrid database initialized
2025-11-13 20:04:07.571 [JavaFX Application Thread] INFO  com.neurasys.controller.MainController - Path 'Project Backup_3' method changed to: NATIVE
2025-11-13 20:04:14.305 [JavaFX Application Thread] INFO  com.neurasys.service.DatabaseManager - Initializing hybrid database...
2025-11-13 20:04:14.326 [JavaFX Application Thread] INFO  com.neurasys.service.DatabaseManager - ✓ Database connection successful
2025-11-13 20:04:14.327 [JavaFX Application Thread] INFO  com.neurasys.service.DatabaseManager - ✓ Hybrid database initialized
2025-11-13 20:04:14.331 [JavaFX Application Thread] INFO  com.neurasys.service.MultiPathMonitor - ✓ MultiPathMonitor initialized with global method: NATIVE
2025-11-13 20:04:14.332 [JavaFX Application Thread] INFO  com.neurasys.controller.MainController - ✓ Monitoring start timestamp recorded: 1763044454332
2025-11-13 20:04:14.332 [JavaFX Application Thread] INFO  com.neurasys.controller.MainController - → Path 'Project Backup_3' using explicit method: NATIVE
2025-11-13 20:04:14.350 [JavaFX Application Thread] INFO  com.neurasys.service.DatabaseManager - ✓ Monitor path added: Project Backup_3 (ID: 27, Method: NATIVE)
