2025-11-08 13:54:06.459 [JavaFX Application Thread] INFO  com.neurasys.service.DatabaseManager - Initializing hybrid database...
2025-11-08 13:54:06.839 [JavaFX Application Thread] INFO  com.neurasys.service.DatabaseManager - ✓ Database connection successful
2025-11-08 13:54:06.857 [JavaFX Application Thread] INFO  com.neurasys.service.DatabaseManager - ✓ Hybrid database initialized
2025-11-08 13:54:07.441 [JavaFX Application Thread] INFO  com.neurasys.controller.MainController - Initializing MainController (Hybrid Version)...
2025-11-08 13:54:07.453 [JavaFX Application Thread] INFO  com.neurasys.bridge.NativeFileMonitor - ✓ Native FileMonitor.dll loaded successfully (v14.2.0 - MSYS2 GCC)
2025-11-08 13:54:07.454 [JavaFX Application Thread] INFO  com.neurasys.controller.MainController - Native monitor status: ✓ Ready
2025-11-08 13:54:07.454 [JavaFX Application Thread] INFO  com.neurasys.service.DatabaseManager - Initializing hybrid database...
2025-11-08 13:54:07.468 [JavaFX Application Thread] INFO  com.neurasys.service.DatabaseManager - ✓ Database connection successful
2025-11-08 13:54:07.468 [JavaFX Application Thread] INFO  com.neurasys.service.DatabaseManager - ✓ Hybrid database initialized
2025-11-08 13:54:07.468 [JavaFX Application Thread] INFO  com.neurasys.controller.MainController - ✓ Initial database connection successful
2025-11-08 13:54:07.469 [JavaFX Application Thread] INFO  com.neurasys.service.DatabaseManager - Executing query: SELECT id, path_name, path_location, backup_location, path_type, monitor_method, enabled FROM monitor_paths
2025-11-08 13:54:07.520 [JavaFX Application Thread] INFO  com.neurasys.service.DatabaseManager - ✓ Total paths loaded: 0
2025-11-08 13:54:07.520 [JavaFX Application Thread] INFO  com.neurasys.controller.MainController - No monitor paths found in database
2025-11-08 13:54:07.542 [JavaFX Application Thread] INFO  com.neurasys.controller.MainController - ✓ Logs table refreshed: 0 entries
2025-11-08 13:54:07.543 [JavaFX Application Thread] INFO  com.neurasys.controller.MainController - ✓ MainController initialized (Hybrid mode)
2025-11-08 13:54:07.580 [JavaFX Application Thread] INFO  com.neurasys.service.DatabaseManager - ✓ Backup stats loaded: 0 files, 0 B original, 0.0% savings
2025-11-08 14:11:03.411 [JavaFX Application Thread] INFO  com.neurasys.service.DatabaseManager - Initializing hybrid database...
2025-11-08 14:11:03.784 [JavaFX Application Thread] INFO  com.neurasys.service.DatabaseManager - ✓ Database connection successful
2025-11-08 14:11:03.793 [JavaFX Application Thread] INFO  com.neurasys.service.DatabaseManager - ✓ Hybrid database initialized
2025-11-08 14:11:04.373 [JavaFX Application Thread] INFO  com.neurasys.controller.MainController - Initializing MainController (Hybrid Version)...
2025-11-08 14:11:04.377 [JavaFX Application Thread] INFO  com.neurasys.bridge.NativeFileMonitor - ✓ Native FileMonitor.dll loaded successfully (v14.2.0 - MSYS2 GCC)
2025-11-08 14:11:04.378 [JavaFX Application Thread] INFO  com.neurasys.controller.MainController - Native monitor status: ✓ Ready
2025-11-08 14:11:04.378 [JavaFX Application Thread] INFO  com.neurasys.service.DatabaseManager - Initializing hybrid database...
2025-11-08 14:11:04.397 [JavaFX Application Thread] INFO  com.neurasys.service.DatabaseManager - ✓ Database connection successful
2025-11-08 14:11:04.398 [JavaFX Application Thread] INFO  com.neurasys.service.DatabaseManager - ✓ Hybrid database initialized
2025-11-08 14:11:04.398 [JavaFX Application Thread] INFO  com.neurasys.controller.MainController - ✓ Initial database connection successful
2025-11-08 14:11:04.398 [JavaFX Application Thread] INFO  com.neurasys.service.DatabaseManager - Executing query: SELECT id, path_name, path_location, backup_location, path_type, monitor_method, enabled FROM monitor_paths
2025-11-08 14:11:04.474 [JavaFX Application Thread] INFO  com.neurasys.service.DatabaseManager - ✓ Total paths loaded: 0
2025-11-08 14:11:04.474 [JavaFX Application Thread] INFO  com.neurasys.controller.MainController - No monitor paths found in database
2025-11-08 14:11:04.499 [JavaFX Application Thread] INFO  com.neurasys.controller.MainController - ✓ Logs table refreshed: 0 entries
2025-11-08 14:11:04.500 [JavaFX Application Thread] INFO  com.neurasys.controller.MainController - ✓ MainController initialized (Hybrid mode)
2025-11-08 14:11:04.555 [JavaFX Application Thread] INFO  com.neurasys.service.DatabaseManager - ✓ Backup stats loaded: 0 files, 0 B original, 0.0% savings
2025-11-08 14:13:59.884 [JavaFX Application Thread] INFO  com.neurasys.service.DatabaseManager - Initializing hybrid database...
2025-11-08 14:14:00.280 [JavaFX Application Thread] INFO  com.neurasys.service.DatabaseManager - ✓ Database connection successful
2025-11-08 14:14:00.298 [JavaFX Application Thread] INFO  com.neurasys.service.DatabaseManager - ✓ Hybrid database initialized
2025-11-08 14:14:00.841 [JavaFX Application Thread] INFO  com.neurasys.controller.MainController - Initializing MainController (Hybrid Version)...
2025-11-08 14:14:00.844 [JavaFX Application Thread] INFO  com.neurasys.bridge.NativeFileMonitor - ✓ Native FileMonitor.dll loaded successfully (v14.2.0 - MSYS2 GCC)
2025-11-08 14:14:00.846 [JavaFX Application Thread] INFO  com.neurasys.controller.MainController - Native monitor status: ✓ Ready
2025-11-08 14:14:00.846 [JavaFX Application Thread] INFO  com.neurasys.service.DatabaseManager - Initializing hybrid database...
2025-11-08 14:14:00.855 [JavaFX Application Thread] INFO  com.neurasys.service.DatabaseManager - ✓ Database connection successful
2025-11-08 14:14:00.855 [JavaFX Application Thread] INFO  com.neurasys.service.DatabaseManager - ✓ Hybrid database initialized
2025-11-08 14:14:00.855 [JavaFX Application Thread] INFO  com.neurasys.controller.MainController - ✓ Initial database connection successful
2025-11-08 14:14:00.855 [JavaFX Application Thread] INFO  com.neurasys.service.DatabaseManager - Executing query: SELECT id, path_name, path_location, backup_location, path_type, monitor_method, enabled FROM monitor_paths
2025-11-08 14:14:00.903 [JavaFX Application Thread] INFO  com.neurasys.service.DatabaseManager - ✓ Total paths loaded: 0
2025-11-08 14:14:00.904 [JavaFX Application Thread] INFO  com.neurasys.controller.MainController - No monitor paths found in database
2025-11-08 14:14:00.922 [JavaFX Application Thread] INFO  com.neurasys.controller.MainController - ✓ Logs table refreshed: 0 entries
2025-11-08 14:14:00.922 [JavaFX Application Thread] INFO  com.neurasys.controller.MainController - ✓ MainController initialized (Hybrid mode)
2025-11-08 14:14:00.949 [JavaFX Application Thread] INFO  com.neurasys.service.DatabaseManager - ✓ Backup stats loaded: 0 files, 0 B original, 0.0% savings
2025-11-08 14:22:16.912 [JavaFX Application Thread] INFO  com.neurasys.service.DatabaseManager - Initializing hybrid database...
2025-11-08 14:22:17.315 [JavaFX Application Thread] INFO  com.neurasys.service.DatabaseManager - ✓ Database connection successful
2025-11-08 14:22:17.325 [JavaFX Application Thread] INFO  com.neurasys.service.DatabaseManager - ✓ Hybrid database initialized
2025-11-08 14:22:17.875 [JavaFX Application Thread] INFO  com.neurasys.controller.MainController - Initializing MainController (Hybrid Version)...
2025-11-08 14:22:17.878 [JavaFX Application Thread] INFO  com.neurasys.bridge.NativeFileMonitor - ✓ Native FileMonitor.dll loaded successfully (v14.2.0 - MSYS2 GCC)
2025-11-08 14:22:17.879 [JavaFX Application Thread] INFO  com.neurasys.controller.MainController - Native monitor status: ✓ Ready
2025-11-08 14:22:17.879 [JavaFX Application Thread] INFO  com.neurasys.service.DatabaseManager - Initializing hybrid database...
2025-11-08 14:22:17.890 [JavaFX Application Thread] INFO  com.neurasys.service.DatabaseManager - ✓ Database connection successful
2025-11-08 14:22:17.890 [JavaFX Application Thread] INFO  com.neurasys.service.DatabaseManager - ✓ Hybrid database initialized
2025-11-08 14:22:17.890 [JavaFX Application Thread] INFO  com.neurasys.controller.MainController - ✓ Initial database connection successful
2025-11-08 14:22:17.890 [JavaFX Application Thread] INFO  com.neurasys.service.DatabaseManager - Executing query: SELECT id, path_name, path_location, backup_location, path_type, monitor_method, enabled FROM monitor_paths
2025-11-08 14:22:17.950 [JavaFX Application Thread] INFO  com.neurasys.service.DatabaseManager - ✓ Total paths loaded: 0
2025-11-08 14:22:17.950 [JavaFX Application Thread] INFO  com.neurasys.controller.MainController - No monitor paths found in database
2025-11-08 14:22:17.975 [JavaFX Application Thread] INFO  com.neurasys.controller.MainController - ✓ Logs table refreshed: 0 entries
2025-11-08 14:22:17.976 [JavaFX Application Thread] INFO  com.neurasys.controller.MainController - ✓ MainController initialized (Hybrid mode)
2025-11-08 14:22:18.029 [JavaFX Application Thread] INFO  com.neurasys.service.DatabaseManager - ✓ Backup stats loaded: 0 files, 0 B original, 0.0% savings
2025-11-08 17:24:18.195 [NeuraSysHybridPool housekeeper] WARN  com.zaxxer.hikari.pool.HikariPool - NeuraSysHybridPool - Thread starvation or clock leap detected (housekeeper delta=3h30s793ms972µs300ns).
2025-11-08 17:24:18.763 [NeuraSysHybridPool housekeeper] WARN  com.zaxxer.hikari.pool.HikariPool - NeuraSysHybridPool - Thread starvation or clock leap detected (housekeeper delta=3h30s794ms398µs700ns).
2025-11-08 18:25:42.063 [NeuraSysHybridPool housekeeper] WARN  com.zaxxer.hikari.pool.HikariPool - NeuraSysHybridPool - Thread starvation or clock leap detected (housekeeper delta=1h1m25s374ms695µs600ns).
2025-11-08 18:25:42.616 [NeuraSysHybridPool housekeeper] WARN  com.zaxxer.hikari.pool.HikariPool - NeuraSysHybridPool - Thread starvation or clock leap detected (housekeeper delta=1h1m25s353ms871µs900ns).
2025-11-08 18:43:24.676 [JavaFX Application Thread] INFO  com.neurasys.service.DatabaseManager - Initializing hybrid database...
2025-11-08 18:43:25.063 [JavaFX Application Thread] INFO  com.neurasys.service.DatabaseManager - ✓ Database connection successful
2025-11-08 18:43:25.074 [JavaFX Application Thread] INFO  com.neurasys.service.DatabaseManager - ✓ Hybrid database initialized
2025-11-08 18:43:26.022 [JavaFX Application Thread] INFO  com.neurasys.controller.MainController - Initializing MainController (Hybrid Version)...
2025-11-08 18:43:26.068 [JavaFX Application Thread] INFO  com.neurasys.bridge.NativeFileMonitor - ✓ Native FileMonitor.dll loaded successfully (v14.2.0 - MSYS2 GCC)
2025-11-08 18:43:26.070 [JavaFX Application Thread] INFO  com.neurasys.controller.MainController - Native monitor status: ✓ Ready
2025-11-08 18:43:26.070 [JavaFX Application Thread] INFO  com.neurasys.service.DatabaseManager - Initializing hybrid database...
2025-11-08 18:43:26.081 [JavaFX Application Thread] INFO  com.neurasys.service.DatabaseManager - ✓ Database connection successful
2025-11-08 18:43:26.082 [JavaFX Application Thread] INFO  com.neurasys.service.DatabaseManager - ✓ Hybrid database initialized
2025-11-08 18:43:26.082 [JavaFX Application Thread] INFO  com.neurasys.controller.MainController - ✓ Initial database connection successful
2025-11-08 18:43:26.082 [JavaFX Application Thread] INFO  com.neurasys.service.DatabaseManager - Executing query: SELECT id, path_name, path_location, backup_location, path_type, monitor_method, enabled FROM monitor_paths
2025-11-08 18:43:26.151 [JavaFX Application Thread] INFO  com.neurasys.service.DatabaseManager - ✓ Total paths loaded: 0
2025-11-08 18:43:26.151 [JavaFX Application Thread] INFO  com.neurasys.controller.MainController - No monitor paths found in database
2025-11-08 18:43:26.173 [JavaFX Application Thread] INFO  com.neurasys.controller.MainController - ✓ Logs table refreshed: 0 entries
2025-11-08 18:43:26.173 [JavaFX Application Thread] INFO  com.neurasys.controller.MainController - ✓ MainController initialized (Hybrid mode)
2025-11-08 18:43:26.209 [JavaFX Application Thread] INFO  com.neurasys.service.DatabaseManager - ✓ Backup stats loaded: 0 files, 0 B original, 0.0% savings
2025-11-08 18:53:38.783 [JavaFX Application Thread] INFO  com.neurasys.service.DatabaseManager - Initializing hybrid database...
2025-11-08 18:53:39.196 [JavaFX Application Thread] INFO  com.neurasys.service.DatabaseManager - ✓ Database connection successful
2025-11-08 18:53:39.209 [JavaFX Application Thread] INFO  com.neurasys.service.DatabaseManager - ✓ Hybrid database initialized
2025-11-08 18:53:39.861 [JavaFX Application Thread] INFO  com.neurasys.controller.MainController - Initializing MainController (Hybrid Version)...
2025-11-08 18:53:39.865 [JavaFX Application Thread] INFO  com.neurasys.bridge.NativeFileMonitor - ✓ Native FileMonitor.dll loaded successfully (v14.2.0 - MSYS2 GCC)
2025-11-08 18:53:39.866 [JavaFX Application Thread] INFO  com.neurasys.controller.MainController - Native monitor status: ✓ Ready
2025-11-08 18:53:39.868 [JavaFX Application Thread] INFO  com.neurasys.service.DatabaseManager - Initializing hybrid database...
2025-11-08 18:53:39.884 [JavaFX Application Thread] INFO  com.neurasys.service.DatabaseManager - ✓ Database connection successful
2025-11-08 18:53:39.884 [JavaFX Application Thread] INFO  com.neurasys.service.DatabaseManager - ✓ Hybrid database initialized
2025-11-08 18:53:39.884 [JavaFX Application Thread] INFO  com.neurasys.controller.MainController - ✓ Initial database connection successful
2025-11-08 18:53:39.885 [JavaFX Application Thread] INFO  com.neurasys.service.DatabaseManager - Executing query: SELECT id, path_name, path_location, backup_location, path_type, monitor_method, enabled FROM monitor_paths
2025-11-08 18:53:39.965 [JavaFX Application Thread] INFO  com.neurasys.service.DatabaseManager - ✓ Total paths loaded: 0
2025-11-08 18:53:39.966 [JavaFX Application Thread] INFO  com.neurasys.controller.MainController - No monitor paths found in database
2025-11-08 18:53:39.994 [JavaFX Application Thread] INFO  com.neurasys.controller.MainController - ✓ Logs table refreshed: 0 entries
2025-11-08 18:53:39.995 [JavaFX Application Thread] INFO  com.neurasys.controller.MainController - ✓ MainController initialized (Hybrid mode)
2025-11-08 18:53:40.038 [JavaFX Application Thread] INFO  com.neurasys.service.DatabaseManager - ✓ Backup stats loaded: 0 files, 0 B original, 0.0% savings
2025-11-08 19:00:58.292 [JavaFX Application Thread] INFO  com.neurasys.service.DatabaseManager - Initializing hybrid database...
2025-11-08 19:00:58.651 [JavaFX Application Thread] INFO  com.neurasys.service.DatabaseManager - ✓ Database connection successful
2025-11-08 19:00:58.661 [JavaFX Application Thread] INFO  com.neurasys.service.DatabaseManager - ✓ Hybrid database initialized
2025-11-08 19:00:59.227 [JavaFX Application Thread] INFO  com.neurasys.controller.MainController - Initializing MainController (Hybrid Version)...
2025-11-08 19:00:59.230 [JavaFX Application Thread] INFO  com.neurasys.bridge.NativeFileMonitor - ✓ Native FileMonitor.dll loaded successfully (v14.2.0 - MSYS2 GCC)
2025-11-08 19:00:59.232 [JavaFX Application Thread] INFO  com.neurasys.controller.MainController - Native monitor status: ✓ Ready
2025-11-08 19:00:59.232 [JavaFX Application Thread] INFO  com.neurasys.service.DatabaseManager - Initializing hybrid database...
2025-11-08 19:00:59.245 [JavaFX Application Thread] INFO  com.neurasys.service.DatabaseManager - ✓ Database connection successful
2025-11-08 19:00:59.245 [JavaFX Application Thread] INFO  com.neurasys.service.DatabaseManager - ✓ Hybrid database initialized
2025-11-08 19:00:59.245 [JavaFX Application Thread] INFO  com.neurasys.controller.MainController - ✓ Initial database connection successful
2025-11-08 19:00:59.246 [JavaFX Application Thread] INFO  com.neurasys.service.DatabaseManager - Executing query: SELECT id, path_name, path_location, backup_location, path_type, monitor_method, enabled FROM monitor_paths
2025-11-08 19:00:59.306 [JavaFX Application Thread] INFO  com.neurasys.service.DatabaseManager - ✓ Total paths loaded: 0
2025-11-08 19:00:59.306 [JavaFX Application Thread] INFO  com.neurasys.controller.MainController - No monitor paths found in database
2025-11-08 19:00:59.327 [JavaFX Application Thread] INFO  com.neurasys.controller.MainController - ✓ Logs table refreshed: 0 entries
2025-11-08 19:00:59.330 [JavaFX Application Thread] INFO  com.neurasys.controller.MainController - ✓ MainController initialized (Hybrid mode)
2025-11-08 19:00:59.355 [JavaFX Application Thread] INFO  com.neurasys.service.DatabaseManager - ✓ Backup stats loaded: 0 files, 0 B original, 0.0% savings
2025-11-08 19:06:31.017 [JavaFX Application Thread] INFO  com.neurasys.service.DatabaseManager - Initializing hybrid database...
2025-11-08 19:06:31.428 [JavaFX Application Thread] INFO  com.neurasys.service.DatabaseManager - ✓ Database connection successful
2025-11-08 19:06:31.438 [JavaFX Application Thread] INFO  com.neurasys.service.DatabaseManager - ✓ Hybrid database initialized
2025-11-08 19:06:32.005 [JavaFX Application Thread] INFO  com.neurasys.controller.MainController - Initializing MainController (Hybrid Version)...
2025-11-08 19:06:32.009 [JavaFX Application Thread] INFO  com.neurasys.bridge.NativeFileMonitor - ✓ Native FileMonitor.dll loaded successfully (v14.2.0 - MSYS2 GCC)
2025-11-08 19:06:32.010 [JavaFX Application Thread] INFO  com.neurasys.controller.MainController - Native monitor status: ✓ Ready
2025-11-08 19:06:32.010 [JavaFX Application Thread] INFO  com.neurasys.service.DatabaseManager - Initializing hybrid database...
2025-11-08 19:06:32.021 [JavaFX Application Thread] INFO  com.neurasys.service.DatabaseManager - ✓ Database connection successful
2025-11-08 19:06:32.022 [JavaFX Application Thread] INFO  com.neurasys.service.DatabaseManager - ✓ Hybrid database initialized
2025-11-08 19:06:32.022 [JavaFX Application Thread] INFO  com.neurasys.controller.MainController - ✓ Initial database connection successful
2025-11-08 19:06:32.022 [JavaFX Application Thread] INFO  com.neurasys.service.DatabaseManager - Executing query: SELECT id, path_name, path_location, backup_location, path_type, monitor_method, enabled FROM monitor_paths
2025-11-08 19:06:32.083 [JavaFX Application Thread] INFO  com.neurasys.service.DatabaseManager - ✓ Total paths loaded: 0
2025-11-08 19:06:32.083 [JavaFX Application Thread] INFO  com.neurasys.controller.MainController - No monitor paths found in database
2025-11-08 19:06:32.110 [JavaFX Application Thread] INFO  com.neurasys.controller.MainController - ✓ Logs table refreshed: 0 entries
2025-11-08 19:06:32.111 [JavaFX Application Thread] INFO  com.neurasys.controller.MainController - ✓ MainController initialized (Hybrid mode)
2025-11-08 19:06:32.154 [JavaFX Application Thread] INFO  com.neurasys.service.DatabaseManager - ✓ Backup stats loaded: 0 files, 0 B original, 0.0% savings
2025-11-08 19:11:57.335 [JavaFX Application Thread] INFO  com.neurasys.service.DatabaseManager - Initializing hybrid database...
2025-11-08 19:11:57.671 [JavaFX Application Thread] INFO  com.neurasys.service.DatabaseManager - ✓ Database connection successful
2025-11-08 19:11:57.681 [JavaFX Application Thread] INFO  com.neurasys.service.DatabaseManager - ✓ Hybrid database initialized
2025-11-08 19:11:58.205 [JavaFX Application Thread] INFO  com.neurasys.controller.MainController - Initializing MainController (Hybrid Version)...
2025-11-08 19:11:58.213 [JavaFX Application Thread] INFO  com.neurasys.bridge.NativeFileMonitor - ✓ Native FileMonitor.dll loaded successfully (v14.2.0 - MSYS2 GCC)
2025-11-08 19:11:58.214 [JavaFX Application Thread] INFO  com.neurasys.controller.MainController - Native monitor status: ✓ Ready
2025-11-08 19:11:58.215 [JavaFX Application Thread] INFO  com.neurasys.service.DatabaseManager - Initializing hybrid database...
2025-11-08 19:11:58.229 [JavaFX Application Thread] INFO  com.neurasys.service.DatabaseManager - ✓ Database connection successful
2025-11-08 19:11:58.230 [JavaFX Application Thread] INFO  com.neurasys.service.DatabaseManager - ✓ Hybrid database initialized
2025-11-08 19:11:58.230 [JavaFX Application Thread] INFO  com.neurasys.controller.MainController - ✓ Initial database connection successful
2025-11-08 19:11:58.230 [JavaFX Application Thread] INFO  com.neurasys.service.DatabaseManager - Executing query: SELECT id, path_name, path_location, backup_location, path_type, monitor_method, enabled FROM monitor_paths
2025-11-08 19:11:58.282 [JavaFX Application Thread] INFO  com.neurasys.service.DatabaseManager - ✓ Total paths loaded: 0
2025-11-08 19:11:58.283 [JavaFX Application Thread] INFO  com.neurasys.controller.MainController - No monitor paths found in database
2025-11-08 19:11:58.301 [JavaFX Application Thread] INFO  com.neurasys.controller.MainController - ✓ Logs table refreshed: 0 entries
2025-11-08 19:11:58.301 [JavaFX Application Thread] INFO  com.neurasys.controller.MainController - ✓ MainController initialized (Hybrid mode)
2025-11-08 19:11:58.325 [JavaFX Application Thread] INFO  com.neurasys.service.DatabaseManager - ✓ Backup stats loaded: 0 files, 0 B original, 0.0% savings
2025-11-08 19:19:12.777 [JavaFX Application Thread] INFO  com.neurasys.service.DatabaseManager - Initializing hybrid database...
2025-11-08 19:19:13.144 [JavaFX Application Thread] INFO  com.neurasys.service.DatabaseManager - ✓ Database connection successful
2025-11-08 19:19:13.155 [JavaFX Application Thread] INFO  com.neurasys.service.DatabaseManager - ✓ Hybrid database initialized
2025-11-08 19:19:13.713 [JavaFX Application Thread] INFO  com.neurasys.controller.MainController - Initializing MainController (Hybrid Version)...
2025-11-08 19:19:13.716 [JavaFX Application Thread] INFO  com.neurasys.bridge.NativeFileMonitor - ✓ Native FileMonitor.dll loaded successfully (v14.2.0 - MSYS2 GCC)
2025-11-08 19:19:13.718 [JavaFX Application Thread] INFO  com.neurasys.controller.MainController - Native monitor status: ✓ Ready
2025-11-08 19:19:13.718 [JavaFX Application Thread] INFO  com.neurasys.service.DatabaseManager - Initializing hybrid database...
2025-11-08 19:19:13.731 [JavaFX Application Thread] INFO  com.neurasys.service.DatabaseManager - ✓ Database connection successful
2025-11-08 19:19:13.731 [JavaFX Application Thread] INFO  com.neurasys.service.DatabaseManager - ✓ Hybrid database initialized
2025-11-08 19:19:13.732 [JavaFX Application Thread] INFO  com.neurasys.controller.MainController - ✓ Initial database connection successful
2025-11-08 19:19:13.732 [JavaFX Application Thread] INFO  com.neurasys.service.DatabaseManager - Executing query: SELECT id, path_name, path_location, backup_location, path_type, monitor_method, enabled FROM monitor_paths
2025-11-08 19:19:13.795 [JavaFX Application Thread] INFO  com.neurasys.service.DatabaseManager - ✓ Total paths loaded: 0
2025-11-08 19:19:13.795 [JavaFX Application Thread] INFO  com.neurasys.controller.MainController - No monitor paths found in database
2025-11-08 19:19:13.821 [JavaFX Application Thread] INFO  com.neurasys.controller.MainController - ✓ Logs table refreshed: 0 entries
2025-11-08 19:19:13.822 [JavaFX Application Thread] INFO  com.neurasys.controller.MainController - ✓ MainController initialized (Hybrid mode)
2025-11-08 19:19:13.858 [JavaFX Application Thread] INFO  com.neurasys.service.DatabaseManager - ✓ Backup stats loaded: 0 files, 0 B original, 0.0% savings
2025-11-08 19:28:35.557 [JavaFX Application Thread] INFO  com.neurasys.service.DatabaseManager - Initializing hybrid database...
2025-11-08 19:28:35.896 [JavaFX Application Thread] INFO  com.neurasys.service.DatabaseManager - ✓ Database connection successful
2025-11-08 19:28:35.907 [JavaFX Application Thread] INFO  com.neurasys.service.DatabaseManager - ✓ Hybrid database initialized
2025-11-08 19:28:36.456 [JavaFX Application Thread] INFO  com.neurasys.controller.MainController - Initializing MainController (Hybrid Version)...
2025-11-08 19:28:36.459 [JavaFX Application Thread] INFO  com.neurasys.bridge.NativeFileMonitor - ✓ Native FileMonitor.dll loaded successfully (v14.2.0 - MSYS2 GCC)
2025-11-08 19:28:36.462 [JavaFX Application Thread] INFO  com.neurasys.controller.MainController - Native monitor status: ✓ Ready
2025-11-08 19:28:36.462 [JavaFX Application Thread] INFO  com.neurasys.service.DatabaseManager - Initializing hybrid database...
2025-11-08 19:28:36.472 [JavaFX Application Thread] INFO  com.neurasys.service.DatabaseManager - ✓ Database connection successful
2025-11-08 19:28:36.472 [JavaFX Application Thread] INFO  com.neurasys.service.DatabaseManager - ✓ Hybrid database initialized
2025-11-08 19:28:36.473 [JavaFX Application Thread] INFO  com.neurasys.controller.MainController - ✓ Initial database connection successful
2025-11-08 19:28:36.473 [JavaFX Application Thread] INFO  com.neurasys.service.DatabaseManager - Executing query: SELECT id, path_name, path_location, backup_location, path_type, monitor_method, enabled FROM monitor_paths
2025-11-08 19:28:36.526 [JavaFX Application Thread] INFO  com.neurasys.service.DatabaseManager - ✓ Total paths loaded: 0
2025-11-08 19:28:36.526 [JavaFX Application Thread] INFO  com.neurasys.controller.MainController - No monitor paths found in database
2025-11-08 19:28:36.546 [JavaFX Application Thread] INFO  com.neurasys.controller.MainController - ✓ Logs table refreshed: 0 entries
2025-11-08 19:28:36.547 [JavaFX Application Thread] INFO  com.neurasys.controller.MainController - ✓ MainController initialized (Hybrid mode)
2025-11-08 19:28:36.569 [JavaFX Application Thread] INFO  com.neurasys.service.DatabaseManager - ✓ Backup stats loaded: 0 files, 0 B original, 0.0% savings
2025-11-08 19:34:05.961 [JavaFX Application Thread] INFO  com.neurasys.service.DatabaseManager - Initializing hybrid database...
2025-11-08 19:34:06.345 [JavaFX Application Thread] INFO  com.neurasys.service.DatabaseManager - ✓ Database connection successful
2025-11-08 19:34:06.356 [JavaFX Application Thread] INFO  com.neurasys.service.DatabaseManager - ✓ Hybrid database initialized
2025-11-08 19:34:06.917 [JavaFX Application Thread] INFO  com.neurasys.controller.MainController - Initializing MainController (Hybrid Version)...
2025-11-08 19:34:06.922 [JavaFX Application Thread] INFO  com.neurasys.bridge.NativeFileMonitor - ✓ Native FileMonitor.dll loaded successfully (v14.2.0 - MSYS2 GCC)
2025-11-08 19:34:06.923 [JavaFX Application Thread] INFO  com.neurasys.controller.MainController - Native monitor status: ✓ Ready
2025-11-08 19:34:06.924 [JavaFX Application Thread] INFO  com.neurasys.service.DatabaseManager - Initializing hybrid database...
2025-11-08 19:34:06.936 [JavaFX Application Thread] INFO  com.neurasys.service.DatabaseManager - ✓ Database connection successful
2025-11-08 19:34:06.936 [JavaFX Application Thread] INFO  com.neurasys.service.DatabaseManager - ✓ Hybrid database initialized
2025-11-08 19:34:06.937 [JavaFX Application Thread] INFO  com.neurasys.controller.MainController - ✓ Initial database connection successful
2025-11-08 19:34:06.937 [JavaFX Application Thread] INFO  com.neurasys.service.DatabaseManager - Executing query: SELECT id, path_name, path_location, backup_location, path_type, monitor_method, enabled FROM monitor_paths
2025-11-08 19:34:07.003 [JavaFX Application Thread] INFO  com.neurasys.service.DatabaseManager - ✓ Total paths loaded: 0
2025-11-08 19:34:07.003 [JavaFX Application Thread] INFO  com.neurasys.controller.MainController - No monitor paths found in database
2025-11-08 19:34:07.029 [JavaFX Application Thread] INFO  com.neurasys.controller.MainController - ✓ Logs table refreshed: 0 entries
2025-11-08 19:34:07.030 [JavaFX Application Thread] INFO  com.neurasys.controller.MainController - ✓ MainController initialized (Hybrid mode)
2025-11-08 19:34:07.070 [JavaFX Application Thread] INFO  com.neurasys.service.DatabaseManager - ✓ Backup stats loaded: 0 files, 0 B original, 0.0% savings
